GraphsageGraphGymModule(
  (model): GNN(
    (encoder): FeatureEncoder()
    (pre_mp): GeneralMultiLayer(
      (Layer_0): GeneralLayer(
        (layer): Linear(
          (model): Linear(1, 10, bias=True)
        )
        (post_layer): Sequential(
          (0): ReLU()
        )
      )
    )
    (mp): GNNStackStage(
      (layer0): GeneralLayer(
        (layer): SAGEConv(
          (model): SAGEConv(10, 10, aggr=mean)
        )
        (post_layer): Sequential(
          (0): ReLU()
        )
      )
    )
    (post_mp): ExampleNodeHead(
      (layer_post_mp): MLP(
        (model): Sequential(
          (0): Linear(
            (model): Linear(10, 1, bias=True)
          )
        )
      )
    )
  )
)
accelerator: cpu
benchmark: False
bn:
  eps: 1e-05
  mom: 0.1
cfg_dest: config.yaml
custom_metrics: []
dataset:
  cache_load: False
  cache_save: False
  dir: ../data/yeast-ORBI
  edge_dim: 128
  edge_encoder: False
  edge_encoder_bn: True
  edge_encoder_name: Bond
  edge_message_ratio: 0.8
  edge_negative_sampling_ratio: 1.0
  edge_train_mode: all
  encoder: False
  encoder_bn: True
  encoder_dim: 128
  encoder_name: db
  format: PyG
  label_column: None
  label_table: none
  location: local
  name: protein
  node_encoder: False
  node_encoder_bn: True
  node_encoder_name: Atom
  numeric_columns: ['protein_probability']
  rebuild: True
  remove_feature: False
  resample_disjoint: False
  resample_negative: False
  shuffle_split: True
  split: [0.6, 0.2, 0.2]
  split_mode: random
  task: node
  task_type: classification
  to_undirected: False
  transductive: False
  transform: none
  tu_simple: True
devices: None
gnn:
  act: relu
  agg: add
  att_final_linear: False
  att_final_linear_bn: False
  att_heads: 1
  batchnorm: False
  clear_feature: True
  dim_inner: 10
  dropout: 0.0
  head: protein
  keep_edge: 0.5
  l2norm: True
  layer_type: sageconv
  layers_mp: 1
  layers_post_mp: 1
  layers_pre_mp: 1
  msg_direction: single
  normalize_adj: False
  self_msg: concat
  skip_every: 1
  stage_type: skipsum
gpu_mem: False
mem:
  inplace: False
metric_agg: argmax
metric_best: auc
model:
  edge_decoding: dot
  graph_pooling: add
  loss_fun: binary_cross_entropy_with_weight
  match_upper: True
  size_average: mean
  thresh: 0.5
  type: gnn
num_threads: 6
num_workers: 8
optim:
  base_lr: 0.001
  lr_decay: 0.1
  max_epoch: 200
  momentum: 0.9
  optimizer: adam
  scheduler: none
  steps: [30, 60, 90]
  weight_decay: 0.0005
out_dir: results/yeast-graphsage
print: both
round: 4
run_dir: results/yeast-graphsage/0
seed: 1
share:
  dim_in: 1
  dim_out: 2
  num_splits: 3
tensorboard_agg: True
tensorboard_each_run: False
train:
  auto_resume: False
  batch_size: 128
  ckpt_clean: False
  ckpt_period: 10
  enable_ckpt: True
  epoch_resume: 0
  eval_period: 10
  grape_pi: graphsage
  iter_per_epoch: 32
  loss_pos_weight: 1.2386601535240753
  neighbor_sizes: [20, 10, 5]
  node_per_graph: 32
  radius: extend
  sample_node: False
  sampler: neighbor
  skip_train_eval: False
  walk_length: 4
val:
  node_per_graph: 32
  radius: extend
  sample_node: False
  sampler: full_batch
view_emb: False
Num parameters: 241
val: {'epoch': 0, 'loss': 0.7043, 'lr': 0.001, 'params': 241, 'time_iter': 0.0715, 'accuracy': 0.7358, 'precision': 0.1538, 'recall': 0.4, 'specificity': 0.7708, 'f1': 0.2222, 'auc': 0.6792}
train: {'epoch': 0, 'eta': 2805.6204, 'loss': 0.7337, 'lr': 0.001, 'params': 241, 'time_iter': 0.8812, 'accuracy': 0.763, 'precision': 0.7096, 'recall': 0.7847, 'specificity': 0.7458, 'f1': 0.7453, 'auc': 0.8326}
train: {'epoch': 1, 'eta': 3049.4903, 'loss': 0.7245, 'lr': 0.001, 'params': 241, 'time_iter': 1.044, 'accuracy': 0.7677, 'precision': 0.7188, 'recall': 0.7788, 'specificity': 0.7588, 'f1': 0.7476, 'auc': 0.8327}
train: {'epoch': 2, 'eta': 3050.1007, 'loss': 0.7164, 'lr': 0.001, 'params': 241, 'time_iter': 0.9778, 'accuracy': 0.7749, 'precision': 0.7309, 'recall': 0.7765, 'specificity': 0.7737, 'f1': 0.753, 'auc': 0.8318}
train: {'epoch': 3, 'eta': 3028.3569, 'loss': 0.7103, 'lr': 0.001, 'params': 241, 'time_iter': 0.9597, 'accuracy': 0.7838, 'precision': 0.7483, 'recall': 0.7694, 'specificity': 0.7952, 'f1': 0.7587, 'auc': 0.8308}
train: {'epoch': 4, 'eta': 3020.8927, 'loss': 0.7038, 'lr': 0.001, 'params': 241, 'time_iter': 0.9785, 'accuracy': 0.7895, 'precision': 0.7658, 'recall': 0.7541, 'specificity': 0.8175, 'f1': 0.7599, 'auc': 0.8344}
train: {'epoch': 5, 'eta': 3000.4843, 'loss': 0.6976, 'lr': 0.001, 'params': 241, 'time_iter': 0.9587, 'accuracy': 0.7921, 'precision': 0.7785, 'recall': 0.74, 'specificity': 0.8333, 'f1': 0.7587, 'auc': 0.8329}
train: {'epoch': 6, 'eta': 2987.122, 'loss': 0.6916, 'lr': 0.001, 'params': 241, 'time_iter': 0.9714, 'accuracy': 0.7942, 'precision': 0.7873, 'recall': 0.7318, 'specificity': 0.8436, 'f1': 0.7585, 'auc': 0.8197}
train: {'epoch': 7, 'eta': 2956.9885, 'loss': 0.6852, 'lr': 0.001, 'params': 241, 'time_iter': 0.9292, 'accuracy': 0.7968, 'precision': 0.7992, 'recall': 0.7212, 'specificity': 0.8566, 'f1': 0.7582, 'auc': 0.8303}
train: {'epoch': 8, 'eta': 2930.1457, 'loss': 0.6786, 'lr': 0.001, 'params': 241, 'time_iter': 0.9289, 'accuracy': 0.8009, 'precision': 0.8085, 'recall': 0.72, 'specificity': 0.865, 'f1': 0.7617, 'auc': 0.8318}
val: {'epoch': 9, 'loss': 0.6774, 'lr': 0.001, 'params': 241, 'time_iter': 0.2213, 'accuracy': 0.7804, 'precision': 0.8217, 'recall': 0.6906, 'specificity': 0.8627, 'f1': 0.7504, 'auc': 0.8292}
train: {'epoch': 9, 'eta': 2913.3005, 'loss': 0.6729, 'lr': 0.001, 'params': 241, 'time_iter': 0.9539, 'accuracy': 0.7994, 'precision': 0.8077, 'recall': 0.7165, 'specificity': 0.865, 'f1': 0.7594, 'auc': 0.8242}
train: {'epoch': 10, 'eta': 2894.855, 'loss': 0.6662, 'lr': 0.001, 'params': 241, 'time_iter': 0.947, 'accuracy': 0.7994, 'precision': 0.8085, 'recall': 0.7153, 'specificity': 0.8659, 'f1': 0.7591, 'auc': 0.8382}
train: {'epoch': 11, 'eta': 2884.8339, 'loss': 0.6604, 'lr': 0.001, 'params': 241, 'time_iter': 0.9784, 'accuracy': 0.7999, 'precision': 0.8079, 'recall': 0.7176, 'specificity': 0.865, 'f1': 0.7601, 'auc': 0.8328}
train: {'epoch': 12, 'eta': 2890.0026, 'loss': 0.657, 'lr': 0.001, 'params': 241, 'time_iter': 1.0482, 'accuracy': 0.7983, 'precision': 0.8039, 'recall': 0.7188, 'specificity': 0.8613, 'f1': 0.759, 'auc': 0.8358}
train: {'epoch': 13, 'eta': 2874.8643, 'loss': 0.6515, 'lr': 0.001, 'params': 241, 'time_iter': 0.9674, 'accuracy': 0.7989, 'precision': 0.805, 'recall': 0.7188, 'specificity': 0.8622, 'f1': 0.7595, 'auc': 0.8328}
train: {'epoch': 14, 'eta': 2873.5484, 'loss': 0.6455, 'lr': 0.001, 'params': 241, 'time_iter': 1.0377, 'accuracy': 0.7994, 'precision': 0.8061, 'recall': 0.7188, 'specificity': 0.8631, 'f1': 0.76, 'auc': 0.8257}
train: {'epoch': 15, 'eta': 2860.2278, 'loss': 0.6369, 'lr': 0.001, 'params': 241, 'time_iter': 0.9828, 'accuracy': 0.7983, 'precision': 0.8024, 'recall': 0.7212, 'specificity': 0.8594, 'f1': 0.7596, 'auc': 0.834}
train: {'epoch': 16, 'eta': 2846.142, 'loss': 0.6336, 'lr': 0.001, 'params': 241, 'time_iter': 0.98, 'accuracy': 0.7957, 'precision': 0.7971, 'recall': 0.7212, 'specificity': 0.8547, 'f1': 0.7573, 'auc': 0.8268}
train: {'epoch': 17, 'eta': 2823.7849, 'loss': 0.6297, 'lr': 0.001, 'params': 241, 'time_iter': 0.93, 'accuracy': 0.7952, 'precision': 0.7961, 'recall': 0.7212, 'specificity': 0.8538, 'f1': 0.7568, 'auc': 0.8328}
train: {'epoch': 18, 'eta': 2809.1382, 'loss': 0.6258, 'lr': 0.001, 'params': 241, 'time_iter': 0.9754, 'accuracy': 0.7957, 'precision': 0.7971, 'recall': 0.7212, 'specificity': 0.8547, 'f1': 0.7573, 'auc': 0.8288}
val: {'epoch': 19, 'loss': 0.6306, 'lr': 0.001, 'params': 241, 'time_iter': 0.1913, 'accuracy': 0.7788, 'precision': 0.809, 'recall': 0.7036, 'specificity': 0.8478, 'f1': 0.7526, 'auc': 0.8286}
train: {'epoch': 19, 'eta': 2803.0699, 'loss': 0.6215, 'lr': 0.001, 'params': 241, 'time_iter': 1.0356, 'accuracy': 0.7957, 'precision': 0.7971, 'recall': 0.7212, 'specificity': 0.8547, 'f1': 0.7573, 'auc': 0.828}
train: {'epoch': 20, 'eta': 2789.9592, 'loss': 0.6162, 'lr': 0.001, 'params': 241, 'time_iter': 0.9913, 'accuracy': 0.7952, 'precision': 0.7961, 'recall': 0.7212, 'specificity': 0.8538, 'f1': 0.7568, 'auc': 0.8292}
train: {'epoch': 21, 'eta': 2781.8262, 'loss': 0.6119, 'lr': 0.001, 'params': 241, 'time_iter': 1.0317, 'accuracy': 0.7957, 'precision': 0.7971, 'recall': 0.7212, 'specificity': 0.8547, 'f1': 0.7573, 'auc': 0.8271}
train: {'epoch': 22, 'eta': 2769.9661, 'loss': 0.6046, 'lr': 0.001, 'params': 241, 'time_iter': 1.0074, 'accuracy': 0.7963, 'precision': 0.7974, 'recall': 0.7224, 'specificity': 0.8547, 'f1': 0.758, 'auc': 0.8301}
train: {'epoch': 23, 'eta': 2749.0821, 'loss': 0.6006, 'lr': 0.001, 'params': 241, 'time_iter': 0.9335, 'accuracy': 0.7926, 'precision': 0.7895, 'recall': 0.7235, 'specificity': 0.8473, 'f1': 0.7551, 'auc': 0.8272}
train: {'epoch': 24, 'eta': 2735.3265, 'loss': 0.596, 'lr': 0.001, 'params': 241, 'time_iter': 0.9929, 'accuracy': 0.7931, 'precision': 0.7897, 'recall': 0.7247, 'specificity': 0.8473, 'f1': 0.7558, 'auc': 0.8318}
train: {'epoch': 25, 'eta': 2713.9971, 'loss': 0.5912, 'lr': 0.001, 'params': 241, 'time_iter': 0.9237, 'accuracy': 0.7952, 'precision': 0.7961, 'recall': 0.7212, 'specificity': 0.8538, 'f1': 0.7568, 'auc': 0.824}
train: {'epoch': 26, 'eta': 2697.8862, 'loss': 0.5869, 'lr': 0.001, 'params': 241, 'time_iter': 0.9698, 'accuracy': 0.7926, 'precision': 0.7887, 'recall': 0.7247, 'specificity': 0.8464, 'f1': 0.7554, 'auc': 0.8305}
train: {'epoch': 27, 'eta': 2681.7754, 'loss': 0.5818, 'lr': 0.001, 'params': 241, 'time_iter': 0.9694, 'accuracy': 0.7937, 'precision': 0.7923, 'recall': 0.7224, 'specificity': 0.8501, 'f1': 0.7557, 'auc': 0.827}
train: {'epoch': 28, 'eta': 2665.5637, 'loss': 0.5787, 'lr': 0.001, 'params': 241, 'time_iter': 0.9679, 'accuracy': 0.7937, 'precision': 0.79, 'recall': 0.7259, 'specificity': 0.8473, 'f1': 0.7566, 'auc': 0.8249}
val: {'epoch': 29, 'loss': 0.5908, 'lr': 0.001, 'params': 241, 'time_iter': 0.1932, 'accuracy': 0.7757, 'precision': 0.7964, 'recall': 0.7134, 'specificity': 0.8328, 'f1': 0.7526, 'auc': 0.8484}
train: {'epoch': 29, 'eta': 2653.1986, 'loss': 0.5776, 'lr': 0.001, 'params': 241, 'time_iter': 1.0098, 'accuracy': 0.7947, 'precision': 0.7935, 'recall': 0.7235, 'specificity': 0.851, 'f1': 0.7569, 'auc': 0.8327}
train: {'epoch': 30, 'eta': 2641.4774, 'loss': 0.575, 'lr': 0.001, 'params': 241, 'time_iter': 1.02, 'accuracy': 0.7905, 'precision': 0.7811, 'recall': 0.7306, 'specificity': 0.838, 'f1': 0.755, 'auc': 0.8376}
train: {'epoch': 31, 'eta': 2626.2472, 'loss': 0.5716, 'lr': 0.001, 'params': 241, 'time_iter': 0.9816, 'accuracy': 0.7931, 'precision': 0.7854, 'recall': 0.7318, 'specificity': 0.8417, 'f1': 0.7576, 'auc': 0.8345}
train: {'epoch': 32, 'eta': 2614.8871, 'loss': 0.5724, 'lr': 0.001, 'params': 241, 'time_iter': 1.0298, 'accuracy': 0.7926, 'precision': 0.7873, 'recall': 0.7271, 'specificity': 0.8445, 'f1': 0.756, 'auc': 0.8286}
train: {'epoch': 33, 'eta': 2600.9751, 'loss': 0.5665, 'lr': 0.001, 'params': 241, 'time_iter': 1.001, 'accuracy': 0.7937, 'precision': 0.7908, 'recall': 0.7247, 'specificity': 0.8482, 'f1': 0.7563, 'auc': 0.8204}
train: {'epoch': 34, 'eta': 2590.241, 'loss': 0.5623, 'lr': 0.001, 'params': 241, 'time_iter': 1.0447, 'accuracy': 0.7942, 'precision': 0.794, 'recall': 0.7212, 'specificity': 0.852, 'f1': 0.7559, 'auc': 0.8209}
train: {'epoch': 35, 'eta': 2573.0439, 'loss': 0.5594, 'lr': 0.001, 'params': 241, 'time_iter': 0.9606, 'accuracy': 0.7937, 'precision': 0.7923, 'recall': 0.7224, 'specificity': 0.8501, 'f1': 0.7557, 'auc': 0.8132}
train: {'epoch': 36, 'eta': 2555.4627, 'loss': 0.5589, 'lr': 0.001, 'params': 241, 'time_iter': 0.9537, 'accuracy': 0.7937, 'precision': 0.7908, 'recall': 0.7247, 'specificity': 0.8482, 'f1': 0.7563, 'auc': 0.8272}
train: {'epoch': 37, 'eta': 2540.3968, 'loss': 0.5551, 'lr': 0.001, 'params': 241, 'time_iter': 0.9888, 'accuracy': 0.7937, 'precision': 0.7908, 'recall': 0.7247, 'specificity': 0.8482, 'f1': 0.7563, 'auc': 0.8346}
train: {'epoch': 38, 'eta': 2527.6977, 'loss': 0.5543, 'lr': 0.001, 'params': 241, 'time_iter': 1.0252, 'accuracy': 0.7931, 'precision': 0.7905, 'recall': 0.7235, 'specificity': 0.8482, 'f1': 0.7555, 'auc': 0.8252}
val: {'epoch': 39, 'loss': 0.5699, 'lr': 0.001, 'params': 241, 'time_iter': 0.194, 'accuracy': 0.7757, 'precision': 0.803, 'recall': 0.7036, 'specificity': 0.8418, 'f1': 0.75, 'auc': 0.8502}
train: {'epoch': 39, 'eta': 2518.3254, 'loss': 0.5522, 'lr': 0.001, 'params': 241, 'time_iter': 1.0801, 'accuracy': 0.7947, 'precision': 0.7935, 'recall': 0.7235, 'specificity': 0.851, 'f1': 0.7569, 'auc': 0.8223}
train: {'epoch': 40, 'eta': 2500.5334, 'loss': 0.5519, 'lr': 0.001, 'params': 241, 'time_iter': 0.9506, 'accuracy': 0.7942, 'precision': 0.794, 'recall': 0.7212, 'specificity': 0.852, 'f1': 0.7559, 'auc': 0.8384}
train: {'epoch': 41, 'eta': 2484.1437, 'loss': 0.55, 'lr': 0.001, 'params': 241, 'time_iter': 0.9719, 'accuracy': 0.7937, 'precision': 0.7915, 'recall': 0.7235, 'specificity': 0.8492, 'f1': 0.756, 'auc': 0.8443}
train: {'epoch': 42, 'eta': 2471.7889, 'loss': 0.5473, 'lr': 0.001, 'params': 241, 'time_iter': 1.0403, 'accuracy': 0.7947, 'precision': 0.7943, 'recall': 0.7224, 'specificity': 0.852, 'f1': 0.7566, 'auc': 0.8427}
train: {'epoch': 43, 'eta': 2458.2439, 'loss': 0.5458, 'lr': 0.001, 'params': 241, 'time_iter': 1.0228, 'accuracy': 0.7942, 'precision': 0.7918, 'recall': 0.7247, 'specificity': 0.8492, 'f1': 0.7568, 'auc': 0.844}
train: {'epoch': 44, 'eta': 2442.6725, 'loss': 0.5442, 'lr': 0.001, 'params': 241, 'time_iter': 0.9883, 'accuracy': 0.7947, 'precision': 0.7943, 'recall': 0.7224, 'specificity': 0.852, 'f1': 0.7566, 'auc': 0.8467}
train: {'epoch': 45, 'eta': 2427.1545, 'loss': 0.544, 'lr': 0.001, 'params': 241, 'time_iter': 0.9895, 'accuracy': 0.7947, 'precision': 0.7951, 'recall': 0.7212, 'specificity': 0.8529, 'f1': 0.7563, 'auc': 0.839}
train: {'epoch': 46, 'eta': 2410.091, 'loss': 0.544, 'lr': 0.001, 'params': 241, 'time_iter': 0.96, 'accuracy': 0.7947, 'precision': 0.7951, 'recall': 0.7212, 'specificity': 0.8529, 'f1': 0.7563, 'auc': 0.8403}
train: {'epoch': 47, 'eta': 2396.1675, 'loss': 0.5408, 'lr': 0.001, 'params': 241, 'time_iter': 1.0206, 'accuracy': 0.7957, 'precision': 0.7971, 'recall': 0.7212, 'specificity': 0.8547, 'f1': 0.7573, 'auc': 0.8366}
train: {'epoch': 48, 'eta': 2379.731, 'loss': 0.5401, 'lr': 0.001, 'params': 241, 'time_iter': 0.9716, 'accuracy': 0.7968, 'precision': 0.7992, 'recall': 0.7212, 'specificity': 0.8566, 'f1': 0.7582, 'auc': 0.8381}
val: {'epoch': 49, 'loss': 0.5577, 'lr': 0.001, 'params': 241, 'time_iter': 0.1916, 'accuracy': 0.7804, 'precision': 0.812, 'recall': 0.7036, 'specificity': 0.8507, 'f1': 0.7539, 'auc': 0.8615}
train: {'epoch': 49, 'eta': 2364.382, 'loss': 0.5405, 'lr': 0.001, 'params': 241, 'time_iter': 0.9935, 'accuracy': 0.7968, 'precision': 0.7992, 'recall': 0.7212, 'specificity': 0.8566, 'f1': 0.7582, 'auc': 0.8418}
train: {'epoch': 50, 'eta': 2351.6469, 'loss': 0.5398, 'lr': 0.001, 'params': 241, 'time_iter': 1.0499, 'accuracy': 0.7968, 'precision': 0.7992, 'recall': 0.7212, 'specificity': 0.8566, 'f1': 0.7582, 'auc': 0.8418}
train: {'epoch': 51, 'eta': 2334.5852, 'loss': 0.5363, 'lr': 0.001, 'params': 241, 'time_iter': 0.9583, 'accuracy': 0.7968, 'precision': 0.7992, 'recall': 0.7212, 'specificity': 0.8566, 'f1': 0.7582, 'auc': 0.8448}
train: {'epoch': 52, 'eta': 2317.6899, 'loss': 0.5367, 'lr': 0.001, 'params': 241, 'time_iter': 0.9606, 'accuracy': 0.7968, 'precision': 0.7992, 'recall': 0.7212, 'specificity': 0.8566, 'f1': 0.7582, 'auc': 0.8388}
train: {'epoch': 53, 'eta': 2300.1975, 'loss': 0.5355, 'lr': 0.001, 'params': 241, 'time_iter': 0.9455, 'accuracy': 0.7968, 'precision': 0.7992, 'recall': 0.7212, 'specificity': 0.8566, 'f1': 0.7582, 'auc': 0.8504}
train: {'epoch': 54, 'eta': 2285.4856, 'loss': 0.5372, 'lr': 0.001, 'params': 241, 'time_iter': 1.0094, 'accuracy': 0.7968, 'precision': 0.7992, 'recall': 0.7212, 'specificity': 0.8566, 'f1': 0.7582, 'auc': 0.8446}
train: {'epoch': 55, 'eta': 2270.8032, 'loss': 0.5451, 'lr': 0.001, 'params': 241, 'time_iter': 1.0114, 'accuracy': 0.7957, 'precision': 0.7971, 'recall': 0.7212, 'specificity': 0.8547, 'f1': 0.7573, 'auc': 0.8505}
train: {'epoch': 56, 'eta': 2256.9555, 'loss': 0.5341, 'lr': 0.001, 'params': 241, 'time_iter': 1.0335, 'accuracy': 0.7952, 'precision': 0.7961, 'recall': 0.7212, 'specificity': 0.8538, 'f1': 0.7568, 'auc': 0.8365}
train: {'epoch': 57, 'eta': 2242.8915, 'loss': 0.5321, 'lr': 0.001, 'params': 241, 'time_iter': 1.0303, 'accuracy': 0.7957, 'precision': 0.7971, 'recall': 0.7212, 'specificity': 0.8547, 'f1': 0.7573, 'auc': 0.8554}
train: {'epoch': 58, 'eta': 2226.5142, 'loss': 0.5315, 'lr': 0.001, 'params': 241, 'time_iter': 0.972, 'accuracy': 0.7968, 'precision': 0.7992, 'recall': 0.7212, 'specificity': 0.8566, 'f1': 0.7582, 'auc': 0.8354}
val: {'epoch': 59, 'loss': 0.5489, 'lr': 0.001, 'params': 241, 'time_iter': 0.1934, 'accuracy': 0.7804, 'precision': 0.812, 'recall': 0.7036, 'specificity': 0.8507, 'f1': 0.7539, 'auc': 0.8663}
train: {'epoch': 59, 'eta': 2210.3215, 'loss': 0.535, 'lr': 0.001, 'params': 241, 'time_iter': 0.9762, 'accuracy': 0.7968, 'precision': 0.7992, 'recall': 0.7212, 'specificity': 0.8566, 'f1': 0.7582, 'auc': 0.8375}
train: {'epoch': 60, 'eta': 2193.2711, 'loss': 0.5301, 'lr': 0.001, 'params': 241, 'time_iter': 0.9521, 'accuracy': 0.7968, 'precision': 0.8, 'recall': 0.72, 'specificity': 0.8575, 'f1': 0.7579, 'auc': 0.8455}
train: {'epoch': 61, 'eta': 2177.1348, 'loss': 0.5307, 'lr': 0.001, 'params': 241, 'time_iter': 0.9761, 'accuracy': 0.7994, 'precision': 0.8061, 'recall': 0.7188, 'specificity': 0.8631, 'f1': 0.76, 'auc': 0.8355}
train: {'epoch': 62, 'eta': 2161.9383, 'loss': 0.5316, 'lr': 0.001, 'params': 241, 'time_iter': 1.0027, 'accuracy': 0.8004, 'precision': 0.8082, 'recall': 0.7188, 'specificity': 0.865, 'f1': 0.7609, 'auc': 0.8347}
train: {'epoch': 63, 'eta': 2145.8423, 'loss': 0.5276, 'lr': 0.001, 'params': 241, 'time_iter': 0.977, 'accuracy': 0.8004, 'precision': 0.8082, 'recall': 0.7188, 'specificity': 0.865, 'f1': 0.7609, 'auc': 0.8464}
train: {'epoch': 64, 'eta': 2131.7091, 'loss': 0.5291, 'lr': 0.001, 'params': 241, 'time_iter': 1.0356, 'accuracy': 0.8004, 'precision': 0.8082, 'recall': 0.7188, 'specificity': 0.865, 'f1': 0.7609, 'auc': 0.8355}
train: {'epoch': 65, 'eta': 2115.6973, 'loss': 0.5314, 'lr': 0.001, 'params': 241, 'time_iter': 0.9801, 'accuracy': 0.8004, 'precision': 0.8082, 'recall': 0.7188, 'specificity': 0.865, 'f1': 0.7609, 'auc': 0.8417}
train: {'epoch': 66, 'eta': 2099.7478, 'loss': 0.5262, 'lr': 0.001, 'params': 241, 'time_iter': 0.9817, 'accuracy': 0.8004, 'precision': 0.809, 'recall': 0.7176, 'specificity': 0.8659, 'f1': 0.7606, 'auc': 0.841}
train: {'epoch': 67, 'eta': 2083.5229, 'loss': 0.5266, 'lr': 0.001, 'params': 241, 'time_iter': 0.9726, 'accuracy': 0.7994, 'precision': 0.8085, 'recall': 0.7153, 'specificity': 0.8659, 'f1': 0.7591, 'auc': 0.8398}
train: {'epoch': 68, 'eta': 2068.7808, 'loss': 0.5281, 'lr': 0.001, 'params': 241, 'time_iter': 1.0208, 'accuracy': 0.7999, 'precision': 0.8079, 'recall': 0.7176, 'specificity': 0.865, 'f1': 0.7601, 'auc': 0.8415}
val: {'epoch': 69, 'loss': 0.5463, 'lr': 0.001, 'params': 241, 'time_iter': 0.1911, 'accuracy': 0.7773, 'precision': 0.813, 'recall': 0.6938, 'specificity': 0.8537, 'f1': 0.7487, 'auc': 0.8645}
train: {'epoch': 69, 'eta': 2054.4601, 'loss': 0.5262, 'lr': 0.001, 'params': 241, 'time_iter': 1.0365, 'accuracy': 0.7999, 'precision': 0.8079, 'recall': 0.7176, 'specificity': 0.865, 'f1': 0.7601, 'auc': 0.8376}
train: {'epoch': 70, 'eta': 2038.1429, 'loss': 0.5285, 'lr': 0.001, 'params': 241, 'time_iter': 0.9701, 'accuracy': 0.7999, 'precision': 0.8088, 'recall': 0.7165, 'specificity': 0.8659, 'f1': 0.7598, 'auc': 0.834}
train: {'epoch': 71, 'eta': 2021.8805, 'loss': 0.5252, 'lr': 0.001, 'params': 241, 'time_iter': 0.9712, 'accuracy': 0.7994, 'precision': 0.8077, 'recall': 0.7165, 'specificity': 0.865, 'f1': 0.7594, 'auc': 0.8457}
train: {'epoch': 72, 'eta': 2005.8359, 'loss': 0.5218, 'lr': 0.001, 'params': 241, 'time_iter': 0.9783, 'accuracy': 0.7994, 'precision': 0.8085, 'recall': 0.7153, 'specificity': 0.8659, 'f1': 0.7591, 'auc': 0.8478}
train: {'epoch': 73, 'eta': 1989.1435, 'loss': 0.5254, 'lr': 0.001, 'params': 241, 'time_iter': 0.9541, 'accuracy': 0.7994, 'precision': 0.8093, 'recall': 0.7141, 'specificity': 0.8669, 'f1': 0.7588, 'auc': 0.8454}
train: {'epoch': 74, 'eta': 1972.9528, 'loss': 0.5261, 'lr': 0.001, 'params': 241, 'time_iter': 0.9715, 'accuracy': 0.7999, 'precision': 0.8096, 'recall': 0.7153, 'specificity': 0.8669, 'f1': 0.7595, 'auc': 0.8412}
train: {'epoch': 75, 'eta': 1958.3201, 'loss': 0.5241, 'lr': 0.001, 'params': 241, 'time_iter': 1.0306, 'accuracy': 0.7994, 'precision': 0.8085, 'recall': 0.7153, 'specificity': 0.8659, 'f1': 0.7591, 'auc': 0.8384}
train: {'epoch': 76, 'eta': 1941.5881, 'loss': 0.5265, 'lr': 0.001, 'params': 241, 'time_iter': 0.9503, 'accuracy': 0.7994, 'precision': 0.8085, 'recall': 0.7153, 'specificity': 0.8659, 'f1': 0.7591, 'auc': 0.8473}
train: {'epoch': 77, 'eta': 1927.1793, 'loss': 0.5235, 'lr': 0.001, 'params': 241, 'time_iter': 1.0416, 'accuracy': 0.7994, 'precision': 0.8093, 'recall': 0.7141, 'specificity': 0.8669, 'f1': 0.7588, 'auc': 0.8344}
train: {'epoch': 78, 'eta': 1912.0047, 'loss': 0.5248, 'lr': 0.001, 'params': 241, 'time_iter': 1.0127, 'accuracy': 0.7994, 'precision': 0.8093, 'recall': 0.7141, 'specificity': 0.8669, 'f1': 0.7588, 'auc': 0.846}
val: {'epoch': 79, 'loss': 0.5426, 'lr': 0.001, 'params': 241, 'time_iter': 0.1913, 'accuracy': 0.7804, 'precision': 0.8217, 'recall': 0.6906, 'specificity': 0.8627, 'f1': 0.7504, 'auc': 0.8651}
train: {'epoch': 79, 'eta': 1897.6825, 'loss': 0.5248, 'lr': 0.001, 'params': 241, 'time_iter': 1.0493, 'accuracy': 0.7994, 'precision': 0.8085, 'recall': 0.7153, 'specificity': 0.8659, 'f1': 0.7591, 'auc': 0.8509}
train: {'epoch': 80, 'eta': 1881.1911, 'loss': 0.5229, 'lr': 0.001, 'params': 241, 'time_iter': 0.9596, 'accuracy': 0.7994, 'precision': 0.8085, 'recall': 0.7153, 'specificity': 0.8659, 'f1': 0.7591, 'auc': 0.8476}
train: {'epoch': 81, 'eta': 1865.1451, 'loss': 0.5234, 'lr': 0.001, 'params': 241, 'time_iter': 0.9777, 'accuracy': 0.7994, 'precision': 0.8085, 'recall': 0.7153, 'specificity': 0.8659, 'f1': 0.7591, 'auc': 0.8446}
train: {'epoch': 82, 'eta': 1850.3211, 'loss': 0.5234, 'lr': 0.001, 'params': 241, 'time_iter': 1.0314, 'accuracy': 0.7994, 'precision': 0.8085, 'recall': 0.7153, 'specificity': 0.8659, 'f1': 0.7591, 'auc': 0.8523}
train: {'epoch': 83, 'eta': 1833.9595, 'loss': 0.5225, 'lr': 0.001, 'params': 241, 'time_iter': 0.9637, 'accuracy': 0.7999, 'precision': 0.8104, 'recall': 0.7141, 'specificity': 0.8678, 'f1': 0.7592, 'auc': 0.8381}
train: {'epoch': 84, 'eta': 1819.5235, 'loss': 0.5208, 'lr': 0.001, 'params': 241, 'time_iter': 1.0516, 'accuracy': 0.7999, 'precision': 0.8104, 'recall': 0.7141, 'specificity': 0.8678, 'f1': 0.7592, 'auc': 0.8335}
train: {'epoch': 85, 'eta': 1803.3463, 'loss': 0.5251, 'lr': 0.001, 'params': 241, 'time_iter': 0.9721, 'accuracy': 0.7994, 'precision': 0.8102, 'recall': 0.7129, 'specificity': 0.8678, 'f1': 0.7584, 'auc': 0.8365}
train: {'epoch': 86, 'eta': 1788.3987, 'loss': 0.519, 'lr': 0.001, 'params': 241, 'time_iter': 1.0306, 'accuracy': 0.7999, 'precision': 0.8104, 'recall': 0.7141, 'specificity': 0.8678, 'f1': 0.7592, 'auc': 0.8377}
train: {'epoch': 87, 'eta': 1772.9952, 'loss': 0.5263, 'lr': 0.001, 'params': 241, 'time_iter': 1.0099, 'accuracy': 0.7994, 'precision': 0.8085, 'recall': 0.7153, 'specificity': 0.8659, 'f1': 0.7591, 'auc': 0.8397}
train: {'epoch': 88, 'eta': 1756.1277, 'loss': 0.522, 'lr': 0.001, 'params': 241, 'time_iter': 0.9374, 'accuracy': 0.7994, 'precision': 0.8085, 'recall': 0.7153, 'specificity': 0.8659, 'f1': 0.7591, 'auc': 0.8302}
val: {'epoch': 89, 'loss': 0.543, 'lr': 0.001, 'params': 241, 'time_iter': 0.1941, 'accuracy': 0.7804, 'precision': 0.8217, 'recall': 0.6906, 'specificity': 0.8627, 'f1': 0.7504, 'auc': 0.8605}
train: {'epoch': 89, 'eta': 1741.0365, 'loss': 0.522, 'lr': 0.001, 'params': 241, 'time_iter': 1.0261, 'accuracy': 0.7994, 'precision': 0.8085, 'recall': 0.7153, 'specificity': 0.8659, 'f1': 0.7591, 'auc': 0.8367}
train: {'epoch': 90, 'eta': 1724.6849, 'loss': 0.5195, 'lr': 0.001, 'params': 241, 'time_iter': 0.9619, 'accuracy': 0.7994, 'precision': 0.8085, 'recall': 0.7153, 'specificity': 0.8659, 'f1': 0.7591, 'auc': 0.8446}
train: {'epoch': 91, 'eta': 1708.2364, 'loss': 0.5221, 'lr': 0.001, 'params': 241, 'time_iter': 0.9556, 'accuracy': 0.7994, 'precision': 0.8077, 'recall': 0.7165, 'specificity': 0.865, 'f1': 0.7594, 'auc': 0.8396}
train: {'epoch': 92, 'eta': 1692.1899, 'loss': 0.5236, 'lr': 0.001, 'params': 241, 'time_iter': 0.9761, 'accuracy': 0.7994, 'precision': 0.8093, 'recall': 0.7141, 'specificity': 0.8669, 'f1': 0.7588, 'auc': 0.8382}
train: {'epoch': 93, 'eta': 1675.6977, 'loss': 0.5193, 'lr': 0.001, 'params': 241, 'time_iter': 0.9509, 'accuracy': 0.7999, 'precision': 0.8104, 'recall': 0.7141, 'specificity': 0.8678, 'f1': 0.7592, 'auc': 0.8361}
train: {'epoch': 94, 'eta': 1659.5418, 'loss': 0.5217, 'lr': 0.001, 'params': 241, 'time_iter': 0.9684, 'accuracy': 0.7989, 'precision': 0.8083, 'recall': 0.7141, 'specificity': 0.8659, 'f1': 0.7583, 'auc': 0.8463}
train: {'epoch': 95, 'eta': 1643.6663, 'loss': 0.5196, 'lr': 0.001, 'params': 241, 'time_iter': 0.9838, 'accuracy': 0.7994, 'precision': 0.8085, 'recall': 0.7153, 'specificity': 0.8659, 'f1': 0.7591, 'auc': 0.8325}
train: {'epoch': 96, 'eta': 1627.2568, 'loss': 0.5231, 'lr': 0.001, 'params': 241, 'time_iter': 0.9522, 'accuracy': 0.7999, 'precision': 0.8079, 'recall': 0.7176, 'specificity': 0.865, 'f1': 0.7601, 'auc': 0.8412}
train: {'epoch': 97, 'eta': 1612.4515, 'loss': 0.5243, 'lr': 0.001, 'params': 241, 'time_iter': 1.0471, 'accuracy': 0.7999, 'precision': 0.8079, 'recall': 0.7176, 'specificity': 0.865, 'f1': 0.7601, 'auc': 0.8376}
train: {'epoch': 98, 'eta': 1595.8558, 'loss': 0.5196, 'lr': 0.001, 'params': 241, 'time_iter': 0.9398, 'accuracy': 0.7999, 'precision': 0.8088, 'recall': 0.7165, 'specificity': 0.8659, 'f1': 0.7598, 'auc': 0.8413}
val: {'epoch': 99, 'loss': 0.5422, 'lr': 0.001, 'params': 241, 'time_iter': 0.2121, 'accuracy': 0.7773, 'precision': 0.813, 'recall': 0.6938, 'specificity': 0.8537, 'f1': 0.7487, 'auc': 0.8608}
train: {'epoch': 99, 'eta': 1579.8888, 'loss': 0.5234, 'lr': 0.001, 'params': 241, 'time_iter': 0.9771, 'accuracy': 0.7999, 'precision': 0.8079, 'recall': 0.7176, 'specificity': 0.865, 'f1': 0.7601, 'auc': 0.8432}
train: {'epoch': 100, 'eta': 1563.7246, 'loss': 0.5209, 'lr': 0.001, 'params': 241, 'time_iter': 0.9641, 'accuracy': 0.7989, 'precision': 0.8083, 'recall': 0.7141, 'specificity': 0.8659, 'f1': 0.7583, 'auc': 0.8413}
train: {'epoch': 101, 'eta': 1547.5774, 'loss': 0.5203, 'lr': 0.001, 'params': 241, 'time_iter': 0.9643, 'accuracy': 0.7999, 'precision': 0.8104, 'recall': 0.7141, 'specificity': 0.8678, 'f1': 0.7592, 'auc': 0.8336}
train: {'epoch': 102, 'eta': 1531.4909, 'loss': 0.5238, 'lr': 0.001, 'params': 241, 'time_iter': 0.9674, 'accuracy': 0.7999, 'precision': 0.8104, 'recall': 0.7141, 'specificity': 0.8678, 'f1': 0.7592, 'auc': 0.8315}
train: {'epoch': 103, 'eta': 1516.1457, 'loss': 0.5223, 'lr': 0.001, 'params': 241, 'time_iter': 1.0168, 'accuracy': 0.7994, 'precision': 0.8102, 'recall': 0.7129, 'specificity': 0.8678, 'f1': 0.7584, 'auc': 0.8395}
train: {'epoch': 104, 'eta': 1501.3281, 'loss': 0.5196, 'lr': 0.001, 'params': 241, 'time_iter': 1.0545, 'accuracy': 0.7999, 'precision': 0.8104, 'recall': 0.7141, 'specificity': 0.8678, 'f1': 0.7592, 'auc': 0.8392}
train: {'epoch': 105, 'eta': 1486.1636, 'loss': 0.5203, 'lr': 0.001, 'params': 241, 'time_iter': 1.0327, 'accuracy': 0.7994, 'precision': 0.8102, 'recall': 0.7129, 'specificity': 0.8678, 'f1': 0.7584, 'auc': 0.8339}
train: {'epoch': 106, 'eta': 1471.191, 'loss': 0.5186, 'lr': 0.001, 'params': 241, 'time_iter': 1.0484, 'accuracy': 0.7999, 'precision': 0.8104, 'recall': 0.7141, 'specificity': 0.8678, 'f1': 0.7592, 'auc': 0.8402}
train: {'epoch': 107, 'eta': 1456.2856, 'loss': 0.52, 'lr': 0.001, 'params': 241, 'time_iter': 1.0558, 'accuracy': 0.7994, 'precision': 0.8093, 'recall': 0.7141, 'specificity': 0.8669, 'f1': 0.7588, 'auc': 0.8375}
train: {'epoch': 108, 'eta': 1440.4016, 'loss': 0.5186, 'lr': 0.001, 'params': 241, 'time_iter': 0.9852, 'accuracy': 0.7999, 'precision': 0.8104, 'recall': 0.7141, 'specificity': 0.8678, 'f1': 0.7592, 'auc': 0.8432}
val: {'epoch': 109, 'loss': 0.5392, 'lr': 0.001, 'params': 241, 'time_iter': 0.2002, 'accuracy': 0.7788, 'precision': 0.821, 'recall': 0.6873, 'specificity': 0.8627, 'f1': 0.7482, 'auc': 0.8611}
train: {'epoch': 109, 'eta': 1425.1247, 'loss': 0.5159, 'lr': 0.001, 'params': 241, 'time_iter': 1.0314, 'accuracy': 0.7994, 'precision': 0.8102, 'recall': 0.7129, 'specificity': 0.8678, 'f1': 0.7584, 'auc': 0.8369}
train: {'epoch': 110, 'eta': 1409.1267, 'loss': 0.5161, 'lr': 0.001, 'params': 241, 'time_iter': 0.9769, 'accuracy': 0.7994, 'precision': 0.8102, 'recall': 0.7129, 'specificity': 0.8678, 'f1': 0.7584, 'auc': 0.8389}
train: {'epoch': 111, 'eta': 1393.3835, 'loss': 0.5171, 'lr': 0.001, 'params': 241, 'time_iter': 0.9967, 'accuracy': 0.7994, 'precision': 0.8102, 'recall': 0.7129, 'specificity': 0.8678, 'f1': 0.7584, 'auc': 0.8446}
train: {'epoch': 112, 'eta': 1377.8411, 'loss': 0.517, 'lr': 0.001, 'params': 241, 'time_iter': 1.0133, 'accuracy': 0.7994, 'precision': 0.8102, 'recall': 0.7129, 'specificity': 0.8678, 'f1': 0.7584, 'auc': 0.8441}
train: {'epoch': 113, 'eta': 1361.811, 'loss': 0.5162, 'lr': 0.001, 'params': 241, 'time_iter': 0.9738, 'accuracy': 0.7999, 'precision': 0.8112, 'recall': 0.7129, 'specificity': 0.8687, 'f1': 0.7589, 'auc': 0.8411}
train: {'epoch': 114, 'eta': 1346.5802, 'loss': 0.5159, 'lr': 0.001, 'params': 241, 'time_iter': 1.0408, 'accuracy': 0.7999, 'precision': 0.8104, 'recall': 0.7141, 'specificity': 0.8678, 'f1': 0.7592, 'auc': 0.8375}
train: {'epoch': 115, 'eta': 1330.8813, 'loss': 0.5153, 'lr': 0.001, 'params': 241, 'time_iter': 1.0025, 'accuracy': 0.7994, 'precision': 0.8102, 'recall': 0.7129, 'specificity': 0.8678, 'f1': 0.7584, 'auc': 0.8411}
train: {'epoch': 116, 'eta': 1314.3796, 'loss': 0.519, 'lr': 0.001, 'params': 241, 'time_iter': 0.9323, 'accuracy': 0.7994, 'precision': 0.8102, 'recall': 0.7129, 'specificity': 0.8678, 'f1': 0.7584, 'auc': 0.8363}
train: {'epoch': 117, 'eta': 1298.523, 'loss': 0.5171, 'lr': 0.001, 'params': 241, 'time_iter': 0.9879, 'accuracy': 0.7994, 'precision': 0.8102, 'recall': 0.7129, 'specificity': 0.8678, 'f1': 0.7584, 'auc': 0.8421}
train: {'epoch': 118, 'eta': 1282.7003, 'loss': 0.5182, 'lr': 0.001, 'params': 241, 'time_iter': 0.9909, 'accuracy': 0.7994, 'precision': 0.8102, 'recall': 0.7129, 'specificity': 0.8678, 'f1': 0.7584, 'auc': 0.8397}
val: {'epoch': 119, 'loss': 0.5331, 'lr': 0.001, 'params': 241, 'time_iter': 0.2021, 'accuracy': 0.7819, 'precision': 0.8275, 'recall': 0.6873, 'specificity': 0.8687, 'f1': 0.7509, 'auc': 0.8667}
train: {'epoch': 119, 'eta': 1266.8281, 'loss': 0.5164, 'lr': 0.001, 'params': 241, 'time_iter': 0.9863, 'accuracy': 0.7994, 'precision': 0.8102, 'recall': 0.7129, 'specificity': 0.8678, 'f1': 0.7584, 'auc': 0.8422}
train: {'epoch': 120, 'eta': 1250.5129, 'loss': 0.5157, 'lr': 0.001, 'params': 241, 'time_iter': 0.9438, 'accuracy': 0.7994, 'precision': 0.8102, 'recall': 0.7129, 'specificity': 0.8678, 'f1': 0.7584, 'auc': 0.8388}
train: {'epoch': 121, 'eta': 1234.4438, 'loss': 0.5172, 'lr': 0.001, 'params': 241, 'time_iter': 0.9659, 'accuracy': 0.7994, 'precision': 0.8102, 'recall': 0.7129, 'specificity': 0.8678, 'f1': 0.7584, 'auc': 0.8402}
train: {'epoch': 122, 'eta': 1218.3616, 'loss': 0.5199, 'lr': 0.001, 'params': 241, 'time_iter': 0.9636, 'accuracy': 0.7989, 'precision': 0.8116, 'recall': 0.7094, 'specificity': 0.8696, 'f1': 0.7571, 'auc': 0.8364}
train: {'epoch': 123, 'eta': 1202.3925, 'loss': 0.5162, 'lr': 0.001, 'params': 241, 'time_iter': 0.974, 'accuracy': 0.7994, 'precision': 0.8102, 'recall': 0.7129, 'specificity': 0.8678, 'f1': 0.7584, 'auc': 0.8591}
train: {'epoch': 124, 'eta': 1187.6158, 'loss': 0.5193, 'lr': 0.001, 'params': 241, 'time_iter': 1.0976, 'accuracy': 0.7994, 'precision': 0.8102, 'recall': 0.7129, 'specificity': 0.8678, 'f1': 0.7584, 'auc': 0.8404}
train: {'epoch': 125, 'eta': 1171.5614, 'loss': 0.5161, 'lr': 0.001, 'params': 241, 'time_iter': 0.9663, 'accuracy': 0.7994, 'precision': 0.8102, 'recall': 0.7129, 'specificity': 0.8678, 'f1': 0.7584, 'auc': 0.8493}
train: {'epoch': 126, 'eta': 1155.496, 'loss': 0.5178, 'lr': 0.001, 'params': 241, 'time_iter': 0.9641, 'accuracy': 0.7994, 'precision': 0.8102, 'recall': 0.7129, 'specificity': 0.8678, 'f1': 0.7584, 'auc': 0.8481}
train: {'epoch': 127, 'eta': 1139.8957, 'loss': 0.5145, 'lr': 0.001, 'params': 241, 'time_iter': 1.0147, 'accuracy': 0.7994, 'precision': 0.8102, 'recall': 0.7129, 'specificity': 0.8678, 'f1': 0.7584, 'auc': 0.8467}
train: {'epoch': 128, 'eta': 1124.2623, 'loss': 0.5154, 'lr': 0.001, 'params': 241, 'time_iter': 1.012, 'accuracy': 0.7994, 'precision': 0.8102, 'recall': 0.7129, 'specificity': 0.8678, 'f1': 0.7584, 'auc': 0.8416}
val: {'epoch': 129, 'loss': 0.5384, 'lr': 0.001, 'params': 241, 'time_iter': 0.2008, 'accuracy': 0.7819, 'precision': 0.8275, 'recall': 0.6873, 'specificity': 0.8687, 'f1': 0.7509, 'auc': 0.8645}
train: {'epoch': 129, 'eta': 1108.6502, 'loss': 0.5153, 'lr': 0.001, 'params': 241, 'time_iter': 1.0155, 'accuracy': 0.7994, 'precision': 0.8102, 'recall': 0.7129, 'specificity': 0.8678, 'f1': 0.7584, 'auc': 0.8521}
train: {'epoch': 130, 'eta': 1092.4887, 'loss': 0.5169, 'lr': 0.001, 'params': 241, 'time_iter': 0.9515, 'accuracy': 0.7999, 'precision': 0.8104, 'recall': 0.7141, 'specificity': 0.8678, 'f1': 0.7592, 'auc': 0.8448}
train: {'epoch': 131, 'eta': 1076.6299, 'loss': 0.5146, 'lr': 0.001, 'params': 241, 'time_iter': 0.9865, 'accuracy': 0.7999, 'precision': 0.8104, 'recall': 0.7141, 'specificity': 0.8678, 'f1': 0.7592, 'auc': 0.8375}
train: {'epoch': 132, 'eta': 1061.3046, 'loss': 0.5151, 'lr': 0.001, 'params': 241, 'time_iter': 1.0525, 'accuracy': 0.7994, 'precision': 0.8102, 'recall': 0.7129, 'specificity': 0.8678, 'f1': 0.7584, 'auc': 0.8504}
train: {'epoch': 133, 'eta': 1045.8438, 'loss': 0.5186, 'lr': 0.001, 'params': 241, 'time_iter': 1.0382, 'accuracy': 0.7989, 'precision': 0.8107, 'recall': 0.7106, 'specificity': 0.8687, 'f1': 0.7574, 'auc': 0.8394}
train: {'epoch': 134, 'eta': 1030.5329, 'loss': 0.5167, 'lr': 0.001, 'params': 241, 'time_iter': 1.0599, 'accuracy': 0.7999, 'precision': 0.8138, 'recall': 0.7094, 'specificity': 0.8715, 'f1': 0.758, 'auc': 0.843}
train: {'epoch': 135, 'eta': 1014.5147, 'loss': 0.5109, 'lr': 0.001, 'params': 241, 'time_iter': 0.9691, 'accuracy': 0.7994, 'precision': 0.8127, 'recall': 0.7094, 'specificity': 0.8706, 'f1': 0.7575, 'auc': 0.8432}
train: {'epoch': 136, 'eta': 998.9316, 'loss': 0.5141, 'lr': 0.001, 'params': 241, 'time_iter': 1.0273, 'accuracy': 0.7994, 'precision': 0.8127, 'recall': 0.7094, 'specificity': 0.8706, 'f1': 0.7575, 'auc': 0.8527}
train: {'epoch': 137, 'eta': 983.0094, 'loss': 0.5164, 'lr': 0.001, 'params': 241, 'time_iter': 0.9818, 'accuracy': 0.7994, 'precision': 0.8127, 'recall': 0.7094, 'specificity': 0.8706, 'f1': 0.7575, 'auc': 0.8418}
train: {'epoch': 138, 'eta': 967.3187, 'loss': 0.5121, 'lr': 0.001, 'params': 241, 'time_iter': 1.0143, 'accuracy': 0.7994, 'precision': 0.8127, 'recall': 0.7094, 'specificity': 0.8706, 'f1': 0.7575, 'auc': 0.8464}
val: {'epoch': 139, 'loss': 0.5386, 'lr': 0.001, 'params': 241, 'time_iter': 0.196, 'accuracy': 0.7819, 'precision': 0.8275, 'recall': 0.6873, 'specificity': 0.8687, 'f1': 0.7509, 'auc': 0.8611}
train: {'epoch': 139, 'eta': 951.8261, 'loss': 0.5169, 'lr': 0.001, 'params': 241, 'time_iter': 1.0443, 'accuracy': 0.7999, 'precision': 0.8121, 'recall': 0.7118, 'specificity': 0.8696, 'f1': 0.7586, 'auc': 0.8441}
train: {'epoch': 140, 'eta': 936.0723, 'loss': 0.5212, 'lr': 0.001, 'params': 241, 'time_iter': 1.0079, 'accuracy': 0.7989, 'precision': 0.8107, 'recall': 0.7106, 'specificity': 0.8687, 'f1': 0.7574, 'auc': 0.8381}
train: {'epoch': 141, 'eta': 920.1927, 'loss': 0.5181, 'lr': 0.001, 'params': 241, 'time_iter': 0.9895, 'accuracy': 0.7994, 'precision': 0.8127, 'recall': 0.7094, 'specificity': 0.8706, 'f1': 0.7575, 'auc': 0.8428}
train: {'epoch': 142, 'eta': 904.2195, 'loss': 0.5145, 'lr': 0.001, 'params': 241, 'time_iter': 0.9747, 'accuracy': 0.7999, 'precision': 0.8138, 'recall': 0.7094, 'specificity': 0.8715, 'f1': 0.758, 'auc': 0.8474}
train: {'epoch': 143, 'eta': 888.3272, 'loss': 0.5151, 'lr': 0.001, 'params': 241, 'time_iter': 0.9868, 'accuracy': 0.7994, 'precision': 0.8127, 'recall': 0.7094, 'specificity': 0.8706, 'f1': 0.7575, 'auc': 0.8405}
train: {'epoch': 144, 'eta': 872.2777, 'loss': 0.5153, 'lr': 0.001, 'params': 241, 'time_iter': 0.9607, 'accuracy': 0.7994, 'precision': 0.8127, 'recall': 0.7094, 'specificity': 0.8706, 'f1': 0.7575, 'auc': 0.8538}
train: {'epoch': 145, 'eta': 856.2534, 'loss': 0.5168, 'lr': 0.001, 'params': 241, 'time_iter': 0.9634, 'accuracy': 0.7989, 'precision': 0.8099, 'recall': 0.7118, 'specificity': 0.8678, 'f1': 0.7577, 'auc': 0.8448}
train: {'epoch': 146, 'eta': 840.2421, 'loss': 0.5146, 'lr': 0.001, 'params': 241, 'time_iter': 0.9642, 'accuracy': 0.7994, 'precision': 0.8102, 'recall': 0.7129, 'specificity': 0.8678, 'f1': 0.7584, 'auc': 0.8467}
train: {'epoch': 147, 'eta': 824.2502, 'loss': 0.515, 'lr': 0.001, 'params': 241, 'time_iter': 0.9663, 'accuracy': 0.7994, 'precision': 0.8102, 'recall': 0.7129, 'specificity': 0.8678, 'f1': 0.7584, 'auc': 0.8485}
train: {'epoch': 148, 'eta': 808.3313, 'loss': 0.5149, 'lr': 0.001, 'params': 241, 'time_iter': 0.9783, 'accuracy': 0.7999, 'precision': 0.8129, 'recall': 0.7106, 'specificity': 0.8706, 'f1': 0.7583, 'auc': 0.8407}
val: {'epoch': 149, 'loss': 0.5328, 'lr': 0.001, 'params': 241, 'time_iter': 0.1989, 'accuracy': 0.7819, 'precision': 0.8275, 'recall': 0.6873, 'specificity': 0.8687, 'f1': 0.7509, 'auc': 0.8657}
train: {'epoch': 149, 'eta': 792.4156, 'loss': 0.5141, 'lr': 0.001, 'params': 241, 'time_iter': 0.9782, 'accuracy': 0.7994, 'precision': 0.8127, 'recall': 0.7094, 'specificity': 0.8706, 'f1': 0.7575, 'auc': 0.8554}
train: {'epoch': 150, 'eta': 776.511, 'loss': 0.5136, 'lr': 0.001, 'params': 241, 'time_iter': 0.9797, 'accuracy': 0.7999, 'precision': 0.8129, 'recall': 0.7106, 'specificity': 0.8706, 'f1': 0.7583, 'auc': 0.8466}
train: {'epoch': 151, 'eta': 760.4543, 'loss': 0.5145, 'lr': 0.001, 'params': 241, 'time_iter': 0.949, 'accuracy': 0.7989, 'precision': 0.8107, 'recall': 0.7106, 'specificity': 0.8687, 'f1': 0.7574, 'auc': 0.849}
train: {'epoch': 152, 'eta': 744.5693, 'loss': 0.5127, 'lr': 0.001, 'params': 241, 'time_iter': 0.9816, 'accuracy': 0.7994, 'precision': 0.8127, 'recall': 0.7094, 'specificity': 0.8706, 'f1': 0.7575, 'auc': 0.8445}
train: {'epoch': 153, 'eta': 728.5989, 'loss': 0.514, 'lr': 0.001, 'params': 241, 'time_iter': 0.9632, 'accuracy': 0.7994, 'precision': 0.8102, 'recall': 0.7129, 'specificity': 0.8678, 'f1': 0.7584, 'auc': 0.8466}
train: {'epoch': 154, 'eta': 712.7445, 'loss': 0.5176, 'lr': 0.001, 'params': 241, 'time_iter': 0.9866, 'accuracy': 0.8004, 'precision': 0.8123, 'recall': 0.7129, 'specificity': 0.8696, 'f1': 0.7594, 'auc': 0.8543}
train: {'epoch': 155, 'eta': 697.3367, 'loss': 0.5184, 'lr': 0.001, 'params': 241, 'time_iter': 1.0854, 'accuracy': 0.7994, 'precision': 0.8102, 'recall': 0.7129, 'specificity': 0.8678, 'f1': 0.7584, 'auc': 0.8441}
train: {'epoch': 156, 'eta': 681.4184, 'loss': 0.5131, 'lr': 0.001, 'params': 241, 'time_iter': 0.9746, 'accuracy': 0.7994, 'precision': 0.8127, 'recall': 0.7094, 'specificity': 0.8706, 'f1': 0.7575, 'auc': 0.8433}
train: {'epoch': 157, 'eta': 665.4045, 'loss': 0.5144, 'lr': 0.001, 'params': 241, 'time_iter': 0.9512, 'accuracy': 0.7999, 'precision': 0.8138, 'recall': 0.7094, 'specificity': 0.8715, 'f1': 0.758, 'auc': 0.85}
train: {'epoch': 158, 'eta': 649.7908, 'loss': 0.5153, 'lr': 0.001, 'params': 241, 'time_iter': 1.0458, 'accuracy': 0.7999, 'precision': 0.8138, 'recall': 0.7094, 'specificity': 0.8715, 'f1': 0.758, 'auc': 0.8556}
val: {'epoch': 159, 'loss': 0.5326, 'lr': 0.001, 'params': 241, 'time_iter': 0.1976, 'accuracy': 0.7819, 'precision': 0.8275, 'recall': 0.6873, 'specificity': 0.8687, 'f1': 0.7509, 'auc': 0.8661}
train: {'epoch': 159, 'eta': 633.8849, 'loss': 0.5119, 'lr': 0.001, 'params': 241, 'time_iter': 0.9762, 'accuracy': 0.7994, 'precision': 0.8127, 'recall': 0.7094, 'specificity': 0.8706, 'f1': 0.7575, 'auc': 0.8531}
train: {'epoch': 160, 'eta': 617.8748, 'loss': 0.51, 'lr': 0.001, 'params': 241, 'time_iter': 0.9484, 'accuracy': 0.7999, 'precision': 0.8138, 'recall': 0.7094, 'specificity': 0.8715, 'f1': 0.758, 'auc': 0.8521}
train: {'epoch': 161, 'eta': 602.2212, 'loss': 0.5124, 'lr': 0.001, 'params': 241, 'time_iter': 1.0406, 'accuracy': 0.7999, 'precision': 0.8138, 'recall': 0.7094, 'specificity': 0.8715, 'f1': 0.758, 'auc': 0.8502}
train: {'epoch': 162, 'eta': 586.3216, 'loss': 0.5134, 'lr': 0.001, 'params': 241, 'time_iter': 0.9762, 'accuracy': 0.8015, 'precision': 0.8171, 'recall': 0.7094, 'specificity': 0.8743, 'f1': 0.7594, 'auc': 0.8434}
train: {'epoch': 163, 'eta': 570.4083, 'loss': 0.5116, 'lr': 0.001, 'params': 241, 'time_iter': 0.9714, 'accuracy': 0.8009, 'precision': 0.8168, 'recall': 0.7082, 'specificity': 0.8743, 'f1': 0.7587, 'auc': 0.8464}
train: {'epoch': 164, 'eta': 554.9447, 'loss': 0.5176, 'lr': 0.001, 'params': 241, 'time_iter': 1.1026, 'accuracy': 0.7999, 'precision': 0.8138, 'recall': 0.7094, 'specificity': 0.8715, 'f1': 0.758, 'auc': 0.8561}
train: {'epoch': 165, 'eta': 538.9803, 'loss': 0.5142, 'lr': 0.001, 'params': 241, 'time_iter': 0.9578, 'accuracy': 0.8004, 'precision': 0.8166, 'recall': 0.7071, 'specificity': 0.8743, 'f1': 0.7579, 'auc': 0.8578}
train: {'epoch': 166, 'eta': 523.1087, 'loss': 0.5145, 'lr': 0.001, 'params': 241, 'time_iter': 0.9847, 'accuracy': 0.7999, 'precision': 0.8138, 'recall': 0.7094, 'specificity': 0.8715, 'f1': 0.758, 'auc': 0.848}
train: {'epoch': 167, 'eta': 507.2461, 'loss': 0.5137, 'lr': 0.001, 'params': 241, 'time_iter': 0.9872, 'accuracy': 0.7999, 'precision': 0.8138, 'recall': 0.7094, 'specificity': 0.8715, 'f1': 0.758, 'auc': 0.8416}
train: {'epoch': 168, 'eta': 491.6723, 'loss': 0.5097, 'lr': 0.001, 'params': 241, 'time_iter': 1.0853, 'accuracy': 0.7999, 'precision': 0.8138, 'recall': 0.7094, 'specificity': 0.8715, 'f1': 0.758, 'auc': 0.8553}
val: {'epoch': 169, 'loss': 0.529, 'lr': 0.001, 'params': 241, 'time_iter': 0.1961, 'accuracy': 0.7819, 'precision': 0.8275, 'recall': 0.6873, 'specificity': 0.8687, 'f1': 0.7509, 'auc': 0.8663}
train: {'epoch': 169, 'eta': 475.8457, 'loss': 0.5111, 'lr': 0.001, 'params': 241, 'time_iter': 1.0032, 'accuracy': 0.7999, 'precision': 0.8138, 'recall': 0.7094, 'specificity': 0.8715, 'f1': 0.758, 'auc': 0.8466}
train: {'epoch': 170, 'eta': 459.9245, 'loss': 0.5132, 'lr': 0.001, 'params': 241, 'time_iter': 0.9693, 'accuracy': 0.7999, 'precision': 0.8138, 'recall': 0.7094, 'specificity': 0.8715, 'f1': 0.758, 'auc': 0.8417}
train: {'epoch': 171, 'eta': 444.0234, 'loss': 0.5145, 'lr': 0.001, 'params': 241, 'time_iter': 0.9753, 'accuracy': 0.7994, 'precision': 0.8127, 'recall': 0.7094, 'specificity': 0.8706, 'f1': 0.7575, 'auc': 0.8479}
train: {'epoch': 172, 'eta': 428.2284, 'loss': 0.5067, 'lr': 0.001, 'params': 241, 'time_iter': 1.0163, 'accuracy': 0.7999, 'precision': 0.8138, 'recall': 0.7094, 'specificity': 0.8715, 'f1': 0.758, 'auc': 0.8538}
train: {'epoch': 173, 'eta': 412.2921, 'loss': 0.5113, 'lr': 0.001, 'params': 241, 'time_iter': 0.9595, 'accuracy': 0.8009, 'precision': 0.8168, 'recall': 0.7082, 'specificity': 0.8743, 'f1': 0.7587, 'auc': 0.8411}
train: {'epoch': 174, 'eta': 396.4441, 'loss': 0.5149, 'lr': 0.001, 'params': 241, 'time_iter': 0.9952, 'accuracy': 0.8009, 'precision': 0.8177, 'recall': 0.7071, 'specificity': 0.8752, 'f1': 0.7584, 'auc': 0.8468}
train: {'epoch': 175, 'eta': 380.691, 'loss': 0.5132, 'lr': 0.001, 'params': 241, 'time_iter': 1.0391, 'accuracy': 0.8009, 'precision': 0.8177, 'recall': 0.7071, 'specificity': 0.8752, 'f1': 0.7584, 'auc': 0.8442}
train: {'epoch': 176, 'eta': 364.847, 'loss': 0.5082, 'lr': 0.001, 'params': 241, 'time_iter': 1.0001, 'accuracy': 0.8004, 'precision': 0.8157, 'recall': 0.7082, 'specificity': 0.8734, 'f1': 0.7582, 'auc': 0.8608}
train: {'epoch': 177, 'eta': 349.1076, 'loss': 0.5118, 'lr': 0.001, 'params': 241, 'time_iter': 1.0539, 'accuracy': 0.7994, 'precision': 0.8127, 'recall': 0.7094, 'specificity': 0.8706, 'f1': 0.7575, 'auc': 0.8437}
train: {'epoch': 178, 'eta': 333.223, 'loss': 0.513, 'lr': 0.001, 'params': 241, 'time_iter': 0.9832, 'accuracy': 0.7999, 'precision': 0.8138, 'recall': 0.7094, 'specificity': 0.8715, 'f1': 0.758, 'auc': 0.8554}
val: {'epoch': 179, 'loss': 0.5296, 'lr': 0.001, 'params': 241, 'time_iter': 0.1965, 'accuracy': 0.7819, 'precision': 0.8275, 'recall': 0.6873, 'specificity': 0.8687, 'f1': 0.7509, 'auc': 0.8628}
train: {'epoch': 179, 'eta': 317.3997, 'loss': 0.5094, 'lr': 0.001, 'params': 241, 'time_iter': 1.0167, 'accuracy': 0.7999, 'precision': 0.8138, 'recall': 0.7094, 'specificity': 0.8715, 'f1': 0.758, 'auc': 0.8591}
train: {'epoch': 180, 'eta': 301.4946, 'loss': 0.5116, 'lr': 0.001, 'params': 241, 'time_iter': 0.971, 'accuracy': 0.7999, 'precision': 0.8138, 'recall': 0.7094, 'specificity': 0.8715, 'f1': 0.758, 'auc': 0.8537}
train: {'epoch': 181, 'eta': 285.5978, 'loss': 0.5126, 'lr': 0.001, 'params': 241, 'time_iter': 0.9736, 'accuracy': 0.8009, 'precision': 0.8177, 'recall': 0.7071, 'specificity': 0.8752, 'f1': 0.7584, 'auc': 0.8442}
train: {'epoch': 182, 'eta': 269.7687, 'loss': 0.5115, 'lr': 0.001, 'params': 241, 'time_iter': 1.0169, 'accuracy': 0.8009, 'precision': 0.8177, 'recall': 0.7071, 'specificity': 0.8752, 'f1': 0.7584, 'auc': 0.844}
train: {'epoch': 183, 'eta': 253.8795, 'loss': 0.5084, 'lr': 0.001, 'params': 241, 'time_iter': 0.9771, 'accuracy': 0.7999, 'precision': 0.8138, 'recall': 0.7094, 'specificity': 0.8715, 'f1': 0.758, 'auc': 0.8624}
train: {'epoch': 184, 'eta': 238.0289, 'loss': 0.5131, 'lr': 0.001, 'params': 241, 'time_iter': 1.0047, 'accuracy': 0.7999, 'precision': 0.8138, 'recall': 0.7094, 'specificity': 0.8715, 'f1': 0.758, 'auc': 0.8559}
train: {'epoch': 185, 'eta': 222.1465, 'loss': 0.511, 'lr': 0.001, 'params': 241, 'time_iter': 0.9804, 'accuracy': 0.8009, 'precision': 0.8177, 'recall': 0.7071, 'specificity': 0.8752, 'f1': 0.7584, 'auc': 0.8491}
train: {'epoch': 186, 'eta': 206.3061, 'loss': 0.514, 'lr': 0.001, 'params': 241, 'time_iter': 1.0162, 'accuracy': 0.8004, 'precision': 0.8174, 'recall': 0.7059, 'specificity': 0.8752, 'f1': 0.7576, 'auc': 0.8538}
train: {'epoch': 187, 'eta': 190.4336, 'loss': 0.5092, 'lr': 0.001, 'params': 241, 'time_iter': 0.9891, 'accuracy': 0.7994, 'precision': 0.8178, 'recall': 0.7024, 'specificity': 0.8762, 'f1': 0.7557, 'auc': 0.8609}
train: {'epoch': 188, 'eta': 174.6262, 'loss': 0.5122, 'lr': 0.001, 'params': 241, 'time_iter': 1.0585, 'accuracy': 0.8009, 'precision': 0.8177, 'recall': 0.7071, 'specificity': 0.8752, 'f1': 0.7584, 'auc': 0.863}
val: {'epoch': 189, 'loss': 0.5275, 'lr': 0.001, 'params': 241, 'time_iter': 0.1987, 'accuracy': 0.7835, 'precision': 0.8333, 'recall': 0.684, 'specificity': 0.8746, 'f1': 0.7513, 'auc': 0.8662}
train: {'epoch': 189, 'eta': 158.756, 'loss': 0.51, 'lr': 0.001, 'params': 241, 'time_iter': 0.998, 'accuracy': 0.8009, 'precision': 0.8177, 'recall': 0.7071, 'specificity': 0.8752, 'f1': 0.7584, 'auc': 0.8645}
train: {'epoch': 190, 'eta': 142.8561, 'loss': 0.5099, 'lr': 0.001, 'params': 241, 'time_iter': 0.96, 'accuracy': 0.8009, 'precision': 0.8177, 'recall': 0.7071, 'specificity': 0.8752, 'f1': 0.7584, 'auc': 0.8558}
train: {'epoch': 191, 'eta': 127.0173, 'loss': 0.5095, 'lr': 0.001, 'params': 241, 'time_iter': 1.0433, 'accuracy': 0.8004, 'precision': 0.8174, 'recall': 0.7059, 'specificity': 0.8752, 'f1': 0.7576, 'auc': 0.8522}
train: {'epoch': 192, 'eta': 111.1467, 'loss': 0.5126, 'lr': 0.001, 'params': 241, 'time_iter': 1.0035, 'accuracy': 0.8009, 'precision': 0.8177, 'recall': 0.7071, 'specificity': 0.8752, 'f1': 0.7584, 'auc': 0.8595}
train: {'epoch': 193, 'eta': 95.281, 'loss': 0.51, 'lr': 0.001, 'params': 241, 'time_iter': 1.0175, 'accuracy': 0.8009, 'precision': 0.8177, 'recall': 0.7071, 'specificity': 0.8752, 'f1': 0.7584, 'auc': 0.8594}
train: {'epoch': 194, 'eta': 79.428, 'loss': 0.51, 'lr': 0.001, 'params': 241, 'time_iter': 1.0587, 'accuracy': 0.8009, 'precision': 0.8177, 'recall': 0.7071, 'specificity': 0.8752, 'f1': 0.7584, 'auc': 0.8628}
train: {'epoch': 195, 'eta': 63.5344, 'loss': 0.5124, 'lr': 0.001, 'params': 241, 'time_iter': 0.9685, 'accuracy': 0.8009, 'precision': 0.8177, 'recall': 0.7071, 'specificity': 0.8752, 'f1': 0.7584, 'auc': 0.8522}
train: {'epoch': 196, 'eta': 47.6485, 'loss': 0.5093, 'lr': 0.001, 'params': 241, 'time_iter': 0.9834, 'accuracy': 0.8004, 'precision': 0.8174, 'recall': 0.7059, 'specificity': 0.8752, 'f1': 0.7576, 'auc': 0.8614}
train: {'epoch': 197, 'eta': 31.7767, 'loss': 0.5153, 'lr': 0.001, 'params': 241, 'time_iter': 1.0609, 'accuracy': 0.8009, 'precision': 0.8177, 'recall': 0.7071, 'specificity': 0.8752, 'f1': 0.7584, 'auc': 0.8509}
train: {'epoch': 198, 'eta': 15.889, 'loss': 0.5146, 'lr': 0.001, 'params': 241, 'time_iter': 1.0004, 'accuracy': 0.7994, 'precision': 0.8178, 'recall': 0.7024, 'specificity': 0.8762, 'f1': 0.7557, 'auc': 0.8566}
val: {'epoch': 199, 'loss': 0.5233, 'lr': 0.001, 'params': 241, 'time_iter': 0.208, 'accuracy': 0.785, 'precision': 0.8367, 'recall': 0.684, 'specificity': 0.8776, 'f1': 0.7527, 'auc': 0.866}
train: {'epoch': 199, 'eta': 0.0, 'loss': 0.5103, 'lr': 0.001, 'params': 241, 'time_iter': 1.0087, 'accuracy': 0.7994, 'precision': 0.8169, 'recall': 0.7035, 'specificity': 0.8752, 'f1': 0.756, 'auc': 0.8602}
test: {'epoch': 200, 'loss': 0.4823, 'lr': 0.001, 'params': 241, 'time_iter': 0.2302, 'accuracy': 0.8178, 'precision': 0.8354, 'recall': 0.7174, 'specificity': 0.8934, 'f1': 0.7719, 'auc': 0.888}
Results aggregated across runs saved in results/yeast-graphsage/agg
