Created a temporary directory at /var/folders/xs/_jggb8_n03q3bxbybznls2w1q5_5xx/T/tmpjg6r35hz
Writing /var/folders/xs/_jggb8_n03q3bxbybznls2w1q5_5xx/T/tmpjg6r35hz/_remote_module_non_scriptable.py
GCNConvGymModule(
  (model): GNN(
    (encoder): FeatureEncoder()
    (pre_mp): GeneralMultiLayer(
      (Layer_0): GeneralLayer(
        (layer): Linear(
          (model): Linear(2, 10, bias=True)
        )
        (post_layer): Sequential(
          (0): Dropout(p=0.3, inplace=False)
          (1): ReLU()
        )
      )
    )
    (mp): GNNStackStage(
      (layer0): GeneralLayer(
        (layer): GCNConv(
          (model): GCNConv(10, 10)
        )
        (post_layer): Sequential(
          (0): Dropout(p=0.3, inplace=False)
          (1): ReLU()
        )
      )
    )
    (post_mp): ExampleNodeHead(
      (layer_post_mp): MLP(
        (model): Sequential(
          (0): Linear(
            (model): Linear(10, 1, bias=True)
          )
        )
      )
    )
  )
)
accelerator: cpu
benchmark: False
bn:
  eps: 1e-05
  mom: 0.1
cfg_dest: config.yaml
custom_metrics: []
dataset:
  cache_load: False
  cache_save: False
  dir: ../data/yeast-LCQ
  edge_dim: 128
  edge_encoder: False
  edge_encoder_bn: True
  edge_encoder_name: Bond
  edge_message_ratio: 0.8
  edge_negative_sampling_ratio: 1.0
  edge_train_mode: all
  encoder: False
  encoder_bn: True
  encoder_dim: 128
  encoder_name: db
  format: PyG
  label_column: None
  label_table: none
  location: local
  name: protein
  node_encoder: False
  node_encoder_bn: True
  node_encoder_name: Atom
  numeric_columns: ['protein_probability', 'mRNA']
  rebuild: True
  remove_feature: False
  resample_disjoint: False
  resample_negative: False
  shuffle_split: True
  split: [0.6, 0.2, 0.2]
  split_mode: random
  task: node
  task_type: classification
  to_undirected: False
  transductive: True
  transform: none
  tu_simple: True
devices: None
gnn:
  act: relu
  agg: add
  att_final_linear: False
  att_final_linear_bn: False
  att_heads: 1
  batchnorm: False
  clear_feature: True
  dim_inner: 10
  dropout: 0.3
  head: protein
  keep_edge: 0.5
  l2norm: True
  layer_type: gcnconv
  layers_mp: 1
  layers_post_mp: 1
  layers_pre_mp: 1
  msg_direction: single
  normalize_adj: False
  self_msg: concat
  skip_every: 1
  stage_type: skipsum
gpu_mem: False
mem:
  inplace: False
metric_agg: argmax
metric_best: auc
model:
  edge_decoding: dot
  graph_pooling: add
  loss_fun: binary_cross_entropy_with_weight
  match_upper: True
  size_average: mean
  thresh: 0.5
  type: gnn
num_threads: 6
num_workers: 8
optim:
  base_lr: 0.001
  lr_decay: 0.1
  max_epoch: 300
  momentum: 0.9
  optimizer: adam
  scheduler: none
  steps: [30, 60, 90]
  weight_decay: 0.0005
out_dir: results/yeast-gcnconv
print: both
round: 4
run_dir: results/yeast-gcnconv/0
seed: 1
share:
  dim_in: 2
  dim_out: 2
  num_splits: 3
tensorboard_agg: True
tensorboard_each_run: False
train:
  auto_resume: False
  batch_size: 1
  ckpt_clean: False
  ckpt_period: 10
  enable_ckpt: True
  epoch_resume: 0
  eval_period: 10
  grape_pi: gcnconv
  iter_per_epoch: 32
  loss_pos_weight: 1.2393579902302863
  neighbor_sizes: [20, 15, 10, 5]
  node_per_graph: 32
  radius: extend
  sample_node: False
  sampler: full_batch
  skip_train_eval: False
  walk_length: 4
val:
  node_per_graph: 32
  radius: extend
  sample_node: False
  sampler: full_batch
view_emb: False
Num parameters: 151
val: {'epoch': 0, 'loss': 0.7872, 'lr': 0.001, 'params': 151, 'time_iter': 4.1613, 'accuracy': 0.5561, 'precision': 0.0, 'recall': 0.0, 'specificity': 1.0, 'f1': 0.0, 'auc': 0.1167}
train: {'epoch': 0, 'eta': 1234.83, 'loss': 0.7884, 'lr': 0.001, 'params': 151, 'time_iter': 4.1299, 'accuracy': 0.5564, 'precision': 0.5, 'recall': 0.0012, 'specificity': 0.9991, 'f1': 0.0023, 'auc': 0.3129}
train: {'epoch': 1, 'eta': 631.6024, 'loss': 0.7865, 'lr': 0.001, 'params': 151, 'time_iter': 0.1091, 'accuracy': 0.5558, 'precision': 0.0, 'recall': 0.0, 'specificity': 0.9991, 'f1': 0.0, 'auc': 0.3257}
train: {'epoch': 2, 'eta': 430.3202, 'loss': 0.7859, 'lr': 0.001, 'params': 151, 'time_iter': 0.1077, 'accuracy': 0.5553, 'precision': 0.0, 'recall': 0.0, 'specificity': 0.9981, 'f1': 0.0, 'auc': 0.3331}
train: {'epoch': 3, 'eta': 329.4777, 'loss': 0.7857, 'lr': 0.001, 'params': 151, 'time_iter': 0.1057, 'accuracy': 0.5538, 'precision': 0.0, 'recall': 0.0, 'specificity': 0.9953, 'f1': 0.0, 'auc': 0.3367}
train: {'epoch': 4, 'eta': 268.7553, 'loss': 0.7854, 'lr': 0.001, 'params': 151, 'time_iter': 0.1028, 'accuracy': 0.5558, 'precision': 0.0, 'recall': 0.0, 'specificity': 0.9991, 'f1': 0.0, 'auc': 0.3327}
train: {'epoch': 5, 'eta': 228.3876, 'loss': 0.7836, 'lr': 0.001, 'params': 151, 'time_iter': 0.1058, 'accuracy': 0.5564, 'precision': 0.5, 'recall': 0.0012, 'specificity': 0.9991, 'f1': 0.0023, 'auc': 0.3529}
train: {'epoch': 6, 'eta': 199.4054, 'loss': 0.7826, 'lr': 0.001, 'params': 151, 'time_iter': 0.103, 'accuracy': 0.5558, 'precision': 0.0, 'recall': 0.0, 'specificity': 0.9991, 'f1': 0.0, 'auc': 0.3558}
train: {'epoch': 7, 'eta': 177.7493, 'loss': 0.7821, 'lr': 0.001, 'params': 151, 'time_iter': 0.1059, 'accuracy': 0.5553, 'precision': 0.25, 'recall': 0.0012, 'specificity': 0.9972, 'f1': 0.0023, 'auc': 0.3729}
train: {'epoch': 8, 'eta': 160.9448, 'loss': 0.7823, 'lr': 0.001, 'params': 151, 'time_iter': 0.1078, 'accuracy': 0.5564, 'precision': 0.5, 'recall': 0.0012, 'specificity': 0.9991, 'f1': 0.0023, 'auc': 0.3681}
val: {'epoch': 9, 'loss': 0.7821, 'lr': 0.001, 'params': 151, 'time_iter': 0.0352, 'accuracy': 0.5561, 'precision': 0.0, 'recall': 0.0, 'specificity': 1.0, 'f1': 0.0, 'auc': 0.1415}
train: {'epoch': 9, 'eta': 147.4086, 'loss': 0.7824, 'lr': 0.001, 'params': 151, 'time_iter': 0.1054, 'accuracy': 0.5543, 'precision': 0.1667, 'recall': 0.0012, 'specificity': 0.9953, 'f1': 0.0023, 'auc': 0.355}
train: {'epoch': 10, 'eta': 136.2929, 'loss': 0.7809, 'lr': 0.001, 'params': 151, 'time_iter': 0.1046, 'accuracy': 0.5553, 'precision': 0.25, 'recall': 0.0012, 'specificity': 0.9972, 'f1': 0.0023, 'auc': 0.3854}
train: {'epoch': 11, 'eta': 126.9861, 'loss': 0.7795, 'lr': 0.001, 'params': 151, 'time_iter': 0.1035, 'accuracy': 0.5548, 'precision': 0.2, 'recall': 0.0012, 'specificity': 0.9963, 'f1': 0.0023, 'auc': 0.3988}
train: {'epoch': 12, 'eta': 119.1057, 'loss': 0.7805, 'lr': 0.001, 'params': 151, 'time_iter': 0.1039, 'accuracy': 0.5558, 'precision': 0.3333, 'recall': 0.0012, 'specificity': 0.9981, 'f1': 0.0023, 'auc': 0.3889}
train: {'epoch': 13, 'eta': 112.3588, 'loss': 0.7796, 'lr': 0.001, 'params': 151, 'time_iter': 0.105, 'accuracy': 0.5564, 'precision': 0.5, 'recall': 0.0012, 'specificity': 0.9991, 'f1': 0.0023, 'auc': 0.3867}
train: {'epoch': 14, 'eta': 106.5078, 'loss': 0.7807, 'lr': 0.001, 'params': 151, 'time_iter': 0.1056, 'accuracy': 0.5553, 'precision': 0.25, 'recall': 0.0012, 'specificity': 0.9972, 'f1': 0.0023, 'auc': 0.3693}
train: {'epoch': 15, 'eta': 101.3991, 'loss': 0.7806, 'lr': 0.001, 'params': 151, 'time_iter': 0.107, 'accuracy': 0.5543, 'precision': 0.1667, 'recall': 0.0012, 'specificity': 0.9953, 'f1': 0.0023, 'auc': 0.3816}
train: {'epoch': 16, 'eta': 96.853, 'loss': 0.7801, 'lr': 0.001, 'params': 151, 'time_iter': 0.1054, 'accuracy': 0.5569, 'precision': 1.0, 'recall': 0.0012, 'specificity': 1.0, 'f1': 0.0023, 'auc': 0.3862}
train: {'epoch': 17, 'eta': 92.7909, 'loss': 0.7785, 'lr': 0.001, 'params': 151, 'time_iter': 0.1048, 'accuracy': 0.5548, 'precision': 0.2, 'recall': 0.0012, 'specificity': 0.9963, 'f1': 0.0023, 'auc': 0.4055}
train: {'epoch': 18, 'eta': 89.1486, 'loss': 0.7789, 'lr': 0.001, 'params': 151, 'time_iter': 0.105, 'accuracy': 0.5548, 'precision': 0.2857, 'recall': 0.0023, 'specificity': 0.9953, 'f1': 0.0046, 'auc': 0.3962}
val: {'epoch': 19, 'loss': 0.7776, 'lr': 0.001, 'params': 151, 'time_iter': 0.0356, 'accuracy': 0.5561, 'precision': 0.0, 'recall': 0.0, 'specificity': 1.0, 'f1': 0.0, 'auc': 0.167}
train: {'epoch': 19, 'eta': 85.8732, 'loss': 0.7792, 'lr': 0.001, 'params': 151, 'time_iter': 0.106, 'accuracy': 0.5532, 'precision': 0.2, 'recall': 0.0023, 'specificity': 0.9925, 'f1': 0.0046, 'auc': 0.3863}
train: {'epoch': 20, 'eta': 82.911, 'loss': 0.7784, 'lr': 0.001, 'params': 151, 'time_iter': 0.1068, 'accuracy': 0.5553, 'precision': 0.25, 'recall': 0.0012, 'specificity': 0.9972, 'f1': 0.0023, 'auc': 0.3962}
train: {'epoch': 21, 'eta': 80.1988, 'loss': 0.7776, 'lr': 0.001, 'params': 151, 'time_iter': 0.1061, 'accuracy': 0.5564, 'precision': 0.5, 'recall': 0.0035, 'specificity': 0.9972, 'f1': 0.007, 'auc': 0.403}
train: {'epoch': 22, 'eta': 77.6904, 'loss': 0.7772, 'lr': 0.001, 'params': 151, 'time_iter': 0.1042, 'accuracy': 0.5538, 'precision': 0.0, 'recall': 0.0, 'specificity': 0.9953, 'f1': 0.0, 'auc': 0.4092}
train: {'epoch': 23, 'eta': 75.4282, 'loss': 0.7749, 'lr': 0.001, 'params': 151, 'time_iter': 0.1081, 'accuracy': 0.5564, 'precision': 0.5, 'recall': 0.0035, 'specificity': 0.9972, 'f1': 0.007, 'auc': 0.4409}
train: {'epoch': 24, 'eta': 73.3201, 'loss': 0.7769, 'lr': 0.001, 'params': 151, 'time_iter': 0.1065, 'accuracy': 0.5543, 'precision': 0.25, 'recall': 0.0023, 'specificity': 0.9944, 'f1': 0.0046, 'auc': 0.408}
train: {'epoch': 25, 'eta': 71.3682, 'loss': 0.7762, 'lr': 0.001, 'params': 151, 'time_iter': 0.1067, 'accuracy': 0.5553, 'precision': 0.4, 'recall': 0.0047, 'specificity': 0.9944, 'f1': 0.0093, 'auc': 0.4232}
train: {'epoch': 26, 'eta': 69.5343, 'loss': 0.7738, 'lr': 0.001, 'params': 151, 'time_iter': 0.1049, 'accuracy': 0.5532, 'precision': 0.25, 'recall': 0.0035, 'specificity': 0.9916, 'f1': 0.0069, 'auc': 0.4504}
train: {'epoch': 27, 'eta': 67.8427, 'loss': 0.7763, 'lr': 0.001, 'params': 151, 'time_iter': 0.1068, 'accuracy': 0.5548, 'precision': 0.3333, 'recall': 0.0035, 'specificity': 0.9944, 'f1': 0.007, 'auc': 0.4217}
train: {'epoch': 28, 'eta': 66.2488, 'loss': 0.7746, 'lr': 0.001, 'params': 151, 'time_iter': 0.1056, 'accuracy': 0.5512, 'precision': 0.0, 'recall': 0.0, 'specificity': 0.9907, 'f1': 0.0, 'auc': 0.4504}
val: {'epoch': 29, 'loss': 0.7736, 'lr': 0.001, 'params': 151, 'time_iter': 0.0361, 'accuracy': 0.5561, 'precision': 0.0, 'recall': 0.0, 'specificity': 1.0, 'f1': 0.0, 'auc': 0.2027}
train: {'epoch': 29, 'eta': 64.7677, 'loss': 0.7749, 'lr': 0.001, 'params': 151, 'time_iter': 0.1071, 'accuracy': 0.5548, 'precision': 0.3333, 'recall': 0.0035, 'specificity': 0.9944, 'f1': 0.007, 'auc': 0.4259}
train: {'epoch': 30, 'eta': 63.3637, 'loss': 0.7728, 'lr': 0.001, 'params': 151, 'time_iter': 0.1057, 'accuracy': 0.5553, 'precision': 0.3333, 'recall': 0.0023, 'specificity': 0.9963, 'f1': 0.0047, 'auc': 0.4648}
train: {'epoch': 31, 'eta': 62.036, 'loss': 0.7715, 'lr': 0.001, 'params': 151, 'time_iter': 0.1051, 'accuracy': 0.5538, 'precision': 0.2222, 'recall': 0.0023, 'specificity': 0.9935, 'f1': 0.0046, 'auc': 0.4765}
train: {'epoch': 32, 'eta': 60.782, 'loss': 0.7739, 'lr': 0.001, 'params': 151, 'time_iter': 0.1051, 'accuracy': 0.5569, 'precision': 0.5556, 'recall': 0.0059, 'specificity': 0.9963, 'f1': 0.0116, 'auc': 0.4427}
train: {'epoch': 33, 'eta': 59.61, 'loss': 0.772, 'lr': 0.001, 'params': 151, 'time_iter': 0.1069, 'accuracy': 0.5543, 'precision': 0.3, 'recall': 0.0035, 'specificity': 0.9935, 'f1': 0.0069, 'auc': 0.4667}
train: {'epoch': 34, 'eta': 58.4802, 'loss': 0.7717, 'lr': 0.001, 'params': 151, 'time_iter': 0.1045, 'accuracy': 0.5564, 'precision': 0.5, 'recall': 0.0082, 'specificity': 0.9935, 'f1': 0.0161, 'auc': 0.4704}
train: {'epoch': 35, 'eta': 57.4203, 'loss': 0.7717, 'lr': 0.001, 'params': 151, 'time_iter': 0.1062, 'accuracy': 0.5543, 'precision': 0.1667, 'recall': 0.0012, 'specificity': 0.9953, 'f1': 0.0023, 'auc': 0.4674}
train: {'epoch': 36, 'eta': 56.4068, 'loss': 0.7714, 'lr': 0.001, 'params': 151, 'time_iter': 0.1055, 'accuracy': 0.5543, 'precision': 0.1667, 'recall': 0.0012, 'specificity': 0.9953, 'f1': 0.0023, 'auc': 0.4725}
train: {'epoch': 37, 'eta': 55.4576, 'loss': 0.7698, 'lr': 0.001, 'params': 151, 'time_iter': 0.1079, 'accuracy': 0.5538, 'precision': 0.3077, 'recall': 0.0047, 'specificity': 0.9916, 'f1': 0.0092, 'auc': 0.4883}
train: {'epoch': 38, 'eta': 54.5265, 'loss': 0.7714, 'lr': 0.001, 'params': 151, 'time_iter': 0.1042, 'accuracy': 0.5558, 'precision': 0.4545, 'recall': 0.0059, 'specificity': 0.9944, 'f1': 0.0116, 'auc': 0.4655}
val: {'epoch': 39, 'loss': 0.7699, 'lr': 0.001, 'params': 151, 'time_iter': 0.0353, 'accuracy': 0.5561, 'precision': 0.0, 'recall': 0.0, 'specificity': 1.0, 'f1': 0.0, 'auc': 0.3316}
train: {'epoch': 39, 'eta': 53.6511, 'loss': 0.7716, 'lr': 0.001, 'params': 151, 'time_iter': 0.1064, 'accuracy': 0.5584, 'precision': 0.6, 'recall': 0.0141, 'specificity': 0.9925, 'f1': 0.0275, 'auc': 0.4703}
train: {'epoch': 40, 'eta': 52.8262, 'loss': 0.7683, 'lr': 0.001, 'params': 151, 'time_iter': 0.1084, 'accuracy': 0.5501, 'precision': 0.25, 'recall': 0.007, 'specificity': 0.9832, 'f1': 0.0137, 'auc': 0.5123}
train: {'epoch': 41, 'eta': 52.0176, 'loss': 0.7691, 'lr': 0.001, 'params': 151, 'time_iter': 0.1055, 'accuracy': 0.5532, 'precision': 0.3333, 'recall': 0.007, 'specificity': 0.9888, 'f1': 0.0138, 'auc': 0.4952}
train: {'epoch': 42, 'eta': 51.2543, 'loss': 0.7675, 'lr': 0.001, 'params': 151, 'time_iter': 0.1076, 'accuracy': 0.5548, 'precision': 0.44, 'recall': 0.0129, 'specificity': 0.9869, 'f1': 0.025, 'auc': 0.5203}
train: {'epoch': 43, 'eta': 50.5105, 'loss': 0.7697, 'lr': 0.001, 'params': 151, 'time_iter': 0.1059, 'accuracy': 0.5517, 'precision': 0.3714, 'recall': 0.0152, 'specificity': 0.9795, 'f1': 0.0292, 'auc': 0.4853}
train: {'epoch': 44, 'eta': 49.7896, 'loss': 0.7677, 'lr': 0.001, 'params': 151, 'time_iter': 0.1049, 'accuracy': 0.5558, 'precision': 0.4848, 'recall': 0.0187, 'specificity': 0.9841, 'f1': 0.0361, 'auc': 0.5154}
train: {'epoch': 45, 'eta': 49.1064, 'loss': 0.7679, 'lr': 0.001, 'params': 151, 'time_iter': 0.1069, 'accuracy': 0.5642, 'precision': 0.6471, 'recall': 0.0386, 'specificity': 0.9832, 'f1': 0.0729, 'auc': 0.5063}
train: {'epoch': 46, 'eta': 48.4533, 'loss': 0.7673, 'lr': 0.001, 'params': 151, 'time_iter': 0.1079, 'accuracy': 0.5564, 'precision': 0.5, 'recall': 0.0316, 'specificity': 0.9748, 'f1': 0.0595, 'auc': 0.5209}
train: {'epoch': 47, 'eta': 47.8126, 'loss': 0.7676, 'lr': 0.001, 'params': 151, 'time_iter': 0.106, 'accuracy': 0.5543, 'precision': 0.4474, 'recall': 0.0199, 'specificity': 0.9804, 'f1': 0.0381, 'auc': 0.518}
train: {'epoch': 48, 'eta': 47.1914, 'loss': 0.77, 'lr': 0.001, 'params': 151, 'time_iter': 0.1055, 'accuracy': 0.5558, 'precision': 0.4925, 'recall': 0.0386, 'specificity': 0.9683, 'f1': 0.0717, 'auc': 0.4883}
val: {'epoch': 49, 'loss': 0.7662, 'lr': 0.001, 'params': 151, 'time_iter': 0.0352, 'accuracy': 0.5561, 'precision': 0.0, 'recall': 0.0, 'specificity': 1.0, 'f1': 0.0, 'auc': 0.6851}
train: {'epoch': 49, 'eta': 46.5974, 'loss': 0.7668, 'lr': 0.001, 'params': 151, 'time_iter': 0.1068, 'accuracy': 0.5564, 'precision': 0.5, 'recall': 0.0386, 'specificity': 0.9692, 'f1': 0.0717, 'auc': 0.5263}
train: {'epoch': 50, 'eta': 46.0166, 'loss': 0.7657, 'lr': 0.001, 'params': 151, 'time_iter': 0.1056, 'accuracy': 0.5616, 'precision': 0.5658, 'recall': 0.0504, 'specificity': 0.9692, 'f1': 0.0925, 'auc': 0.5413}
train: {'epoch': 51, 'eta': 45.4571, 'loss': 0.7654, 'lr': 0.001, 'params': 151, 'time_iter': 0.1062, 'accuracy': 0.5688, 'precision': 0.6395, 'recall': 0.0644, 'specificity': 0.9711, 'f1': 0.117, 'auc': 0.5482}
train: {'epoch': 52, 'eta': 44.9135, 'loss': 0.7641, 'lr': 0.001, 'params': 151, 'time_iter': 0.106, 'accuracy': 0.5662, 'precision': 0.6092, 'recall': 0.0621, 'specificity': 0.9683, 'f1': 0.1126, 'auc': 0.5632}
train: {'epoch': 53, 'eta': 44.3856, 'loss': 0.7652, 'lr': 0.001, 'params': 151, 'time_iter': 0.1059, 'accuracy': 0.5636, 'precision': 0.5714, 'recall': 0.0656, 'specificity': 0.9608, 'f1': 0.1176, 'auc': 0.5524}
train: {'epoch': 54, 'eta': 43.8737, 'loss': 0.7611, 'lr': 0.001, 'params': 151, 'time_iter': 0.106, 'accuracy': 0.5694, 'precision': 0.619, 'recall': 0.0761, 'specificity': 0.9627, 'f1': 0.1356, 'auc': 0.6026}
train: {'epoch': 55, 'eta': 43.3807, 'loss': 0.7614, 'lr': 0.001, 'params': 151, 'time_iter': 0.107, 'accuracy': 0.5704, 'precision': 0.6392, 'recall': 0.0726, 'specificity': 0.9673, 'f1': 0.1304, 'auc': 0.5974}
train: {'epoch': 56, 'eta': 42.8988, 'loss': 0.7603, 'lr': 0.001, 'params': 151, 'time_iter': 0.1065, 'accuracy': 0.5719, 'precision': 0.6596, 'recall': 0.0726, 'specificity': 0.9701, 'f1': 0.1308, 'auc': 0.615}
train: {'epoch': 57, 'eta': 42.4405, 'loss': 0.7614, 'lr': 0.001, 'params': 151, 'time_iter': 0.109, 'accuracy': 0.5699, 'precision': 0.6182, 'recall': 0.0796, 'specificity': 0.9608, 'f1': 0.1411, 'auc': 0.5994}
train: {'epoch': 58, 'eta': 41.9856, 'loss': 0.7597, 'lr': 0.001, 'params': 151, 'time_iter': 0.1069, 'accuracy': 0.5745, 'precision': 0.64, 'recall': 0.0937, 'specificity': 0.958, 'f1': 0.1634, 'auc': 0.6227}
val: {'epoch': 59, 'loss': 0.7613, 'lr': 0.001, 'params': 151, 'time_iter': 0.0349, 'accuracy': 0.5561, 'precision': 0.0, 'recall': 0.0, 'specificity': 1.0, 'f1': 0.0, 'auc': 0.8543}
train: {'epoch': 59, 'eta': 41.5423, 'loss': 0.7605, 'lr': 0.001, 'params': 151, 'time_iter': 0.1069, 'accuracy': 0.5797, 'precision': 0.6923, 'recall': 0.0948, 'specificity': 0.9664, 'f1': 0.1668, 'auc': 0.6057}
train: {'epoch': 60, 'eta': 41.1087, 'loss': 0.7614, 'lr': 0.001, 'params': 151, 'time_iter': 0.1066, 'accuracy': 0.5719, 'precision': 0.6293, 'recall': 0.0855, 'specificity': 0.9599, 'f1': 0.1505, 'auc': 0.6065}
train: {'epoch': 61, 'eta': 40.6847, 'loss': 0.7593, 'lr': 0.001, 'params': 151, 'time_iter': 0.1064, 'accuracy': 0.5823, 'precision': 0.7049, 'recall': 0.1007, 'specificity': 0.9664, 'f1': 0.1762, 'auc': 0.6363}
train: {'epoch': 62, 'eta': 40.2713, 'loss': 0.7587, 'lr': 0.001, 'params': 151, 'time_iter': 0.1065, 'accuracy': 0.5855, 'precision': 0.7258, 'recall': 0.1054, 'specificity': 0.9683, 'f1': 0.184, 'auc': 0.6258}
train: {'epoch': 63, 'eta': 39.8598, 'loss': 0.7593, 'lr': 0.001, 'params': 151, 'time_iter': 0.1044, 'accuracy': 0.5735, 'precision': 0.6435, 'recall': 0.0867, 'specificity': 0.9617, 'f1': 0.1527, 'auc': 0.6301}
train: {'epoch': 64, 'eta': 39.4533, 'loss': 0.7557, 'lr': 0.001, 'params': 151, 'time_iter': 0.1032, 'accuracy': 0.5943, 'precision': 0.7829, 'recall': 0.1183, 'specificity': 0.9739, 'f1': 0.2055, 'auc': 0.6677}
train: {'epoch': 65, 'eta': 39.0703, 'loss': 0.7553, 'lr': 0.001, 'params': 151, 'time_iter': 0.1072, 'accuracy': 0.5979, 'precision': 0.7985, 'recall': 0.1253, 'specificity': 0.9748, 'f1': 0.2166, 'auc': 0.6711}
train: {'epoch': 66, 'eta': 38.6907, 'loss': 0.7559, 'lr': 0.001, 'params': 151, 'time_iter': 0.1058, 'accuracy': 0.5834, 'precision': 0.7, 'recall': 0.1066, 'specificity': 0.9636, 'f1': 0.185, 'auc': 0.6687}
train: {'epoch': 67, 'eta': 38.3189, 'loss': 0.7558, 'lr': 0.001, 'params': 151, 'time_iter': 0.1057, 'accuracy': 0.5787, 'precision': 0.7048, 'recall': 0.0867, 'specificity': 0.9711, 'f1': 0.1543, 'auc': 0.6725}
train: {'epoch': 68, 'eta': 37.9569, 'loss': 0.7549, 'lr': 0.001, 'params': 151, 'time_iter': 0.1064, 'accuracy': 0.5849, 'precision': 0.695, 'recall': 0.1148, 'specificity': 0.9599, 'f1': 0.197, 'auc': 0.6742}
val: {'epoch': 69, 'loss': 0.7535, 'lr': 0.001, 'params': 151, 'time_iter': 0.0374, 'accuracy': 0.5561, 'precision': 0.0, 'recall': 0.0, 'specificity': 1.0, 'f1': 0.0, 'auc': 0.8914}
train: {'epoch': 69, 'eta': 37.5994, 'loss': 0.754, 'lr': 0.001, 'params': 151, 'time_iter': 0.1055, 'accuracy': 0.5881, 'precision': 0.7047, 'recall': 0.123, 'specificity': 0.9589, 'f1': 0.2094, 'auc': 0.6825}
train: {'epoch': 70, 'eta': 37.2566, 'loss': 0.7527, 'lr': 0.001, 'params': 151, 'time_iter': 0.1079, 'accuracy': 0.5948, 'precision': 0.7569, 'recall': 0.1276, 'specificity': 0.9673, 'f1': 0.2184, 'auc': 0.6956}
train: {'epoch': 71, 'eta': 36.9198, 'loss': 0.7548, 'lr': 0.001, 'params': 151, 'time_iter': 0.1077, 'accuracy': 0.5803, 'precision': 0.6855, 'recall': 0.0995, 'specificity': 0.9636, 'f1': 0.1738, 'auc': 0.6708}
train: {'epoch': 72, 'eta': 36.5836, 'loss': 0.7518, 'lr': 0.001, 'params': 151, 'time_iter': 0.1059, 'accuracy': 0.5803, 'precision': 0.7018, 'recall': 0.0937, 'specificity': 0.9683, 'f1': 0.1653, 'auc': 0.7043}
train: {'epoch': 73, 'eta': 36.2538, 'loss': 0.7523, 'lr': 0.001, 'params': 151, 'time_iter': 0.1059, 'accuracy': 0.5751, 'precision': 0.6324, 'recall': 0.1007, 'specificity': 0.9533, 'f1': 0.1737, 'auc': 0.7008}
train: {'epoch': 74, 'eta': 35.9307, 'loss': 0.7516, 'lr': 0.001, 'params': 151, 'time_iter': 0.1062, 'accuracy': 0.587, 'precision': 0.7153, 'recall': 0.1148, 'specificity': 0.9636, 'f1': 0.1978, 'auc': 0.6982}
train: {'epoch': 75, 'eta': 35.6157, 'loss': 0.7502, 'lr': 0.001, 'params': 151, 'time_iter': 0.107, 'accuracy': 0.5917, 'precision': 0.7429, 'recall': 0.1218, 'specificity': 0.9664, 'f1': 0.2093, 'auc': 0.7112}
train: {'epoch': 76, 'eta': 35.3096, 'loss': 0.7507, 'lr': 0.001, 'params': 151, 'time_iter': 0.1082, 'accuracy': 0.5917, 'precision': 0.7267, 'recall': 0.1276, 'specificity': 0.9617, 'f1': 0.2171, 'auc': 0.7052}
train: {'epoch': 77, 'eta': 35.0037, 'loss': 0.7477, 'lr': 0.001, 'params': 151, 'time_iter': 0.1065, 'accuracy': 0.5927, 'precision': 0.7397, 'recall': 0.1265, 'specificity': 0.9645, 'f1': 0.216, 'auc': 0.738}
train: {'epoch': 78, 'eta': 34.6998, 'loss': 0.753, 'lr': 0.001, 'params': 151, 'time_iter': 0.1054, 'accuracy': 0.5818, 'precision': 0.6467, 'recall': 0.1265, 'specificity': 0.9449, 'f1': 0.2116, 'auc': 0.6825}
val: {'epoch': 79, 'loss': 0.7469, 'lr': 0.001, 'params': 151, 'time_iter': 0.036, 'accuracy': 0.6308, 'precision': 1.0, 'recall': 0.1684, 'specificity': 1.0, 'f1': 0.2883, 'auc': 0.9021}
train: {'epoch': 79, 'eta': 34.404, 'loss': 0.7467, 'lr': 0.001, 'params': 151, 'time_iter': 0.1066, 'accuracy': 0.5995, 'precision': 0.7219, 'recall': 0.1581, 'specificity': 0.9514, 'f1': 0.2594, 'auc': 0.7337}
train: {'epoch': 80, 'eta': 34.1107, 'loss': 0.7496, 'lr': 0.001, 'params': 151, 'time_iter': 0.1057, 'accuracy': 0.601, 'precision': 0.6777, 'recall': 0.192, 'specificity': 0.9272, 'f1': 0.2993, 'auc': 0.7021}
train: {'epoch': 81, 'eta': 33.8193, 'loss': 0.7466, 'lr': 0.001, 'params': 151, 'time_iter': 0.1048, 'accuracy': 0.614, 'precision': 0.7079, 'recall': 0.2213, 'specificity': 0.9272, 'f1': 0.3372, 'auc': 0.732}
train: {'epoch': 82, 'eta': 33.5358, 'loss': 0.7488, 'lr': 0.001, 'params': 151, 'time_iter': 0.106, 'accuracy': 0.601, 'precision': 0.6807, 'recall': 0.1897, 'specificity': 0.929, 'f1': 0.2967, 'auc': 0.7087}
train: {'epoch': 83, 'eta': 33.254, 'loss': 0.7474, 'lr': 0.001, 'params': 151, 'time_iter': 0.105, 'accuracy': 0.6192, 'precision': 0.7283, 'recall': 0.226, 'specificity': 0.9328, 'f1': 0.345, 'auc': 0.7237}
train: {'epoch': 84, 'eta': 32.976, 'loss': 0.7461, 'lr': 0.001, 'params': 151, 'time_iter': 0.1049, 'accuracy': 0.6291, 'precision': 0.7273, 'recall': 0.2623, 'specificity': 0.9216, 'f1': 0.3855, 'auc': 0.728}
train: {'epoch': 85, 'eta': 32.7063, 'loss': 0.7471, 'lr': 0.001, 'params': 151, 'time_iter': 0.1066, 'accuracy': 0.6234, 'precision': 0.7074, 'recall': 0.2576, 'specificity': 0.915, 'f1': 0.3777, 'auc': 0.7174}
train: {'epoch': 86, 'eta': 32.4353, 'loss': 0.7447, 'lr': 0.001, 'params': 151, 'time_iter': 0.1046, 'accuracy': 0.6514, 'precision': 0.7592, 'recall': 0.3138, 'specificity': 0.9206, 'f1': 0.4441, 'auc': 0.7391}
train: {'epoch': 87, 'eta': 32.1706, 'loss': 0.7455, 'lr': 0.001, 'params': 151, 'time_iter': 0.1056, 'accuracy': 0.6462, 'precision': 0.737, 'recall': 0.315, 'specificity': 0.9104, 'f1': 0.4413, 'auc': 0.7279}
train: {'epoch': 88, 'eta': 31.9112, 'loss': 0.7441, 'lr': 0.001, 'params': 151, 'time_iter': 0.1063, 'accuracy': 0.6556, 'precision': 0.7312, 'recall': 0.3536, 'specificity': 0.8964, 'f1': 0.4767, 'auc': 0.7343}
val: {'epoch': 89, 'loss': 0.7414, 'lr': 0.001, 'params': 151, 'time_iter': 0.0346, 'accuracy': 0.8318, 'precision': 0.8417, 'recall': 0.7649, 'specificity': 0.8852, 'f1': 0.8015, 'auc': 0.908}
train: {'epoch': 89, 'eta': 31.6524, 'loss': 0.7426, 'lr': 0.001, 'params': 151, 'time_iter': 0.1052, 'accuracy': 0.6613, 'precision': 0.7475, 'recall': 0.3571, 'specificity': 0.9038, 'f1': 0.4834, 'auc': 0.7407}
train: {'epoch': 90, 'eta': 31.3974, 'loss': 0.7426, 'lr': 0.001, 'params': 151, 'time_iter': 0.1053, 'accuracy': 0.6571, 'precision': 0.7185, 'recall': 0.3735, 'specificity': 0.8833, 'f1': 0.4915, 'auc': 0.7408}
train: {'epoch': 91, 'eta': 31.1454, 'loss': 0.7433, 'lr': 0.001, 'params': 151, 'time_iter': 0.1052, 'accuracy': 0.6618, 'precision': 0.6994, 'recall': 0.4169, 'specificity': 0.8571, 'f1': 0.5224, 'auc': 0.7367}
train: {'epoch': 92, 'eta': 30.9009, 'loss': 0.739, 'lr': 0.001, 'params': 151, 'time_iter': 0.1072, 'accuracy': 0.6831, 'precision': 0.7364, 'recall': 0.445, 'specificity': 0.873, 'f1': 0.5547, 'auc': 0.7698}
train: {'epoch': 93, 'eta': 30.6568, 'loss': 0.7393, 'lr': 0.001, 'params': 151, 'time_iter': 0.106, 'accuracy': 0.6925, 'precision': 0.7243, 'recall': 0.4953, 'specificity': 0.8497, 'f1': 0.5883, 'auc': 0.7634}
train: {'epoch': 94, 'eta': 30.4116, 'loss': 0.7387, 'lr': 0.001, 'params': 151, 'time_iter': 0.1042, 'accuracy': 0.7018, 'precision': 0.728, 'recall': 0.5234, 'specificity': 0.8441, 'f1': 0.609, 'auc': 0.7671}
train: {'epoch': 95, 'eta': 30.1727, 'loss': 0.7387, 'lr': 0.001, 'params': 151, 'time_iter': 0.1057, 'accuracy': 0.6961, 'precision': 0.7201, 'recall': 0.5152, 'specificity': 0.8403, 'f1': 0.6007, 'auc': 0.7627}
train: {'epoch': 96, 'eta': 29.9319, 'loss': 0.7376, 'lr': 0.001, 'params': 151, 'time_iter': 0.1035, 'accuracy': 0.6919, 'precision': 0.7326, 'recall': 0.4813, 'specificity': 0.8599, 'f1': 0.5809, 'auc': 0.761}
train: {'epoch': 97, 'eta': 29.6999, 'loss': 0.7377, 'lr': 0.001, 'params': 151, 'time_iter': 0.1064, 'accuracy': 0.6873, 'precision': 0.7274, 'recall': 0.4719, 'specificity': 0.859, 'f1': 0.5724, 'auc': 0.7623}
train: {'epoch': 98, 'eta': 29.4724, 'loss': 0.7359, 'lr': 0.001, 'params': 151, 'time_iter': 0.1074, 'accuracy': 0.6977, 'precision': 0.7252, 'recall': 0.5129, 'specificity': 0.845, 'f1': 0.6008, 'auc': 0.7675}
val: {'epoch': 99, 'loss': 0.7311, 'lr': 0.001, 'params': 151, 'time_iter': 0.0347, 'accuracy': 0.8084, 'precision': 0.7425, 'recall': 0.8702, 'specificity': 0.7591, 'f1': 0.8013, 'auc': 0.9071}
train: {'epoch': 99, 'eta': 29.2446, 'loss': 0.734, 'lr': 0.001, 'params': 151, 'time_iter': 0.106, 'accuracy': 0.7039, 'precision': 0.7205, 'recall': 0.5433, 'specificity': 0.8319, 'f1': 0.6195, 'auc': 0.7789}
train: {'epoch': 100, 'eta': 29.0192, 'loss': 0.7331, 'lr': 0.001, 'params': 151, 'time_iter': 0.106, 'accuracy': 0.7096, 'precision': 0.7375, 'recall': 0.5363, 'specificity': 0.8478, 'f1': 0.621, 'auc': 0.7845}
train: {'epoch': 101, 'eta': 28.7979, 'loss': 0.7364, 'lr': 0.001, 'params': 151, 'time_iter': 0.1069, 'accuracy': 0.6831, 'precision': 0.6955, 'recall': 0.5082, 'specificity': 0.8226, 'f1': 0.5873, 'auc': 0.7544}
train: {'epoch': 102, 'eta': 28.5783, 'loss': 0.7324, 'lr': 0.001, 'params': 151, 'time_iter': 0.1067, 'accuracy': 0.7029, 'precision': 0.7086, 'recall': 0.5609, 'specificity': 0.8161, 'f1': 0.6261, 'auc': 0.7808}
train: {'epoch': 103, 'eta': 28.3631, 'loss': 0.7342, 'lr': 0.001, 'params': 151, 'time_iter': 0.1079, 'accuracy': 0.694, 'precision': 0.708, 'recall': 0.5281, 'specificity': 0.8263, 'f1': 0.605, 'auc': 0.7642}
train: {'epoch': 104, 'eta': 28.1461, 'loss': 0.7327, 'lr': 0.001, 'params': 151, 'time_iter': 0.1058, 'accuracy': 0.6956, 'precision': 0.6994, 'recall': 0.5504, 'specificity': 0.8114, 'f1': 0.616, 'auc': 0.7696}
train: {'epoch': 105, 'eta': 27.9356, 'loss': 0.7289, 'lr': 0.001, 'params': 151, 'time_iter': 0.1082, 'accuracy': 0.7247, 'precision': 0.7256, 'recall': 0.6101, 'specificity': 0.8161, 'f1': 0.6628, 'auc': 0.7915}
train: {'epoch': 106, 'eta': 27.7232, 'loss': 0.729, 'lr': 0.001, 'params': 151, 'time_iter': 0.1061, 'accuracy': 0.7034, 'precision': 0.6963, 'recall': 0.5878, 'specificity': 0.7955, 'f1': 0.6375, 'auc': 0.7891}
train: {'epoch': 107, 'eta': 27.5142, 'loss': 0.7273, 'lr': 0.001, 'params': 151, 'time_iter': 0.1069, 'accuracy': 0.7101, 'precision': 0.6888, 'recall': 0.6323, 'specificity': 0.7722, 'f1': 0.6593, 'auc': 0.7927}
train: {'epoch': 108, 'eta': 27.3045, 'loss': 0.7279, 'lr': 0.001, 'params': 151, 'time_iter': 0.1054, 'accuracy': 0.7096, 'precision': 0.6954, 'recall': 0.6148, 'specificity': 0.7852, 'f1': 0.6526, 'auc': 0.7797}
val: {'epoch': 109, 'loss': 0.724, 'lr': 0.001, 'params': 151, 'time_iter': 0.0353, 'accuracy': 0.715, 'precision': 0.6175, 'recall': 0.9404, 'specificity': 0.535, 'f1': 0.7455, 'auc': 0.9095}
train: {'epoch': 109, 'eta': 27.1013, 'loss': 0.7279, 'lr': 0.001, 'params': 151, 'time_iter': 0.1081, 'accuracy': 0.7148, 'precision': 0.6775, 'recall': 0.6815, 'specificity': 0.7414, 'f1': 0.6795, 'auc': 0.7823}
train: {'epoch': 110, 'eta': 26.8972, 'loss': 0.728, 'lr': 0.001, 'params': 151, 'time_iter': 0.1065, 'accuracy': 0.7096, 'precision': 0.6663, 'recall': 0.692, 'specificity': 0.7236, 'f1': 0.6789, 'auc': 0.7803}
train: {'epoch': 111, 'eta': 26.6947, 'loss': 0.7281, 'lr': 0.001, 'params': 151, 'time_iter': 0.1064, 'accuracy': 0.6956, 'precision': 0.6506, 'recall': 0.678, 'specificity': 0.7096, 'f1': 0.664, 'auc': 0.7723}
train: {'epoch': 112, 'eta': 26.4931, 'loss': 0.7251, 'lr': 0.001, 'params': 151, 'time_iter': 0.106, 'accuracy': 0.7158, 'precision': 0.6758, 'recall': 0.6909, 'specificity': 0.7358, 'f1': 0.6833, 'auc': 0.789}
train: {'epoch': 113, 'eta': 26.2942, 'loss': 0.7227, 'lr': 0.001, 'params': 151, 'time_iter': 0.1066, 'accuracy': 0.7309, 'precision': 0.6791, 'recall': 0.7459, 'specificity': 0.719, 'f1': 0.7109, 'auc': 0.8019}
train: {'epoch': 114, 'eta': 26.0965, 'loss': 0.7234, 'lr': 0.001, 'params': 151, 'time_iter': 0.1064, 'accuracy': 0.7143, 'precision': 0.658, 'recall': 0.7412, 'specificity': 0.6928, 'f1': 0.6971, 'auc': 0.7939}
train: {'epoch': 115, 'eta': 25.9006, 'loss': 0.7226, 'lr': 0.001, 'params': 151, 'time_iter': 0.1065, 'accuracy': 0.7184, 'precision': 0.6653, 'recall': 0.7354, 'specificity': 0.7049, 'f1': 0.6986, 'auc': 0.7919}
train: {'epoch': 116, 'eta': 25.7046, 'loss': 0.7222, 'lr': 0.001, 'params': 151, 'time_iter': 0.1054, 'accuracy': 0.7055, 'precision': 0.6389, 'recall': 0.7728, 'specificity': 0.6517, 'f1': 0.6995, 'auc': 0.7999}
train: {'epoch': 117, 'eta': 25.5134, 'loss': 0.725, 'lr': 0.001, 'params': 151, 'time_iter': 0.1076, 'accuracy': 0.6977, 'precision': 0.6257, 'recall': 0.7927, 'specificity': 0.6218, 'f1': 0.6994, 'auc': 0.7828}
train: {'epoch': 118, 'eta': 25.3265, 'loss': 0.7224, 'lr': 0.001, 'params': 151, 'time_iter': 0.1095, 'accuracy': 0.7044, 'precision': 0.6426, 'recall': 0.7518, 'specificity': 0.6667, 'f1': 0.6929, 'auc': 0.7877}
val: {'epoch': 119, 'loss': 0.7158, 'lr': 0.001, 'params': 151, 'time_iter': 0.0356, 'accuracy': 0.6916, 'precision': 0.5956, 'recall': 0.9509, 'specificity': 0.4846, 'f1': 0.7324, 'auc': 0.9037}
train: {'epoch': 119, 'eta': 25.1371, 'loss': 0.716, 'lr': 0.001, 'params': 151, 'time_iter': 0.107, 'accuracy': 0.7335, 'precision': 0.6778, 'recall': 0.7611, 'specificity': 0.7115, 'f1': 0.717, 'auc': 0.8186}
train: {'epoch': 120, 'eta': 24.9494, 'loss': 0.7188, 'lr': 0.001, 'params': 151, 'time_iter': 0.1071, 'accuracy': 0.7226, 'precision': 0.6695, 'recall': 0.74, 'specificity': 0.7087, 'f1': 0.703, 'auc': 0.8}
train: {'epoch': 121, 'eta': 24.7661, 'loss': 0.7176, 'lr': 0.001, 'params': 151, 'time_iter': 0.1093, 'accuracy': 0.7205, 'precision': 0.6567, 'recall': 0.7752, 'specificity': 0.6769, 'f1': 0.7111, 'auc': 0.8048}
train: {'epoch': 122, 'eta': 24.5807, 'loss': 0.7213, 'lr': 0.001, 'params': 151, 'time_iter': 0.107, 'accuracy': 0.7138, 'precision': 0.6523, 'recall': 0.76, 'specificity': 0.6769, 'f1': 0.702, 'auc': 0.7872}
train: {'epoch': 123, 'eta': 24.3946, 'loss': 0.7179, 'lr': 0.001, 'params': 151, 'time_iter': 0.1056, 'accuracy': 0.7148, 'precision': 0.6542, 'recall': 0.7576, 'specificity': 0.6807, 'f1': 0.7021, 'auc': 0.7977}
train: {'epoch': 124, 'eta': 24.2126, 'loss': 0.7162, 'lr': 0.001, 'params': 151, 'time_iter': 0.1075, 'accuracy': 0.7278, 'precision': 0.6684, 'recall': 0.767, 'specificity': 0.6965, 'f1': 0.7143, 'auc': 0.8077}
train: {'epoch': 125, 'eta': 24.0306, 'loss': 0.7168, 'lr': 0.001, 'params': 151, 'time_iter': 0.1068, 'accuracy': 0.7299, 'precision': 0.6811, 'recall': 0.7354, 'specificity': 0.7255, 'f1': 0.7072, 'auc': 0.7986}
train: {'epoch': 126, 'eta': 23.8518, 'loss': 0.7157, 'lr': 0.001, 'params': 151, 'time_iter': 0.1082, 'accuracy': 0.734, 'precision': 0.671, 'recall': 0.7857, 'specificity': 0.6928, 'f1': 0.7238, 'auc': 0.8012}
train: {'epoch': 127, 'eta': 23.6714, 'loss': 0.7202, 'lr': 0.001, 'params': 151, 'time_iter': 0.1062, 'accuracy': 0.7143, 'precision': 0.659, 'recall': 0.7377, 'specificity': 0.6956, 'f1': 0.6961, 'auc': 0.7846}
train: {'epoch': 128, 'eta': 23.4928, 'loss': 0.7168, 'lr': 0.001, 'params': 151, 'time_iter': 0.1067, 'accuracy': 0.7148, 'precision': 0.6539, 'recall': 0.7588, 'specificity': 0.6797, 'f1': 0.7024, 'auc': 0.7956}
val: {'epoch': 129, 'loss': 0.7084, 'lr': 0.001, 'params': 151, 'time_iter': 0.0353, 'accuracy': 0.6963, 'precision': 0.6, 'recall': 0.9474, 'specificity': 0.4958, 'f1': 0.7347, 'auc': 0.9069}
train: {'epoch': 129, 'eta': 23.313, 'loss': 0.7164, 'lr': 0.001, 'params': 151, 'time_iter': 0.1049, 'accuracy': 0.7184, 'precision': 0.6592, 'recall': 0.7564, 'specificity': 0.6881, 'f1': 0.7045, 'auc': 0.8007}
train: {'epoch': 130, 'eta': 23.1355, 'loss': 0.7169, 'lr': 0.001, 'params': 151, 'time_iter': 0.1059, 'accuracy': 0.7294, 'precision': 0.6769, 'recall': 0.7459, 'specificity': 0.7162, 'f1': 0.7097, 'auc': 0.7949}
train: {'epoch': 131, 'eta': 22.9604, 'loss': 0.7137, 'lr': 0.001, 'params': 151, 'time_iter': 0.1069, 'accuracy': 0.7236, 'precision': 0.661, 'recall': 0.774, 'specificity': 0.6835, 'f1': 0.7131, 'auc': 0.8055}
train: {'epoch': 132, 'eta': 22.7856, 'loss': 0.7153, 'lr': 0.001, 'params': 151, 'time_iter': 0.1063, 'accuracy': 0.7299, 'precision': 0.6743, 'recall': 0.7564, 'specificity': 0.7087, 'f1': 0.713, 'auc': 0.7906}
train: {'epoch': 133, 'eta': 22.6137, 'loss': 0.7118, 'lr': 0.001, 'params': 151, 'time_iter': 0.1078, 'accuracy': 0.7309, 'precision': 0.6625, 'recall': 0.8021, 'specificity': 0.6741, 'f1': 0.7256, 'auc': 0.8185}
train: {'epoch': 134, 'eta': 22.4412, 'loss': 0.7113, 'lr': 0.001, 'params': 151, 'time_iter': 0.1065, 'accuracy': 0.733, 'precision': 0.6724, 'recall': 0.7763, 'specificity': 0.6984, 'f1': 0.7207, 'auc': 0.8109}
train: {'epoch': 135, 'eta': 22.2719, 'loss': 0.7154, 'lr': 0.001, 'params': 151, 'time_iter': 0.1084, 'accuracy': 0.7112, 'precision': 0.6493, 'recall': 0.7588, 'specificity': 0.6732, 'f1': 0.6998, 'auc': 0.7932}
train: {'epoch': 136, 'eta': 22.1007, 'loss': 0.7122, 'lr': 0.001, 'params': 151, 'time_iter': 0.106, 'accuracy': 0.7319, 'precision': 0.6749, 'recall': 0.7635, 'specificity': 0.7068, 'f1': 0.7165, 'auc': 0.802}
train: {'epoch': 137, 'eta': 21.9291, 'loss': 0.7143, 'lr': 0.001, 'params': 151, 'time_iter': 0.1049, 'accuracy': 0.7262, 'precision': 0.6673, 'recall': 0.7635, 'specificity': 0.6965, 'f1': 0.7122, 'auc': 0.7968}
train: {'epoch': 138, 'eta': 21.7602, 'loss': 0.7147, 'lr': 0.001, 'params': 151, 'time_iter': 0.1064, 'accuracy': 0.7231, 'precision': 0.6591, 'recall': 0.7787, 'specificity': 0.6788, 'f1': 0.7139, 'auc': 0.7931}
val: {'epoch': 139, 'loss': 0.7026, 'lr': 0.001, 'params': 151, 'time_iter': 0.0346, 'accuracy': 0.7056, 'precision': 0.6091, 'recall': 0.9404, 'specificity': 0.5182, 'f1': 0.7393, 'auc': 0.907}
train: {'epoch': 139, 'eta': 21.5902, 'loss': 0.71, 'lr': 0.001, 'params': 151, 'time_iter': 0.1047, 'accuracy': 0.734, 'precision': 0.672, 'recall': 0.7822, 'specificity': 0.6956, 'f1': 0.7229, 'auc': 0.8134}
train: {'epoch': 140, 'eta': 21.4234, 'loss': 0.7082, 'lr': 0.001, 'params': 151, 'time_iter': 0.1066, 'accuracy': 0.7392, 'precision': 0.6785, 'recall': 0.7834, 'specificity': 0.704, 'f1': 0.7272, 'auc': 0.8172}
train: {'epoch': 141, 'eta': 21.2573, 'loss': 0.71, 'lr': 0.001, 'params': 151, 'time_iter': 0.1066, 'accuracy': 0.7283, 'precision': 0.6647, 'recall': 0.7822, 'specificity': 0.6853, 'f1': 0.7187, 'auc': 0.8103}
train: {'epoch': 142, 'eta': 21.091, 'loss': 0.7066, 'lr': 0.001, 'params': 151, 'time_iter': 0.1056, 'accuracy': 0.7449, 'precision': 0.6846, 'recall': 0.7881, 'specificity': 0.7106, 'f1': 0.7327, 'auc': 0.823}
train: {'epoch': 143, 'eta': 20.9263, 'loss': 0.7106, 'lr': 0.001, 'params': 151, 'time_iter': 0.1063, 'accuracy': 0.7309, 'precision': 0.6739, 'recall': 0.7623, 'specificity': 0.7059, 'f1': 0.7154, 'auc': 0.8105}
train: {'epoch': 144, 'eta': 20.7614, 'loss': 0.7069, 'lr': 0.001, 'params': 151, 'time_iter': 0.1054, 'accuracy': 0.7408, 'precision': 0.6749, 'recall': 0.8021, 'specificity': 0.6919, 'f1': 0.733, 'auc': 0.8249}
train: {'epoch': 145, 'eta': 20.5973, 'loss': 0.7094, 'lr': 0.001, 'params': 151, 'time_iter': 0.1053, 'accuracy': 0.734, 'precision': 0.6789, 'recall': 0.76, 'specificity': 0.7134, 'f1': 0.7171, 'auc': 0.809}
train: {'epoch': 146, 'eta': 20.4353, 'loss': 0.7103, 'lr': 0.001, 'params': 151, 'time_iter': 0.1065, 'accuracy': 0.7252, 'precision': 0.6702, 'recall': 0.7494, 'specificity': 0.7059, 'f1': 0.7076, 'auc': 0.8017}
train: {'epoch': 147, 'eta': 20.2749, 'loss': 0.7099, 'lr': 0.001, 'params': 151, 'time_iter': 0.1075, 'accuracy': 0.7288, 'precision': 0.6653, 'recall': 0.7822, 'specificity': 0.6863, 'f1': 0.7191, 'auc': 0.8086}
train: {'epoch': 148, 'eta': 20.1149, 'loss': 0.7117, 'lr': 0.001, 'params': 151, 'time_iter': 0.1071, 'accuracy': 0.7257, 'precision': 0.6633, 'recall': 0.7752, 'specificity': 0.6863, 'f1': 0.7149, 'auc': 0.7977}
val: {'epoch': 149, 'loss': 0.698, 'lr': 0.001, 'params': 151, 'time_iter': 0.0384, 'accuracy': 0.7087, 'precision': 0.6124, 'recall': 0.9368, 'specificity': 0.5266, 'f1': 0.7406, 'auc': 0.9063}
train: {'epoch': 149, 'eta': 19.9542, 'loss': 0.7084, 'lr': 0.001, 'params': 151, 'time_iter': 0.1057, 'accuracy': 0.7268, 'precision': 0.6677, 'recall': 0.7646, 'specificity': 0.6965, 'f1': 0.7129, 'auc': 0.8073}
train: {'epoch': 150, 'eta': 19.7947, 'loss': 0.7064, 'lr': 0.001, 'params': 151, 'time_iter': 0.1062, 'accuracy': 0.733, 'precision': 0.6721, 'recall': 0.7775, 'specificity': 0.6975, 'f1': 0.721, 'auc': 0.8169}
train: {'epoch': 151, 'eta': 19.6364, 'loss': 0.7066, 'lr': 0.001, 'params': 151, 'time_iter': 0.1068, 'accuracy': 0.7345, 'precision': 0.6781, 'recall': 0.7646, 'specificity': 0.7106, 'f1': 0.7188, 'auc': 0.812}
train: {'epoch': 152, 'eta': 19.4757, 'loss': 0.7045, 'lr': 0.001, 'params': 151, 'time_iter': 0.1035, 'accuracy': 0.734, 'precision': 0.6629, 'recall': 0.815, 'specificity': 0.6695, 'f1': 0.7311, 'auc': 0.8256}
train: {'epoch': 153, 'eta': 19.32, 'loss': 0.7086, 'lr': 0.001, 'params': 151, 'time_iter': 0.1079, 'accuracy': 0.7195, 'precision': 0.6495, 'recall': 0.7986, 'specificity': 0.6564, 'f1': 0.7164, 'auc': 0.8102}
train: {'epoch': 154, 'eta': 19.1627, 'loss': 0.7064, 'lr': 0.001, 'params': 151, 'time_iter': 0.1057, 'accuracy': 0.7195, 'precision': 0.6467, 'recall': 0.8103, 'specificity': 0.6471, 'f1': 0.7193, 'auc': 0.8193}
train: {'epoch': 155, 'eta': 19.0068, 'loss': 0.7061, 'lr': 0.001, 'params': 151, 'time_iter': 0.1064, 'accuracy': 0.7351, 'precision': 0.6693, 'recall': 0.7963, 'specificity': 0.6863, 'f1': 0.7273, 'auc': 0.8144}
train: {'epoch': 156, 'eta': 18.8515, 'loss': 0.7044, 'lr': 0.001, 'params': 151, 'time_iter': 0.1064, 'accuracy': 0.7273, 'precision': 0.6605, 'recall': 0.7927, 'specificity': 0.6751, 'f1': 0.7206, 'auc': 0.8189}
train: {'epoch': 157, 'eta': 18.7076, 'loss': 0.7075, 'lr': 0.001, 'params': 151, 'time_iter': 0.1184, 'accuracy': 0.7242, 'precision': 0.6604, 'recall': 0.7787, 'specificity': 0.6807, 'f1': 0.7147, 'auc': 0.8073}
train: {'epoch': 158, 'eta': 18.5561, 'loss': 0.7015, 'lr': 0.001, 'params': 151, 'time_iter': 0.1094, 'accuracy': 0.7439, 'precision': 0.6836, 'recall': 0.7869, 'specificity': 0.7096, 'f1': 0.7316, 'auc': 0.8245}
val: {'epoch': 159, 'loss': 0.6945, 'lr': 0.001, 'params': 151, 'time_iter': 0.0367, 'accuracy': 0.704, 'precision': 0.6072, 'recall': 0.9439, 'specificity': 0.5126, 'f1': 0.739, 'auc': 0.9075}
train: {'epoch': 159, 'eta': 18.4031, 'loss': 0.7039, 'lr': 0.001, 'params': 151, 'time_iter': 0.1071, 'accuracy': 0.7387, 'precision': 0.6778, 'recall': 0.7834, 'specificity': 0.7031, 'f1': 0.7268, 'auc': 0.8198}
train: {'epoch': 160, 'eta': 18.2494, 'loss': 0.7015, 'lr': 0.001, 'params': 151, 'time_iter': 0.1058, 'accuracy': 0.7418, 'precision': 0.6823, 'recall': 0.7822, 'specificity': 0.7096, 'f1': 0.7289, 'auc': 0.8246}
train: {'epoch': 161, 'eta': 18.0978, 'loss': 0.701, 'lr': 0.001, 'params': 151, 'time_iter': 0.1074, 'accuracy': 0.7538, 'precision': 0.6979, 'recall': 0.7845, 'specificity': 0.7292, 'f1': 0.7387, 'auc': 0.8247}
train: {'epoch': 162, 'eta': 17.9451, 'loss': 0.702, 'lr': 0.001, 'params': 151, 'time_iter': 0.1055, 'accuracy': 0.7413, 'precision': 0.6784, 'recall': 0.7927, 'specificity': 0.7003, 'f1': 0.7311, 'auc': 0.8231}
train: {'epoch': 163, 'eta': 17.7948, 'loss': 0.6993, 'lr': 0.001, 'params': 151, 'time_iter': 0.1078, 'accuracy': 0.7413, 'precision': 0.6639, 'recall': 0.8443, 'specificity': 0.6592, 'f1': 0.7433, 'auc': 0.8399}
train: {'epoch': 164, 'eta': 17.6434, 'loss': 0.7004, 'lr': 0.001, 'params': 151, 'time_iter': 0.1057, 'accuracy': 0.734, 'precision': 0.6647, 'recall': 0.808, 'specificity': 0.6751, 'f1': 0.7294, 'auc': 0.8292}
train: {'epoch': 165, 'eta': 17.4957, 'loss': 0.7019, 'lr': 0.001, 'params': 151, 'time_iter': 0.1096, 'accuracy': 0.7345, 'precision': 0.6713, 'recall': 0.7869, 'specificity': 0.6928, 'f1': 0.7245, 'auc': 0.8164}
train: {'epoch': 166, 'eta': 17.3465, 'loss': 0.6987, 'lr': 0.001, 'params': 151, 'time_iter': 0.1071, 'accuracy': 0.7553, 'precision': 0.6917, 'recall': 0.8091, 'specificity': 0.7124, 'f1': 0.7458, 'auc': 0.8304}
train: {'epoch': 167, 'eta': 17.1976, 'loss': 0.7003, 'lr': 0.001, 'params': 151, 'time_iter': 0.1069, 'accuracy': 0.7408, 'precision': 0.6847, 'recall': 0.7705, 'specificity': 0.7171, 'f1': 0.7251, 'auc': 0.8201}
train: {'epoch': 168, 'eta': 17.0501, 'loss': 0.6979, 'lr': 0.001, 'params': 151, 'time_iter': 0.1081, 'accuracy': 0.7449, 'precision': 0.6877, 'recall': 0.7787, 'specificity': 0.718, 'f1': 0.7304, 'auc': 0.8315}
val: {'epoch': 169, 'loss': 0.6885, 'lr': 0.001, 'params': 151, 'time_iter': 0.0357, 'accuracy': 0.7165, 'precision': 0.6206, 'recall': 0.9298, 'specificity': 0.5462, 'f1': 0.7444, 'auc': 0.9078}
train: {'epoch': 169, 'eta': 16.9008, 'loss': 0.6984, 'lr': 0.001, 'params': 151, 'time_iter': 0.105, 'accuracy': 0.7522, 'precision': 0.6966, 'recall': 0.7822, 'specificity': 0.7283, 'f1': 0.7369, 'auc': 0.8265}
train: {'epoch': 170, 'eta': 16.7516, 'loss': 0.7023, 'lr': 0.001, 'params': 151, 'time_iter': 0.1046, 'accuracy': 0.7221, 'precision': 0.655, 'recall': 0.7892, 'specificity': 0.6685, 'f1': 0.7159, 'auc': 0.8077}
train: {'epoch': 171, 'eta': 16.6048, 'loss': 0.6967, 'lr': 0.001, 'params': 151, 'time_iter': 0.1071, 'accuracy': 0.7548, 'precision': 0.6902, 'recall': 0.8115, 'specificity': 0.7096, 'f1': 0.746, 'auc': 0.8286}
train: {'epoch': 172, 'eta': 16.4586, 'loss': 0.6948, 'lr': 0.001, 'params': 151, 'time_iter': 0.1074, 'accuracy': 0.7527, 'precision': 0.6969, 'recall': 0.7834, 'specificity': 0.7283, 'f1': 0.7376, 'auc': 0.8384}
train: {'epoch': 173, 'eta': 16.3125, 'loss': 0.6989, 'lr': 0.001, 'params': 151, 'time_iter': 0.1067, 'accuracy': 0.7408, 'precision': 0.6824, 'recall': 0.7775, 'specificity': 0.7115, 'f1': 0.7269, 'auc': 0.8193}
train: {'epoch': 174, 'eta': 16.1659, 'loss': 0.696, 'lr': 0.001, 'params': 151, 'time_iter': 0.1055, 'accuracy': 0.7481, 'precision': 0.6821, 'recall': 0.8091, 'specificity': 0.6993, 'f1': 0.7402, 'auc': 0.8304}
train: {'epoch': 175, 'eta': 16.0215, 'loss': 0.6991, 'lr': 0.001, 'params': 151, 'time_iter': 0.108, 'accuracy': 0.7335, 'precision': 0.6651, 'recall': 0.8044, 'specificity': 0.6769, 'f1': 0.7281, 'auc': 0.8252}
train: {'epoch': 176, 'eta': 15.8759, 'loss': 0.6973, 'lr': 0.001, 'params': 151, 'time_iter': 0.1056, 'accuracy': 0.7387, 'precision': 0.6729, 'recall': 0.7998, 'specificity': 0.69, 'f1': 0.7309, 'auc': 0.8238}
train: {'epoch': 177, 'eta': 15.7319, 'loss': 0.6982, 'lr': 0.001, 'params': 151, 'time_iter': 0.1073, 'accuracy': 0.7345, 'precision': 0.6846, 'recall': 0.7447, 'specificity': 0.7264, 'f1': 0.7134, 'auc': 0.8168}
train: {'epoch': 178, 'eta': 15.5885, 'loss': 0.6917, 'lr': 0.001, 'params': 151, 'time_iter': 0.1076, 'accuracy': 0.76, 'precision': 0.709, 'recall': 0.7787, 'specificity': 0.7451, 'f1': 0.7422, 'auc': 0.836}
val: {'epoch': 179, 'loss': 0.6857, 'lr': 0.001, 'params': 151, 'time_iter': 0.035, 'accuracy': 0.7072, 'precision': 0.611, 'recall': 0.9368, 'specificity': 0.5238, 'f1': 0.7396, 'auc': 0.9091}
train: {'epoch': 179, 'eta': 15.4445, 'loss': 0.6992, 'lr': 0.001, 'params': 151, 'time_iter': 0.1061, 'accuracy': 0.7221, 'precision': 0.6556, 'recall': 0.7869, 'specificity': 0.6704, 'f1': 0.7153, 'auc': 0.8184}
train: {'epoch': 180, 'eta': 15.3013, 'loss': 0.6973, 'lr': 0.001, 'params': 151, 'time_iter': 0.1066, 'accuracy': 0.7392, 'precision': 0.6709, 'recall': 0.8091, 'specificity': 0.6835, 'f1': 0.7335, 'auc': 0.824}
train: {'epoch': 181, 'eta': 15.1591, 'loss': 0.6963, 'lr': 0.001, 'params': 151, 'time_iter': 0.1075, 'accuracy': 0.7413, 'precision': 0.6926, 'recall': 0.7494, 'specificity': 0.7348, 'f1': 0.7199, 'auc': 0.8214}
train: {'epoch': 182, 'eta': 15.0173, 'loss': 0.6934, 'lr': 0.001, 'params': 151, 'time_iter': 0.1077, 'accuracy': 0.7475, 'precision': 0.6836, 'recall': 0.8021, 'specificity': 0.704, 'f1': 0.7381, 'auc': 0.8364}
train: {'epoch': 183, 'eta': 14.8752, 'loss': 0.6942, 'lr': 0.001, 'params': 151, 'time_iter': 0.1065, 'accuracy': 0.7444, 'precision': 0.6832, 'recall': 0.7904, 'specificity': 0.7077, 'f1': 0.7329, 'auc': 0.8296}
train: {'epoch': 184, 'eta': 14.7334, 'loss': 0.6907, 'lr': 0.001, 'params': 151, 'time_iter': 0.1066, 'accuracy': 0.747, 'precision': 0.6819, 'recall': 0.8056, 'specificity': 0.7003, 'f1': 0.7386, 'auc': 0.8391}
train: {'epoch': 185, 'eta': 14.5932, 'loss': 0.699, 'lr': 0.001, 'params': 151, 'time_iter': 0.1083, 'accuracy': 0.7184, 'precision': 0.6535, 'recall': 0.7775, 'specificity': 0.6713, 'f1': 0.7102, 'auc': 0.8119}
train: {'epoch': 186, 'eta': 14.4519, 'loss': 0.6944, 'lr': 0.001, 'params': 151, 'time_iter': 0.1061, 'accuracy': 0.7403, 'precision': 0.6702, 'recall': 0.8162, 'specificity': 0.6797, 'f1': 0.736, 'auc': 0.8301}
train: {'epoch': 187, 'eta': 14.3125, 'loss': 0.6937, 'lr': 0.001, 'params': 151, 'time_iter': 0.1085, 'accuracy': 0.7288, 'precision': 0.6596, 'recall': 0.8033, 'specificity': 0.6695, 'f1': 0.7244, 'auc': 0.8372}
train: {'epoch': 188, 'eta': 14.1745, 'loss': 0.6902, 'lr': 0.001, 'params': 151, 'time_iter': 0.1104, 'accuracy': 0.7527, 'precision': 0.6921, 'recall': 0.7974, 'specificity': 0.7171, 'f1': 0.741, 'auc': 0.8344}
val: {'epoch': 189, 'loss': 0.6793, 'lr': 0.001, 'params': 151, 'time_iter': 0.0385, 'accuracy': 0.7212, 'precision': 0.6244, 'recall': 0.9333, 'specificity': 0.5518, 'f1': 0.7482, 'auc': 0.9099}
train: {'epoch': 189, 'eta': 14.0349, 'loss': 0.6917, 'lr': 0.001, 'params': 151, 'time_iter': 0.1072, 'accuracy': 0.7465, 'precision': 0.6812, 'recall': 0.8056, 'specificity': 0.6993, 'f1': 0.7382, 'auc': 0.8338}
train: {'epoch': 190, 'eta': 13.8935, 'loss': 0.6898, 'lr': 0.001, 'params': 151, 'time_iter': 0.1035, 'accuracy': 0.7517, 'precision': 0.6869, 'recall': 0.8091, 'specificity': 0.7059, 'f1': 0.743, 'auc': 0.8386}
train: {'epoch': 191, 'eta': 13.7542, 'loss': 0.692, 'lr': 0.001, 'params': 151, 'time_iter': 0.1064, 'accuracy': 0.7408, 'precision': 0.6791, 'recall': 0.7881, 'specificity': 0.7031, 'f1': 0.7295, 'auc': 0.8267}
train: {'epoch': 192, 'eta': 13.6186, 'loss': 0.6916, 'lr': 0.001, 'params': 151, 'time_iter': 0.1125, 'accuracy': 0.7361, 'precision': 0.6713, 'recall': 0.7939, 'specificity': 0.69, 'f1': 0.7275, 'auc': 0.8301}
train: {'epoch': 193, 'eta': 13.4799, 'loss': 0.6888, 'lr': 0.001, 'params': 151, 'time_iter': 0.1064, 'accuracy': 0.7449, 'precision': 0.6839, 'recall': 0.7904, 'specificity': 0.7087, 'f1': 0.7333, 'auc': 0.8341}
train: {'epoch': 194, 'eta': 13.3414, 'loss': 0.6889, 'lr': 0.001, 'params': 151, 'time_iter': 0.106, 'accuracy': 0.7486, 'precision': 0.6939, 'recall': 0.7752, 'specificity': 0.7274, 'f1': 0.7323, 'auc': 0.8338}
train: {'epoch': 195, 'eta': 13.2036, 'loss': 0.6901, 'lr': 0.001, 'params': 151, 'time_iter': 0.1068, 'accuracy': 0.747, 'precision': 0.6826, 'recall': 0.8033, 'specificity': 0.7021, 'f1': 0.738, 'auc': 0.8352}
train: {'epoch': 196, 'eta': 13.0674, 'loss': 0.6913, 'lr': 0.001, 'params': 151, 'time_iter': 0.1093, 'accuracy': 0.7309, 'precision': 0.6582, 'recall': 0.8185, 'specificity': 0.6611, 'f1': 0.7296, 'auc': 0.8292}
train: {'epoch': 197, 'eta': 12.929, 'loss': 0.6954, 'lr': 0.001, 'params': 151, 'time_iter': 0.1044, 'accuracy': 0.7195, 'precision': 0.6501, 'recall': 0.7963, 'specificity': 0.6583, 'f1': 0.7158, 'auc': 0.8172}
train: {'epoch': 198, 'eta': 12.7929, 'loss': 0.689, 'lr': 0.001, 'params': 151, 'time_iter': 0.1084, 'accuracy': 0.7418, 'precision': 0.6846, 'recall': 0.7752, 'specificity': 0.7152, 'f1': 0.7271, 'auc': 0.8329}
val: {'epoch': 199, 'loss': 0.6776, 'lr': 0.001, 'params': 151, 'time_iter': 0.0361, 'accuracy': 0.7072, 'precision': 0.611, 'recall': 0.9368, 'specificity': 0.5238, 'f1': 0.7396, 'auc': 0.9087}
train: {'epoch': 199, 'eta': 12.6567, 'loss': 0.6891, 'lr': 0.001, 'params': 151, 'time_iter': 0.1076, 'accuracy': 0.7397, 'precision': 0.677, 'recall': 0.7904, 'specificity': 0.6993, 'f1': 0.7293, 'auc': 0.8319}
train: {'epoch': 200, 'eta': 12.5207, 'loss': 0.6898, 'lr': 0.001, 'params': 151, 'time_iter': 0.1073, 'accuracy': 0.7387, 'precision': 0.6796, 'recall': 0.7775, 'specificity': 0.7077, 'f1': 0.7253, 'auc': 0.8278}
train: {'epoch': 201, 'eta': 12.3837, 'loss': 0.6871, 'lr': 0.001, 'params': 151, 'time_iter': 0.1049, 'accuracy': 0.7444, 'precision': 0.6761, 'recall': 0.8138, 'specificity': 0.6891, 'f1': 0.7386, 'auc': 0.8372}
train: {'epoch': 202, 'eta': 12.2481, 'loss': 0.6862, 'lr': 0.001, 'params': 151, 'time_iter': 0.1069, 'accuracy': 0.7522, 'precision': 0.6787, 'recall': 0.8384, 'specificity': 0.6835, 'f1': 0.7501, 'auc': 0.8407}
train: {'epoch': 203, 'eta': 12.1124, 'loss': 0.6873, 'lr': 0.001, 'params': 151, 'time_iter': 0.1063, 'accuracy': 0.7475, 'precision': 0.6818, 'recall': 0.808, 'specificity': 0.6993, 'f1': 0.7395, 'auc': 0.8365}
train: {'epoch': 204, 'eta': 11.9765, 'loss': 0.6869, 'lr': 0.001, 'params': 151, 'time_iter': 0.1051, 'accuracy': 0.7361, 'precision': 0.6765, 'recall': 0.7763, 'specificity': 0.704, 'f1': 0.723, 'auc': 0.8345}
train: {'epoch': 205, 'eta': 11.8425, 'loss': 0.688, 'lr': 0.001, 'params': 151, 'time_iter': 0.1088, 'accuracy': 0.7423, 'precision': 0.6853, 'recall': 0.7752, 'specificity': 0.7162, 'f1': 0.7275, 'auc': 0.8296}
train: {'epoch': 206, 'eta': 11.7089, 'loss': 0.6839, 'lr': 0.001, 'params': 151, 'time_iter': 0.1089, 'accuracy': 0.7486, 'precision': 0.6807, 'recall': 0.8162, 'specificity': 0.6947, 'f1': 0.7423, 'auc': 0.8432}
train: {'epoch': 207, 'eta': 11.5743, 'loss': 0.686, 'lr': 0.001, 'params': 151, 'time_iter': 0.1064, 'accuracy': 0.747, 'precision': 0.6841, 'recall': 0.7986, 'specificity': 0.7059, 'f1': 0.7369, 'auc': 0.8377}
train: {'epoch': 208, 'eta': 11.4399, 'loss': 0.6849, 'lr': 0.001, 'params': 151, 'time_iter': 0.106, 'accuracy': 0.7517, 'precision': 0.6926, 'recall': 0.7916, 'specificity': 0.7199, 'f1': 0.7388, 'auc': 0.835}
val: {'epoch': 209, 'loss': 0.6714, 'lr': 0.001, 'params': 151, 'time_iter': 0.0356, 'accuracy': 0.7196, 'precision': 0.6235, 'recall': 0.9298, 'specificity': 0.5518, 'f1': 0.7465, 'auc': 0.9107}
train: {'epoch': 209, 'eta': 11.3064, 'loss': 0.6862, 'lr': 0.001, 'params': 151, 'time_iter': 0.1075, 'accuracy': 0.7408, 'precision': 0.678, 'recall': 0.7916, 'specificity': 0.7003, 'f1': 0.7304, 'auc': 0.8367}
train: {'epoch': 210, 'eta': 11.1734, 'loss': 0.6872, 'lr': 0.001, 'params': 151, 'time_iter': 0.1083, 'accuracy': 0.7429, 'precision': 0.6826, 'recall': 0.7857, 'specificity': 0.7087, 'f1': 0.7305, 'auc': 0.828}
train: {'epoch': 211, 'eta': 11.0401, 'loss': 0.6867, 'lr': 0.001, 'params': 151, 'time_iter': 0.1069, 'accuracy': 0.7361, 'precision': 0.6791, 'recall': 0.7681, 'specificity': 0.7106, 'f1': 0.7209, 'auc': 0.8283}
train: {'epoch': 212, 'eta': 10.9071, 'loss': 0.6835, 'lr': 0.001, 'params': 151, 'time_iter': 0.107, 'accuracy': 0.7481, 'precision': 0.6948, 'recall': 0.7705, 'specificity': 0.7302, 'f1': 0.7307, 'auc': 0.8365}
train: {'epoch': 213, 'eta': 10.7738, 'loss': 0.6839, 'lr': 0.001, 'params': 151, 'time_iter': 0.1055, 'accuracy': 0.7423, 'precision': 0.6667, 'recall': 0.8384, 'specificity': 0.6657, 'f1': 0.7427, 'auc': 0.8427}
train: {'epoch': 214, 'eta': 10.6416, 'loss': 0.6852, 'lr': 0.001, 'params': 151, 'time_iter': 0.1077, 'accuracy': 0.747, 'precision': 0.6855, 'recall': 0.7939, 'specificity': 0.7096, 'f1': 0.7358, 'auc': 0.8336}
train: {'epoch': 215, 'eta': 10.51, 'loss': 0.6799, 'lr': 0.001, 'params': 151, 'time_iter': 0.1087, 'accuracy': 0.7657, 'precision': 0.7046, 'recall': 0.8126, 'specificity': 0.7283, 'f1': 0.7548, 'auc': 0.8478}
train: {'epoch': 216, 'eta': 10.3769, 'loss': 0.6788, 'lr': 0.001, 'params': 151, 'time_iter': 0.1044, 'accuracy': 0.7527, 'precision': 0.6898, 'recall': 0.8044, 'specificity': 0.7115, 'f1': 0.7427, 'auc': 0.8448}
train: {'epoch': 217, 'eta': 10.2446, 'loss': 0.6809, 'lr': 0.001, 'params': 151, 'time_iter': 0.1056, 'accuracy': 0.747, 'precision': 0.6819, 'recall': 0.8056, 'specificity': 0.7003, 'f1': 0.7386, 'auc': 0.8417}
train: {'epoch': 218, 'eta': 10.1135, 'loss': 0.6782, 'lr': 0.001, 'params': 151, 'time_iter': 0.1084, 'accuracy': 0.7548, 'precision': 0.7036, 'recall': 0.7728, 'specificity': 0.7404, 'f1': 0.7366, 'auc': 0.8429}
val: {'epoch': 219, 'loss': 0.6657, 'lr': 0.001, 'params': 151, 'time_iter': 0.0368, 'accuracy': 0.7368, 'precision': 0.6422, 'recall': 0.9193, 'specificity': 0.591, 'f1': 0.7561, 'auc': 0.9102}
train: {'epoch': 219, 'eta': 9.9821, 'loss': 0.682, 'lr': 0.001, 'params': 151, 'time_iter': 0.1068, 'accuracy': 0.7455, 'precision': 0.6802, 'recall': 0.8044, 'specificity': 0.6984, 'f1': 0.7371, 'auc': 0.8385}
train: {'epoch': 220, 'eta': 9.851, 'loss': 0.6795, 'lr': 0.001, 'params': 151, 'time_iter': 0.1072, 'accuracy': 0.7522, 'precision': 0.6891, 'recall': 0.8044, 'specificity': 0.7106, 'f1': 0.7423, 'auc': 0.842}
train: {'epoch': 221, 'eta': 9.7196, 'loss': 0.6836, 'lr': 0.001, 'params': 151, 'time_iter': 0.1056, 'accuracy': 0.7439, 'precision': 0.6807, 'recall': 0.7963, 'specificity': 0.7021, 'f1': 0.7339, 'auc': 0.8304}
train: {'epoch': 222, 'eta': 9.5882, 'loss': 0.677, 'lr': 0.001, 'params': 151, 'time_iter': 0.1048, 'accuracy': 0.7616, 'precision': 0.703, 'recall': 0.8009, 'specificity': 0.7302, 'f1': 0.7488, 'auc': 0.8462}
train: {'epoch': 223, 'eta': 9.4574, 'loss': 0.6829, 'lr': 0.001, 'params': 151, 'time_iter': 0.106, 'accuracy': 0.7512, 'precision': 0.6951, 'recall': 0.7822, 'specificity': 0.7264, 'f1': 0.7361, 'auc': 0.831}
train: {'epoch': 224, 'eta': 9.3268, 'loss': 0.6834, 'lr': 0.001, 'params': 151, 'time_iter': 0.106, 'accuracy': 0.7449, 'precision': 0.6865, 'recall': 0.7822, 'specificity': 0.7152, 'f1': 0.7313, 'auc': 0.8288}
train: {'epoch': 225, 'eta': 9.1963, 'loss': 0.6827, 'lr': 0.001, 'params': 151, 'time_iter': 0.1058, 'accuracy': 0.7397, 'precision': 0.6753, 'recall': 0.7963, 'specificity': 0.6947, 'f1': 0.7308, 'auc': 0.8328}
train: {'epoch': 226, 'eta': 9.0667, 'loss': 0.6716, 'lr': 0.001, 'params': 151, 'time_iter': 0.1077, 'accuracy': 0.773, 'precision': 0.7235, 'recall': 0.7904, 'specificity': 0.7591, 'f1': 0.7555, 'auc': 0.8561}
train: {'epoch': 227, 'eta': 8.9371, 'loss': 0.6811, 'lr': 0.001, 'params': 151, 'time_iter': 0.1069, 'accuracy': 0.7397, 'precision': 0.6837, 'recall': 0.7693, 'specificity': 0.7162, 'f1': 0.724, 'auc': 0.8345}
train: {'epoch': 228, 'eta': 8.8075, 'loss': 0.6784, 'lr': 0.001, 'params': 151, 'time_iter': 0.1067, 'accuracy': 0.7569, 'precision': 0.6961, 'recall': 0.8021, 'specificity': 0.7208, 'f1': 0.7454, 'auc': 0.8389}
val: {'epoch': 229, 'loss': 0.6613, 'lr': 0.001, 'params': 151, 'time_iter': 0.035, 'accuracy': 0.7445, 'precision': 0.6494, 'recall': 0.9228, 'specificity': 0.6022, 'f1': 0.7623, 'auc': 0.9101}
train: {'epoch': 229, 'eta': 8.6782, 'loss': 0.6722, 'lr': 0.001, 'params': 151, 'time_iter': 0.1068, 'accuracy': 0.7694, 'precision': 0.7113, 'recall': 0.808, 'specificity': 0.7386, 'f1': 0.7566, 'auc': 0.8555}
train: {'epoch': 230, 'eta': 8.549, 'loss': 0.6765, 'lr': 0.001, 'params': 151, 'time_iter': 0.1062, 'accuracy': 0.7558, 'precision': 0.6951, 'recall': 0.8009, 'specificity': 0.7199, 'f1': 0.7443, 'auc': 0.8408}
train: {'epoch': 231, 'eta': 8.4201, 'loss': 0.6751, 'lr': 0.001, 'params': 151, 'time_iter': 0.1071, 'accuracy': 0.7569, 'precision': 0.6994, 'recall': 0.7927, 'specificity': 0.7283, 'f1': 0.7431, 'auc': 0.8442}
train: {'epoch': 232, 'eta': 8.291, 'loss': 0.676, 'lr': 0.001, 'params': 151, 'time_iter': 0.1054, 'accuracy': 0.7548, 'precision': 0.6854, 'recall': 0.8267, 'specificity': 0.6975, 'f1': 0.7495, 'auc': 0.8463}
train: {'epoch': 233, 'eta': 8.1621, 'loss': 0.6719, 'lr': 0.001, 'params': 151, 'time_iter': 0.1056, 'accuracy': 0.7548, 'precision': 0.6965, 'recall': 0.7927, 'specificity': 0.7246, 'f1': 0.7415, 'auc': 0.8498}
train: {'epoch': 234, 'eta': 8.0336, 'loss': 0.6752, 'lr': 0.001, 'params': 151, 'time_iter': 0.1061, 'accuracy': 0.7543, 'precision': 0.6899, 'recall': 0.8103, 'specificity': 0.7096, 'f1': 0.7453, 'auc': 0.8447}
train: {'epoch': 235, 'eta': 7.9053, 'loss': 0.6753, 'lr': 0.001, 'params': 151, 'time_iter': 0.1063, 'accuracy': 0.7455, 'precision': 0.676, 'recall': 0.8185, 'specificity': 0.6872, 'f1': 0.7405, 'auc': 0.8441}
train: {'epoch': 236, 'eta': 7.7776, 'loss': 0.6712, 'lr': 0.001, 'params': 151, 'time_iter': 0.1076, 'accuracy': 0.7579, 'precision': 0.6944, 'recall': 0.8115, 'specificity': 0.7152, 'f1': 0.7484, 'auc': 0.8539}
train: {'epoch': 237, 'eta': 7.6499, 'loss': 0.6697, 'lr': 0.001, 'params': 151, 'time_iter': 0.1072, 'accuracy': 0.7636, 'precision': 0.6954, 'recall': 0.8314, 'specificity': 0.7096, 'f1': 0.7573, 'auc': 0.8603}
train: {'epoch': 238, 'eta': 7.5222, 'loss': 0.6734, 'lr': 0.001, 'params': 151, 'time_iter': 0.1067, 'accuracy': 0.7548, 'precision': 0.6795, 'recall': 0.8466, 'specificity': 0.6816, 'f1': 0.7539, 'auc': 0.8542}
val: {'epoch': 239, 'loss': 0.6619, 'lr': 0.001, 'params': 151, 'time_iter': 0.0353, 'accuracy': 0.7087, 'precision': 0.6134, 'recall': 0.9298, 'specificity': 0.5322, 'f1': 0.7392, 'auc': 0.908}
train: {'epoch': 239, 'eta': 7.3951, 'loss': 0.6696, 'lr': 0.001, 'params': 151, 'time_iter': 0.1082, 'accuracy': 0.7647, 'precision': 0.6956, 'recall': 0.8349, 'specificity': 0.7087, 'f1': 0.7589, 'auc': 0.8553}
train: {'epoch': 240, 'eta': 7.2679, 'loss': 0.6719, 'lr': 0.001, 'params': 151, 'time_iter': 0.1069, 'accuracy': 0.7595, 'precision': 0.6981, 'recall': 0.8068, 'specificity': 0.7218, 'f1': 0.7485, 'auc': 0.8513}
train: {'epoch': 241, 'eta': 7.1408, 'loss': 0.6701, 'lr': 0.001, 'params': 151, 'time_iter': 0.1071, 'accuracy': 0.7548, 'precision': 0.6819, 'recall': 0.8384, 'specificity': 0.6881, 'f1': 0.7521, 'auc': 0.8591}
train: {'epoch': 242, 'eta': 7.0138, 'loss': 0.6741, 'lr': 0.001, 'params': 151, 'time_iter': 0.1065, 'accuracy': 0.7491, 'precision': 0.6861, 'recall': 0.8009, 'specificity': 0.7077, 'f1': 0.7391, 'auc': 0.841}
train: {'epoch': 243, 'eta': 6.8869, 'loss': 0.6703, 'lr': 0.001, 'params': 151, 'time_iter': 0.1065, 'accuracy': 0.759, 'precision': 0.7023, 'recall': 0.7927, 'specificity': 0.732, 'f1': 0.7448, 'auc': 0.8455}
train: {'epoch': 244, 'eta': 6.7605, 'loss': 0.6682, 'lr': 0.001, 'params': 151, 'time_iter': 0.1077, 'accuracy': 0.7616, 'precision': 0.6954, 'recall': 0.8232, 'specificity': 0.7124, 'f1': 0.7539, 'auc': 0.857}
train: {'epoch': 245, 'eta': 6.6339, 'loss': 0.6664, 'lr': 0.001, 'params': 151, 'time_iter': 0.106, 'accuracy': 0.7709, 'precision': 0.7144, 'recall': 0.8056, 'specificity': 0.7432, 'f1': 0.7573, 'auc': 0.8585}
train: {'epoch': 246, 'eta': 6.5073, 'loss': 0.6714, 'lr': 0.001, 'params': 151, 'time_iter': 0.1052, 'accuracy': 0.7605, 'precision': 0.6999, 'recall': 0.8056, 'specificity': 0.7246, 'f1': 0.749, 'auc': 0.8448}
train: {'epoch': 247, 'eta': 6.3809, 'loss': 0.6699, 'lr': 0.001, 'params': 151, 'time_iter': 0.1056, 'accuracy': 0.7584, 'precision': 0.7085, 'recall': 0.774, 'specificity': 0.746, 'f1': 0.7398, 'auc': 0.8445}
train: {'epoch': 248, 'eta': 6.255, 'loss': 0.672, 'lr': 0.001, 'params': 151, 'time_iter': 0.1072, 'accuracy': 0.7486, 'precision': 0.6899, 'recall': 0.7869, 'specificity': 0.718, 'f1': 0.7352, 'auc': 0.8438}
val: {'epoch': 249, 'loss': 0.6493, 'lr': 0.001, 'params': 151, 'time_iter': 0.0375, 'accuracy': 0.7586, 'precision': 0.6675, 'recall': 0.9088, 'specificity': 0.6387, 'f1': 0.7697, 'auc': 0.909}
train: {'epoch': 249, 'eta': 6.1295, 'loss': 0.6663, 'lr': 0.001, 'params': 151, 'time_iter': 0.1086, 'accuracy': 0.7668, 'precision': 0.7116, 'recall': 0.7974, 'specificity': 0.7423, 'f1': 0.7521, 'auc': 0.8546}
train: {'epoch': 250, 'eta': 6.0038, 'loss': 0.6663, 'lr': 0.001, 'params': 151, 'time_iter': 0.1067, 'accuracy': 0.7673, 'precision': 0.7137, 'recall': 0.7939, 'specificity': 0.746, 'f1': 0.7517, 'auc': 0.8484}
train: {'epoch': 251, 'eta': 5.8783, 'loss': 0.6686, 'lr': 0.001, 'params': 151, 'time_iter': 0.1067, 'accuracy': 0.7574, 'precision': 0.6953, 'recall': 0.8068, 'specificity': 0.718, 'f1': 0.7469, 'auc': 0.8483}
train: {'epoch': 252, 'eta': 5.7533, 'loss': 0.6713, 'lr': 0.001, 'params': 151, 'time_iter': 0.1088, 'accuracy': 0.7455, 'precision': 0.6806, 'recall': 0.8033, 'specificity': 0.6993, 'f1': 0.7368, 'auc': 0.8409}
train: {'epoch': 253, 'eta': 5.6278, 'loss': 0.6627, 'lr': 0.001, 'params': 151, 'time_iter': 0.1056, 'accuracy': 0.7709, 'precision': 0.7127, 'recall': 0.8103, 'specificity': 0.7395, 'f1': 0.7584, 'auc': 0.8591}
train: {'epoch': 254, 'eta': 5.5025, 'loss': 0.6658, 'lr': 0.001, 'params': 151, 'time_iter': 0.1056, 'accuracy': 0.761, 'precision': 0.7018, 'recall': 0.8021, 'specificity': 0.7283, 'f1': 0.7486, 'auc': 0.8513}
train: {'epoch': 255, 'eta': 5.3779, 'loss': 0.668, 'lr': 0.001, 'params': 151, 'time_iter': 0.1086, 'accuracy': 0.7538, 'precision': 0.6923, 'recall': 0.8009, 'specificity': 0.7162, 'f1': 0.7427, 'auc': 0.85}
train: {'epoch': 256, 'eta': 5.253, 'loss': 0.6653, 'lr': 0.001, 'params': 151, 'time_iter': 0.1059, 'accuracy': 0.76, 'precision': 0.7021, 'recall': 0.7974, 'specificity': 0.7302, 'f1': 0.7467, 'auc': 0.8551}
train: {'epoch': 257, 'eta': 5.1285, 'loss': 0.6631, 'lr': 0.001, 'params': 151, 'time_iter': 0.1082, 'accuracy': 0.7714, 'precision': 0.717, 'recall': 0.8009, 'specificity': 0.7479, 'f1': 0.7566, 'auc': 0.8551}
train: {'epoch': 258, 'eta': 5.0041, 'loss': 0.6645, 'lr': 0.001, 'params': 151, 'time_iter': 0.1078, 'accuracy': 0.7532, 'precision': 0.6842, 'recall': 0.8244, 'specificity': 0.6965, 'f1': 0.7477, 'auc': 0.8555}
val: {'epoch': 259, 'loss': 0.651, 'lr': 0.001, 'params': 151, 'time_iter': 0.0357, 'accuracy': 0.729, 'precision': 0.6337, 'recall': 0.9228, 'specificity': 0.5742, 'f1': 0.7514, 'auc': 0.9081}
train: {'epoch': 259, 'eta': 4.8801, 'loss': 0.665, 'lr': 0.001, 'params': 151, 'time_iter': 0.1095, 'accuracy': 0.7558, 'precision': 0.6825, 'recall': 0.8407, 'specificity': 0.6881, 'f1': 0.7534, 'auc': 0.8583}
train: {'epoch': 260, 'eta': 4.7561, 'loss': 0.6661, 'lr': 0.001, 'params': 151, 'time_iter': 0.1082, 'accuracy': 0.7522, 'precision': 0.6818, 'recall': 0.8279, 'specificity': 0.6919, 'f1': 0.7478, 'auc': 0.8516}
train: {'epoch': 261, 'eta': 4.6321, 'loss': 0.6648, 'lr': 0.001, 'params': 151, 'time_iter': 0.1078, 'accuracy': 0.759, 'precision': 0.6938, 'recall': 0.8173, 'specificity': 0.7124, 'f1': 0.7505, 'auc': 0.8513}
train: {'epoch': 262, 'eta': 4.5086, 'loss': 0.664, 'lr': 0.001, 'params': 151, 'time_iter': 0.1103, 'accuracy': 0.759, 'precision': 0.6966, 'recall': 0.8091, 'specificity': 0.719, 'f1': 0.7486, 'auc': 0.8545}
train: {'epoch': 263, 'eta': 4.3848, 'loss': 0.6616, 'lr': 0.001, 'params': 151, 'time_iter': 0.1079, 'accuracy': 0.7631, 'precision': 0.6951, 'recall': 0.8302, 'specificity': 0.7096, 'f1': 0.7567, 'auc': 0.8618}
train: {'epoch': 264, 'eta': 4.2608, 'loss': 0.6602, 'lr': 0.001, 'params': 151, 'time_iter': 0.1047, 'accuracy': 0.7616, 'precision': 0.6919, 'recall': 0.8337, 'specificity': 0.704, 'f1': 0.7562, 'auc': 0.8627}
train: {'epoch': 265, 'eta': 4.1371, 'loss': 0.6584, 'lr': 0.001, 'params': 151, 'time_iter': 0.1065, 'accuracy': 0.7683, 'precision': 0.7016, 'recall': 0.8314, 'specificity': 0.718, 'f1': 0.761, 'auc': 0.8658}
train: {'epoch': 266, 'eta': 4.0136, 'loss': 0.6584, 'lr': 0.001, 'params': 151, 'time_iter': 0.1073, 'accuracy': 0.7662, 'precision': 0.6961, 'recall': 0.8396, 'specificity': 0.7077, 'f1': 0.7611, 'auc': 0.8677}
train: {'epoch': 267, 'eta': 3.8902, 'loss': 0.6577, 'lr': 0.001, 'params': 151, 'time_iter': 0.1069, 'accuracy': 0.773, 'precision': 0.7104, 'recall': 0.8244, 'specificity': 0.732, 'f1': 0.7631, 'auc': 0.862}
train: {'epoch': 268, 'eta': 3.7669, 'loss': 0.6573, 'lr': 0.001, 'params': 151, 'time_iter': 0.1063, 'accuracy': 0.7709, 'precision': 0.7026, 'recall': 0.8384, 'specificity': 0.7171, 'f1': 0.7645, 'auc': 0.8649}
val: {'epoch': 269, 'loss': 0.6413, 'lr': 0.001, 'params': 151, 'time_iter': 0.0363, 'accuracy': 0.7632, 'precision': 0.6718, 'recall': 0.9123, 'specificity': 0.6443, 'f1': 0.7738, 'auc': 0.9092}
train: {'epoch': 269, 'eta': 3.6438, 'loss': 0.6604, 'lr': 0.001, 'params': 151, 'time_iter': 0.1069, 'accuracy': 0.7699, 'precision': 0.7222, 'recall': 0.7822, 'specificity': 0.76, 'f1': 0.751, 'auc': 0.8503}
train: {'epoch': 270, 'eta': 3.5207, 'loss': 0.661, 'lr': 0.001, 'params': 151, 'time_iter': 0.1062, 'accuracy': 0.7574, 'precision': 0.6968, 'recall': 0.8021, 'specificity': 0.7218, 'f1': 0.7458, 'auc': 0.8538}
train: {'epoch': 271, 'eta': 3.3976, 'loss': 0.6591, 'lr': 0.001, 'params': 151, 'time_iter': 0.105, 'accuracy': 0.7621, 'precision': 0.7084, 'recall': 0.7881, 'specificity': 0.7414, 'f1': 0.7461, 'auc': 0.8594}
train: {'epoch': 272, 'eta': 3.2747, 'loss': 0.6589, 'lr': 0.001, 'params': 151, 'time_iter': 0.1057, 'accuracy': 0.7673, 'precision': 0.7173, 'recall': 0.7845, 'specificity': 0.7535, 'f1': 0.7494, 'auc': 0.8548}
train: {'epoch': 273, 'eta': 3.1521, 'loss': 0.6603, 'lr': 0.001, 'params': 151, 'time_iter': 0.1079, 'accuracy': 0.7506, 'precision': 0.6928, 'recall': 0.7869, 'specificity': 0.7218, 'f1': 0.7368, 'auc': 0.8541}
train: {'epoch': 274, 'eta': 3.0294, 'loss': 0.6578, 'lr': 0.001, 'params': 151, 'time_iter': 0.1051, 'accuracy': 0.7688, 'precision': 0.7106, 'recall': 0.808, 'specificity': 0.7376, 'f1': 0.7562, 'auc': 0.8551}
train: {'epoch': 275, 'eta': 2.907, 'loss': 0.6591, 'lr': 0.001, 'params': 151, 'time_iter': 0.1068, 'accuracy': 0.7647, 'precision': 0.7158, 'recall': 0.7787, 'specificity': 0.7535, 'f1': 0.7459, 'auc': 0.854}
train: {'epoch': 276, 'eta': 2.7847, 'loss': 0.6563, 'lr': 0.001, 'params': 151, 'time_iter': 0.1067, 'accuracy': 0.7673, 'precision': 0.7173, 'recall': 0.7845, 'specificity': 0.7535, 'f1': 0.7494, 'auc': 0.8571}
train: {'epoch': 277, 'eta': 2.6624, 'loss': 0.6587, 'lr': 0.001, 'params': 151, 'time_iter': 0.1054, 'accuracy': 0.7579, 'precision': 0.7034, 'recall': 0.7857, 'specificity': 0.7358, 'f1': 0.7423, 'auc': 0.8543}
train: {'epoch': 278, 'eta': 2.5403, 'loss': 0.6599, 'lr': 0.001, 'params': 151, 'time_iter': 0.1069, 'accuracy': 0.7538, 'precision': 0.6896, 'recall': 0.8091, 'specificity': 0.7096, 'f1': 0.7446, 'auc': 0.8538}
val: {'epoch': 279, 'loss': 0.6395, 'lr': 0.001, 'params': 151, 'time_iter': 0.0358, 'accuracy': 0.7539, 'precision': 0.6624, 'recall': 0.9088, 'specificity': 0.6303, 'f1': 0.7663, 'auc': 0.9089}
train: {'epoch': 279, 'eta': 2.4183, 'loss': 0.6539, 'lr': 0.001, 'params': 151, 'time_iter': 0.1068, 'accuracy': 0.7714, 'precision': 0.7074, 'recall': 0.8267, 'specificity': 0.7274, 'f1': 0.7624, 'auc': 0.8712}
train: {'epoch': 280, 'eta': 2.2963, 'loss': 0.6558, 'lr': 0.001, 'params': 151, 'time_iter': 0.1049, 'accuracy': 0.7647, 'precision': 0.7036, 'recall': 0.8115, 'specificity': 0.7274, 'f1': 0.7537, 'auc': 0.8584}
train: {'epoch': 281, 'eta': 2.1748, 'loss': 0.6597, 'lr': 0.001, 'params': 151, 'time_iter': 0.1107, 'accuracy': 0.7553, 'precision': 0.6917, 'recall': 0.8091, 'specificity': 0.7124, 'f1': 0.7458, 'auc': 0.85}
train: {'epoch': 282, 'eta': 2.053, 'loss': 0.6568, 'lr': 0.001, 'params': 151, 'time_iter': 0.1042, 'accuracy': 0.7683, 'precision': 0.7129, 'recall': 0.7998, 'specificity': 0.7432, 'f1': 0.7539, 'auc': 0.8558}
train: {'epoch': 283, 'eta': 1.9315, 'loss': 0.6588, 'lr': 0.001, 'params': 151, 'time_iter': 0.1077, 'accuracy': 0.7579, 'precision': 0.7025, 'recall': 0.7881, 'specificity': 0.7339, 'f1': 0.7428, 'auc': 0.8485}
train: {'epoch': 284, 'eta': 1.81, 'loss': 0.6561, 'lr': 0.001, 'params': 151, 'time_iter': 0.1054, 'accuracy': 0.7657, 'precision': 0.7075, 'recall': 0.8044, 'specificity': 0.7348, 'f1': 0.7529, 'auc': 0.8528}
train: {'epoch': 285, 'eta': 1.6887, 'loss': 0.6497, 'lr': 0.001, 'params': 151, 'time_iter': 0.1085, 'accuracy': 0.774, 'precision': 0.7085, 'recall': 0.8337, 'specificity': 0.7264, 'f1': 0.766, 'auc': 0.871}
train: {'epoch': 286, 'eta': 1.5673, 'loss': 0.6536, 'lr': 0.001, 'params': 151, 'time_iter': 0.1045, 'accuracy': 0.7678, 'precision': 0.7021, 'recall': 0.8279, 'specificity': 0.7199, 'f1': 0.7598, 'auc': 0.8597}
train: {'epoch': 287, 'eta': 1.4462, 'loss': 0.6538, 'lr': 0.001, 'params': 151, 'time_iter': 0.1055, 'accuracy': 0.7683, 'precision': 0.7024, 'recall': 0.829, 'specificity': 0.7199, 'f1': 0.7605, 'auc': 0.8613}
train: {'epoch': 288, 'eta': 1.3252, 'loss': 0.6528, 'lr': 0.001, 'params': 151, 'time_iter': 0.1085, 'accuracy': 0.76, 'precision': 0.6972, 'recall': 0.8115, 'specificity': 0.719, 'f1': 0.75, 'auc': 0.8622}
val: {'epoch': 289, 'loss': 0.6339, 'lr': 0.001, 'params': 151, 'time_iter': 0.0352, 'accuracy': 0.7741, 'precision': 0.6862, 'recall': 0.9053, 'specificity': 0.6695, 'f1': 0.7806, 'auc': 0.909}
train: {'epoch': 289, 'eta': 1.2042, 'loss': 0.6492, 'lr': 0.001, 'params': 151, 'time_iter': 0.1056, 'accuracy': 0.7704, 'precision': 0.7068, 'recall': 0.8244, 'specificity': 0.7274, 'f1': 0.7611, 'auc': 0.8666}
train: {'epoch': 290, 'eta': 1.0834, 'loss': 0.6463, 'lr': 0.001, 'params': 151, 'time_iter': 0.1069, 'accuracy': 0.7813, 'precision': 0.733, 'recall': 0.7974, 'specificity': 0.7684, 'f1': 0.7639, 'auc': 0.8678}
train: {'epoch': 291, 'eta': 0.9626, 'loss': 0.6545, 'lr': 0.001, 'params': 151, 'time_iter': 0.1077, 'accuracy': 0.759, 'precision': 0.6942, 'recall': 0.8162, 'specificity': 0.7134, 'f1': 0.7503, 'auc': 0.8592}
train: {'epoch': 292, 'eta': 0.842, 'loss': 0.6533, 'lr': 0.001, 'params': 151, 'time_iter': 0.1063, 'accuracy': 0.7657, 'precision': 0.7169, 'recall': 0.7799, 'specificity': 0.7544, 'f1': 0.7471, 'auc': 0.856}
train: {'epoch': 293, 'eta': 0.7214, 'loss': 0.6509, 'lr': 0.001, 'params': 151, 'time_iter': 0.1079, 'accuracy': 0.774, 'precision': 0.7175, 'recall': 0.8091, 'specificity': 0.746, 'f1': 0.7606, 'auc': 0.8619}
train: {'epoch': 294, 'eta': 0.601, 'loss': 0.6509, 'lr': 0.001, 'params': 151, 'time_iter': 0.1073, 'accuracy': 0.7699, 'precision': 0.7246, 'recall': 0.7763, 'specificity': 0.7647, 'f1': 0.7496, 'auc': 0.8574}
train: {'epoch': 295, 'eta': 0.4806, 'loss': 0.6511, 'lr': 0.001, 'params': 151, 'time_iter': 0.1039, 'accuracy': 0.7678, 'precision': 0.7122, 'recall': 0.7998, 'specificity': 0.7423, 'f1': 0.7534, 'auc': 0.8584}
train: {'epoch': 296, 'eta': 0.3603, 'loss': 0.6503, 'lr': 0.001, 'params': 151, 'time_iter': 0.1082, 'accuracy': 0.7699, 'precision': 0.717, 'recall': 0.7951, 'specificity': 0.7498, 'f1': 0.754, 'auc': 0.859}
train: {'epoch': 297, 'eta': 0.2401, 'loss': 0.6502, 'lr': 0.001, 'params': 151, 'time_iter': 0.1082, 'accuracy': 0.7709, 'precision': 0.7171, 'recall': 0.7986, 'specificity': 0.7488, 'f1': 0.7557, 'auc': 0.8575}
train: {'epoch': 298, 'eta': 0.12, 'loss': 0.6471, 'lr': 0.001, 'params': 151, 'time_iter': 0.1059, 'accuracy': 0.7709, 'precision': 0.7181, 'recall': 0.7963, 'specificity': 0.7507, 'f1': 0.7551, 'auc': 0.8614}
val: {'epoch': 299, 'loss': 0.6258, 'lr': 0.001, 'params': 151, 'time_iter': 0.0379, 'accuracy': 0.7897, 'precision': 0.7049, 'recall': 0.9053, 'specificity': 0.6975, 'f1': 0.7926, 'auc': 0.909}
train: {'epoch': 299, 'eta': 0.0, 'loss': 0.641, 'lr': 0.001, 'params': 151, 'time_iter': 0.1083, 'accuracy': 0.7917, 'precision': 0.7428, 'recall': 0.8115, 'specificity': 0.7759, 'f1': 0.7756, 'auc': 0.8736}
test: {'epoch': 300, 'loss': 0.6319, 'lr': 0.001, 'params': 151, 'time_iter': 4.0102, 'accuracy': 0.7617, 'precision': 0.6812, 'recall': 0.9014, 'specificity': 0.6437, 'f1': 0.776, 'auc': 0.9004}
Results aggregated across runs saved in results/yeast-gcnconv/agg
