GraphsageGraphGymModule(
  (model): GNN(
    (encoder): FeatureEncoder()
    (pre_mp): GeneralMultiLayer(
      (Layer_0): GeneralLayer(
        (layer): Linear(
          (model): Linear(1, 10, bias=True)
        )
        (post_layer): Sequential(
          (0): ReLU()
        )
      )
    )
    (mp): GNNStackStage(
      (layer0): GeneralLayer(
        (layer): SAGEConv(
          (model): SAGEConv(10, 10, aggr=mean)
        )
        (post_layer): Sequential(
          (0): ReLU()
        )
      )
    )
    (post_mp): ExampleNodeHead(
      (layer_post_mp): MLP(
        (model): Sequential(
          (0): Linear(
            (model): Linear(10, 1, bias=True)
          )
        )
      )
    )
  )
)
accelerator: cpu
benchmark: False
bn:
  eps: 1e-05
  mom: 0.1
cfg_dest: config.yaml
custom_metrics: []
dataset:
  cache_load: False
  cache_save: False
  dir: ../data/single-soft-label
  edge_dim: 128
  edge_encoder: False
  edge_encoder_bn: True
  edge_encoder_name: Bond
  edge_message_ratio: 0.8
  edge_negative_sampling_ratio: 1.0
  edge_train_mode: all
  encoder: False
  encoder_bn: True
  encoder_dim: 128
  encoder_name: db
  format: PyG
  label_column: protein_probability_soft_label
  label_table: none
  location: local
  name: protein
  node_encoder: False
  node_encoder_bn: True
  node_encoder_name: Atom
  numeric_columns: ['protein_probability']
  remove_feature: False
  resample_disjoint: False
  resample_negative: False
  shuffle_split: True
  split: [0.6, 0.2, 0.2]
  split_mode: random
  task: node
  task_type: classification_binary_soft_label
  to_undirected: False
  transductive: False
  transform: none
  tu_simple: True
devices: None
gnn:
  act: relu
  agg: add
  att_final_linear: False
  att_final_linear_bn: False
  att_heads: 1
  batchnorm: False
  clear_feature: True
  dim_inner: 10
  dropout: 0.0
  head: protein
  keep_edge: 0.5
  l2norm: True
  layer_type: sageconv
  layers_mp: 1
  layers_post_mp: 1
  layers_pre_mp: 1
  msg_direction: single
  normalize_adj: False
  self_msg: concat
  skip_every: 1
  stage_type: skipsum
gpu_mem: False
mem:
  inplace: False
metric_agg: argmax
metric_best: auc
model:
  edge_decoding: dot
  graph_pooling: add
  loss_fun: cross_entropy
  match_upper: True
  size_average: mean
  thresh: 0.5
  type: gnn
num_threads: 6
num_workers: 8
optim:
  base_lr: 0.001
  lr_decay: 0.1
  max_epoch: 100
  momentum: 0.9
  optimizer: adam
  scheduler: none
  steps: [30, 60, 90]
  weight_decay: 0.0005
out_dir: results/gastric-graphsage-soft-label
print: both
round: 4
run_dir: results/gastric-graphsage-soft-label/0
seed: 1
share:
  dim_in: 1
  dim_out: 1
  num_splits: 3
tensorboard_agg: True
tensorboard_each_run: False
train:
  auto_resume: False
  batch_size: 128
  ckpt_clean: False
  ckpt_period: 10
  enable_ckpt: True
  epoch_resume: 0
  eval_period: 10
  grape_pi: graphsage
  iter_per_epoch: 32
  loss_pos_weight: 783.0
  neighbor_sizes: [20, 10, 5]
  node_per_graph: 32
  radius: extend
  sample_node: False
  sampler: neighbor
  skip_train_eval: False
  walk_length: 4
val:
  node_per_graph: 32
  radius: extend
  sample_node: False
  sampler: full_batch
view_emb: False
Num parameters: 241
val: {'epoch': 0, 'loss': 0.6178, 'lr': 0.001, 'params': 241, 'time_iter': 0.1134, 'accuracy': 100.0}
train: {'epoch': 0, 'eta': 27507.6082, 'loss': 0.5788, 'lr': 0.001, 'params': 241, 'time_iter': 2.8943, 'accuracy': 100.0}
train: {'epoch': 1, 'eta': 27929.7448, 'loss': 0.5411, 'lr': 0.001, 'params': 241, 'time_iter': 3.0431, 'accuracy': 100.0}
train: {'epoch': 2, 'eta': 27781.2727, 'loss': 0.5307, 'lr': 0.001, 'params': 241, 'time_iter': 3.0127, 'accuracy': 100.0}
train: {'epoch': 3, 'eta': 27536.9563, 'loss': 0.5214, 'lr': 0.001, 'params': 241, 'time_iter': 3.0017, 'accuracy': 100.0}
train: {'epoch': 4, 'eta': 26593.6614, 'loss': 0.5118, 'lr': 0.001, 'params': 241, 'time_iter': 2.6281, 'accuracy': 100.0}
train: {'epoch': 5, 'eta': 25895.9791, 'loss': 0.505, 'lr': 0.001, 'params': 241, 'time_iter': 2.6382, 'accuracy': 100.0}
train: {'epoch': 6, 'eta': 25681.0606, 'loss': 0.5007, 'lr': 0.001, 'params': 241, 'time_iter': 2.9172, 'accuracy': 100.0}
train: {'epoch': 7, 'eta': 25574.6369, 'loss': 0.4979, 'lr': 0.001, 'params': 241, 'time_iter': 3.0302, 'accuracy': 100.0}
train: {'epoch': 8, 'eta': 25398.0132, 'loss': 0.496, 'lr': 0.001, 'params': 241, 'time_iter': 3.0001, 'accuracy': 100.0}
val: {'epoch': 9, 'loss': 0.4982, 'lr': 0.001, 'params': 241, 'time_iter': 3.2469, 'accuracy': 100.0}
train: {'epoch': 9, 'eta': 25211.5447, 'loss': 0.4941, 'lr': 0.001, 'params': 241, 'time_iter': 3.0145, 'accuracy': 100.0}
train: {'epoch': 10, 'eta': 24981.7162, 'loss': 0.4923, 'lr': 0.001, 'params': 241, 'time_iter': 2.9828, 'accuracy': 100.0}
train: {'epoch': 11, 'eta': 24794.8081, 'loss': 0.4911, 'lr': 0.001, 'params': 241, 'time_iter': 3.0571, 'accuracy': 100.0}
train: {'epoch': 12, 'eta': 24608.7022, 'loss': 0.4899, 'lr': 0.001, 'params': 241, 'time_iter': 3.0839, 'accuracy': 100.0}
train: {'epoch': 13, 'eta': 24376.6505, 'loss': 0.4888, 'lr': 0.001, 'params': 241, 'time_iter': 3.0326, 'accuracy': 100.0}
train: {'epoch': 14, 'eta': 24120.9285, 'loss': 0.4879, 'lr': 0.001, 'params': 241, 'time_iter': 3.0036, 'accuracy': 100.0}
train: {'epoch': 15, 'eta': 23850.8444, 'loss': 0.4869, 'lr': 0.001, 'params': 241, 'time_iter': 2.9832, 'accuracy': 100.0}
train: {'epoch': 16, 'eta': 23629.1245, 'loss': 0.4864, 'lr': 0.001, 'params': 241, 'time_iter': 3.0904, 'accuracy': 100.0}
train: {'epoch': 17, 'eta': 23365.9104, 'loss': 0.4857, 'lr': 0.001, 'params': 241, 'time_iter': 3.0146, 'accuracy': 100.0}
train: {'epoch': 18, 'eta': 23090.7593, 'loss': 0.4853, 'lr': 0.001, 'params': 241, 'time_iter': 2.9922, 'accuracy': 100.0}
val: {'epoch': 19, 'loss': 0.4897, 'lr': 0.001, 'params': 241, 'time_iter': 3.285, 'accuracy': 100.0}
train: {'epoch': 19, 'eta': 22839.4606, 'loss': 0.4845, 'lr': 0.001, 'params': 241, 'time_iter': 3.0574, 'accuracy': 100.0}
train: {'epoch': 20, 'eta': 22581.6305, 'loss': 0.4844, 'lr': 0.001, 'params': 241, 'time_iter': 3.0505, 'accuracy': 100.0}
train: {'epoch': 21, 'eta': 22339.6405, 'loss': 0.4841, 'lr': 0.001, 'params': 241, 'time_iter': 3.1064, 'accuracy': 100.0}
train: {'epoch': 22, 'eta': 22080.5433, 'loss': 0.4835, 'lr': 0.001, 'params': 241, 'time_iter': 3.0684, 'accuracy': 100.0}
train: {'epoch': 23, 'eta': 21814.4587, 'loss': 0.4832, 'lr': 0.001, 'params': 241, 'time_iter': 3.0551, 'accuracy': 100.0}
train: {'epoch': 24, 'eta': 21551.5555, 'loss': 0.483, 'lr': 0.001, 'params': 241, 'time_iter': 3.0737, 'accuracy': 100.0}
train: {'epoch': 25, 'eta': 21292.161, 'loss': 0.4827, 'lr': 0.001, 'params': 241, 'time_iter': 3.0956, 'accuracy': 100.0}
train: {'epoch': 26, 'eta': 20919.6814, 'loss': 0.4825, 'lr': 0.001, 'params': 241, 'time_iter': 2.6707, 'accuracy': 100.0}
train: {'epoch': 27, 'eta': 20553.7697, 'loss': 0.4825, 'lr': 0.001, 'params': 241, 'time_iter': 2.6637, 'accuracy': 100.0}
train: {'epoch': 28, 'eta': 20288.7447, 'loss': 0.4822, 'lr': 0.001, 'params': 241, 'time_iter': 3.0606, 'accuracy': 100.0}
val: {'epoch': 29, 'loss': 0.4872, 'lr': 0.001, 'params': 241, 'time_iter': 3.3136, 'accuracy': 100.0}
train: {'epoch': 29, 'eta': 20024.4345, 'loss': 0.4821, 'lr': 0.001, 'params': 241, 'time_iter': 3.0724, 'accuracy': 100.0}
train: {'epoch': 30, 'eta': 19764.5654, 'loss': 0.482, 'lr': 0.001, 'params': 241, 'time_iter': 3.1024, 'accuracy': 100.0}
train: {'epoch': 31, 'eta': 19499.6106, 'loss': 0.4819, 'lr': 0.001, 'params': 241, 'time_iter': 3.0891, 'accuracy': 100.0}
train: {'epoch': 32, 'eta': 19246.6693, 'loss': 0.4817, 'lr': 0.001, 'params': 241, 'time_iter': 3.1606, 'accuracy': 100.0}
train: {'epoch': 33, 'eta': 18962.9664, 'loss': 0.4816, 'lr': 0.001, 'params': 241, 'time_iter': 3.0114, 'accuracy': 100.0}
train: {'epoch': 34, 'eta': 18681.5427, 'loss': 0.4814, 'lr': 0.001, 'params': 241, 'time_iter': 3.026, 'accuracy': 100.0}
train: {'epoch': 35, 'eta': 18418.1694, 'loss': 0.4813, 'lr': 0.001, 'params': 241, 'time_iter': 3.1347, 'accuracy': 100.0}
train: {'epoch': 36, 'eta': 18137.6704, 'loss': 0.4816, 'lr': 0.001, 'params': 241, 'time_iter': 3.0423, 'accuracy': 100.0}
train: {'epoch': 37, 'eta': 17859.1429, 'loss': 0.4812, 'lr': 0.001, 'params': 241, 'time_iter': 3.0588, 'accuracy': 100.0}
train: {'epoch': 38, 'eta': 17583.2756, 'loss': 0.4812, 'lr': 0.001, 'params': 241, 'time_iter': 3.0817, 'accuracy': 100.0}
val: {'epoch': 39, 'loss': 0.4867, 'lr': 0.001, 'params': 241, 'time_iter': 3.2579, 'accuracy': 100.0}
train: {'epoch': 39, 'eta': 17310.9607, 'loss': 0.4811, 'lr': 0.001, 'params': 241, 'time_iter': 3.1133, 'accuracy': 100.0}
train: {'epoch': 40, 'eta': 17035.1345, 'loss': 0.4812, 'lr': 0.001, 'params': 241, 'time_iter': 3.0972, 'accuracy': 100.0}
train: {'epoch': 41, 'eta': 16756.2744, 'loss': 0.4811, 'lr': 0.001, 'params': 241, 'time_iter': 3.0821, 'accuracy': 100.0}
train: {'epoch': 42, 'eta': 16473.6492, 'loss': 0.4813, 'lr': 0.001, 'params': 241, 'time_iter': 3.0587, 'accuracy': 100.0}
train: {'epoch': 43, 'eta': 16180.9837, 'loss': 0.4808, 'lr': 0.001, 'params': 241, 'time_iter': 2.9806, 'accuracy': 100.0}
train: {'epoch': 44, 'eta': 15898.3765, 'loss': 0.481, 'lr': 0.001, 'params': 241, 'time_iter': 3.0639, 'accuracy': 100.0}
train: {'epoch': 45, 'eta': 15621.7675, 'loss': 0.4808, 'lr': 0.001, 'params': 241, 'time_iter': 3.1216, 'accuracy': 100.0}
train: {'epoch': 46, 'eta': 15347.8136, 'loss': 0.4808, 'lr': 0.001, 'params': 241, 'time_iter': 3.1551, 'accuracy': 100.0}
train: {'epoch': 47, 'eta': 15029.3457, 'loss': 0.481, 'lr': 0.001, 'params': 241, 'time_iter': 2.7387, 'accuracy': 100.0}
train: {'epoch': 48, 'eta': 14707.5715, 'loss': 0.4809, 'lr': 0.001, 'params': 241, 'time_iter': 2.6829, 'accuracy': 100.0}
val: {'epoch': 49, 'loss': 0.4858, 'lr': 0.001, 'params': 241, 'time_iter': 3.259, 'accuracy': 100.0}
train: {'epoch': 49, 'eta': 14420.6247, 'loss': 0.4808, 'lr': 0.001, 'params': 241, 'time_iter': 3.019, 'accuracy': 100.0}
train: {'epoch': 50, 'eta': 14140.4728, 'loss': 0.4806, 'lr': 0.001, 'params': 241, 'time_iter': 3.0939, 'accuracy': 100.0}
train: {'epoch': 51, 'eta': 13861.405, 'loss': 0.4808, 'lr': 0.001, 'params': 241, 'time_iter': 3.1134, 'accuracy': 100.0}
train: {'epoch': 52, 'eta': 13581.5133, 'loss': 0.4808, 'lr': 0.001, 'params': 241, 'time_iter': 3.1125, 'accuracy': 100.0}
train: {'epoch': 53, 'eta': 13296.4587, 'loss': 0.4806, 'lr': 0.001, 'params': 241, 'time_iter': 3.0579, 'accuracy': 100.0}
train: {'epoch': 54, 'eta': 13010.8354, 'loss': 0.4806, 'lr': 0.001, 'params': 241, 'time_iter': 3.0546, 'accuracy': 100.0}
train: {'epoch': 55, 'eta': 12729.5474, 'loss': 0.4805, 'lr': 0.001, 'params': 241, 'time_iter': 3.1157, 'accuracy': 100.0}
train: {'epoch': 56, 'eta': 12449.7274, 'loss': 0.4808, 'lr': 0.001, 'params': 241, 'time_iter': 3.1446, 'accuracy': 100.0}
train: {'epoch': 57, 'eta': 12163.0659, 'loss': 0.4805, 'lr': 0.001, 'params': 241, 'time_iter': 3.0572, 'accuracy': 100.0}
train: {'epoch': 58, 'eta': 11873.2091, 'loss': 0.4803, 'lr': 0.001, 'params': 241, 'time_iter': 3.0127, 'accuracy': 100.0}
val: {'epoch': 59, 'loss': 0.4854, 'lr': 0.001, 'params': 241, 'time_iter': 3.2518, 'accuracy': 100.0}
train: {'epoch': 59, 'eta': 11584.4581, 'loss': 0.4805, 'lr': 0.001, 'params': 241, 'time_iter': 3.0297, 'accuracy': 100.0}
train: {'epoch': 60, 'eta': 11299.0952, 'loss': 0.4804, 'lr': 0.001, 'params': 241, 'time_iter': 3.086, 'accuracy': 100.0}
train: {'epoch': 61, 'eta': 11009.3968, 'loss': 0.4805, 'lr': 0.001, 'params': 241, 'time_iter': 3.0183, 'accuracy': 100.0}
train: {'epoch': 62, 'eta': 10724.2093, 'loss': 0.4805, 'lr': 0.001, 'params': 241, 'time_iter': 3.0983, 'accuracy': 100.0}
train: {'epoch': 63, 'eta': 10436.5129, 'loss': 0.4804, 'lr': 0.001, 'params': 241, 'time_iter': 3.059, 'accuracy': 100.0}
train: {'epoch': 64, 'eta': 10147.5577, 'loss': 0.4803, 'lr': 0.001, 'params': 241, 'time_iter': 3.0382, 'accuracy': 100.0}
train: {'epoch': 65, 'eta': 9858.7948, 'loss': 0.4805, 'lr': 0.001, 'params': 241, 'time_iter': 3.0437, 'accuracy': 100.0}
train: {'epoch': 66, 'eta': 9573.843, 'loss': 0.4805, 'lr': 0.001, 'params': 241, 'time_iter': 3.1265, 'accuracy': 100.0}
train: {'epoch': 67, 'eta': 9285.4783, 'loss': 0.4805, 'lr': 0.001, 'params': 241, 'time_iter': 3.0608, 'accuracy': 100.0}
train: {'epoch': 68, 'eta': 8982.6132, 'loss': 0.4803, 'lr': 0.001, 'params': 241, 'time_iter': 2.7283, 'accuracy': 100.0}
val: {'epoch': 69, 'loss': 0.4852, 'lr': 0.001, 'params': 241, 'time_iter': 3.2607, 'accuracy': 100.0}
train: {'epoch': 69, 'eta': 8679.1174, 'loss': 0.4805, 'lr': 0.001, 'params': 241, 'time_iter': 2.6845, 'accuracy': 100.0}
train: {'epoch': 70, 'eta': 8394.6578, 'loss': 0.4804, 'lr': 0.001, 'params': 241, 'time_iter': 3.1371, 'accuracy': 100.0}
train: {'epoch': 71, 'eta': 8104.4874, 'loss': 0.4802, 'lr': 0.001, 'params': 241, 'time_iter': 2.9966, 'accuracy': 100.0}
train: {'epoch': 72, 'eta': 7819.8178, 'loss': 0.4804, 'lr': 0.001, 'params': 241, 'time_iter': 3.1496, 'accuracy': 100.0}
train: {'epoch': 73, 'eta': 7529.229, 'loss': 0.4804, 'lr': 0.001, 'params': 241, 'time_iter': 2.9883, 'accuracy': 100.0}
train: {'epoch': 74, 'eta': 7242.8794, 'loss': 0.4804, 'lr': 0.001, 'params': 241, 'time_iter': 3.1176, 'accuracy': 100.0}
train: {'epoch': 75, 'eta': 6953.7956, 'loss': 0.4805, 'lr': 0.001, 'params': 241, 'time_iter': 3.0387, 'accuracy': 100.0}
train: {'epoch': 76, 'eta': 6664.7784, 'loss': 0.4806, 'lr': 0.001, 'params': 241, 'time_iter': 3.0434, 'accuracy': 100.0}
train: {'epoch': 77, 'eta': 6374.6982, 'loss': 0.4804, 'lr': 0.001, 'params': 241, 'time_iter': 3.0071, 'accuracy': 100.0}
train: {'epoch': 78, 'eta': 6084.7495, 'loss': 0.4804, 'lr': 0.001, 'params': 241, 'time_iter': 3.0109, 'accuracy': 100.0}
val: {'epoch': 79, 'loss': 0.4851, 'lr': 0.001, 'params': 241, 'time_iter': 3.2516, 'accuracy': 100.0}
train: {'epoch': 79, 'eta': 5796.235, 'loss': 0.4803, 'lr': 0.001, 'params': 241, 'time_iter': 3.0697, 'accuracy': 100.0}
train: {'epoch': 80, 'eta': 5507.42, 'loss': 0.4805, 'lr': 0.001, 'params': 241, 'time_iter': 3.0631, 'accuracy': 100.0}
train: {'epoch': 81, 'eta': 5218.0212, 'loss': 0.4803, 'lr': 0.001, 'params': 241, 'time_iter': 3.0415, 'accuracy': 100.0}
train: {'epoch': 82, 'eta': 4927.7789, 'loss': 0.4803, 'lr': 0.001, 'params': 241, 'time_iter': 3.0018, 'accuracy': 100.0}
train: {'epoch': 83, 'eta': 4637.9553, 'loss': 0.4801, 'lr': 0.001, 'params': 241, 'time_iter': 3.022, 'accuracy': 100.0}
train: {'epoch': 84, 'eta': 4348.1063, 'loss': 0.4802, 'lr': 0.001, 'params': 241, 'time_iter': 3.0209, 'accuracy': 100.0}
train: {'epoch': 85, 'eta': 4059.1808, 'loss': 0.4802, 'lr': 0.001, 'params': 241, 'time_iter': 3.0802, 'accuracy': 100.0}
train: {'epoch': 86, 'eta': 3769.6565, 'loss': 0.4801, 'lr': 0.001, 'params': 241, 'time_iter': 3.0493, 'accuracy': 100.0}
train: {'epoch': 87, 'eta': 3480.3972, 'loss': 0.4802, 'lr': 0.001, 'params': 241, 'time_iter': 3.0751, 'accuracy': 100.0}
train: {'epoch': 88, 'eta': 3190.755, 'loss': 0.4802, 'lr': 0.001, 'params': 241, 'time_iter': 3.0541, 'accuracy': 100.0}
val: {'epoch': 89, 'loss': 0.4855, 'lr': 0.001, 'params': 241, 'time_iter': 3.4181, 'accuracy': 100.0}
train: {'epoch': 89, 'eta': 2901.3343, 'loss': 0.4802, 'lr': 0.001, 'params': 241, 'time_iter': 3.0823, 'accuracy': 100.0}
train: {'epoch': 90, 'eta': 2611.5314, 'loss': 0.4801, 'lr': 0.001, 'params': 241, 'time_iter': 3.057, 'accuracy': 100.0}
train: {'epoch': 91, 'eta': 2321.4113, 'loss': 0.48, 'lr': 0.001, 'params': 241, 'time_iter': 3.0286, 'accuracy': 100.0}
train: {'epoch': 92, 'eta': 2031.2701, 'loss': 0.4801, 'lr': 0.001, 'params': 241, 'time_iter': 3.0275, 'accuracy': 100.0}
train: {'epoch': 93, 'eta': 1741.2474, 'loss': 0.4803, 'lr': 0.001, 'params': 241, 'time_iter': 3.0486, 'accuracy': 100.0}
train: {'epoch': 94, 'eta': 1451.2997, 'loss': 0.4801, 'lr': 0.001, 'params': 241, 'time_iter': 3.0745, 'accuracy': 100.0}
train: {'epoch': 95, 'eta': 1161.1603, 'loss': 0.4802, 'lr': 0.001, 'params': 241, 'time_iter': 3.0537, 'accuracy': 100.0}
train: {'epoch': 96, 'eta': 870.926, 'loss': 0.4801, 'lr': 0.001, 'params': 241, 'time_iter': 3.0427, 'accuracy': 100.0}
train: {'epoch': 97, 'eta': 580.5331, 'loss': 0.4799, 'lr': 0.001, 'params': 241, 'time_iter': 2.9811, 'accuracy': 100.0}
train: {'epoch': 98, 'eta': 290.3109, 'loss': 0.4802, 'lr': 0.001, 'params': 241, 'time_iter': 3.0694, 'accuracy': 100.0}
val: {'epoch': 99, 'loss': 0.4856, 'lr': 0.001, 'params': 241, 'time_iter': 3.2496, 'accuracy': 100.0}
train: {'epoch': 99, 'eta': 0.0, 'loss': 0.4803, 'lr': 0.001, 'params': 241, 'time_iter': 3.0148, 'accuracy': 100.0}
test: {'epoch': 100, 'loss': 0.4755, 'lr': 0.001, 'params': 241, 'time_iter': 3.2534, 'accuracy': 100.0}
