Created a temporary directory at /var/folders/xs/_jggb8_n03q3bxbybznls2w1q5_5xx/T/tmpllgnspzx
Writing /var/folders/xs/_jggb8_n03q3bxbybznls2w1q5_5xx/T/tmpllgnspzx/_remote_module_non_scriptable.py
GraphsageGraphGymModule(
  (model): GNN(
    (encoder): FeatureEncoder()
    (pre_mp): GeneralMultiLayer(
      (Layer_0): GeneralLayer(
        (layer): Linear(
          (model): Linear(2, 10, bias=True)
        )
        (post_layer): Sequential(
          (0): ReLU()
        )
      )
    )
    (mp): GNNStackStage(
      (layer0): GeneralLayer(
        (layer): SAGEConv(
          (model): SAGEConv(10, 10, aggr=mean)
        )
        (post_layer): Sequential(
          (0): ReLU()
        )
      )
    )
    (post_mp): ExampleNodeHead(
      (layer_post_mp): MLP(
        (model): Sequential(
          (0): Linear(
            (model): Linear(10, 1, bias=True)
          )
        )
      )
    )
  )
)
accelerator: cpu
benchmark: False
bn:
  eps: 1e-05
  mom: 0.1
cfg_dest: config.yaml
custom_metrics: []
dataset:
  cache_load: False
  cache_save: False
  dir: ../data/single
  edge_dim: 128
  edge_encoder: False
  edge_encoder_bn: True
  edge_encoder_name: Bond
  edge_message_ratio: 0.8
  edge_negative_sampling_ratio: 1.0
  edge_train_mode: all
  encoder: False
  encoder_bn: True
  encoder_dim: 128
  encoder_name: db
  format: PyG
  label_column: None
  label_table: none
  location: local
  name: protein
  node_encoder: False
  node_encoder_bn: True
  node_encoder_name: Atom
  numeric_columns: ['protein_probability', 'mRNA_TPM']
  rebuild: True
  remove_feature: False
  resample_disjoint: False
  resample_negative: False
  shuffle_split: True
  split: [0.6, 0.2, 0.2]
  split_mode: random
  task: node
  task_type: classification
  to_undirected: False
  transductive: False
  transform: none
  tu_simple: True
devices: None
gnn:
  act: relu
  agg: add
  att_final_linear: False
  att_final_linear_bn: False
  att_heads: 1
  batchnorm: False
  clear_feature: True
  dim_inner: 10
  dropout: 0.0
  head: protein
  keep_edge: 0.5
  l2norm: True
  layer_type: sageconv
  layers_mp: 1
  layers_post_mp: 1
  layers_pre_mp: 1
  msg_direction: single
  normalize_adj: False
  self_msg: concat
  skip_every: 1
  stage_type: skipsum
gpu_mem: False
mem:
  inplace: False
metric_agg: argmax
metric_best: auc
model:
  edge_decoding: dot
  graph_pooling: add
  loss_fun: binary_cross_entropy_with_weight
  match_upper: True
  size_average: mean
  thresh: 0.5
  type: gnn
num_threads: 6
num_workers: 8
optim:
  base_lr: 0.001
  lr_decay: 0.1
  max_epoch: 200
  momentum: 0.9
  optimizer: adam
  scheduler: none
  steps: [30, 60, 90]
  weight_decay: 0.0005
out_dir: results/gastric-graphsage
print: both
round: 4
run_dir: results/gastric-graphsage/0
seed: 1
share:
  dim_in: 2
  dim_out: 2
  num_splits: 3
tensorboard_agg: True
tensorboard_each_run: False
train:
  auto_resume: False
  batch_size: 128
  ckpt_clean: False
  ckpt_period: 10
  enable_ckpt: True
  epoch_resume: 0
  eval_period: 10
  grape_pi: graphsage
  iter_per_epoch: 32
  loss_pos_weight: 0.24048399294176964
  neighbor_sizes: [20, 10, 5]
  node_per_graph: 32
  radius: extend
  sample_node: False
  sampler: neighbor
  skip_train_eval: False
  walk_length: 4
val:
  node_per_graph: 32
  radius: extend
  sample_node: False
  sampler: full_batch
view_emb: False
Num parameters: 251
val: {'epoch': 0, 'loss': 0.1785, 'lr': 0.001, 'params': 251, 'time_iter': 4.0247, 'accuracy': 0.9268, 'precision': 0.9268, 'recall': 1.0, 'specificity': 0.0, 'f1': 0.962, 'auc': 0.7807}
train: {'epoch': 0, 'eta': 18784.8473, 'loss': 0.275, 'lr': 0.001, 'params': 251, 'time_iter': 3.9332, 'accuracy': 0.7978, 'precision': 0.7978, 'recall': 1.0, 'specificity': 0.0, 'f1': 0.8875, 'auc': 0.7626}
train: {'epoch': 1, 'eta': 19017.9162, 'loss': 0.269, 'lr': 0.001, 'params': 251, 'time_iter': 4.071, 'accuracy': 0.7978, 'precision': 0.7978, 'recall': 1.0, 'specificity': 0.0, 'f1': 0.8875, 'auc': 0.8445}
train: {'epoch': 2, 'eta': 19141.8115, 'loss': 0.264, 'lr': 0.001, 'params': 251, 'time_iter': 4.1416, 'accuracy': 0.8154, 'precision': 0.8132, 'recall': 0.9979, 'specificity': 0.0955, 'f1': 0.8961, 'auc': 0.8576}
train: {'epoch': 3, 'eta': 19082.281, 'loss': 0.259, 'lr': 0.001, 'params': 251, 'time_iter': 4.0806, 'accuracy': 0.8615, 'precision': 0.8637, 'recall': 0.9813, 'specificity': 0.3886, 'f1': 0.9187, 'auc': 0.8522}
train: {'epoch': 4, 'eta': 18953.8386, 'loss': 0.2525, 'lr': 0.001, 'params': 251, 'time_iter': 4.0234, 'accuracy': 0.8666, 'precision': 0.8799, 'recall': 0.9643, 'specificity': 0.4807, 'f1': 0.9202, 'auc': 0.8525}
train: {'epoch': 5, 'eta': 18856.1968, 'loss': 0.2446, 'lr': 0.001, 'params': 251, 'time_iter': 4.0494, 'accuracy': 0.8622, 'precision': 0.8903, 'recall': 0.9435, 'specificity': 0.541, 'f1': 0.9161, 'auc': 0.8596}
train: {'epoch': 6, 'eta': 18783.1424, 'loss': 0.236, 'lr': 0.001, 'params': 251, 'time_iter': 4.0864, 'accuracy': 0.8524, 'precision': 0.9013, 'recall': 0.9151, 'specificity': 0.6047, 'f1': 0.9082, 'auc': 0.8756}
train: {'epoch': 7, 'eta': 18740.8519, 'loss': 0.228, 'lr': 0.001, 'params': 251, 'time_iter': 4.1506, 'accuracy': 0.7928, 'precision': 0.9351, 'recall': 0.7954, 'specificity': 0.7822, 'f1': 0.8596, 'auc': 0.8853}
train: {'epoch': 8, 'eta': 18694.6842, 'loss': 0.2221, 'lr': 0.001, 'params': 251, 'time_iter': 4.168, 'accuracy': 0.8073, 'precision': 0.9356, 'recall': 0.8145, 'specificity': 0.7789, 'f1': 0.8709, 'auc': 0.8919}
val: {'epoch': 9, 'loss': 0.207, 'lr': 0.001, 'params': 251, 'time_iter': 2.8937, 'accuracy': 0.7886, 'precision': 0.9491, 'recall': 0.7847, 'specificity': 0.8068, 'f1': 0.8591, 'auc': 0.8865}
train: {'epoch': 9, 'eta': 18669.1323, 'loss': 0.2177, 'lr': 0.001, 'params': 251, 'time_iter': 4.2369, 'accuracy': 0.8053, 'precision': 0.9433, 'recall': 0.8043, 'specificity': 0.809, 'f1': 0.8683, 'auc': 0.8944}
train: {'epoch': 10, 'eta': 18643.2396, 'loss': 0.2137, 'lr': 0.001, 'params': 251, 'time_iter': 4.2696, 'accuracy': 0.7819, 'precision': 0.9477, 'recall': 0.7691, 'specificity': 0.8325, 'f1': 0.8491, 'auc': 0.8963}
train: {'epoch': 11, 'eta': 18537.0644, 'loss': 0.2105, 'lr': 0.001, 'params': 251, 'time_iter': 4.09, 'accuracy': 0.7806, 'precision': 0.9471, 'recall': 0.7678, 'specificity': 0.8308, 'f1': 0.8481, 'auc': 0.8954}
train: {'epoch': 12, 'eta': 18447.7794, 'loss': 0.2066, 'lr': 0.001, 'params': 251, 'time_iter': 4.1354, 'accuracy': 0.7772, 'precision': 0.9569, 'recall': 0.7547, 'specificity': 0.866, 'f1': 0.8439, 'auc': 0.8949}
train: {'epoch': 13, 'eta': 18392.1358, 'loss': 0.2039, 'lr': 0.001, 'params': 251, 'time_iter': 4.2453, 'accuracy': 0.7768, 'precision': 0.9569, 'recall': 0.7542, 'specificity': 0.866, 'f1': 0.8436, 'auc': 0.8972}
train: {'epoch': 14, 'eta': 18289.9719, 'loss': 0.201, 'lr': 0.001, 'params': 251, 'time_iter': 4.109, 'accuracy': 0.7643, 'precision': 0.957, 'recall': 0.7377, 'specificity': 0.8693, 'f1': 0.8332, 'auc': 0.8969}
train: {'epoch': 15, 'eta': 18224.6124, 'loss': 0.1987, 'lr': 0.001, 'params': 251, 'time_iter': 4.2408, 'accuracy': 0.7525, 'precision': 0.9662, 'recall': 0.7148, 'specificity': 0.9012, 'f1': 0.8217, 'auc': 0.898}
train: {'epoch': 16, 'eta': 18126.0798, 'loss': 0.1975, 'lr': 0.001, 'params': 251, 'time_iter': 4.1289, 'accuracy': 0.7911, 'precision': 0.947, 'recall': 0.7818, 'specificity': 0.8275, 'f1': 0.8565, 'auc': 0.8974}
train: {'epoch': 17, 'eta': 18032.048, 'loss': 0.1947, 'lr': 0.001, 'params': 251, 'time_iter': 4.1477, 'accuracy': 0.7772, 'precision': 0.9555, 'recall': 0.7559, 'specificity': 0.861, 'f1': 0.8441, 'auc': 0.8975}
train: {'epoch': 18, 'eta': 17946.4928, 'loss': 0.1922, 'lr': 0.001, 'params': 251, 'time_iter': 4.1874, 'accuracy': 0.766, 'precision': 0.9607, 'recall': 0.7368, 'specificity': 0.8811, 'f1': 0.834, 'auc': 0.8986}
val: {'epoch': 19, 'loss': 0.184, 'lr': 0.001, 'params': 251, 'time_iter': 2.8781, 'accuracy': 0.7754, 'precision': 0.9622, 'recall': 0.7562, 'specificity': 0.8636, 'f1': 0.8468, 'auc': 0.8928}
train: {'epoch': 19, 'eta': 17851.3854, 'loss': 0.1899, 'lr': 0.001, 'params': 251, 'time_iter': 4.1501, 'accuracy': 0.7643, 'precision': 0.9668, 'recall': 0.7296, 'specificity': 0.9012, 'f1': 0.8316, 'auc': 0.8975}
train: {'epoch': 20, 'eta': 17773.2833, 'loss': 0.1884, 'lr': 0.001, 'params': 251, 'time_iter': 4.2353, 'accuracy': 0.7829, 'precision': 0.9568, 'recall': 0.7623, 'specificity': 0.8643, 'f1': 0.8486, 'auc': 0.8985}
train: {'epoch': 21, 'eta': 17686.4598, 'loss': 0.1873, 'lr': 0.001, 'params': 251, 'time_iter': 4.2014, 'accuracy': 0.7968, 'precision': 0.9484, 'recall': 0.7882, 'specificity': 0.8308, 'f1': 0.8609, 'auc': 0.8983}
train: {'epoch': 22, 'eta': 17616.886, 'loss': 0.1849, 'lr': 0.001, 'params': 251, 'time_iter': 4.3014, 'accuracy': 0.7745, 'precision': 0.9607, 'recall': 0.7479, 'specificity': 0.8794, 'f1': 0.8411, 'auc': 0.8996}
train: {'epoch': 23, 'eta': 17519.3135, 'loss': 0.184, 'lr': 0.001, 'params': 251, 'time_iter': 4.1582, 'accuracy': 0.7779, 'precision': 0.956, 'recall': 0.7564, 'specificity': 0.8626, 'f1': 0.8445, 'auc': 0.8989}
train: {'epoch': 24, 'eta': 17423.5201, 'loss': 0.1834, 'lr': 0.001, 'params': 251, 'time_iter': 4.1699, 'accuracy': 0.7602, 'precision': 0.9593, 'recall': 0.7305, 'specificity': 0.8777, 'f1': 0.8294, 'auc': 0.8987}
train: {'epoch': 25, 'eta': 17325.8628, 'loss': 0.1813, 'lr': 0.001, 'params': 251, 'time_iter': 4.1603, 'accuracy': 0.7823, 'precision': 0.9602, 'recall': 0.7585, 'specificity': 0.876, 'f1': 0.8475, 'auc': 0.8998}
train: {'epoch': 26, 'eta': 17225.2086, 'loss': 0.1809, 'lr': 0.001, 'params': 251, 'time_iter': 4.1419, 'accuracy': 0.8002, 'precision': 0.9473, 'recall': 0.7937, 'specificity': 0.8258, 'f1': 0.8637, 'auc': 0.8993}
train: {'epoch': 27, 'eta': 17140.4213, 'loss': 0.179, 'lr': 0.001, 'params': 251, 'time_iter': 4.2489, 'accuracy': 0.7795, 'precision': 0.9626, 'recall': 0.753, 'specificity': 0.8844, 'f1': 0.845, 'auc': 0.9}
train: {'epoch': 28, 'eta': 17046.6897, 'loss': 0.1779, 'lr': 0.001, 'params': 251, 'time_iter': 4.1941, 'accuracy': 0.7887, 'precision': 0.9529, 'recall': 0.7733, 'specificity': 0.8492, 'f1': 0.8538, 'auc': 0.9007}
val: {'epoch': 29, 'loss': 0.1744, 'lr': 0.001, 'params': 251, 'time_iter': 2.8809, 'accuracy': 0.7459, 'precision': 0.9604, 'recall': 0.7203, 'specificity': 0.8636, 'f1': 0.8232, 'auc': 0.892}
train: {'epoch': 29, 'eta': 16974.8736, 'loss': 0.1771, 'lr': 0.001, 'params': 251, 'time_iter': 4.3586, 'accuracy': 0.7853, 'precision': 0.958, 'recall': 0.7644, 'specificity': 0.8677, 'f1': 0.8503, 'auc': 0.8993}
train: {'epoch': 30, 'eta': 16867.4995, 'loss': 0.1758, 'lr': 0.001, 'params': 251, 'time_iter': 4.103, 'accuracy': 0.7839, 'precision': 0.9569, 'recall': 0.7636, 'specificity': 0.8643, 'f1': 0.8494, 'auc': 0.8987}
train: {'epoch': 31, 'eta': 16757.6484, 'loss': 0.1753, 'lr': 0.001, 'params': 251, 'time_iter': 4.0789, 'accuracy': 0.7735, 'precision': 0.9653, 'recall': 0.7428, 'specificity': 0.8945, 'f1': 0.8395, 'auc': 0.8992}
train: {'epoch': 32, 'eta': 16648.4087, 'loss': 0.1757, 'lr': 0.001, 'params': 251, 'time_iter': 4.078, 'accuracy': 0.7765, 'precision': 0.9569, 'recall': 0.7538, 'specificity': 0.866, 'f1': 0.8433, 'auc': 0.8981}
train: {'epoch': 33, 'eta': 16563.1123, 'loss': 0.1743, 'lr': 0.001, 'params': 251, 'time_iter': 4.2766, 'accuracy': 0.7785, 'precision': 0.9585, 'recall': 0.7551, 'specificity': 0.871, 'f1': 0.8447, 'auc': 0.8984}
train: {'epoch': 34, 'eta': 16476.3985, 'loss': 0.1727, 'lr': 0.001, 'params': 251, 'time_iter': 4.2729, 'accuracy': 0.7846, 'precision': 0.9565, 'recall': 0.7649, 'specificity': 0.8626, 'f1': 0.85, 'auc': 0.901}
train: {'epoch': 35, 'eta': 16390.7035, 'loss': 0.1725, 'lr': 0.001, 'params': 251, 'time_iter': 4.2902, 'accuracy': 0.789, 'precision': 0.9501, 'recall': 0.7763, 'specificity': 0.8392, 'f1': 0.8545, 'auc': 0.8996}
train: {'epoch': 36, 'eta': 16289.3678, 'loss': 0.1722, 'lr': 0.001, 'params': 251, 'time_iter': 4.1511, 'accuracy': 0.7613, 'precision': 0.9614, 'recall': 0.7301, 'specificity': 0.8844, 'f1': 0.8299, 'auc': 0.8989}
train: {'epoch': 37, 'eta': 16204.8604, 'loss': 0.1711, 'lr': 0.001, 'params': 251, 'time_iter': 4.3147, 'accuracy': 0.7951, 'precision': 0.9577, 'recall': 0.7776, 'specificity': 0.8643, 'f1': 0.8583, 'auc': 0.9}
train: {'epoch': 38, 'eta': 16106.3398, 'loss': 0.1706, 'lr': 0.001, 'params': 251, 'time_iter': 4.1832, 'accuracy': 0.7765, 'precision': 0.9614, 'recall': 0.75, 'specificity': 0.8811, 'f1': 0.8426, 'auc': 0.9002}
val: {'epoch': 39, 'loss': 0.1663, 'lr': 0.001, 'params': 251, 'time_iter': 2.9145, 'accuracy': 0.7947, 'precision': 0.9563, 'recall': 0.7859, 'specificity': 0.8352, 'f1': 0.8628, 'auc': 0.8942}
train: {'epoch': 39, 'eta': 16006.7046, 'loss': 0.1699, 'lr': 0.001, 'params': 251, 'time_iter': 4.1725, 'accuracy': 0.7816, 'precision': 0.9647, 'recall': 0.7538, 'specificity': 0.8911, 'f1': 0.8463, 'auc': 0.9007}
train: {'epoch': 40, 'eta': 15910.8206, 'loss': 0.1695, 'lr': 0.001, 'params': 251, 'time_iter': 4.2131, 'accuracy': 0.8019, 'precision': 0.9529, 'recall': 0.7907, 'specificity': 0.8459, 'f1': 0.8643, 'auc': 0.9019}
train: {'epoch': 41, 'eta': 15797.0537, 'loss': 0.17, 'lr': 0.001, 'params': 251, 'time_iter': 4.0178, 'accuracy': 0.7867, 'precision': 0.9576, 'recall': 0.7666, 'specificity': 0.866, 'f1': 0.8515, 'auc': 0.8994}
train: {'epoch': 42, 'eta': 15709.619, 'loss': 0.1687, 'lr': 0.001, 'params': 251, 'time_iter': 4.3091, 'accuracy': 0.7948, 'precision': 0.9576, 'recall': 0.7772, 'specificity': 0.8643, 'f1': 0.858, 'auc': 0.902}
train: {'epoch': 43, 'eta': 15606.73, 'loss': 0.1679, 'lr': 0.001, 'params': 251, 'time_iter': 4.136, 'accuracy': 0.7701, 'precision': 0.964, 'recall': 0.7394, 'specificity': 0.8911, 'f1': 0.8369, 'auc': 0.9023}
train: {'epoch': 44, 'eta': 15503.6754, 'loss': 0.1672, 'lr': 0.001, 'params': 251, 'time_iter': 4.132, 'accuracy': 0.7877, 'precision': 0.9576, 'recall': 0.7678, 'specificity': 0.866, 'f1': 0.8523, 'auc': 0.9023}
train: {'epoch': 45, 'eta': 15403.0861, 'loss': 0.1663, 'lr': 0.001, 'params': 251, 'time_iter': 4.1606, 'accuracy': 0.7941, 'precision': 0.959, 'recall': 0.775, 'specificity': 0.8693, 'f1': 0.8573, 'auc': 0.9032}
train: {'epoch': 46, 'eta': 15299.2499, 'loss': 0.1661, 'lr': 0.001, 'params': 251, 'time_iter': 4.1187, 'accuracy': 0.7941, 'precision': 0.9581, 'recall': 0.7759, 'specificity': 0.866, 'f1': 0.8574, 'auc': 0.9016}
train: {'epoch': 47, 'eta': 15197.0491, 'loss': 0.1663, 'lr': 0.001, 'params': 251, 'time_iter': 4.1374, 'accuracy': 0.7914, 'precision': 0.9574, 'recall': 0.7729, 'specificity': 0.8643, 'f1': 0.8553, 'auc': 0.9024}
train: {'epoch': 48, 'eta': 15097.7391, 'loss': 0.1655, 'lr': 0.001, 'params': 251, 'time_iter': 4.1749, 'accuracy': 0.7823, 'precision': 0.9607, 'recall': 0.7581, 'specificity': 0.8777, 'f1': 0.8474, 'auc': 0.9026}
val: {'epoch': 49, 'loss': 0.1625, 'lr': 0.001, 'params': 251, 'time_iter': 2.8791, 'accuracy': 0.7764, 'precision': 0.9623, 'recall': 0.7574, 'specificity': 0.8636, 'f1': 0.8476, 'auc': 0.8929}
train: {'epoch': 49, 'eta': 14994.7792, 'loss': 0.1659, 'lr': 0.001, 'params': 251, 'time_iter': 4.1247, 'accuracy': 0.7701, 'precision': 0.9645, 'recall': 0.739, 'specificity': 0.8928, 'f1': 0.8368, 'auc': 0.9012}
train: {'epoch': 50, 'eta': 14890.8364, 'loss': 0.1659, 'lr': 0.001, 'params': 251, 'time_iter': 4.1085, 'accuracy': 0.806, 'precision': 0.9523, 'recall': 0.7967, 'specificity': 0.8425, 'f1': 0.8676, 'auc': 0.9018}
train: {'epoch': 51, 'eta': 14791.3488, 'loss': 0.164, 'lr': 0.001, 'params': 251, 'time_iter': 4.1707, 'accuracy': 0.7687, 'precision': 0.9634, 'recall': 0.7381, 'specificity': 0.8894, 'f1': 0.8359, 'auc': 0.9031}
train: {'epoch': 52, 'eta': 14688.4019, 'loss': 0.1667, 'lr': 0.001, 'params': 251, 'time_iter': 4.1191, 'accuracy': 0.7917, 'precision': 0.956, 'recall': 0.7746, 'specificity': 0.8593, 'f1': 0.8558, 'auc': 0.8997}
train: {'epoch': 53, 'eta': 14591.8182, 'loss': 0.165, 'lr': 0.001, 'params': 251, 'time_iter': 4.2148, 'accuracy': 0.788, 'precision': 0.9572, 'recall': 0.7687, 'specificity': 0.8643, 'f1': 0.8526, 'auc': 0.9011}
train: {'epoch': 54, 'eta': 14493.2492, 'loss': 0.1639, 'lr': 0.001, 'params': 251, 'time_iter': 4.1861, 'accuracy': 0.7755, 'precision': 0.9603, 'recall': 0.7496, 'specificity': 0.8777, 'f1': 0.842, 'auc': 0.9022}
train: {'epoch': 55, 'eta': 14392.6551, 'loss': 0.1639, 'lr': 0.001, 'params': 251, 'time_iter': 4.1543, 'accuracy': 0.8019, 'precision': 0.9502, 'recall': 0.7933, 'specificity': 0.8358, 'f1': 0.8647, 'auc': 0.9028}
train: {'epoch': 56, 'eta': 14287.9135, 'loss': 0.1632, 'lr': 0.001, 'params': 251, 'time_iter': 4.0849, 'accuracy': 0.7951, 'precision': 0.9548, 'recall': 0.7801, 'specificity': 0.8543, 'f1': 0.8587, 'auc': 0.9029}
train: {'epoch': 57, 'eta': 14182.4753, 'loss': 0.161, 'lr': 0.001, 'params': 251, 'time_iter': 4.0692, 'accuracy': 0.7884, 'precision': 0.9636, 'recall': 0.7636, 'specificity': 0.8861, 'f1': 0.852, 'auc': 0.9059}
train: {'epoch': 58, 'eta': 14075.8762, 'loss': 0.1628, 'lr': 0.001, 'params': 251, 'time_iter': 4.0443, 'accuracy': 0.7884, 'precision': 0.9582, 'recall': 0.7683, 'specificity': 0.8677, 'f1': 0.8528, 'auc': 0.9042}
val: {'epoch': 59, 'loss': 0.16, 'lr': 0.001, 'params': 251, 'time_iter': 2.8484, 'accuracy': 0.7673, 'precision': 0.9692, 'recall': 0.7401, 'specificity': 0.892, 'f1': 0.8393, 'auc': 0.8984}
train: {'epoch': 59, 'eta': 13973.7011, 'loss': 0.1612, 'lr': 0.001, 'params': 251, 'time_iter': 4.1176, 'accuracy': 0.8049, 'precision': 0.9522, 'recall': 0.7954, 'specificity': 0.8425, 'f1': 0.8668, 'auc': 0.9062}
train: {'epoch': 60, 'eta': 13875.5174, 'loss': 0.1621, 'lr': 0.001, 'params': 251, 'time_iter': 4.1886, 'accuracy': 0.7914, 'precision': 0.955, 'recall': 0.775, 'specificity': 0.8559, 'f1': 0.8557, 'auc': 0.9037}
train: {'epoch': 61, 'eta': 13776.2004, 'loss': 0.1633, 'lr': 0.001, 'params': 251, 'time_iter': 4.1688, 'accuracy': 0.7877, 'precision': 0.9552, 'recall': 0.7699, 'specificity': 0.8576, 'f1': 0.8526, 'auc': 0.9027}
train: {'epoch': 62, 'eta': 13676.5082, 'loss': 0.1616, 'lr': 0.001, 'params': 251, 'time_iter': 4.1621, 'accuracy': 0.7941, 'precision': 0.9566, 'recall': 0.7772, 'specificity': 0.861, 'f1': 0.8576, 'auc': 0.9041}
train: {'epoch': 63, 'eta': 13576.7002, 'loss': 0.1613, 'lr': 0.001, 'params': 251, 'time_iter': 4.1599, 'accuracy': 0.7853, 'precision': 0.9594, 'recall': 0.7632, 'specificity': 0.8727, 'f1': 0.8501, 'auc': 0.905}
train: {'epoch': 64, 'eta': 13476.7132, 'loss': 0.1605, 'lr': 0.001, 'params': 251, 'time_iter': 4.1564, 'accuracy': 0.786, 'precision': 0.9542, 'recall': 0.7687, 'specificity': 0.8543, 'f1': 0.8514, 'auc': 0.9049}
train: {'epoch': 65, 'eta': 13377.994, 'loss': 0.1596, 'lr': 0.001, 'params': 251, 'time_iter': 4.1822, 'accuracy': 0.8026, 'precision': 0.9548, 'recall': 0.7899, 'specificity': 0.8526, 'f1': 0.8646, 'auc': 0.9063}
train: {'epoch': 66, 'eta': 13281.8378, 'loss': 0.1624, 'lr': 0.001, 'params': 251, 'time_iter': 4.2371, 'accuracy': 0.788, 'precision': 0.9567, 'recall': 0.7691, 'specificity': 0.8626, 'f1': 0.8527, 'auc': 0.9023}
train: {'epoch': 67, 'eta': 13184.37, 'loss': 0.1603, 'lr': 0.001, 'params': 251, 'time_iter': 4.2124, 'accuracy': 0.7941, 'precision': 0.9562, 'recall': 0.7776, 'specificity': 0.8593, 'f1': 0.8577, 'auc': 0.9044}
train: {'epoch': 68, 'eta': 13083.7654, 'loss': 0.1596, 'lr': 0.001, 'params': 251, 'time_iter': 4.1459, 'accuracy': 0.7853, 'precision': 0.9556, 'recall': 0.7666, 'specificity': 0.8593, 'f1': 0.8507, 'auc': 0.9055}
val: {'epoch': 69, 'loss': 0.1565, 'lr': 0.001, 'params': 251, 'time_iter': 2.8927, 'accuracy': 0.7754, 'precision': 0.9666, 'recall': 0.7525, 'specificity': 0.8807, 'f1': 0.8462, 'auc': 0.897}
train: {'epoch': 69, 'eta': 12989.9498, 'loss': 0.16, 'lr': 0.001, 'params': 251, 'time_iter': 4.2975, 'accuracy': 0.8093, 'precision': 0.9503, 'recall': 0.8031, 'specificity': 0.8342, 'f1': 0.8705, 'auc': 0.9064}
train: {'epoch': 70, 'eta': 12889.4911, 'loss': 0.1606, 'lr': 0.001, 'params': 251, 'time_iter': 4.1512, 'accuracy': 0.7741, 'precision': 0.9582, 'recall': 0.7496, 'specificity': 0.871, 'f1': 0.8412, 'auc': 0.9028}
train: {'epoch': 71, 'eta': 12789.9797, 'loss': 0.1614, 'lr': 0.001, 'params': 251, 'time_iter': 4.1728, 'accuracy': 0.8137, 'precision': 0.9466, 'recall': 0.8124, 'specificity': 0.8191, 'f1': 0.8744, 'auc': 0.9045}
train: {'epoch': 72, 'eta': 12688.335, 'loss': 0.1593, 'lr': 0.001, 'params': 251, 'time_iter': 4.1221, 'accuracy': 0.7833, 'precision': 0.9593, 'recall': 0.7606, 'specificity': 0.8727, 'f1': 0.8485, 'auc': 0.9043}
train: {'epoch': 73, 'eta': 12590.7396, 'loss': 0.159, 'lr': 0.001, 'params': 251, 'time_iter': 4.2194, 'accuracy': 0.8043, 'precision': 0.9536, 'recall': 0.7933, 'specificity': 0.8476, 'f1': 0.8661, 'auc': 0.9066}
train: {'epoch': 74, 'eta': 12492.0589, 'loss': 0.1604, 'lr': 0.001, 'params': 251, 'time_iter': 4.1948, 'accuracy': 0.7697, 'precision': 0.963, 'recall': 0.7398, 'specificity': 0.8878, 'f1': 0.8368, 'auc': 0.903}
train: {'epoch': 75, 'eta': 12392.4728, 'loss': 0.1587, 'lr': 0.001, 'params': 251, 'time_iter': 4.173, 'accuracy': 0.8124, 'precision': 0.9523, 'recall': 0.8052, 'specificity': 0.8409, 'f1': 0.8726, 'auc': 0.9064}
train: {'epoch': 76, 'eta': 12294.7023, 'loss': 0.1589, 'lr': 0.001, 'params': 251, 'time_iter': 4.2207, 'accuracy': 0.7829, 'precision': 0.9559, 'recall': 0.7632, 'specificity': 0.861, 'f1': 0.8487, 'auc': 0.9048}
train: {'epoch': 77, 'eta': 12195.0005, 'loss': 0.1579, 'lr': 0.001, 'params': 251, 'time_iter': 4.1717, 'accuracy': 0.8002, 'precision': 0.958, 'recall': 0.784, 'specificity': 0.8643, 'f1': 0.8623, 'auc': 0.9068}
train: {'epoch': 78, 'eta': 12096.246, 'loss': 0.157, 'lr': 0.001, 'params': 251, 'time_iter': 4.1977, 'accuracy': 0.8043, 'precision': 0.9568, 'recall': 0.7903, 'specificity': 0.8593, 'f1': 0.8656, 'auc': 0.9075}
val: {'epoch': 79, 'loss': 0.1558, 'lr': 0.001, 'params': 251, 'time_iter': 3.1349, 'accuracy': 0.7917, 'precision': 0.9589, 'recall': 0.7797, 'specificity': 0.8466, 'f1': 0.8601, 'auc': 0.8986}
train: {'epoch': 79, 'eta': 11997.9083, 'loss': 0.1597, 'lr': 0.001, 'params': 251, 'time_iter': 4.2107, 'accuracy': 0.8087, 'precision': 0.9502, 'recall': 0.8022, 'specificity': 0.8342, 'f1': 0.87, 'auc': 0.9033}
train: {'epoch': 80, 'eta': 11900.2198, 'loss': 0.1581, 'lr': 0.001, 'params': 251, 'time_iter': 4.231, 'accuracy': 0.7833, 'precision': 0.9638, 'recall': 0.7568, 'specificity': 0.8878, 'f1': 0.8478, 'auc': 0.9051}
train: {'epoch': 81, 'eta': 11804.2628, 'loss': 0.1576, 'lr': 0.001, 'params': 251, 'time_iter': 4.2839, 'accuracy': 0.789, 'precision': 0.9568, 'recall': 0.7704, 'specificity': 0.8626, 'f1': 0.8535, 'auc': 0.9057}
train: {'epoch': 82, 'eta': 11711.1387, 'loss': 0.1579, 'lr': 0.001, 'params': 251, 'time_iter': 4.3725, 'accuracy': 0.7921, 'precision': 0.9551, 'recall': 0.7759, 'specificity': 0.8559, 'f1': 0.8562, 'auc': 0.9055}
train: {'epoch': 83, 'eta': 11613.7685, 'loss': 0.1578, 'lr': 0.001, 'params': 251, 'time_iter': 4.2529, 'accuracy': 0.7948, 'precision': 0.9534, 'recall': 0.781, 'specificity': 0.8492, 'f1': 0.8586, 'auc': 0.9055}
train: {'epoch': 84, 'eta': 11519.8398, 'loss': 0.1596, 'lr': 0.001, 'params': 251, 'time_iter': 4.3622, 'accuracy': 0.7853, 'precision': 0.9565, 'recall': 0.7657, 'specificity': 0.8626, 'f1': 0.8505, 'auc': 0.903}
train: {'epoch': 85, 'eta': 11419.9057, 'loss': 0.157, 'lr': 0.001, 'params': 251, 'time_iter': 4.1814, 'accuracy': 0.7843, 'precision': 0.9638, 'recall': 0.7581, 'specificity': 0.8878, 'f1': 0.8487, 'auc': 0.9071}
train: {'epoch': 86, 'eta': 11319.6801, 'loss': 0.1572, 'lr': 0.001, 'params': 251, 'time_iter': 4.1723, 'accuracy': 0.8002, 'precision': 0.9524, 'recall': 0.789, 'specificity': 0.8442, 'f1': 0.863, 'auc': 0.9068}
train: {'epoch': 87, 'eta': 11220.0377, 'loss': 0.1564, 'lr': 0.001, 'params': 251, 'time_iter': 4.1913, 'accuracy': 0.7674, 'precision': 0.9665, 'recall': 0.7339, 'specificity': 0.8995, 'f1': 0.8343, 'auc': 0.9062}
train: {'epoch': 88, 'eta': 11122.1762, 'loss': 0.1563, 'lr': 0.001, 'params': 251, 'time_iter': 4.2515, 'accuracy': 0.7995, 'precision': 0.9509, 'recall': 0.7895, 'specificity': 0.8392, 'f1': 0.8627, 'auc': 0.907}
val: {'epoch': 89, 'loss': 0.1534, 'lr': 0.001, 'params': 251, 'time_iter': 2.8023, 'accuracy': 0.7724, 'precision': 0.9635, 'recall': 0.7512, 'specificity': 0.8693, 'f1': 0.8442, 'auc': 0.9008}
train: {'epoch': 89, 'eta': 11022.0755, 'loss': 0.157, 'lr': 0.001, 'params': 251, 'time_iter': 4.1784, 'accuracy': 0.7863, 'precision': 0.9576, 'recall': 0.7661, 'specificity': 0.866, 'f1': 0.8512, 'auc': 0.9058}
train: {'epoch': 90, 'eta': 10926.114, 'loss': 0.1551, 'lr': 0.001, 'params': 251, 'time_iter': 4.3225, 'accuracy': 0.789, 'precision': 0.9631, 'recall': 0.7649, 'specificity': 0.8844, 'f1': 0.8526, 'auc': 0.9083}
train: {'epoch': 91, 'eta': 10823.0607, 'loss': 0.1563, 'lr': 0.001, 'params': 251, 'time_iter': 4.0768, 'accuracy': 0.7809, 'precision': 0.9572, 'recall': 0.7593, 'specificity': 0.866, 'f1': 0.8469, 'auc': 0.9067}
train: {'epoch': 92, 'eta': 10728.5754, 'loss': 0.1551, 'lr': 0.001, 'params': 251, 'time_iter': 4.383, 'accuracy': 0.7999, 'precision': 0.9561, 'recall': 0.7852, 'specificity': 0.8576, 'f1': 0.8623, 'auc': 0.9095}
train: {'epoch': 93, 'eta': 10627.4024, 'loss': 0.1578, 'lr': 0.001, 'params': 251, 'time_iter': 4.1443, 'accuracy': 0.7917, 'precision': 0.9536, 'recall': 0.7767, 'specificity': 0.8509, 'f1': 0.8561, 'auc': 0.904}
train: {'epoch': 94, 'eta': 10527.6488, 'loss': 0.1544, 'lr': 0.001, 'params': 251, 'time_iter': 4.1965, 'accuracy': 0.8036, 'precision': 0.9549, 'recall': 0.7912, 'specificity': 0.8526, 'f1': 0.8654, 'auc': 0.9098}
train: {'epoch': 95, 'eta': 10433.2042, 'loss': 0.155, 'lr': 0.001, 'params': 251, 'time_iter': 4.4014, 'accuracy': 0.7867, 'precision': 0.9615, 'recall': 0.7632, 'specificity': 0.8794, 'f1': 0.8509, 'auc': 0.9078}
train: {'epoch': 96, 'eta': 10332.9274, 'loss': 0.155, 'lr': 0.001, 'params': 251, 'time_iter': 4.1816, 'accuracy': 0.7853, 'precision': 0.9565, 'recall': 0.7657, 'specificity': 0.8626, 'f1': 0.8505, 'auc': 0.9062}
train: {'epoch': 97, 'eta': 10232.3689, 'loss': 0.1547, 'lr': 0.001, 'params': 251, 'time_iter': 4.1704, 'accuracy': 0.788, 'precision': 0.9567, 'recall': 0.7691, 'specificity': 0.8626, 'f1': 0.8527, 'auc': 0.9075}
train: {'epoch': 98, 'eta': 10129.7569, 'loss': 0.1542, 'lr': 0.001, 'params': 251, 'time_iter': 4.0862, 'accuracy': 0.7917, 'precision': 0.9555, 'recall': 0.775, 'specificity': 0.8576, 'f1': 0.8559, 'auc': 0.9089}
val: {'epoch': 99, 'loss': 0.1529, 'lr': 0.001, 'params': 251, 'time_iter': 2.949, 'accuracy': 0.7683, 'precision': 0.9647, 'recall': 0.745, 'specificity': 0.875, 'f1': 0.8408, 'auc': 0.9029}
train: {'epoch': 99, 'eta': 10027.5293, 'loss': 0.1552, 'lr': 0.001, 'params': 251, 'time_iter': 4.0984, 'accuracy': 0.8043, 'precision': 0.9508, 'recall': 0.7958, 'specificity': 0.8375, 'f1': 0.8665, 'auc': 0.9075}
train: {'epoch': 100, 'eta': 9925.5304, 'loss': 0.1534, 'lr': 0.001, 'params': 251, 'time_iter': 4.1049, 'accuracy': 0.7833, 'precision': 0.9613, 'recall': 0.7589, 'specificity': 0.8794, 'f1': 0.8482, 'auc': 0.9088}
train: {'epoch': 101, 'eta': 9822.7684, 'loss': 0.1536, 'lr': 0.001, 'params': 251, 'time_iter': 4.0688, 'accuracy': 0.8005, 'precision': 0.958, 'recall': 0.7844, 'specificity': 0.8643, 'f1': 0.8625, 'auc': 0.9107}
train: {'epoch': 102, 'eta': 9723.0101, 'loss': 0.1543, 'lr': 0.001, 'params': 251, 'time_iter': 4.1973, 'accuracy': 0.7853, 'precision': 0.9614, 'recall': 0.7615, 'specificity': 0.8794, 'f1': 0.8498, 'auc': 0.908}
train: {'epoch': 103, 'eta': 9624.4743, 'loss': 0.1537, 'lr': 0.001, 'params': 251, 'time_iter': 4.2534, 'accuracy': 0.8033, 'precision': 0.9535, 'recall': 0.792, 'specificity': 0.8476, 'f1': 0.8653, 'auc': 0.9096}
train: {'epoch': 104, 'eta': 9525.4126, 'loss': 0.1536, 'lr': 0.001, 'params': 251, 'time_iter': 4.2322, 'accuracy': 0.7928, 'precision': 0.9551, 'recall': 0.7767, 'specificity': 0.8559, 'f1': 0.8567, 'auc': 0.9092}
train: {'epoch': 105, 'eta': 9425.7116, 'loss': 0.1542, 'lr': 0.001, 'params': 251, 'time_iter': 4.2044, 'accuracy': 0.7955, 'precision': 0.9558, 'recall': 0.7797, 'specificity': 0.8576, 'f1': 0.8588, 'auc': 0.907}
train: {'epoch': 106, 'eta': 9323.7769, 'loss': 0.1552, 'lr': 0.001, 'params': 251, 'time_iter': 4.0984, 'accuracy': 0.8039, 'precision': 0.9522, 'recall': 0.7941, 'specificity': 0.8425, 'f1': 0.866, 'auc': 0.9065}
train: {'epoch': 107, 'eta': 9223.7307, 'loss': 0.1522, 'lr': 0.001, 'params': 251, 'time_iter': 4.1876, 'accuracy': 0.7873, 'precision': 0.9645, 'recall': 0.7615, 'specificity': 0.8894, 'f1': 0.851, 'auc': 0.9115}
train: {'epoch': 108, 'eta': 9123.65, 'loss': 0.1528, 'lr': 0.001, 'params': 251, 'time_iter': 4.1863, 'accuracy': 0.7921, 'precision': 0.956, 'recall': 0.775, 'specificity': 0.8593, 'f1': 0.8561, 'auc': 0.909}
val: {'epoch': 109, 'loss': 0.1518, 'lr': 0.001, 'params': 251, 'time_iter': 2.9831, 'accuracy': 0.7713, 'precision': 0.9576, 'recall': 0.755, 'specificity': 0.8466, 'f1': 0.8443, 'auc': 0.9014}
train: {'epoch': 109, 'eta': 9023.4339, 'loss': 0.152, 'lr': 0.001, 'params': 251, 'time_iter': 4.1797, 'accuracy': 0.7917, 'precision': 0.9574, 'recall': 0.7733, 'specificity': 0.8643, 'f1': 0.8556, 'auc': 0.9094}
train: {'epoch': 110, 'eta': 8925.1863, 'loss': 0.1538, 'lr': 0.001, 'params': 251, 'time_iter': 4.2821, 'accuracy': 0.8019, 'precision': 0.9576, 'recall': 0.7865, 'specificity': 0.8626, 'f1': 0.8637, 'auc': 0.9088}
train: {'epoch': 111, 'eta': 8825.6574, 'loss': 0.1534, 'lr': 0.001, 'params': 251, 'time_iter': 4.2184, 'accuracy': 0.8066, 'precision': 0.9561, 'recall': 0.7941, 'specificity': 0.8559, 'f1': 0.8676, 'auc': 0.9089}
train: {'epoch': 112, 'eta': 8725.8413, 'loss': 0.1555, 'lr': 0.001, 'params': 251, 'time_iter': 4.2045, 'accuracy': 0.7988, 'precision': 0.9472, 'recall': 0.792, 'specificity': 0.8258, 'f1': 0.8627, 'auc': 0.9051}
train: {'epoch': 113, 'eta': 8625.6591, 'loss': 0.1546, 'lr': 0.001, 'params': 251, 'time_iter': 4.1854, 'accuracy': 0.7823, 'precision': 0.9612, 'recall': 0.7576, 'specificity': 0.8794, 'f1': 0.8474, 'auc': 0.9073}
train: {'epoch': 114, 'eta': 8523.5587, 'loss': 0.1509, 'lr': 0.001, 'params': 251, 'time_iter': 4.0775, 'accuracy': 0.7934, 'precision': 0.959, 'recall': 0.7742, 'specificity': 0.8693, 'f1': 0.8567, 'auc': 0.9115}
train: {'epoch': 115, 'eta': 8422.5995, 'loss': 0.1525, 'lr': 0.001, 'params': 251, 'time_iter': 4.139, 'accuracy': 0.7904, 'precision': 0.9578, 'recall': 0.7712, 'specificity': 0.866, 'f1': 0.8545, 'auc': 0.9093}
train: {'epoch': 116, 'eta': 8323.2634, 'loss': 0.154, 'lr': 0.001, 'params': 251, 'time_iter': 4.2327, 'accuracy': 0.8012, 'precision': 0.952, 'recall': 0.7907, 'specificity': 0.8425, 'f1': 0.8639, 'auc': 0.9078}
train: {'epoch': 117, 'eta': 8223.6949, 'loss': 0.1506, 'lr': 0.001, 'params': 251, 'time_iter': 4.221, 'accuracy': 0.7819, 'precision': 0.9573, 'recall': 0.7606, 'specificity': 0.866, 'f1': 0.8477, 'auc': 0.9109}
train: {'epoch': 118, 'eta': 8122.6456, 'loss': 0.1536, 'lr': 0.001, 'params': 251, 'time_iter': 4.1322, 'accuracy': 0.8002, 'precision': 0.9566, 'recall': 0.7852, 'specificity': 0.8593, 'f1': 0.8625, 'auc': 0.9086}
val: {'epoch': 119, 'loss': 0.1538, 'lr': 0.001, 'params': 251, 'time_iter': 2.8538, 'accuracy': 0.749, 'precision': 0.9667, 'recall': 0.7191, 'specificity': 0.8864, 'f1': 0.8247, 'auc': 0.9021}
train: {'epoch': 119, 'eta': 8022.1741, 'loss': 0.1541, 'lr': 0.001, 'params': 251, 'time_iter': 4.1663, 'accuracy': 0.7934, 'precision': 0.9571, 'recall': 0.7759, 'specificity': 0.8626, 'f1': 0.857, 'auc': 0.9071}
train: {'epoch': 120, 'eta': 7922.6174, 'loss': 0.1526, 'lr': 0.001, 'params': 251, 'time_iter': 4.2242, 'accuracy': 0.7907, 'precision': 0.9598, 'recall': 0.7699, 'specificity': 0.8727, 'f1': 0.8545, 'auc': 0.9081}
train: {'epoch': 121, 'eta': 7822.6328, 'loss': 0.1517, 'lr': 0.001, 'params': 251, 'time_iter': 4.1983, 'accuracy': 0.7863, 'precision': 0.9576, 'recall': 0.7661, 'specificity': 0.866, 'f1': 0.8512, 'auc': 0.9085}
train: {'epoch': 122, 'eta': 7722.6725, 'loss': 0.1536, 'lr': 0.001, 'params': 251, 'time_iter': 4.2007, 'accuracy': 0.7846, 'precision': 0.9594, 'recall': 0.7623, 'specificity': 0.8727, 'f1': 0.8496, 'auc': 0.9083}
train: {'epoch': 123, 'eta': 7621.1686, 'loss': 0.1537, 'lr': 0.001, 'params': 251, 'time_iter': 4.0967, 'accuracy': 0.8012, 'precision': 0.9506, 'recall': 0.792, 'specificity': 0.8375, 'f1': 0.8641, 'auc': 0.9074}
train: {'epoch': 124, 'eta': 7520.3137, 'loss': 0.1517, 'lr': 0.001, 'params': 251, 'time_iter': 4.1382, 'accuracy': 0.7877, 'precision': 0.9601, 'recall': 0.7657, 'specificity': 0.8744, 'f1': 0.8519, 'auc': 0.9092}
train: {'epoch': 125, 'eta': 7417.3726, 'loss': 0.1549, 'lr': 0.001, 'params': 251, 'time_iter': 3.9885, 'accuracy': 0.8046, 'precision': 0.9504, 'recall': 0.7967, 'specificity': 0.8358, 'f1': 0.8668, 'auc': 0.9066}
train: {'epoch': 126, 'eta': 7316.2001, 'loss': 0.1514, 'lr': 0.001, 'params': 251, 'time_iter': 4.1085, 'accuracy': 0.7806, 'precision': 0.9631, 'recall': 0.7538, 'specificity': 0.8861, 'f1': 0.8457, 'auc': 0.9106}
train: {'epoch': 127, 'eta': 7216.2559, 'loss': 0.1519, 'lr': 0.001, 'params': 251, 'time_iter': 4.1965, 'accuracy': 0.7958, 'precision': 0.9539, 'recall': 0.7818, 'specificity': 0.8509, 'f1': 0.8593, 'auc': 0.9093}
train: {'epoch': 128, 'eta': 7144.0656, 'loss': 0.1516, 'lr': 0.001, 'params': 251, 'time_iter': 6.2985, 'accuracy': 0.7972, 'precision': 0.9564, 'recall': 0.7814, 'specificity': 0.8593, 'f1': 0.8601, 'auc': 0.9101}
val: {'epoch': 129, 'loss': 0.1506, 'lr': 0.001, 'params': 251, 'time_iter': 2.8664, 'accuracy': 0.7795, 'precision': 0.9624, 'recall': 0.7611, 'specificity': 0.8636, 'f1': 0.85, 'auc': 0.9034}
train: {'epoch': 129, 'eta': 7042.3242, 'loss': 0.1508, 'lr': 0.001, 'params': 251, 'time_iter': 4.1058, 'accuracy': 0.7897, 'precision': 0.9592, 'recall': 0.7691, 'specificity': 0.871, 'f1': 0.8537, 'auc': 0.9105}
train: {'epoch': 130, 'eta': 6942.6235, 'loss': 0.1517, 'lr': 0.001, 'params': 251, 'time_iter': 4.2634, 'accuracy': 0.7894, 'precision': 0.9597, 'recall': 0.7683, 'specificity': 0.8727, 'f1': 0.8534, 'auc': 0.9095}
train: {'epoch': 131, 'eta': 6843.6488, 'loss': 0.152, 'lr': 0.001, 'params': 251, 'time_iter': 4.3253, 'accuracy': 0.8016, 'precision': 0.959, 'recall': 0.7848, 'specificity': 0.8677, 'f1': 0.8632, 'auc': 0.9093}
train: {'epoch': 132, 'eta': 6743.2276, 'loss': 0.1506, 'lr': 0.001, 'params': 251, 'time_iter': 4.2117, 'accuracy': 0.7938, 'precision': 0.9619, 'recall': 0.7721, 'specificity': 0.8794, 'f1': 0.8566, 'auc': 0.9093}
train: {'epoch': 133, 'eta': 6667.1554, 'loss': 0.1492, 'lr': 0.001, 'params': 251, 'time_iter': 6.2723, 'accuracy': 0.7999, 'precision': 0.9547, 'recall': 0.7865, 'specificity': 0.8526, 'f1': 0.8625, 'auc': 0.9125}
train: {'epoch': 134, 'eta': 6564.6403, 'loss': 0.1513, 'lr': 0.001, 'params': 251, 'time_iter': 4.0795, 'accuracy': 0.8117, 'precision': 0.9509, 'recall': 0.8056, 'specificity': 0.8358, 'f1': 0.8722, 'auc': 0.9109}
train: {'epoch': 135, 'eta': 6462.2113, 'loss': 0.1561, 'lr': 0.001, 'params': 251, 'time_iter': 4.0811, 'accuracy': 0.769, 'precision': 0.9604, 'recall': 0.7411, 'specificity': 0.8794, 'f1': 0.8366, 'auc': 0.9033}
train: {'epoch': 136, 'eta': 6359.1651, 'loss': 0.1511, 'lr': 0.001, 'params': 251, 'time_iter': 4.0192, 'accuracy': 0.8002, 'precision': 0.957, 'recall': 0.7848, 'specificity': 0.861, 'f1': 0.8624, 'auc': 0.9105}
train: {'epoch': 137, 'eta': 6256.8602, 'loss': 0.1526, 'lr': 0.001, 'params': 251, 'time_iter': 4.0791, 'accuracy': 0.7978, 'precision': 0.9527, 'recall': 0.7857, 'specificity': 0.8459, 'f1': 0.8611, 'auc': 0.9077}
train: {'epoch': 138, 'eta': 6155.1543, 'loss': 0.151, 'lr': 0.001, 'params': 251, 'time_iter': 4.13, 'accuracy': 0.7816, 'precision': 0.9617, 'recall': 0.7564, 'specificity': 0.8811, 'f1': 0.8468, 'auc': 0.9088}
val: {'epoch': 139, 'loss': 0.1513, 'lr': 0.001, 'params': 251, 'time_iter': 3.0522, 'accuracy': 0.7754, 'precision': 0.9608, 'recall': 0.7574, 'specificity': 0.858, 'f1': 0.8471, 'auc': 0.9024}
train: {'epoch': 139, 'eta': 6053.3185, 'loss': 0.1497, 'lr': 0.001, 'params': 251, 'time_iter': 4.1138, 'accuracy': 0.7928, 'precision': 0.9599, 'recall': 0.7725, 'specificity': 0.8727, 'f1': 0.8561, 'auc': 0.9124}
train: {'epoch': 140, 'eta': 5951.0786, 'loss': 0.1524, 'lr': 0.001, 'params': 251, 'time_iter': 4.0691, 'accuracy': 0.7948, 'precision': 0.9529, 'recall': 0.7814, 'specificity': 0.8476, 'f1': 0.8587, 'auc': 0.9083}
train: {'epoch': 141, 'eta': 5847.5942, 'loss': 0.1516, 'lr': 0.001, 'params': 251, 'time_iter': 3.9356, 'accuracy': 0.7853, 'precision': 0.9599, 'recall': 0.7627, 'specificity': 0.8744, 'f1': 0.85, 'auc': 0.9084}
train: {'epoch': 142, 'eta': 5745.9364, 'loss': 0.1526, 'lr': 0.001, 'params': 251, 'time_iter': 4.1133, 'accuracy': 0.7958, 'precision': 0.9544, 'recall': 0.7814, 'specificity': 0.8526, 'f1': 0.8593, 'auc': 0.907}
train: {'epoch': 143, 'eta': 5653.5999, 'loss': 0.1513, 'lr': 0.001, 'params': 251, 'time_iter': 5.1077, 'accuracy': 0.7884, 'precision': 0.9539, 'recall': 0.7721, 'specificity': 0.8526, 'f1': 0.8534, 'auc': 0.9084}
train: {'epoch': 144, 'eta': 5662.0216, 'loss': 0.1502, 'lr': 0.001, 'params': 251, 'time_iter': 16.2216, 'accuracy': 0.7867, 'precision': 0.9571, 'recall': 0.767, 'specificity': 0.8643, 'f1': 0.8516, 'auc': 0.9098}
train: {'epoch': 145, 'eta': 5556.6262, 'loss': 0.1502, 'lr': 0.001, 'params': 251, 'time_iter': 4.0135, 'accuracy': 0.7846, 'precision': 0.9599, 'recall': 0.7619, 'specificity': 0.8744, 'f1': 0.8495, 'auc': 0.9098}
train: {'epoch': 146, 'eta': 5451.2574, 'loss': 0.1515, 'lr': 0.001, 'params': 251, 'time_iter': 4.0023, 'accuracy': 0.7938, 'precision': 0.9552, 'recall': 0.778, 'specificity': 0.8559, 'f1': 0.8575, 'auc': 0.9083}
train: {'epoch': 147, 'eta': 5346.0928, 'loss': 0.1517, 'lr': 0.001, 'params': 251, 'time_iter': 4.0116, 'accuracy': 0.7941, 'precision': 0.9562, 'recall': 0.7776, 'specificity': 0.8593, 'f1': 0.8577, 'auc': 0.9084}
train: {'epoch': 148, 'eta': 5246.2931, 'loss': 0.1495, 'lr': 0.001, 'params': 251, 'time_iter': 4.6501, 'accuracy': 0.7968, 'precision': 0.9602, 'recall': 0.7776, 'specificity': 0.8727, 'f1': 0.8593, 'auc': 0.9104}
val: {'epoch': 149, 'loss': 0.1504, 'lr': 0.001, 'params': 251, 'time_iter': 2.7972, 'accuracy': 0.7927, 'precision': 0.966, 'recall': 0.7748, 'specificity': 0.875, 'f1': 0.8599, 'auc': 0.9029}
train: {'epoch': 149, 'eta': 5142.2701, 'loss': 0.1482, 'lr': 0.001, 'params': 251, 'time_iter': 4.1419, 'accuracy': 0.8043, 'precision': 0.9568, 'recall': 0.7903, 'specificity': 0.8593, 'f1': 0.8656, 'auc': 0.9129}
train: {'epoch': 150, 'eta': 5038.2137, 'loss': 0.1516, 'lr': 0.001, 'params': 251, 'time_iter': 4.1297, 'accuracy': 0.7812, 'precision': 0.9607, 'recall': 0.7568, 'specificity': 0.8777, 'f1': 0.8466, 'auc': 0.9067}
train: {'epoch': 151, 'eta': 4943.4847, 'loss': 0.1497, 'lr': 0.001, 'params': 251, 'time_iter': 5.3518, 'accuracy': 0.7975, 'precision': 0.9578, 'recall': 0.7806, 'specificity': 0.8643, 'f1': 0.8601, 'auc': 0.9113}
train: {'epoch': 152, 'eta': 4838.8699, 'loss': 0.1495, 'lr': 0.001, 'params': 251, 'time_iter': 4.0707, 'accuracy': 0.7843, 'precision': 0.9584, 'recall': 0.7627, 'specificity': 0.8693, 'f1': 0.8494, 'auc': 0.9111}
train: {'epoch': 153, 'eta': 4734.3655, 'loss': 0.1514, 'lr': 0.001, 'params': 251, 'time_iter': 4.0736, 'accuracy': 0.7894, 'precision': 0.9597, 'recall': 0.7683, 'specificity': 0.8727, 'f1': 0.8534, 'auc': 0.9087}
train: {'epoch': 154, 'eta': 4630.5031, 'loss': 0.1493, 'lr': 0.001, 'params': 251, 'time_iter': 4.1533, 'accuracy': 0.7982, 'precision': 0.955, 'recall': 0.784, 'specificity': 0.8543, 'f1': 0.8611, 'auc': 0.9104}
train: {'epoch': 155, 'eta': 4526.3493, 'loss': 0.15, 'lr': 0.001, 'params': 251, 'time_iter': 4.1023, 'accuracy': 0.7921, 'precision': 0.9604, 'recall': 0.7712, 'specificity': 0.8744, 'f1': 0.8555, 'auc': 0.9105}
train: {'epoch': 156, 'eta': 4423.9946, 'loss': 0.1477, 'lr': 0.001, 'params': 251, 'time_iter': 4.365, 'accuracy': 0.8019, 'precision': 0.9576, 'recall': 0.7865, 'specificity': 0.8626, 'f1': 0.8637, 'auc': 0.9132}
train: {'epoch': 157, 'eta': 4320.9083, 'loss': 0.1523, 'lr': 0.001, 'params': 251, 'time_iter': 4.255, 'accuracy': 0.7911, 'precision': 0.955, 'recall': 0.7746, 'specificity': 0.8559, 'f1': 0.8554, 'auc': 0.9075}
train: {'epoch': 158, 'eta': 4216.4542, 'loss': 0.1517, 'lr': 0.001, 'params': 251, 'time_iter': 4.0321, 'accuracy': 0.8016, 'precision': 0.9595, 'recall': 0.7844, 'specificity': 0.8693, 'f1': 0.8631, 'auc': 0.9094}
val: {'epoch': 159, 'loss': 0.1507, 'lr': 0.001, 'params': 251, 'time_iter': 2.8349, 'accuracy': 0.7632, 'precision': 0.9615, 'recall': 0.7413, 'specificity': 0.8636, 'f1': 0.8372, 'auc': 0.9029}
train: {'epoch': 159, 'eta': 4112.6877, 'loss': 0.149, 'lr': 0.001, 'params': 251, 'time_iter': 4.1307, 'accuracy': 0.7985, 'precision': 0.9584, 'recall': 0.7814, 'specificity': 0.866, 'f1': 0.8609, 'auc': 0.9123}
train: {'epoch': 160, 'eta': 4009.1109, 'loss': 0.1489, 'lr': 0.001, 'params': 251, 'time_iter': 4.1534, 'accuracy': 0.7938, 'precision': 0.9605, 'recall': 0.7733, 'specificity': 0.8744, 'f1': 0.8568, 'auc': 0.9108}
train: {'epoch': 161, 'eta': 4288.2228, 'loss': 0.154, 'lr': 0.001, 'params': 251, 'time_iter': 72.1224, 'accuracy': 0.79, 'precision': 0.9573, 'recall': 0.7712, 'specificity': 0.8643, 'f1': 0.8543, 'auc': 0.9062}
train: {'epoch': 162, 'eta': 4172.0878, 'loss': 0.1497, 'lr': 0.001, 'params': 251, 'time_iter': 4.0986, 'accuracy': 0.7877, 'precision': 0.9576, 'recall': 0.7678, 'specificity': 0.866, 'f1': 0.8523, 'auc': 0.9114}
train: {'epoch': 163, 'eta': 4060.0359, 'loss': 0.1499, 'lr': 0.001, 'params': 251, 'time_iter': 4.8325, 'accuracy': 0.7907, 'precision': 0.9598, 'recall': 0.7699, 'specificity': 0.8727, 'f1': 0.8545, 'auc': 0.9097}
train: {'epoch': 164, 'eta': 3944.6578, 'loss': 0.1497, 'lr': 0.001, 'params': 251, 'time_iter': 4.1885, 'accuracy': 0.7941, 'precision': 0.9581, 'recall': 0.7759, 'specificity': 0.866, 'f1': 0.8574, 'auc': 0.9109}
train: {'epoch': 165, 'eta': 3829.162, 'loss': 0.1479, 'lr': 0.001, 'params': 251, 'time_iter': 4.1282, 'accuracy': 0.8002, 'precision': 0.9561, 'recall': 0.7857, 'specificity': 0.8576, 'f1': 0.8625, 'auc': 0.9128}
train: {'epoch': 166, 'eta': 3715.4787, 'loss': 0.1516, 'lr': 0.001, 'params': 251, 'time_iter': 4.4689, 'accuracy': 0.7863, 'precision': 0.9576, 'recall': 0.7661, 'specificity': 0.866, 'f1': 0.8512, 'auc': 0.9101}
train: {'epoch': 167, 'eta': 3600.7324, 'loss': 0.1491, 'lr': 0.001, 'params': 251, 'time_iter': 4.2196, 'accuracy': 0.7846, 'precision': 0.9555, 'recall': 0.7657, 'specificity': 0.8593, 'f1': 0.8501, 'auc': 0.9105}
train: {'epoch': 168, 'eta': 3485.5178, 'loss': 0.1512, 'lr': 0.001, 'params': 251, 'time_iter': 4.077, 'accuracy': 0.8009, 'precision': 0.9566, 'recall': 0.7861, 'specificity': 0.8593, 'f1': 0.863, 'auc': 0.9097}
val: {'epoch': 169, 'loss': 0.1507, 'lr': 0.001, 'params': 251, 'time_iter': 2.8088, 'accuracy': 0.7591, 'precision': 0.9657, 'recall': 0.7327, 'specificity': 0.8807, 'f1': 0.8332, 'auc': 0.9024}
train: {'epoch': 169, 'eta': 3370.576, 'loss': 0.1484, 'lr': 0.001, 'params': 251, 'time_iter': 4.0932, 'accuracy': 0.7921, 'precision': 0.957, 'recall': 0.7742, 'specificity': 0.8626, 'f1': 0.8559, 'auc': 0.911}
train: {'epoch': 170, 'eta': 3256.2143, 'loss': 0.151, 'lr': 0.001, 'params': 251, 'time_iter': 4.1877, 'accuracy': 0.7921, 'precision': 0.956, 'recall': 0.775, 'specificity': 0.8593, 'f1': 0.8561, 'auc': 0.9085}
train: {'epoch': 171, 'eta': 3146.3608, 'loss': 0.1484, 'lr': 0.001, 'params': 251, 'time_iter': 5.3004, 'accuracy': 0.7816, 'precision': 0.9632, 'recall': 0.7551, 'specificity': 0.8861, 'f1': 0.8465, 'auc': 0.9122}
train: {'epoch': 172, 'eta': 3031.5582, 'loss': 0.1521, 'lr': 0.001, 'params': 251, 'time_iter': 4.0327, 'accuracy': 0.7853, 'precision': 0.9575, 'recall': 0.7649, 'specificity': 0.866, 'f1': 0.8504, 'auc': 0.9073}
train: {'epoch': 173, 'eta': 2917.3665, 'loss': 0.1513, 'lr': 0.001, 'params': 251, 'time_iter': 4.1452, 'accuracy': 0.7884, 'precision': 0.9636, 'recall': 0.7636, 'specificity': 0.8861, 'f1': 0.852, 'auc': 0.9084}
train: {'epoch': 174, 'eta': 2803.3662, 'loss': 0.1482, 'lr': 0.001, 'params': 251, 'time_iter': 4.152, 'accuracy': 0.785, 'precision': 0.9649, 'recall': 0.7581, 'specificity': 0.8911, 'f1': 0.8491, 'auc': 0.9114}
train: {'epoch': 175, 'eta': 2689.5261, 'loss': 0.1504, 'lr': 0.001, 'params': 251, 'time_iter': 4.1512, 'accuracy': 0.8063, 'precision': 0.9574, 'recall': 0.7924, 'specificity': 0.861, 'f1': 0.8672, 'auc': 0.9096}
train: {'epoch': 176, 'eta': 2575.463, 'loss': 0.1533, 'lr': 0.001, 'params': 251, 'time_iter': 4.0282, 'accuracy': 0.7799, 'precision': 0.9621, 'recall': 0.7538, 'specificity': 0.8827, 'f1': 0.8453, 'auc': 0.9079}
train: {'epoch': 177, 'eta': 2461.7392, 'loss': 0.1509, 'lr': 0.001, 'params': 251, 'time_iter': 4.0767, 'accuracy': 0.7833, 'precision': 0.9648, 'recall': 0.7559, 'specificity': 0.8911, 'f1': 0.8477, 'auc': 0.9092}
train: {'epoch': 178, 'eta': 2349.033, 'loss': 0.1479, 'lr': 0.001, 'params': 251, 'time_iter': 4.375, 'accuracy': 0.7907, 'precision': 0.9622, 'recall': 0.7678, 'specificity': 0.8811, 'f1': 0.8541, 'auc': 0.9123}
val: {'epoch': 179, 'loss': 0.1513, 'lr': 0.001, 'params': 251, 'time_iter': 2.8186, 'accuracy': 0.7541, 'precision': 0.9565, 'recall': 0.7339, 'specificity': 0.8466, 'f1': 0.8305, 'auc': 0.9}
train: {'epoch': 179, 'eta': 2236.2899, 'loss': 0.1499, 'lr': 0.001, 'params': 251, 'time_iter': 4.3291, 'accuracy': 0.7816, 'precision': 0.9607, 'recall': 0.7572, 'specificity': 0.8777, 'f1': 0.8469, 'auc': 0.9084}
train: {'epoch': 180, 'eta': 2123.1817, 'loss': 0.1498, 'lr': 0.001, 'params': 251, 'time_iter': 4.1454, 'accuracy': 0.7965, 'precision': 0.9601, 'recall': 0.7772, 'specificity': 0.8727, 'f1': 0.859, 'auc': 0.9082}
train: {'epoch': 181, 'eta': 2012.668, 'loss': 0.149, 'lr': 0.001, 'params': 251, 'time_iter': 5.1755, 'accuracy': 0.7843, 'precision': 0.9628, 'recall': 0.7589, 'specificity': 0.8844, 'f1': 0.8488, 'auc': 0.9118}
train: {'epoch': 182, 'eta': 1899.6466, 'loss': 0.1485, 'lr': 0.001, 'params': 251, 'time_iter': 4.1178, 'accuracy': 0.8063, 'precision': 0.9551, 'recall': 0.7946, 'specificity': 0.8526, 'f1': 0.8675, 'auc': 0.9118}
train: {'epoch': 183, 'eta': 1786.6267, 'loss': 0.1468, 'lr': 0.001, 'params': 251, 'time_iter': 4.0446, 'accuracy': 0.7897, 'precision': 0.9627, 'recall': 0.7661, 'specificity': 0.8827, 'f1': 0.8532, 'auc': 0.9124}
train: {'epoch': 184, 'eta': 1674.0206, 'loss': 0.1495, 'lr': 0.001, 'params': 251, 'time_iter': 4.1686, 'accuracy': 0.7911, 'precision': 0.9588, 'recall': 0.7712, 'specificity': 0.8693, 'f1': 0.8549, 'auc': 0.9097}
train: {'epoch': 185, 'eta': 1561.5905, 'loss': 0.1488, 'lr': 0.001, 'params': 251, 'time_iter': 4.1913, 'accuracy': 0.7853, 'precision': 0.9684, 'recall': 0.7555, 'specificity': 0.9028, 'f1': 0.8488, 'auc': 0.9107}
train: {'epoch': 186, 'eta': 1449.8597, 'loss': 0.148, 'lr': 0.001, 'params': 251, 'time_iter': 4.5345, 'accuracy': 0.8134, 'precision': 0.9579, 'recall': 0.8014, 'specificity': 0.861, 'f1': 0.8727, 'auc': 0.914}
train: {'epoch': 187, 'eta': 1338.0456, 'loss': 0.1488, 'lr': 0.001, 'params': 251, 'time_iter': 4.46, 'accuracy': 0.8049, 'precision': 0.9592, 'recall': 0.789, 'specificity': 0.8677, 'f1': 0.8659, 'auc': 0.9119}
train: {'epoch': 188, 'eta': 1225.6224, 'loss': 0.1501, 'lr': 0.001, 'params': 251, 'time_iter': 3.9878, 'accuracy': 0.7982, 'precision': 0.956, 'recall': 0.7831, 'specificity': 0.8576, 'f1': 0.8609, 'auc': 0.9095}
val: {'epoch': 189, 'loss': 0.1493, 'lr': 0.001, 'params': 251, 'time_iter': 3.0274, 'accuracy': 0.8059, 'precision': 0.9598, 'recall': 0.797, 'specificity': 0.8466, 'f1': 0.8709, 'auc': 0.9043}
train: {'epoch': 189, 'eta': 1113.4946, 'loss': 0.149, 'lr': 0.001, 'params': 251, 'time_iter': 4.0823, 'accuracy': 0.7941, 'precision': 0.9571, 'recall': 0.7767, 'specificity': 0.8626, 'f1': 0.8575, 'auc': 0.9105}
train: {'epoch': 190, 'eta': 1001.4879, 'loss': 0.1519, 'lr': 0.001, 'params': 251, 'time_iter': 4.0584, 'accuracy': 0.7985, 'precision': 0.9546, 'recall': 0.7848, 'specificity': 0.8526, 'f1': 0.8614, 'auc': 0.9091}
train: {'epoch': 191, 'eta': 890.3417, 'loss': 0.1496, 'lr': 0.001, 'params': 251, 'time_iter': 4.7668, 'accuracy': 0.7972, 'precision': 0.9587, 'recall': 0.7793, 'specificity': 0.8677, 'f1': 0.8598, 'auc': 0.9098}
train: {'epoch': 192, 'eta': 778.776, 'loss': 0.1523, 'lr': 0.001, 'params': 251, 'time_iter': 4.3235, 'accuracy': 0.7921, 'precision': 0.9565, 'recall': 0.7746, 'specificity': 0.861, 'f1': 0.856, 'auc': 0.907}
train: {'epoch': 193, 'eta': 667.4199, 'loss': 0.1519, 'lr': 0.001, 'params': 251, 'time_iter': 4.4977, 'accuracy': 0.7897, 'precision': 0.9516, 'recall': 0.7759, 'specificity': 0.8442, 'f1': 0.8548, 'auc': 0.9065}
train: {'epoch': 194, 'eta': 556.1007, 'loss': 0.1518, 'lr': 0.001, 'params': 251, 'time_iter': 4.5007, 'accuracy': 0.7873, 'precision': 0.9596, 'recall': 0.7657, 'specificity': 0.8727, 'f1': 0.8517, 'auc': 0.9068}
train: {'epoch': 195, 'eta': 444.606, 'loss': 0.1473, 'lr': 0.001, 'params': 251, 'time_iter': 4.0736, 'accuracy': 0.7958, 'precision': 0.9601, 'recall': 0.7763, 'specificity': 0.8727, 'f1': 0.8585, 'auc': 0.9124}
train: {'epoch': 196, 'eta': 333.2675, 'loss': 0.1471, 'lr': 0.001, 'params': 251, 'time_iter': 4.1197, 'accuracy': 0.8053, 'precision': 0.9546, 'recall': 0.7937, 'specificity': 0.8509, 'f1': 0.8667, 'auc': 0.9136}
train: {'epoch': 197, 'eta': 222.0908, 'loss': 0.1497, 'lr': 0.001, 'params': 251, 'time_iter': 4.2676, 'accuracy': 0.7897, 'precision': 0.9607, 'recall': 0.7678, 'specificity': 0.876, 'f1': 0.8535, 'auc': 0.9103}
train: {'epoch': 198, 'eta': 110.9836, 'loss': 0.1499, 'lr': 0.001, 'params': 251, 'time_iter': 4.1142, 'accuracy': 0.79, 'precision': 0.9573, 'recall': 0.7712, 'specificity': 0.8643, 'f1': 0.8543, 'auc': 0.9095}
val: {'epoch': 199, 'loss': 0.1516, 'lr': 0.001, 'params': 251, 'time_iter': 2.8288, 'accuracy': 0.7551, 'precision': 0.9625, 'recall': 0.7302, 'specificity': 0.8693, 'f1': 0.8304, 'auc': 0.9006}
train: {'epoch': 199, 'eta': 0.0, 'loss': 0.149, 'lr': 0.001, 'params': 251, 'time_iter': 4.1637, 'accuracy': 0.8148, 'precision': 0.9538, 'recall': 0.8069, 'specificity': 0.8459, 'f1': 0.8742, 'auc': 0.9119}
test: {'epoch': 200, 'loss': 0.1401, 'lr': 0.001, 'params': 251, 'time_iter': 3.9784, 'accuracy': 0.7805, 'precision': 0.9726, 'recall': 0.7522, 'specificity': 0.9061, 'f1': 0.8483, 'auc': 0.9215}
Results aggregated across runs saved in results/gastric-graphsage/agg
