Created a temporary directory at /var/folders/xs/_jggb8_n03q3bxbybznls2w1q5_5xx/T/tmp1ssisnaq
Writing /var/folders/xs/_jggb8_n03q3bxbybznls2w1q5_5xx/T/tmp1ssisnaq/_remote_module_non_scriptable.py
GCNConvGymModule(
  (model): GNN(
    (encoder): FeatureEncoder()
    (pre_mp): GeneralMultiLayer(
      (Layer_0): GeneralLayer(
        (layer): Linear(
          (model): Linear(2, 10, bias=True)
        )
        (post_layer): Sequential(
          (0): Dropout(p=0.3, inplace=False)
          (1): ReLU()
        )
      )
    )
    (mp): GNNStackStage(
      (layer0): GeneralLayer(
        (layer): GCNConv(
          (model): GCNConv(10, 10)
        )
        (post_layer): Sequential(
          (0): Dropout(p=0.3, inplace=False)
          (1): ReLU()
        )
      )
    )
    (post_mp): ExampleNodeHead(
      (layer_post_mp): MLP(
        (model): Sequential(
          (0): Linear(
            (model): Linear(10, 1, bias=True)
          )
        )
      )
    )
  )
)
accelerator: cpu
benchmark: False
bn:
  eps: 1e-05
  mom: 0.1
cfg_dest: config.yaml
custom_metrics: []
dataset:
  cache_load: False
  cache_save: False
  dir: ../data/single
  edge_dim: 128
  edge_encoder: False
  edge_encoder_bn: True
  edge_encoder_name: Bond
  edge_message_ratio: 0.8
  edge_negative_sampling_ratio: 1.0
  edge_train_mode: all
  encoder: False
  encoder_bn: True
  encoder_dim: 128
  encoder_name: db
  format: PyG
  label_column: None
  label_table: none
  location: local
  name: protein
  node_encoder: False
  node_encoder_bn: True
  node_encoder_name: Atom
  numeric_columns: ['protein_probability', 'mRNA_TPM']
  rebuild: True
  remove_feature: False
  resample_disjoint: False
  resample_negative: False
  shuffle_split: True
  split: [0.6, 0.2, 0.2]
  split_mode: random
  task: node
  task_type: classification
  to_undirected: False
  transductive: True
  transform: none
  tu_simple: True
devices: None
gnn:
  act: relu
  agg: add
  att_final_linear: False
  att_final_linear_bn: False
  att_heads: 1
  batchnorm: False
  clear_feature: True
  dim_inner: 10
  dropout: 0.3
  head: protein
  keep_edge: 0.5
  l2norm: True
  layer_type: gcnconv
  layers_mp: 1
  layers_post_mp: 1
  layers_pre_mp: 1
  msg_direction: single
  normalize_adj: False
  self_msg: concat
  skip_every: 1
  stage_type: skipsum
gpu_mem: False
mem:
  inplace: False
metric_agg: argmax
metric_best: auc
model:
  edge_decoding: dot
  graph_pooling: add
  loss_fun: binary_cross_entropy_with_weight
  match_upper: True
  size_average: mean
  thresh: 0.5
  type: gnn
num_threads: 6
num_workers: 8
optim:
  base_lr: 0.001
  lr_decay: 0.1
  max_epoch: 300
  momentum: 0.9
  optimizer: adam
  scheduler: none
  steps: [30, 60, 90]
  weight_decay: 0.0005
out_dir: results/gastric-gcnconv
print: both
round: 4
run_dir: results/gastric-gcnconv/0
seed: 1
share:
  dim_in: 2
  dim_out: 2
  num_splits: 3
tensorboard_agg: True
tensorboard_each_run: False
train:
  auto_resume: False
  batch_size: 1
  ckpt_clean: False
  ckpt_period: 10
  enable_ckpt: True
  epoch_resume: 0
  eval_period: 10
  grape_pi: gcnconv
  iter_per_epoch: 32
  loss_pos_weight: 0.24048399294176964
  neighbor_sizes: [20, 15, 10, 5]
  node_per_graph: 32
  radius: extend
  sample_node: False
  sampler: full_batch
  skip_train_eval: False
  walk_length: 4
val:
  node_per_graph: 32
  radius: extend
  sample_node: False
  sampler: full_batch
view_emb: False
Num parameters: 151
val: {'epoch': 0, 'loss': 0.2744, 'lr': 0.001, 'params': 151, 'time_iter': 4.1163, 'accuracy': 0.1789, 'precision': 0.0, 'recall': 0.0, 'specificity': 1.0, 'f1': 0.0, 'auc': 0.6036}
train: {'epoch': 0, 'eta': 1226.0382, 'loss': 0.2796, 'lr': 0.001, 'params': 151, 'time_iter': 4.1005, 'accuracy': 0.2022, 'precision': 0.0, 'recall': 0.0, 'specificity': 1.0, 'f1': 0.0, 'auc': 0.5156}
train: {'epoch': 1, 'eta': 643.5077, 'loss': 0.2792, 'lr': 0.001, 'params': 151, 'time_iter': 0.2184, 'accuracy': 0.2022, 'precision': 0.0, 'recall': 0.0, 'specificity': 1.0, 'f1': 0.0, 'auc': 0.5249}
train: {'epoch': 2, 'eta': 448.8684, 'loss': 0.2794, 'lr': 0.001, 'params': 151, 'time_iter': 0.2152, 'accuracy': 0.2022, 'precision': 0.0, 'recall': 0.0, 'specificity': 1.0, 'f1': 0.0, 'auc': 0.5102}
train: {'epoch': 3, 'eta': 351.3609, 'loss': 0.2783, 'lr': 0.001, 'params': 151, 'time_iter': 0.2141, 'accuracy': 0.2022, 'precision': 0.0, 'recall': 0.0, 'specificity': 1.0, 'f1': 0.0, 'auc': 0.5491}
train: {'epoch': 4, 'eta': 292.7216, 'loss': 0.2782, 'lr': 0.001, 'params': 151, 'time_iter': 0.2133, 'accuracy': 0.2018, 'precision': 0.0, 'recall': 0.0, 'specificity': 0.9983, 'f1': 0.0, 'auc': 0.5457}
train: {'epoch': 5, 'eta': 253.6181, 'loss': 0.279, 'lr': 0.001, 'params': 151, 'time_iter': 0.2145, 'accuracy': 0.2025, 'precision': 1.0, 'recall': 0.0004, 'specificity': 1.0, 'f1': 0.0008, 'auc': 0.5164}
train: {'epoch': 6, 'eta': 225.6249, 'loss': 0.278, 'lr': 0.001, 'params': 151, 'time_iter': 0.2145, 'accuracy': 0.2028, 'precision': 1.0, 'recall': 0.0008, 'specificity': 1.0, 'f1': 0.0017, 'auc': 0.5441}
train: {'epoch': 7, 'eta': 204.5936, 'loss': 0.2786, 'lr': 0.001, 'params': 151, 'time_iter': 0.2149, 'accuracy': 0.2018, 'precision': 0.0, 'recall': 0.0, 'specificity': 0.9983, 'f1': 0.0, 'auc': 0.5143}
train: {'epoch': 8, 'eta': 188.1978, 'loss': 0.2784, 'lr': 0.001, 'params': 151, 'time_iter': 0.2152, 'accuracy': 0.2025, 'precision': 1.0, 'recall': 0.0004, 'specificity': 1.0, 'f1': 0.0008, 'auc': 0.5143}
val: {'epoch': 9, 'loss': 0.2714, 'lr': 0.001, 'params': 151, 'time_iter': 0.0734, 'accuracy': 0.1789, 'precision': 0.0, 'recall': 0.0, 'specificity': 1.0, 'f1': 0.0, 'auc': 0.6713}
train: {'epoch': 9, 'eta': 175.0357, 'loss': 0.2777, 'lr': 0.001, 'params': 151, 'time_iter': 0.2152, 'accuracy': 0.2022, 'precision': 0.0, 'recall': 0.0, 'specificity': 1.0, 'f1': 0.0, 'auc': 0.5375}
train: {'epoch': 10, 'eta': 164.2097, 'loss': 0.2775, 'lr': 0.001, 'params': 151, 'time_iter': 0.2145, 'accuracy': 0.2022, 'precision': 0.0, 'recall': 0.0, 'specificity': 1.0, 'f1': 0.0, 'auc': 0.5379}
train: {'epoch': 11, 'eta': 155.0466, 'loss': 0.2773, 'lr': 0.001, 'params': 151, 'time_iter': 0.2101, 'accuracy': 0.2025, 'precision': 1.0, 'recall': 0.0004, 'specificity': 1.0, 'f1': 0.0008, 'auc': 0.5428}
train: {'epoch': 12, 'eta': 147.3324, 'loss': 0.2773, 'lr': 0.001, 'params': 151, 'time_iter': 0.2133, 'accuracy': 0.2025, 'precision': 1.0, 'recall': 0.0004, 'specificity': 1.0, 'f1': 0.0008, 'auc': 0.5434}
train: {'epoch': 13, 'eta': 140.7512, 'loss': 0.2767, 'lr': 0.001, 'params': 151, 'time_iter': 0.2163, 'accuracy': 0.2018, 'precision': 0.3333, 'recall': 0.0004, 'specificity': 0.9966, 'f1': 0.0008, 'auc': 0.5621}
train: {'epoch': 14, 'eta': 135.0079, 'loss': 0.2774, 'lr': 0.001, 'params': 151, 'time_iter': 0.2158, 'accuracy': 0.2018, 'precision': 0.0, 'recall': 0.0, 'specificity': 0.9983, 'f1': 0.0, 'auc': 0.5322}
train: {'epoch': 15, 'eta': 129.9326, 'loss': 0.2764, 'lr': 0.001, 'params': 151, 'time_iter': 0.2145, 'accuracy': 0.2025, 'precision': 1.0, 'recall': 0.0004, 'specificity': 1.0, 'f1': 0.0008, 'auc': 0.5537}
train: {'epoch': 16, 'eta': 125.4178, 'loss': 0.2766, 'lr': 0.001, 'params': 151, 'time_iter': 0.2138, 'accuracy': 0.2025, 'precision': 1.0, 'recall': 0.0004, 'specificity': 1.0, 'f1': 0.0008, 'auc': 0.5449}
train: {'epoch': 17, 'eta': 121.4104, 'loss': 0.2762, 'lr': 0.001, 'params': 151, 'time_iter': 0.2157, 'accuracy': 0.2022, 'precision': 0.0, 'recall': 0.0, 'specificity': 1.0, 'f1': 0.0, 'auc': 0.5614}
train: {'epoch': 18, 'eta': 117.7392, 'loss': 0.2765, 'lr': 0.001, 'params': 151, 'time_iter': 0.2114, 'accuracy': 0.2022, 'precision': 0.0, 'recall': 0.0, 'specificity': 1.0, 'f1': 0.0, 'auc': 0.5459}
val: {'epoch': 19, 'loss': 0.2687, 'lr': 0.001, 'params': 151, 'time_iter': 0.0734, 'accuracy': 0.1789, 'precision': 0.0, 'recall': 0.0, 'specificity': 1.0, 'f1': 0.0, 'auc': 0.7416}
train: {'epoch': 19, 'eta': 114.4601, 'loss': 0.2756, 'lr': 0.001, 'params': 151, 'time_iter': 0.2147, 'accuracy': 0.2018, 'precision': 0.0, 'recall': 0.0, 'specificity': 0.9983, 'f1': 0.0, 'auc': 0.5785}
train: {'epoch': 20, 'eta': 111.4364, 'loss': 0.2758, 'lr': 0.001, 'params': 151, 'time_iter': 0.212, 'accuracy': 0.2022, 'precision': 0.0, 'recall': 0.0, 'specificity': 1.0, 'f1': 0.0, 'auc': 0.5705}
train: {'epoch': 21, 'eta': 108.7076, 'loss': 0.276, 'lr': 0.001, 'params': 151, 'time_iter': 0.2151, 'accuracy': 0.2028, 'precision': 0.75, 'recall': 0.0013, 'specificity': 0.9983, 'f1': 0.0025, 'auc': 0.5463}
train: {'epoch': 22, 'eta': 106.1787, 'loss': 0.2759, 'lr': 0.001, 'params': 151, 'time_iter': 0.2135, 'accuracy': 0.2025, 'precision': 1.0, 'recall': 0.0004, 'specificity': 1.0, 'f1': 0.0008, 'auc': 0.5462}
train: {'epoch': 23, 'eta': 103.8466, 'loss': 0.2754, 'lr': 0.001, 'params': 151, 'time_iter': 0.2139, 'accuracy': 0.2028, 'precision': 1.0, 'recall': 0.0008, 'specificity': 1.0, 'f1': 0.0017, 'auc': 0.5668}
train: {'epoch': 24, 'eta': 101.6869, 'loss': 0.275, 'lr': 0.001, 'params': 151, 'time_iter': 0.2141, 'accuracy': 0.2018, 'precision': 0.0, 'recall': 0.0, 'specificity': 0.9983, 'f1': 0.0, 'auc': 0.5766}
train: {'epoch': 25, 'eta': 99.6779, 'loss': 0.2748, 'lr': 0.001, 'params': 151, 'time_iter': 0.2142, 'accuracy': 0.2028, 'precision': 1.0, 'recall': 0.0008, 'specificity': 1.0, 'f1': 0.0017, 'auc': 0.5851}
train: {'epoch': 26, 'eta': 97.7996, 'loss': 0.2745, 'lr': 0.001, 'params': 151, 'time_iter': 0.214, 'accuracy': 0.2039, 'precision': 1.0, 'recall': 0.0021, 'specificity': 1.0, 'f1': 0.0042, 'auc': 0.5947}
train: {'epoch': 27, 'eta': 96.0666, 'loss': 0.2746, 'lr': 0.001, 'params': 151, 'time_iter': 0.2167, 'accuracy': 0.2025, 'precision': 1.0, 'recall': 0.0004, 'specificity': 1.0, 'f1': 0.0008, 'auc': 0.5878}
train: {'epoch': 28, 'eta': 94.4335, 'loss': 0.2747, 'lr': 0.001, 'params': 151, 'time_iter': 0.2162, 'accuracy': 0.2032, 'precision': 1.0, 'recall': 0.0013, 'specificity': 1.0, 'f1': 0.0025, 'auc': 0.5737}
val: {'epoch': 29, 'loss': 0.2662, 'lr': 0.001, 'params': 151, 'time_iter': 0.0716, 'accuracy': 0.1789, 'precision': 0.0, 'recall': 0.0, 'specificity': 1.0, 'f1': 0.0, 'auc': 0.7927}
train: {'epoch': 29, 'eta': 92.8881, 'loss': 0.2739, 'lr': 0.001, 'params': 151, 'time_iter': 0.2155, 'accuracy': 0.2018, 'precision': 0.0, 'recall': 0.0, 'specificity': 0.9983, 'f1': 0.0, 'auc': 0.598}
train: {'epoch': 30, 'eta': 91.4166, 'loss': 0.2744, 'lr': 0.001, 'params': 151, 'time_iter': 0.2141, 'accuracy': 0.2032, 'precision': 0.8, 'recall': 0.0017, 'specificity': 0.9983, 'f1': 0.0034, 'auc': 0.574}
train: {'epoch': 31, 'eta': 90.0379, 'loss': 0.2739, 'lr': 0.001, 'params': 151, 'time_iter': 0.2158, 'accuracy': 0.2025, 'precision': 1.0, 'recall': 0.0004, 'specificity': 1.0, 'f1': 0.0008, 'auc': 0.5934}
train: {'epoch': 32, 'eta': 88.7176, 'loss': 0.2737, 'lr': 0.001, 'params': 151, 'time_iter': 0.2143, 'accuracy': 0.2022, 'precision': 0.5, 'recall': 0.0004, 'specificity': 0.9983, 'f1': 0.0008, 'auc': 0.6016}
train: {'epoch': 33, 'eta': 87.4509, 'loss': 0.2729, 'lr': 0.001, 'params': 151, 'time_iter': 0.2128, 'accuracy': 0.2042, 'precision': 1.0, 'recall': 0.0025, 'specificity': 1.0, 'f1': 0.0051, 'auc': 0.628}
train: {'epoch': 34, 'eta': 86.2385, 'loss': 0.2736, 'lr': 0.001, 'params': 151, 'time_iter': 0.2121, 'accuracy': 0.2032, 'precision': 1.0, 'recall': 0.0013, 'specificity': 1.0, 'f1': 0.0025, 'auc': 0.5952}
train: {'epoch': 35, 'eta': 85.1118, 'loss': 0.2731, 'lr': 0.001, 'params': 151, 'time_iter': 0.2162, 'accuracy': 0.2032, 'precision': 0.7143, 'recall': 0.0021, 'specificity': 0.9966, 'f1': 0.0042, 'auc': 0.6198}
train: {'epoch': 36, 'eta': 84.0275, 'loss': 0.2733, 'lr': 0.001, 'params': 151, 'time_iter': 0.2152, 'accuracy': 0.2032, 'precision': 0.8, 'recall': 0.0017, 'specificity': 0.9983, 'f1': 0.0034, 'auc': 0.6079}
train: {'epoch': 37, 'eta': 82.9944, 'loss': 0.2731, 'lr': 0.001, 'params': 151, 'time_iter': 0.216, 'accuracy': 0.2042, 'precision': 1.0, 'recall': 0.0025, 'specificity': 1.0, 'f1': 0.0051, 'auc': 0.6091}
train: {'epoch': 38, 'eta': 81.9998, 'loss': 0.273, 'lr': 0.001, 'params': 151, 'time_iter': 0.2155, 'accuracy': 0.2028, 'precision': 1.0, 'recall': 0.0008, 'specificity': 1.0, 'f1': 0.0017, 'auc': 0.6091}
val: {'epoch': 39, 'loss': 0.2641, 'lr': 0.001, 'params': 151, 'time_iter': 0.0717, 'accuracy': 0.1789, 'precision': 0.0, 'recall': 0.0, 'specificity': 1.0, 'f1': 0.0, 'auc': 0.8263}
train: {'epoch': 39, 'eta': 81.0228, 'loss': 0.273, 'lr': 0.001, 'params': 151, 'time_iter': 0.2122, 'accuracy': 0.2049, 'precision': 0.9, 'recall': 0.0038, 'specificity': 0.9983, 'f1': 0.0076, 'auc': 0.6058}
train: {'epoch': 40, 'eta': 80.0844, 'loss': 0.2726, 'lr': 0.001, 'params': 151, 'time_iter': 0.2124, 'accuracy': 0.2035, 'precision': 0.8333, 'recall': 0.0021, 'specificity': 0.9983, 'f1': 0.0042, 'auc': 0.6264}
train: {'epoch': 41, 'eta': 79.1943, 'loss': 0.2725, 'lr': 0.001, 'params': 151, 'time_iter': 0.2147, 'accuracy': 0.2042, 'precision': 1.0, 'recall': 0.0025, 'specificity': 1.0, 'f1': 0.0051, 'auc': 0.6235}
train: {'epoch': 42, 'eta': 78.3434, 'loss': 0.2726, 'lr': 0.001, 'params': 151, 'time_iter': 0.2159, 'accuracy': 0.2049, 'precision': 1.0, 'recall': 0.0034, 'specificity': 1.0, 'f1': 0.0068, 'auc': 0.6213}
train: {'epoch': 43, 'eta': 77.5129, 'loss': 0.2721, 'lr': 0.001, 'params': 151, 'time_iter': 0.2145, 'accuracy': 0.2042, 'precision': 1.0, 'recall': 0.0025, 'specificity': 1.0, 'f1': 0.0051, 'auc': 0.6368}
train: {'epoch': 44, 'eta': 76.7137, 'loss': 0.2722, 'lr': 0.001, 'params': 151, 'time_iter': 0.2152, 'accuracy': 0.2052, 'precision': 0.9091, 'recall': 0.0042, 'specificity': 0.9983, 'f1': 0.0084, 'auc': 0.621}
train: {'epoch': 45, 'eta': 75.9357, 'loss': 0.2722, 'lr': 0.001, 'params': 151, 'time_iter': 0.2144, 'accuracy': 0.2035, 'precision': 0.8333, 'recall': 0.0021, 'specificity': 0.9983, 'f1': 0.0042, 'auc': 0.6281}
train: {'epoch': 46, 'eta': 75.1954, 'loss': 0.272, 'lr': 0.001, 'params': 151, 'time_iter': 0.217, 'accuracy': 0.2059, 'precision': 1.0, 'recall': 0.0047, 'specificity': 1.0, 'f1': 0.0093, 'auc': 0.6253}
train: {'epoch': 47, 'eta': 74.4624, 'loss': 0.272, 'lr': 0.001, 'params': 151, 'time_iter': 0.2142, 'accuracy': 0.2042, 'precision': 0.875, 'recall': 0.003, 'specificity': 0.9983, 'f1': 0.0059, 'auc': 0.6271}
train: {'epoch': 48, 'eta': 73.7496, 'loss': 0.2715, 'lr': 0.001, 'params': 151, 'time_iter': 0.214, 'accuracy': 0.2039, 'precision': 1.0, 'recall': 0.0021, 'specificity': 1.0, 'f1': 0.0042, 'auc': 0.6424}
val: {'epoch': 49, 'loss': 0.2622, 'lr': 0.001, 'params': 151, 'time_iter': 0.0727, 'accuracy': 0.1789, 'precision': 0.0, 'recall': 0.0, 'specificity': 1.0, 'f1': 0.0, 'auc': 0.8482}
train: {'epoch': 49, 'eta': 73.0621, 'loss': 0.2714, 'lr': 0.001, 'params': 151, 'time_iter': 0.2151, 'accuracy': 0.2052, 'precision': 0.9091, 'recall': 0.0042, 'specificity': 0.9983, 'f1': 0.0084, 'auc': 0.6448}
train: {'epoch': 50, 'eta': 72.3979, 'loss': 0.2714, 'lr': 0.001, 'params': 151, 'time_iter': 0.2161, 'accuracy': 0.2035, 'precision': 0.8333, 'recall': 0.0021, 'specificity': 0.9983, 'f1': 0.0042, 'auc': 0.6461}
train: {'epoch': 51, 'eta': 71.7544, 'loss': 0.271, 'lr': 0.001, 'params': 151, 'time_iter': 0.2168, 'accuracy': 0.2059, 'precision': 0.9231, 'recall': 0.0051, 'specificity': 0.9983, 'f1': 0.0101, 'auc': 0.6549}
train: {'epoch': 52, 'eta': 71.1195, 'loss': 0.2713, 'lr': 0.001, 'params': 151, 'time_iter': 0.2152, 'accuracy': 0.2066, 'precision': 0.8421, 'recall': 0.0068, 'specificity': 0.995, 'f1': 0.0135, 'auc': 0.6327}
train: {'epoch': 53, 'eta': 70.4913, 'loss': 0.2712, 'lr': 0.001, 'params': 151, 'time_iter': 0.2132, 'accuracy': 0.2052, 'precision': 0.8462, 'recall': 0.0047, 'specificity': 0.9966, 'f1': 0.0093, 'auc': 0.647}
train: {'epoch': 54, 'eta': 69.882, 'loss': 0.2709, 'lr': 0.001, 'params': 151, 'time_iter': 0.2141, 'accuracy': 0.2049, 'precision': 0.8333, 'recall': 0.0042, 'specificity': 0.9966, 'f1': 0.0084, 'auc': 0.6609}
train: {'epoch': 55, 'eta': 69.294, 'loss': 0.271, 'lr': 0.001, 'params': 151, 'time_iter': 0.2158, 'accuracy': 0.2042, 'precision': 0.75, 'recall': 0.0038, 'specificity': 0.995, 'f1': 0.0076, 'auc': 0.6532}
train: {'epoch': 56, 'eta': 68.6977, 'loss': 0.2714, 'lr': 0.001, 'params': 151, 'time_iter': 0.2107, 'accuracy': 0.2035, 'precision': 0.75, 'recall': 0.0025, 'specificity': 0.9966, 'f1': 0.0051, 'auc': 0.6324}
train: {'epoch': 57, 'eta': 68.1276, 'loss': 0.2705, 'lr': 0.001, 'params': 151, 'time_iter': 0.2138, 'accuracy': 0.2062, 'precision': 0.8333, 'recall': 0.0064, 'specificity': 0.995, 'f1': 0.0126, 'auc': 0.6592}
train: {'epoch': 58, 'eta': 67.5717, 'loss': 0.2706, 'lr': 0.001, 'params': 151, 'time_iter': 0.2144, 'accuracy': 0.2066, 'precision': 0.8824, 'recall': 0.0064, 'specificity': 0.9966, 'f1': 0.0126, 'auc': 0.6572}
val: {'epoch': 59, 'loss': 0.2605, 'lr': 0.001, 'params': 151, 'time_iter': 0.0768, 'accuracy': 0.1789, 'precision': 0.0, 'recall': 0.0, 'specificity': 1.0, 'f1': 0.0, 'auc': 0.8624}
train: {'epoch': 59, 'eta': 67.0183, 'loss': 0.2699, 'lr': 0.001, 'params': 151, 'time_iter': 0.2121, 'accuracy': 0.2062, 'precision': 0.9286, 'recall': 0.0055, 'specificity': 0.9983, 'f1': 0.011, 'auc': 0.6796}
train: {'epoch': 60, 'eta': 66.4817, 'loss': 0.2706, 'lr': 0.001, 'params': 151, 'time_iter': 0.2136, 'accuracy': 0.2045, 'precision': 0.8182, 'recall': 0.0038, 'specificity': 0.9966, 'f1': 0.0076, 'auc': 0.6568}
train: {'epoch': 61, 'eta': 65.9509, 'loss': 0.2706, 'lr': 0.001, 'params': 151, 'time_iter': 0.2123, 'accuracy': 0.2045, 'precision': 0.6842, 'recall': 0.0055, 'specificity': 0.9899, 'f1': 0.0109, 'auc': 0.6543}
train: {'epoch': 62, 'eta': 65.456, 'loss': 0.2695, 'lr': 0.001, 'params': 151, 'time_iter': 0.2192, 'accuracy': 0.2056, 'precision': 0.8125, 'recall': 0.0055, 'specificity': 0.995, 'f1': 0.011, 'auc': 0.6896}
train: {'epoch': 63, 'eta': 64.9555, 'loss': 0.2699, 'lr': 0.001, 'params': 151, 'time_iter': 0.2153, 'accuracy': 0.2096, 'precision': 0.9583, 'recall': 0.0098, 'specificity': 0.9983, 'f1': 0.0193, 'auc': 0.6758}
train: {'epoch': 64, 'eta': 64.4603, 'loss': 0.2695, 'lr': 0.001, 'params': 151, 'time_iter': 0.2144, 'accuracy': 0.2083, 'precision': 0.95, 'recall': 0.0081, 'specificity': 0.9983, 'f1': 0.016, 'auc': 0.6838}
train: {'epoch': 65, 'eta': 63.9783, 'loss': 0.2695, 'lr': 0.001, 'params': 151, 'time_iter': 0.2157, 'accuracy': 0.2086, 'precision': 0.9524, 'recall': 0.0085, 'specificity': 0.9983, 'f1': 0.0168, 'auc': 0.6887}
train: {'epoch': 66, 'eta': 63.492, 'loss': 0.2696, 'lr': 0.001, 'params': 151, 'time_iter': 0.2122, 'accuracy': 0.2083, 'precision': 0.95, 'recall': 0.0081, 'specificity': 0.9983, 'f1': 0.016, 'auc': 0.6781}
train: {'epoch': 67, 'eta': 63.0176, 'loss': 0.2693, 'lr': 0.001, 'params': 151, 'time_iter': 0.2133, 'accuracy': 0.2066, 'precision': 0.7826, 'recall': 0.0076, 'specificity': 0.9916, 'f1': 0.0151, 'auc': 0.6898}
train: {'epoch': 68, 'eta': 62.5636, 'loss': 0.2694, 'lr': 0.001, 'params': 151, 'time_iter': 0.2171, 'accuracy': 0.2106, 'precision': 1.0, 'recall': 0.0106, 'specificity': 1.0, 'f1': 0.021, 'auc': 0.6815}
val: {'epoch': 69, 'loss': 0.2588, 'lr': 0.001, 'params': 151, 'time_iter': 0.0732, 'accuracy': 0.1789, 'precision': 0.0, 'recall': 0.0, 'specificity': 1.0, 'f1': 0.0, 'auc': 0.8736}
train: {'epoch': 69, 'eta': 62.1069, 'loss': 0.2691, 'lr': 0.001, 'params': 151, 'time_iter': 0.2143, 'accuracy': 0.2093, 'precision': 0.92, 'recall': 0.0098, 'specificity': 0.9966, 'f1': 0.0193, 'auc': 0.6954}
train: {'epoch': 70, 'eta': 61.6556, 'loss': 0.2694, 'lr': 0.001, 'params': 151, 'time_iter': 0.2138, 'accuracy': 0.2089, 'precision': 0.8333, 'recall': 0.0106, 'specificity': 0.9916, 'f1': 0.021, 'auc': 0.6808}
train: {'epoch': 71, 'eta': 61.2087, 'loss': 0.2689, 'lr': 0.001, 'params': 151, 'time_iter': 0.2131, 'accuracy': 0.211, 'precision': 0.8824, 'recall': 0.0127, 'specificity': 0.9933, 'f1': 0.0251, 'auc': 0.6915}
train: {'epoch': 72, 'eta': 60.7716, 'loss': 0.2688, 'lr': 0.001, 'params': 151, 'time_iter': 0.2142, 'accuracy': 0.2123, 'precision': 0.9688, 'recall': 0.0132, 'specificity': 0.9983, 'f1': 0.026, 'auc': 0.6956}
train: {'epoch': 73, 'eta': 60.345, 'loss': 0.2685, 'lr': 0.001, 'params': 151, 'time_iter': 0.2157, 'accuracy': 0.212, 'precision': 0.9394, 'recall': 0.0132, 'specificity': 0.9966, 'f1': 0.026, 'auc': 0.7074}
train: {'epoch': 74, 'eta': 59.9194, 'loss': 0.2683, 'lr': 0.001, 'params': 151, 'time_iter': 0.2142, 'accuracy': 0.213, 'precision': 0.9444, 'recall': 0.0144, 'specificity': 0.9966, 'f1': 0.0284, 'auc': 0.7154}
train: {'epoch': 75, 'eta': 59.5007, 'loss': 0.2684, 'lr': 0.001, 'params': 151, 'time_iter': 0.2146, 'accuracy': 0.2127, 'precision': 0.9189, 'recall': 0.0144, 'specificity': 0.995, 'f1': 0.0284, 'auc': 0.7024}
train: {'epoch': 76, 'eta': 59.0896, 'loss': 0.2686, 'lr': 0.001, 'params': 151, 'time_iter': 0.2154, 'accuracy': 0.213, 'precision': 0.881, 'recall': 0.0157, 'specificity': 0.9916, 'f1': 0.0309, 'auc': 0.702}
train: {'epoch': 77, 'eta': 58.6799, 'loss': 0.2684, 'lr': 0.001, 'params': 151, 'time_iter': 0.2142, 'accuracy': 0.215, 'precision': 0.9524, 'recall': 0.017, 'specificity': 0.9966, 'f1': 0.0334, 'auc': 0.6989}
train: {'epoch': 78, 'eta': 58.2763, 'loss': 0.2678, 'lr': 0.001, 'params': 151, 'time_iter': 0.2145, 'accuracy': 0.2157, 'precision': 0.8704, 'recall': 0.0199, 'specificity': 0.9883, 'f1': 0.039, 'auc': 0.7189}
val: {'epoch': 79, 'loss': 0.2571, 'lr': 0.001, 'params': 151, 'time_iter': 0.0745, 'accuracy': 0.1789, 'precision': 0.0, 'recall': 0.0, 'specificity': 1.0, 'f1': 0.0, 'auc': 0.8807}
train: {'epoch': 79, 'eta': 57.8869, 'loss': 0.2688, 'lr': 0.001, 'params': 151, 'time_iter': 0.218, 'accuracy': 0.2194, 'precision': 0.9048, 'recall': 0.0242, 'specificity': 0.9899, 'f1': 0.0471, 'auc': 0.6928}
train: {'epoch': 80, 'eta': 57.4944, 'loss': 0.268, 'lr': 0.001, 'params': 151, 'time_iter': 0.2153, 'accuracy': 0.2188, 'precision': 0.9016, 'recall': 0.0233, 'specificity': 0.9899, 'f1': 0.0455, 'auc': 0.7116}
train: {'epoch': 81, 'eta': 57.1147, 'loss': 0.2681, 'lr': 0.001, 'params': 151, 'time_iter': 0.2184, 'accuracy': 0.2181, 'precision': 0.9273, 'recall': 0.0216, 'specificity': 0.9933, 'f1': 0.0423, 'auc': 0.7028}
train: {'epoch': 82, 'eta': 56.7354, 'loss': 0.2679, 'lr': 0.001, 'params': 151, 'time_iter': 0.2171, 'accuracy': 0.2167, 'precision': 0.8644, 'recall': 0.0216, 'specificity': 0.9866, 'f1': 0.0422, 'auc': 0.7067}
train: {'epoch': 83, 'eta': 56.364, 'loss': 0.2671, 'lr': 0.001, 'params': 151, 'time_iter': 0.2187, 'accuracy': 0.2221, 'precision': 0.9403, 'recall': 0.0267, 'specificity': 0.9933, 'f1': 0.052, 'auc': 0.7286}
train: {'epoch': 84, 'eta': 55.9912, 'loss': 0.2675, 'lr': 0.001, 'params': 151, 'time_iter': 0.2167, 'accuracy': 0.2245, 'precision': 0.9231, 'recall': 0.0306, 'specificity': 0.9899, 'f1': 0.0592, 'auc': 0.7203}
train: {'epoch': 85, 'eta': 55.622, 'loss': 0.2675, 'lr': 0.001, 'params': 151, 'time_iter': 0.2167, 'accuracy': 0.2215, 'precision': 0.9014, 'recall': 0.0272, 'specificity': 0.9883, 'f1': 0.0527, 'auc': 0.7209}
train: {'epoch': 86, 'eta': 55.2528, 'loss': 0.2667, 'lr': 0.001, 'params': 151, 'time_iter': 0.2153, 'accuracy': 0.2313, 'precision': 0.9778, 'recall': 0.0374, 'specificity': 0.9966, 'f1': 0.072, 'auc': 0.7397}
train: {'epoch': 87, 'eta': 54.8847, 'loss': 0.2668, 'lr': 0.001, 'params': 151, 'time_iter': 0.2143, 'accuracy': 0.2299, 'precision': 0.9659, 'recall': 0.0361, 'specificity': 0.995, 'f1': 0.0696, 'auc': 0.7251}
train: {'epoch': 88, 'eta': 54.5204, 'loss': 0.2664, 'lr': 0.001, 'params': 151, 'time_iter': 0.2144, 'accuracy': 0.2333, 'precision': 0.96, 'recall': 0.0407, 'specificity': 0.9933, 'f1': 0.0782, 'auc': 0.7381}
val: {'epoch': 89, 'loss': 0.2553, 'lr': 0.001, 'params': 151, 'time_iter': 0.0734, 'accuracy': 0.1789, 'precision': 0.0, 'recall': 0.0, 'specificity': 1.0, 'f1': 0.0, 'auc': 0.8866}
train: {'epoch': 89, 'eta': 54.1629, 'loss': 0.2667, 'lr': 0.001, 'params': 151, 'time_iter': 0.2159, 'accuracy': 0.2333, 'precision': 0.951, 'recall': 0.0412, 'specificity': 0.9916, 'f1': 0.0789, 'auc': 0.7315}
train: {'epoch': 90, 'eta': 53.8055, 'loss': 0.2666, 'lr': 0.001, 'params': 151, 'time_iter': 0.2146, 'accuracy': 0.2384, 'precision': 0.935, 'recall': 0.0488, 'specificity': 0.9866, 'f1': 0.0928, 'auc': 0.7292}
train: {'epoch': 91, 'eta': 53.457, 'loss': 0.2665, 'lr': 0.001, 'params': 151, 'time_iter': 0.2171, 'accuracy': 0.2347, 'precision': 0.9138, 'recall': 0.045, 'specificity': 0.9832, 'f1': 0.0858, 'auc': 0.7309}
train: {'epoch': 92, 'eta': 53.1086, 'loss': 0.2661, 'lr': 0.001, 'params': 151, 'time_iter': 0.2159, 'accuracy': 0.2414, 'precision': 0.9531, 'recall': 0.0518, 'specificity': 0.9899, 'f1': 0.0982, 'auc': 0.7431}
train: {'epoch': 93, 'eta': 52.7584, 'loss': 0.266, 'lr': 0.001, 'params': 151, 'time_iter': 0.2139, 'accuracy': 0.2465, 'precision': 0.9852, 'recall': 0.0565, 'specificity': 0.9966, 'f1': 0.1068, 'auc': 0.7495}
train: {'epoch': 94, 'eta': 52.4142, 'loss': 0.2661, 'lr': 0.001, 'params': 151, 'time_iter': 0.2153, 'accuracy': 0.2516, 'precision': 0.9562, 'recall': 0.0649, 'specificity': 0.9883, 'f1': 0.1216, 'auc': 0.7389}
train: {'epoch': 95, 'eta': 52.0722, 'loss': 0.2666, 'lr': 0.001, 'params': 151, 'time_iter': 0.2151, 'accuracy': 0.2435, 'precision': 0.942, 'recall': 0.0552, 'specificity': 0.9866, 'f1': 0.1043, 'auc': 0.7331}
train: {'epoch': 96, 'eta': 51.7303, 'loss': 0.2654, 'lr': 0.001, 'params': 151, 'time_iter': 0.2138, 'accuracy': 0.2523, 'precision': 0.9405, 'recall': 0.0671, 'specificity': 0.9832, 'f1': 0.1252, 'auc': 0.7617}
train: {'epoch': 97, 'eta': 51.394, 'loss': 0.2654, 'lr': 0.001, 'params': 151, 'time_iter': 0.2153, 'accuracy': 0.256, 'precision': 0.9392, 'recall': 0.0722, 'specificity': 0.9816, 'f1': 0.134, 'auc': 0.7549}
train: {'epoch': 98, 'eta': 51.0541, 'loss': 0.2652, 'lr': 0.001, 'params': 151, 'time_iter': 0.2123, 'accuracy': 0.2621, 'precision': 0.9683, 'recall': 0.0777, 'specificity': 0.9899, 'f1': 0.1438, 'auc': 0.7592}
val: {'epoch': 99, 'loss': 0.2533, 'lr': 0.001, 'params': 151, 'time_iter': 0.0739, 'accuracy': 0.1789, 'precision': 0.0, 'recall': 0.0, 'specificity': 1.0, 'f1': 0.0, 'auc': 0.8909}
train: {'epoch': 99, 'eta': 50.7174, 'loss': 0.2652, 'lr': 0.001, 'params': 151, 'time_iter': 0.2126, 'accuracy': 0.2699, 'precision': 0.9464, 'recall': 0.09, 'specificity': 0.9799, 'f1': 0.1643, 'auc': 0.7551}
train: {'epoch': 100, 'eta': 50.3871, 'loss': 0.2647, 'lr': 0.001, 'params': 151, 'time_iter': 0.2147, 'accuracy': 0.2743, 'precision': 0.9419, 'recall': 0.0963, 'specificity': 0.9765, 'f1': 0.1748, 'auc': 0.7676}
train: {'epoch': 101, 'eta': 50.0584, 'loss': 0.2652, 'lr': 0.001, 'params': 151, 'time_iter': 0.2143, 'accuracy': 0.2712, 'precision': 0.9595, 'recall': 0.0904, 'specificity': 0.9849, 'f1': 0.1652, 'auc': 0.7491}
train: {'epoch': 102, 'eta': 49.7333, 'loss': 0.265, 'lr': 0.001, 'params': 151, 'time_iter': 0.215, 'accuracy': 0.2861, 'precision': 0.9593, 'recall': 0.1099, 'specificity': 0.9816, 'f1': 0.1973, 'auc': 0.7559}
train: {'epoch': 103, 'eta': 49.4099, 'loss': 0.2647, 'lr': 0.001, 'params': 151, 'time_iter': 0.2148, 'accuracy': 0.2828, 'precision': 0.9542, 'recall': 0.1061, 'specificity': 0.9799, 'f1': 0.191, 'auc': 0.7603}
train: {'epoch': 104, 'eta': 49.1132, 'loss': 0.2637, 'lr': 0.001, 'params': 151, 'time_iter': 0.2281, 'accuracy': 0.3078, 'precision': 0.9432, 'recall': 0.1409, 'specificity': 0.9665, 'f1': 0.2452, 'auc': 0.7771}
train: {'epoch': 105, 'eta': 48.7942, 'loss': 0.2638, 'lr': 0.001, 'params': 151, 'time_iter': 0.2152, 'accuracy': 0.2963, 'precision': 0.9513, 'recall': 0.1244, 'specificity': 0.9749, 'f1': 0.22, 'auc': 0.7751}
train: {'epoch': 106, 'eta': 48.4744, 'loss': 0.2645, 'lr': 0.001, 'params': 151, 'time_iter': 0.2136, 'accuracy': 0.3041, 'precision': 0.9388, 'recall': 0.1367, 'specificity': 0.9648, 'f1': 0.2386, 'auc': 0.7577}
train: {'epoch': 107, 'eta': 48.1554, 'loss': 0.2641, 'lr': 0.001, 'params': 151, 'time_iter': 0.213, 'accuracy': 0.3024, 'precision': 0.9405, 'recall': 0.1341, 'specificity': 0.9665, 'f1': 0.2348, 'auc': 0.768}
train: {'epoch': 108, 'eta': 47.8463, 'loss': 0.2634, 'lr': 0.001, 'params': 151, 'time_iter': 0.2176, 'accuracy': 0.3115, 'precision': 0.9549, 'recall': 0.1439, 'specificity': 0.9732, 'f1': 0.2501, 'auc': 0.7753}
val: {'epoch': 109, 'loss': 0.2508, 'lr': 0.001, 'params': 151, 'time_iter': 0.0727, 'accuracy': 0.189, 'precision': 1.0, 'recall': 0.0124, 'specificity': 1.0, 'f1': 0.0244, 'auc': 0.8947}
train: {'epoch': 109, 'eta': 47.536, 'loss': 0.2633, 'lr': 0.001, 'params': 151, 'time_iter': 0.2159, 'accuracy': 0.3234, 'precision': 0.952, 'recall': 0.16, 'specificity': 0.9682, 'f1': 0.274, 'auc': 0.7761}
train: {'epoch': 110, 'eta': 47.2198, 'loss': 0.2626, 'lr': 0.001, 'params': 151, 'time_iter': 0.2114, 'accuracy': 0.3315, 'precision': 0.9569, 'recall': 0.1698, 'specificity': 0.9698, 'f1': 0.2884, 'auc': 0.7879}
train: {'epoch': 111, 'eta': 46.9114, 'loss': 0.2629, 'lr': 0.001, 'params': 151, 'time_iter': 0.2149, 'accuracy': 0.342, 'precision': 0.9538, 'recall': 0.1842, 'specificity': 0.9648, 'f1': 0.3088, 'auc': 0.78}
train: {'epoch': 112, 'eta': 46.6034, 'loss': 0.2626, 'lr': 0.001, 'params': 151, 'time_iter': 0.2142, 'accuracy': 0.3434, 'precision': 0.9562, 'recall': 0.1855, 'specificity': 0.9665, 'f1': 0.3107, 'auc': 0.7845}
train: {'epoch': 113, 'eta': 46.2993, 'loss': 0.2625, 'lr': 0.001, 'params': 151, 'time_iter': 0.2156, 'accuracy': 0.3654, 'precision': 0.9547, 'recall': 0.2148, 'specificity': 0.9598, 'f1': 0.3507, 'auc': 0.7835}
train: {'epoch': 114, 'eta': 45.9937, 'loss': 0.2624, 'lr': 0.001, 'params': 151, 'time_iter': 0.2137, 'accuracy': 0.363, 'precision': 0.9559, 'recall': 0.2114, 'specificity': 0.9615, 'f1': 0.3462, 'auc': 0.7797}
train: {'epoch': 115, 'eta': 45.6898, 'loss': 0.2619, 'lr': 0.001, 'params': 151, 'time_iter': 0.2137, 'accuracy': 0.3915, 'precision': 0.9545, 'recall': 0.2492, 'specificity': 0.9531, 'f1': 0.3952, 'auc': 0.7905}
train: {'epoch': 116, 'eta': 45.3861, 'loss': 0.2621, 'lr': 0.001, 'params': 151, 'time_iter': 0.2129, 'accuracy': 0.3942, 'precision': 0.9565, 'recall': 0.2521, 'specificity': 0.9548, 'f1': 0.3991, 'auc': 0.7846}
train: {'epoch': 117, 'eta': 45.0858, 'loss': 0.2615, 'lr': 0.001, 'params': 151, 'time_iter': 0.2141, 'accuracy': 0.404, 'precision': 0.9502, 'recall': 0.267, 'specificity': 0.9447, 'f1': 0.4168, 'auc': 0.7987}
train: {'epoch': 118, 'eta': 44.7872, 'loss': 0.2606, 'lr': 0.001, 'params': 151, 'time_iter': 0.2143, 'accuracy': 0.427, 'precision': 0.9676, 'recall': 0.2916, 'specificity': 0.9615, 'f1': 0.4481, 'auc': 0.8118}
val: {'epoch': 119, 'loss': 0.2477, 'lr': 0.001, 'params': 151, 'time_iter': 0.0729, 'accuracy': 0.4624, 'precision': 0.9895, 'recall': 0.349, 'specificity': 0.983, 'f1': 0.516, 'auc': 0.8985}
train: {'epoch': 119, 'eta': 44.4908, 'loss': 0.2609, 'lr': 0.001, 'params': 151, 'time_iter': 0.2148, 'accuracy': 0.4274, 'precision': 0.9512, 'recall': 0.2975, 'specificity': 0.9397, 'f1': 0.4533, 'auc': 0.7946}
train: {'epoch': 120, 'eta': 44.1932, 'loss': 0.2611, 'lr': 0.001, 'params': 151, 'time_iter': 0.2131, 'accuracy': 0.4345, 'precision': 0.9537, 'recall': 0.306, 'specificity': 0.9414, 'f1': 0.4634, 'auc': 0.7955}
train: {'epoch': 121, 'eta': 43.8943, 'loss': 0.2602, 'lr': 0.001, 'params': 151, 'time_iter': 0.2112, 'accuracy': 0.4528, 'precision': 0.9568, 'recall': 0.3289, 'specificity': 0.9414, 'f1': 0.4896, 'auc': 0.8082}
train: {'epoch': 122, 'eta': 43.5988, 'loss': 0.26, 'lr': 0.001, 'params': 151, 'time_iter': 0.2126, 'accuracy': 0.4633, 'precision': 0.9541, 'recall': 0.3438, 'specificity': 0.9347, 'f1': 0.5055, 'auc': 0.8038}
train: {'epoch': 123, 'eta': 43.3075, 'loss': 0.2601, 'lr': 0.001, 'params': 151, 'time_iter': 0.2146, 'accuracy': 0.4633, 'precision': 0.9541, 'recall': 0.3438, 'specificity': 0.9347, 'f1': 0.5055, 'auc': 0.8025}
train: {'epoch': 124, 'eta': 43.0199, 'loss': 0.2594, 'lr': 0.001, 'params': 151, 'time_iter': 0.2164, 'accuracy': 0.4799, 'precision': 0.9545, 'recall': 0.3654, 'specificity': 0.9313, 'f1': 0.5285, 'auc': 0.8077}
train: {'epoch': 125, 'eta': 42.7316, 'loss': 0.259, 'lr': 0.001, 'params': 151, 'time_iter': 0.215, 'accuracy': 0.4761, 'precision': 0.945, 'recall': 0.3646, 'specificity': 0.9162, 'f1': 0.5262, 'auc': 0.8085}
train: {'epoch': 126, 'eta': 42.4426, 'loss': 0.2587, 'lr': 0.001, 'params': 151, 'time_iter': 0.2138, 'accuracy': 0.513, 'precision': 0.9518, 'recall': 0.4104, 'specificity': 0.9179, 'f1': 0.5735, 'auc': 0.8171}
train: {'epoch': 127, 'eta': 42.1563, 'loss': 0.2582, 'lr': 0.001, 'params': 151, 'time_iter': 0.2148, 'accuracy': 0.5269, 'precision': 0.9528, 'recall': 0.4283, 'specificity': 0.9162, 'f1': 0.5909, 'auc': 0.82}
train: {'epoch': 128, 'eta': 41.8711, 'loss': 0.2589, 'lr': 0.001, 'params': 151, 'time_iter': 0.2149, 'accuracy': 0.5185, 'precision': 0.9373, 'recall': 0.4249, 'specificity': 0.8878, 'f1': 0.5847, 'auc': 0.7993}
val: {'epoch': 129, 'loss': 0.2438, 'lr': 0.001, 'params': 151, 'time_iter': 0.0724, 'accuracy': 0.7033, 'precision': 0.9725, 'recall': 0.6572, 'specificity': 0.9148, 'f1': 0.7843, 'auc': 0.9033}
train: {'epoch': 129, 'eta': 41.5868, 'loss': 0.2577, 'lr': 0.001, 'params': 151, 'time_iter': 0.2147, 'accuracy': 0.5537, 'precision': 0.9577, 'recall': 0.461, 'specificity': 0.9196, 'f1': 0.6223, 'auc': 0.8192}
train: {'epoch': 130, 'eta': 41.3016, 'loss': 0.2571, 'lr': 0.001, 'params': 151, 'time_iter': 0.2132, 'accuracy': 0.5652, 'precision': 0.9504, 'recall': 0.4801, 'specificity': 0.9012, 'f1': 0.6379, 'auc': 0.8212}
train: {'epoch': 131, 'eta': 41.0198, 'loss': 0.2571, 'lr': 0.001, 'params': 151, 'time_iter': 0.215, 'accuracy': 0.5642, 'precision': 0.9564, 'recall': 0.4754, 'specificity': 0.9146, 'f1': 0.6351, 'auc': 0.8261}
train: {'epoch': 132, 'eta': 40.7368, 'loss': 0.2565, 'lr': 0.001, 'params': 151, 'time_iter': 0.2132, 'accuracy': 0.5933, 'precision': 0.9515, 'recall': 0.5166, 'specificity': 0.8961, 'f1': 0.6696, 'auc': 0.8273}
train: {'epoch': 133, 'eta': 40.4562, 'loss': 0.2565, 'lr': 0.001, 'params': 151, 'time_iter': 0.2144, 'accuracy': 0.5828, 'precision': 0.9391, 'recall': 0.5102, 'specificity': 0.8693, 'f1': 0.6612, 'auc': 0.8172}
train: {'epoch': 134, 'eta': 40.1779, 'loss': 0.256, 'lr': 0.001, 'params': 151, 'time_iter': 0.2154, 'accuracy': 0.5997, 'precision': 0.9454, 'recall': 0.5289, 'specificity': 0.8794, 'f1': 0.6783, 'auc': 0.8219}
train: {'epoch': 135, 'eta': 39.8995, 'loss': 0.255, 'lr': 0.001, 'params': 151, 'time_iter': 0.2146, 'accuracy': 0.6255, 'precision': 0.9516, 'recall': 0.559, 'specificity': 0.8878, 'f1': 0.7043, 'auc': 0.8384}
train: {'epoch': 136, 'eta': 39.6206, 'loss': 0.2555, 'lr': 0.001, 'params': 151, 'time_iter': 0.2133, 'accuracy': 0.6224, 'precision': 0.9404, 'recall': 0.5624, 'specificity': 0.8593, 'f1': 0.7039, 'auc': 0.8192}
train: {'epoch': 137, 'eta': 39.344, 'loss': 0.2548, 'lr': 0.001, 'params': 151, 'time_iter': 0.2145, 'accuracy': 0.6458, 'precision': 0.9456, 'recall': 0.59, 'specificity': 0.866, 'f1': 0.7266, 'auc': 0.829}
train: {'epoch': 138, 'eta': 39.0688, 'loss': 0.2539, 'lr': 0.001, 'params': 151, 'time_iter': 0.215, 'accuracy': 0.6333, 'precision': 0.9411, 'recall': 0.5764, 'specificity': 0.8576, 'f1': 0.7149, 'auc': 0.8327}
val: {'epoch': 139, 'loss': 0.2379, 'lr': 0.001, 'params': 151, 'time_iter': 0.0718, 'accuracy': 0.8425, 'precision': 0.9528, 'recall': 0.8502, 'specificity': 0.8068, 'f1': 0.8986, 'auc': 0.9098}
train: {'epoch': 139, 'eta': 38.7941, 'loss': 0.2534, 'lr': 0.001, 'params': 151, 'time_iter': 0.2147, 'accuracy': 0.6644, 'precision': 0.9429, 'recall': 0.6167, 'specificity': 0.8526, 'f1': 0.7457, 'auc': 0.8352}
train: {'epoch': 140, 'eta': 38.5176, 'loss': 0.2529, 'lr': 0.001, 'params': 151, 'time_iter': 0.2122, 'accuracy': 0.6708, 'precision': 0.9442, 'recall': 0.6244, 'specificity': 0.8543, 'f1': 0.7517, 'auc': 0.837}
train: {'epoch': 141, 'eta': 38.2438, 'loss': 0.2513, 'lr': 0.001, 'params': 151, 'time_iter': 0.2138, 'accuracy': 0.6813, 'precision': 0.9452, 'recall': 0.6375, 'specificity': 0.8543, 'f1': 0.7615, 'auc': 0.8451}
train: {'epoch': 142, 'eta': 37.9704, 'loss': 0.2515, 'lr': 0.001, 'params': 151, 'time_iter': 0.2135, 'accuracy': 0.699, 'precision': 0.9437, 'recall': 0.6621, 'specificity': 0.8442, 'f1': 0.7782, 'auc': 0.8418}
train: {'epoch': 143, 'eta': 37.6983, 'loss': 0.251, 'lr': 0.001, 'params': 151, 'time_iter': 0.2139, 'accuracy': 0.7037, 'precision': 0.9485, 'recall': 0.6647, 'specificity': 0.8576, 'f1': 0.7816, 'auc': 0.8424}
train: {'epoch': 144, 'eta': 37.4267, 'loss': 0.2505, 'lr': 0.001, 'params': 151, 'time_iter': 0.2137, 'accuracy': 0.6996, 'precision': 0.9411, 'recall': 0.6651, 'specificity': 0.8358, 'f1': 0.7794, 'auc': 0.835}
train: {'epoch': 145, 'eta': 37.1568, 'loss': 0.2501, 'lr': 0.001, 'params': 151, 'time_iter': 0.2145, 'accuracy': 0.703, 'precision': 0.9404, 'recall': 0.6702, 'specificity': 0.8325, 'f1': 0.7827, 'auc': 0.8388}
train: {'epoch': 146, 'eta': 36.8886, 'loss': 0.2489, 'lr': 0.001, 'params': 151, 'time_iter': 0.2154, 'accuracy': 0.7149, 'precision': 0.9432, 'recall': 0.6838, 'specificity': 0.8375, 'f1': 0.7928, 'auc': 0.8459}
train: {'epoch': 147, 'eta': 36.6186, 'loss': 0.2479, 'lr': 0.001, 'params': 151, 'time_iter': 0.2129, 'accuracy': 0.701, 'precision': 0.9434, 'recall': 0.6651, 'specificity': 0.8425, 'f1': 0.7802, 'auc': 0.8498}
train: {'epoch': 148, 'eta': 36.3493, 'loss': 0.2465, 'lr': 0.001, 'params': 151, 'time_iter': 0.213, 'accuracy': 0.7308, 'precision': 0.9417, 'recall': 0.7063, 'specificity': 0.8275, 'f1': 0.8072, 'auc': 0.8556}
val: {'epoch': 149, 'loss': 0.2303, 'lr': 0.001, 'params': 151, 'time_iter': 0.0728, 'accuracy': 0.8811, 'precision': 0.9481, 'recall': 0.9047, 'specificity': 0.7727, 'f1': 0.9259, 'auc': 0.9099}
train: {'epoch': 149, 'eta': 36.0837, 'loss': 0.2475, 'lr': 0.001, 'params': 151, 'time_iter': 0.2158, 'accuracy': 0.7325, 'precision': 0.9394, 'recall': 0.7105, 'specificity': 0.8191, 'f1': 0.8091, 'auc': 0.8379}
train: {'epoch': 150, 'eta': 35.8152, 'loss': 0.2466, 'lr': 0.001, 'params': 151, 'time_iter': 0.2122, 'accuracy': 0.7189, 'precision': 0.937, 'recall': 0.6944, 'specificity': 0.8157, 'f1': 0.7977, 'auc': 0.842}
train: {'epoch': 151, 'eta': 35.5509, 'loss': 0.2457, 'lr': 0.001, 'params': 151, 'time_iter': 0.2158, 'accuracy': 0.7365, 'precision': 0.9478, 'recall': 0.7088, 'specificity': 0.8459, 'f1': 0.8111, 'auc': 0.8469}
train: {'epoch': 152, 'eta': 35.2861, 'loss': 0.2449, 'lr': 0.001, 'params': 151, 'time_iter': 0.2146, 'accuracy': 0.7332, 'precision': 0.939, 'recall': 0.7118, 'specificity': 0.8174, 'f1': 0.8098, 'auc': 0.8438}
train: {'epoch': 153, 'eta': 35.0221, 'loss': 0.2453, 'lr': 0.001, 'params': 151, 'time_iter': 0.2147, 'accuracy': 0.7243, 'precision': 0.9341, 'recall': 0.7042, 'specificity': 0.804, 'f1': 0.803, 'auc': 0.84}
train: {'epoch': 154, 'eta': 34.7568, 'loss': 0.2436, 'lr': 0.001, 'params': 151, 'time_iter': 0.2128, 'accuracy': 0.7362, 'precision': 0.9403, 'recall': 0.7148, 'specificity': 0.8208, 'f1': 0.8122, 'auc': 0.8506}
train: {'epoch': 155, 'eta': 34.4956, 'loss': 0.2428, 'lr': 0.001, 'params': 151, 'time_iter': 0.2164, 'accuracy': 0.7416, 'precision': 0.9442, 'recall': 0.7186, 'specificity': 0.8325, 'f1': 0.8161, 'auc': 0.853}
train: {'epoch': 156, 'eta': 34.2341, 'loss': 0.2423, 'lr': 0.001, 'params': 151, 'time_iter': 0.2156, 'accuracy': 0.7497, 'precision': 0.9392, 'recall': 0.7339, 'specificity': 0.8124, 'f1': 0.8239, 'auc': 0.8566}
train: {'epoch': 157, 'eta': 33.9714, 'loss': 0.2411, 'lr': 0.001, 'params': 151, 'time_iter': 0.2134, 'accuracy': 0.7406, 'precision': 0.9427, 'recall': 0.7186, 'specificity': 0.8275, 'f1': 0.8155, 'auc': 0.8642}
train: {'epoch': 158, 'eta': 33.7094, 'loss': 0.2424, 'lr': 0.001, 'params': 151, 'time_iter': 0.2136, 'accuracy': 0.7514, 'precision': 0.9412, 'recall': 0.7343, 'specificity': 0.8191, 'f1': 0.825, 'auc': 0.8485}
val: {'epoch': 159, 'loss': 0.2228, 'lr': 0.001, 'params': 151, 'time_iter': 0.0725, 'accuracy': 0.873, 'precision': 0.9511, 'recall': 0.8911, 'specificity': 0.7898, 'f1': 0.9201, 'auc': 0.9067}
train: {'epoch': 159, 'eta': 33.4471, 'loss': 0.2421, 'lr': 0.001, 'params': 151, 'time_iter': 0.2126, 'accuracy': 0.7525, 'precision': 0.9366, 'recall': 0.7398, 'specificity': 0.8023, 'f1': 0.8267, 'auc': 0.8468}
train: {'epoch': 160, 'eta': 33.1868, 'loss': 0.2415, 'lr': 0.001, 'params': 151, 'time_iter': 0.2141, 'accuracy': 0.7504, 'precision': 0.9345, 'recall': 0.739, 'specificity': 0.7956, 'f1': 0.8253, 'auc': 0.8473}
train: {'epoch': 161, 'eta': 32.9286, 'loss': 0.2408, 'lr': 0.001, 'params': 151, 'time_iter': 0.216, 'accuracy': 0.7565, 'precision': 0.9389, 'recall': 0.7432, 'specificity': 0.809, 'f1': 0.8297, 'auc': 0.8544}
train: {'epoch': 162, 'eta': 32.6714, 'loss': 0.2409, 'lr': 0.001, 'params': 151, 'time_iter': 0.2165, 'accuracy': 0.7606, 'precision': 0.9411, 'recall': 0.7466, 'specificity': 0.8157, 'f1': 0.8327, 'auc': 0.8556}
train: {'epoch': 163, 'eta': 32.4118, 'loss': 0.2403, 'lr': 0.001, 'params': 151, 'time_iter': 0.213, 'accuracy': 0.7518, 'precision': 0.9413, 'recall': 0.7347, 'specificity': 0.8191, 'f1': 0.8253, 'auc': 0.8575}
train: {'epoch': 164, 'eta': 32.1543, 'loss': 0.2405, 'lr': 0.001, 'params': 151, 'time_iter': 0.2149, 'accuracy': 0.7359, 'precision': 0.9407, 'recall': 0.7139, 'specificity': 0.8224, 'f1': 0.8118, 'auc': 0.8502}
train: {'epoch': 165, 'eta': 31.8983, 'loss': 0.2401, 'lr': 0.001, 'params': 151, 'time_iter': 0.216, 'accuracy': 0.7338, 'precision': 0.939, 'recall': 0.7126, 'specificity': 0.8174, 'f1': 0.8103, 'auc': 0.8547}
train: {'epoch': 166, 'eta': 31.6417, 'loss': 0.2386, 'lr': 0.001, 'params': 151, 'time_iter': 0.2148, 'accuracy': 0.7464, 'precision': 0.9471, 'recall': 0.7224, 'specificity': 0.8409, 'f1': 0.8196, 'auc': 0.8637}
train: {'epoch': 167, 'eta': 31.3855, 'loss': 0.2388, 'lr': 0.001, 'params': 151, 'time_iter': 0.2147, 'accuracy': 0.7531, 'precision': 0.9414, 'recall': 0.7364, 'specificity': 0.8191, 'f1': 0.8264, 'auc': 0.8564}
train: {'epoch': 168, 'eta': 31.1296, 'loss': 0.2386, 'lr': 0.001, 'params': 151, 'time_iter': 0.2144, 'accuracy': 0.7386, 'precision': 0.9459, 'recall': 0.7131, 'specificity': 0.8392, 'f1': 0.8132, 'auc': 0.8586}
val: {'epoch': 169, 'loss': 0.2188, 'lr': 0.001, 'params': 151, 'time_iter': 0.0737, 'accuracy': 0.8709, 'precision': 0.9534, 'recall': 0.8861, 'specificity': 0.8011, 'f1': 0.9185, 'auc': 0.9061}
train: {'epoch': 169, 'eta': 30.8742, 'loss': 0.2395, 'lr': 0.001, 'params': 151, 'time_iter': 0.2143, 'accuracy': 0.7352, 'precision': 0.9372, 'recall': 0.716, 'specificity': 0.8107, 'f1': 0.8118, 'auc': 0.8507}
train: {'epoch': 170, 'eta': 30.6182, 'loss': 0.2388, 'lr': 0.001, 'params': 151, 'time_iter': 0.2129, 'accuracy': 0.7433, 'precision': 0.9429, 'recall': 0.722, 'specificity': 0.8275, 'f1': 0.8178, 'auc': 0.8546}
train: {'epoch': 171, 'eta': 30.3644, 'loss': 0.2386, 'lr': 0.001, 'params': 151, 'time_iter': 0.2153, 'accuracy': 0.7619, 'precision': 0.9389, 'recall': 0.7504, 'specificity': 0.8074, 'f1': 0.8342, 'auc': 0.8485}
train: {'epoch': 172, 'eta': 30.1104, 'loss': 0.2377, 'lr': 0.001, 'params': 151, 'time_iter': 0.2144, 'accuracy': 0.7643, 'precision': 0.942, 'recall': 0.7508, 'specificity': 0.8174, 'f1': 0.8356, 'auc': 0.8576}
train: {'epoch': 173, 'eta': 29.8568, 'loss': 0.2371, 'lr': 0.001, 'params': 151, 'time_iter': 0.2143, 'accuracy': 0.7718, 'precision': 0.9426, 'recall': 0.7602, 'specificity': 0.8174, 'f1': 0.8416, 'auc': 0.8622}
train: {'epoch': 174, 'eta': 29.6045, 'loss': 0.2378, 'lr': 0.001, 'params': 151, 'time_iter': 0.2154, 'accuracy': 0.7623, 'precision': 0.9418, 'recall': 0.7483, 'specificity': 0.8174, 'f1': 0.834, 'auc': 0.8522}
train: {'epoch': 175, 'eta': 29.3519, 'loss': 0.237, 'lr': 0.001, 'params': 151, 'time_iter': 0.2144, 'accuracy': 0.7748, 'precision': 0.9388, 'recall': 0.7678, 'specificity': 0.8023, 'f1': 0.8447, 'auc': 0.8575}
train: {'epoch': 176, 'eta': 29.1009, 'loss': 0.2373, 'lr': 0.001, 'params': 151, 'time_iter': 0.2161, 'accuracy': 0.765, 'precision': 0.936, 'recall': 0.7572, 'specificity': 0.7956, 'f1': 0.8372, 'auc': 0.8526}
train: {'epoch': 177, 'eta': 28.8485, 'loss': 0.2363, 'lr': 0.001, 'params': 151, 'time_iter': 0.2136, 'accuracy': 0.7741, 'precision': 0.9415, 'recall': 0.7644, 'specificity': 0.8124, 'f1': 0.8438, 'auc': 0.8594}
train: {'epoch': 178, 'eta': 28.5966, 'loss': 0.2371, 'lr': 0.001, 'params': 151, 'time_iter': 0.2136, 'accuracy': 0.7562, 'precision': 0.9388, 'recall': 0.7428, 'specificity': 0.809, 'f1': 0.8294, 'auc': 0.8534}
val: {'epoch': 179, 'loss': 0.2193, 'lr': 0.001, 'params': 151, 'time_iter': 0.0727, 'accuracy': 0.8455, 'precision': 0.9518, 'recall': 0.8552, 'specificity': 0.8011, 'f1': 0.9009, 'auc': 0.9039}
train: {'epoch': 179, 'eta': 28.3462, 'loss': 0.236, 'lr': 0.001, 'params': 151, 'time_iter': 0.2152, 'accuracy': 0.7572, 'precision': 0.9471, 'recall': 0.7368, 'specificity': 0.8375, 'f1': 0.8288, 'auc': 0.8643}
train: {'epoch': 180, 'eta': 28.0949, 'loss': 0.2368, 'lr': 0.001, 'params': 151, 'time_iter': 0.2132, 'accuracy': 0.745, 'precision': 0.9416, 'recall': 0.7254, 'specificity': 0.8224, 'f1': 0.8195, 'auc': 0.8573}
train: {'epoch': 181, 'eta': 27.8454, 'loss': 0.2366, 'lr': 0.001, 'params': 151, 'time_iter': 0.2155, 'accuracy': 0.7416, 'precision': 0.9442, 'recall': 0.7186, 'specificity': 0.8325, 'f1': 0.8161, 'auc': 0.8598}
train: {'epoch': 182, 'eta': 27.5959, 'loss': 0.238, 'lr': 0.001, 'params': 151, 'time_iter': 0.2148, 'accuracy': 0.7162, 'precision': 0.9454, 'recall': 0.6838, 'specificity': 0.8442, 'f1': 0.7936, 'auc': 0.8509}
train: {'epoch': 183, 'eta': 27.3473, 'loss': 0.237, 'lr': 0.001, 'params': 151, 'time_iter': 0.2156, 'accuracy': 0.7359, 'precision': 0.9397, 'recall': 0.7148, 'specificity': 0.8191, 'f1': 0.812, 'auc': 0.8529}
train: {'epoch': 184, 'eta': 27.0973, 'loss': 0.2363, 'lr': 0.001, 'params': 151, 'time_iter': 0.2128, 'accuracy': 0.745, 'precision': 0.9436, 'recall': 0.7237, 'specificity': 0.8291, 'f1': 0.8191, 'auc': 0.8574}
train: {'epoch': 185, 'eta': 26.8464, 'loss': 0.2359, 'lr': 0.001, 'params': 151, 'time_iter': 0.2108, 'accuracy': 0.7494, 'precision': 0.9387, 'recall': 0.7339, 'specificity': 0.8107, 'f1': 0.8237, 'auc': 0.8541}
train: {'epoch': 186, 'eta': 26.599, 'loss': 0.2359, 'lr': 0.001, 'params': 151, 'time_iter': 0.2158, 'accuracy': 0.7464, 'precision': 0.9403, 'recall': 0.7284, 'specificity': 0.8174, 'f1': 0.8209, 'auc': 0.8577}
train: {'epoch': 187, 'eta': 26.3515, 'loss': 0.2358, 'lr': 0.001, 'params': 151, 'time_iter': 0.215, 'accuracy': 0.7592, 'precision': 0.9405, 'recall': 0.7453, 'specificity': 0.8141, 'f1': 0.8316, 'auc': 0.8564}
train: {'epoch': 188, 'eta': 26.1047, 'loss': 0.2353, 'lr': 0.001, 'params': 151, 'time_iter': 0.2157, 'accuracy': 0.7758, 'precision': 0.9375, 'recall': 0.7704, 'specificity': 0.7973, 'f1': 0.8458, 'auc': 0.8564}
val: {'epoch': 189, 'loss': 0.2159, 'lr': 0.001, 'params': 151, 'time_iter': 0.0723, 'accuracy': 0.8699, 'precision': 0.9497, 'recall': 0.8886, 'specificity': 0.7841, 'f1': 0.9182, 'auc': 0.9035}
train: {'epoch': 189, 'eta': 25.8571, 'loss': 0.2344, 'lr': 0.001, 'params': 151, 'time_iter': 0.2137, 'accuracy': 0.7592, 'precision': 0.9401, 'recall': 0.7458, 'specificity': 0.8124, 'f1': 0.8317, 'auc': 0.8598}
train: {'epoch': 190, 'eta': 25.6092, 'loss': 0.2342, 'lr': 0.001, 'params': 151, 'time_iter': 0.2126, 'accuracy': 0.7755, 'precision': 0.9407, 'recall': 0.767, 'specificity': 0.809, 'f1': 0.845, 'auc': 0.8597}
train: {'epoch': 191, 'eta': 25.3632, 'loss': 0.234, 'lr': 0.001, 'params': 151, 'time_iter': 0.2152, 'accuracy': 0.7707, 'precision': 0.9393, 'recall': 0.7619, 'specificity': 0.8057, 'f1': 0.8413, 'auc': 0.8605}
train: {'epoch': 192, 'eta': 25.116, 'loss': 0.2338, 'lr': 0.001, 'params': 151, 'time_iter': 0.2126, 'accuracy': 0.7816, 'precision': 0.9394, 'recall': 0.7763, 'specificity': 0.8023, 'f1': 0.8501, 'auc': 0.8559}
train: {'epoch': 193, 'eta': 24.8703, 'loss': 0.2329, 'lr': 0.001, 'params': 151, 'time_iter': 0.2147, 'accuracy': 0.7758, 'precision': 0.9439, 'recall': 0.7644, 'specificity': 0.8208, 'f1': 0.8447, 'auc': 0.8647}
train: {'epoch': 194, 'eta': 24.6269, 'loss': 0.2333, 'lr': 0.001, 'params': 151, 'time_iter': 0.2184, 'accuracy': 0.7646, 'precision': 0.9341, 'recall': 0.7585, 'specificity': 0.7889, 'f1': 0.8372, 'auc': 0.8591}
train: {'epoch': 195, 'eta': 24.3816, 'loss': 0.2324, 'lr': 0.001, 'params': 151, 'time_iter': 0.2142, 'accuracy': 0.768, 'precision': 0.9451, 'recall': 0.753, 'specificity': 0.8275, 'f1': 0.8382, 'auc': 0.8663}
train: {'epoch': 196, 'eta': 24.1363, 'loss': 0.2321, 'lr': 0.001, 'params': 151, 'time_iter': 0.2136, 'accuracy': 0.7789, 'precision': 0.9428, 'recall': 0.7695, 'specificity': 0.8157, 'f1': 0.8474, 'auc': 0.8606}
train: {'epoch': 197, 'eta': 23.892, 'loss': 0.2316, 'lr': 0.001, 'params': 151, 'time_iter': 0.2151, 'accuracy': 0.768, 'precision': 0.9447, 'recall': 0.7534, 'specificity': 0.8258, 'f1': 0.8383, 'auc': 0.8644}
train: {'epoch': 198, 'eta': 23.6475, 'loss': 0.233, 'lr': 0.001, 'params': 151, 'time_iter': 0.2141, 'accuracy': 0.7697, 'precision': 0.9374, 'recall': 0.7623, 'specificity': 0.799, 'f1': 0.8408, 'auc': 0.8537}
val: {'epoch': 199, 'loss': 0.2119, 'lr': 0.001, 'params': 151, 'time_iter': 0.072, 'accuracy': 0.8699, 'precision': 0.9485, 'recall': 0.8899, 'specificity': 0.7784, 'f1': 0.9183, 'auc': 0.899}
train: {'epoch': 199, 'eta': 23.404, 'loss': 0.2325, 'lr': 0.001, 'params': 151, 'time_iter': 0.2152, 'accuracy': 0.7514, 'precision': 0.9437, 'recall': 0.7322, 'specificity': 0.8275, 'f1': 0.8246, 'auc': 0.858}
train: {'epoch': 200, 'eta': 23.1609, 'loss': 0.2319, 'lr': 0.001, 'params': 151, 'time_iter': 0.2157, 'accuracy': 0.7562, 'precision': 0.9436, 'recall': 0.7385, 'specificity': 0.8258, 'f1': 0.8286, 'auc': 0.8617}
train: {'epoch': 201, 'eta': 22.9174, 'loss': 0.2317, 'lr': 0.001, 'params': 151, 'time_iter': 0.2144, 'accuracy': 0.7735, 'precision': 0.9442, 'recall': 0.761, 'specificity': 0.8224, 'f1': 0.8428, 'auc': 0.8597}
train: {'epoch': 202, 'eta': 22.6747, 'loss': 0.2316, 'lr': 0.001, 'params': 151, 'time_iter': 0.2153, 'accuracy': 0.7721, 'precision': 0.9371, 'recall': 0.7657, 'specificity': 0.7973, 'f1': 0.8428, 'auc': 0.8563}
train: {'epoch': 203, 'eta': 22.4317, 'loss': 0.2325, 'lr': 0.001, 'params': 151, 'time_iter': 0.2142, 'accuracy': 0.7636, 'precision': 0.9396, 'recall': 0.7521, 'specificity': 0.809, 'f1': 0.8355, 'auc': 0.8521}
train: {'epoch': 204, 'eta': 22.19, 'loss': 0.2297, 'lr': 0.001, 'params': 151, 'time_iter': 0.2162, 'accuracy': 0.7697, 'precision': 0.9457, 'recall': 0.7547, 'specificity': 0.8291, 'f1': 0.8395, 'auc': 0.867}
train: {'epoch': 205, 'eta': 21.948, 'loss': 0.2306, 'lr': 0.001, 'params': 151, 'time_iter': 0.2151, 'accuracy': 0.7684, 'precision': 0.9377, 'recall': 0.7602, 'specificity': 0.8007, 'f1': 0.8397, 'auc': 0.8603}
train: {'epoch': 206, 'eta': 21.7061, 'loss': 0.2299, 'lr': 0.001, 'params': 151, 'time_iter': 0.2148, 'accuracy': 0.7812, 'precision': 0.9472, 'recall': 0.7687, 'specificity': 0.8308, 'f1': 0.8486, 'auc': 0.8671}
train: {'epoch': 207, 'eta': 21.4638, 'loss': 0.2306, 'lr': 0.001, 'params': 151, 'time_iter': 0.2133, 'accuracy': 0.7779, 'precision': 0.9409, 'recall': 0.7699, 'specificity': 0.809, 'f1': 0.8469, 'auc': 0.8602}
train: {'epoch': 208, 'eta': 21.2211, 'loss': 0.2296, 'lr': 0.001, 'params': 151, 'time_iter': 0.2116, 'accuracy': 0.7782, 'precision': 0.946, 'recall': 0.7657, 'specificity': 0.8275, 'f1': 0.8464, 'auc': 0.8651}
val: {'epoch': 209, 'loss': 0.2099, 'lr': 0.001, 'params': 151, 'time_iter': 0.0731, 'accuracy': 0.8598, 'precision': 0.9503, 'recall': 0.875, 'specificity': 0.7898, 'f1': 0.9111, 'auc': 0.9019}
train: {'epoch': 209, 'eta': 20.98, 'loss': 0.2303, 'lr': 0.001, 'params': 151, 'time_iter': 0.2147, 'accuracy': 0.7765, 'precision': 0.9398, 'recall': 0.7691, 'specificity': 0.8057, 'f1': 0.8459, 'auc': 0.8569}
train: {'epoch': 210, 'eta': 20.7388, 'loss': 0.2304, 'lr': 0.001, 'params': 151, 'time_iter': 0.2141, 'accuracy': 0.7565, 'precision': 0.9432, 'recall': 0.7394, 'specificity': 0.8241, 'f1': 0.8289, 'auc': 0.8593}
train: {'epoch': 211, 'eta': 20.4983, 'loss': 0.2291, 'lr': 0.001, 'params': 151, 'time_iter': 0.215, 'accuracy': 0.7789, 'precision': 0.9428, 'recall': 0.7695, 'specificity': 0.8157, 'f1': 0.8474, 'auc': 0.8651}
train: {'epoch': 212, 'eta': 20.2586, 'loss': 0.2286, 'lr': 0.001, 'params': 151, 'time_iter': 0.2164, 'accuracy': 0.7751, 'precision': 0.9439, 'recall': 0.7636, 'specificity': 0.8208, 'f1': 0.8442, 'auc': 0.8664}
train: {'epoch': 213, 'eta': 20.0176, 'loss': 0.2292, 'lr': 0.001, 'params': 151, 'time_iter': 0.2125, 'accuracy': 0.7721, 'precision': 0.9441, 'recall': 0.7593, 'specificity': 0.8224, 'f1': 0.8417, 'auc': 0.8634}
train: {'epoch': 214, 'eta': 19.7772, 'loss': 0.2286, 'lr': 0.001, 'params': 151, 'time_iter': 0.2135, 'accuracy': 0.7694, 'precision': 0.9415, 'recall': 0.7581, 'specificity': 0.8141, 'f1': 0.8399, 'auc': 0.8659}
train: {'epoch': 215, 'eta': 19.5367, 'loss': 0.2282, 'lr': 0.001, 'params': 151, 'time_iter': 0.2125, 'accuracy': 0.7775, 'precision': 0.9445, 'recall': 0.7661, 'specificity': 0.8224, 'f1': 0.846, 'auc': 0.8669}
train: {'epoch': 216, 'eta': 19.2965, 'loss': 0.2287, 'lr': 0.001, 'params': 151, 'time_iter': 0.2127, 'accuracy': 0.766, 'precision': 0.9464, 'recall': 0.7492, 'specificity': 0.8325, 'f1': 0.8363, 'auc': 0.8613}
train: {'epoch': 217, 'eta': 19.0577, 'loss': 0.2285, 'lr': 0.001, 'params': 151, 'time_iter': 0.2156, 'accuracy': 0.7653, 'precision': 0.9425, 'recall': 0.7517, 'specificity': 0.8191, 'f1': 0.8364, 'auc': 0.863}
train: {'epoch': 218, 'eta': 18.8182, 'loss': 0.2267, 'lr': 0.001, 'params': 151, 'time_iter': 0.2134, 'accuracy': 0.768, 'precision': 0.9451, 'recall': 0.753, 'specificity': 0.8275, 'f1': 0.8382, 'auc': 0.8738}
val: {'epoch': 219, 'loss': 0.2081, 'lr': 0.001, 'params': 151, 'time_iter': 0.0732, 'accuracy': 0.8496, 'precision': 0.9521, 'recall': 0.8601, 'specificity': 0.8011, 'f1': 0.9038, 'auc': 0.9027}
train: {'epoch': 219, 'eta': 18.579, 'loss': 0.2278, 'lr': 0.001, 'params': 151, 'time_iter': 0.2133, 'accuracy': 0.7765, 'precision': 0.9398, 'recall': 0.7691, 'specificity': 0.8057, 'f1': 0.8459, 'auc': 0.8663}
train: {'epoch': 220, 'eta': 18.3395, 'loss': 0.2274, 'lr': 0.001, 'params': 151, 'time_iter': 0.2118, 'accuracy': 0.7684, 'precision': 0.9419, 'recall': 0.7564, 'specificity': 0.8157, 'f1': 0.839, 'auc': 0.8664}
train: {'epoch': 221, 'eta': 18.1011, 'loss': 0.2269, 'lr': 0.001, 'params': 151, 'time_iter': 0.2144, 'accuracy': 0.7704, 'precision': 0.9472, 'recall': 0.7542, 'specificity': 0.8342, 'f1': 0.8398, 'auc': 0.8702}
train: {'epoch': 222, 'eta': 17.8627, 'loss': 0.2264, 'lr': 0.001, 'params': 151, 'time_iter': 0.2138, 'accuracy': 0.7762, 'precision': 0.9439, 'recall': 0.7649, 'specificity': 0.8208, 'f1': 0.845, 'auc': 0.872}
train: {'epoch': 223, 'eta': 17.6251, 'loss': 0.2266, 'lr': 0.001, 'params': 151, 'time_iter': 0.2152, 'accuracy': 0.7735, 'precision': 0.9446, 'recall': 0.7606, 'specificity': 0.8241, 'f1': 0.8427, 'auc': 0.8719}
train: {'epoch': 224, 'eta': 17.3882, 'loss': 0.2265, 'lr': 0.001, 'params': 151, 'time_iter': 0.2169, 'accuracy': 0.7667, 'precision': 0.9426, 'recall': 0.7534, 'specificity': 0.8191, 'f1': 0.8375, 'auc': 0.8715}
train: {'epoch': 225, 'eta': 17.151, 'loss': 0.2259, 'lr': 0.001, 'params': 151, 'time_iter': 0.2156, 'accuracy': 0.7799, 'precision': 0.9443, 'recall': 0.7695, 'specificity': 0.8208, 'f1': 0.848, 'auc': 0.8698}
train: {'epoch': 226, 'eta': 16.9131, 'loss': 0.2259, 'lr': 0.001, 'params': 151, 'time_iter': 0.2126, 'accuracy': 0.79, 'precision': 0.942, 'recall': 0.7852, 'specificity': 0.809, 'f1': 0.8565, 'auc': 0.8719}
train: {'epoch': 227, 'eta': 16.6756, 'loss': 0.2256, 'lr': 0.001, 'params': 151, 'time_iter': 0.2133, 'accuracy': 0.7887, 'precision': 0.9423, 'recall': 0.7831, 'specificity': 0.8107, 'f1': 0.8554, 'auc': 0.8696}
train: {'epoch': 228, 'eta': 16.439, 'loss': 0.2257, 'lr': 0.001, 'params': 151, 'time_iter': 0.2157, 'accuracy': 0.7745, 'precision': 0.9457, 'recall': 0.761, 'specificity': 0.8275, 'f1': 0.8434, 'auc': 0.8696}
val: {'epoch': 229, 'loss': 0.2054, 'lr': 0.001, 'params': 151, 'time_iter': 0.074, 'accuracy': 0.8608, 'precision': 0.9503, 'recall': 0.8762, 'specificity': 0.7898, 'f1': 0.9118, 'auc': 0.9032}
train: {'epoch': 229, 'eta': 16.2016, 'loss': 0.2266, 'lr': 0.001, 'params': 151, 'time_iter': 0.2123, 'accuracy': 0.7839, 'precision': 0.9419, 'recall': 0.7772, 'specificity': 0.8107, 'f1': 0.8516, 'auc': 0.8628}
train: {'epoch': 230, 'eta': 15.9644, 'loss': 0.2258, 'lr': 0.001, 'params': 151, 'time_iter': 0.2123, 'accuracy': 0.7819, 'precision': 0.9458, 'recall': 0.7708, 'specificity': 0.8258, 'f1': 0.8494, 'auc': 0.8646}
train: {'epoch': 231, 'eta': 15.7283, 'loss': 0.2267, 'lr': 0.001, 'params': 151, 'time_iter': 0.2149, 'accuracy': 0.7646, 'precision': 0.9397, 'recall': 0.7534, 'specificity': 0.809, 'f1': 0.8363, 'auc': 0.8605}
train: {'epoch': 232, 'eta': 15.4925, 'loss': 0.2237, 'lr': 0.001, 'params': 151, 'time_iter': 0.2156, 'accuracy': 0.7758, 'precision': 0.9486, 'recall': 0.7602, 'specificity': 0.8375, 'f1': 0.844, 'auc': 0.8772}
train: {'epoch': 233, 'eta': 15.2563, 'loss': 0.2252, 'lr': 0.001, 'params': 151, 'time_iter': 0.2139, 'accuracy': 0.7768, 'precision': 0.9445, 'recall': 0.7653, 'specificity': 0.8224, 'f1': 0.8455, 'auc': 0.8675}
train: {'epoch': 234, 'eta': 15.0203, 'loss': 0.2244, 'lr': 0.001, 'params': 151, 'time_iter': 0.2133, 'accuracy': 0.769, 'precision': 0.9486, 'recall': 0.7513, 'specificity': 0.8392, 'f1': 0.8385, 'auc': 0.8707}
train: {'epoch': 235, 'eta': 14.7843, 'loss': 0.2233, 'lr': 0.001, 'params': 151, 'time_iter': 0.2131, 'accuracy': 0.7795, 'precision': 0.947, 'recall': 0.7666, 'specificity': 0.8308, 'f1': 0.8473, 'auc': 0.877}
train: {'epoch': 236, 'eta': 14.5484, 'loss': 0.2254, 'lr': 0.001, 'params': 151, 'time_iter': 0.2127, 'accuracy': 0.7701, 'precision': 0.9406, 'recall': 0.7598, 'specificity': 0.8107, 'f1': 0.8406, 'auc': 0.8636}
train: {'epoch': 237, 'eta': 14.3131, 'loss': 0.2238, 'lr': 0.001, 'params': 151, 'time_iter': 0.2139, 'accuracy': 0.7802, 'precision': 0.9438, 'recall': 0.7704, 'specificity': 0.8191, 'f1': 0.8483, 'auc': 0.8697}
train: {'epoch': 238, 'eta': 14.0777, 'loss': 0.2242, 'lr': 0.001, 'params': 151, 'time_iter': 0.2132, 'accuracy': 0.7839, 'precision': 0.9465, 'recall': 0.7729, 'specificity': 0.8275, 'f1': 0.8509, 'auc': 0.8672}
val: {'epoch': 239, 'loss': 0.2036, 'lr': 0.001, 'params': 151, 'time_iter': 0.0739, 'accuracy': 0.8567, 'precision': 0.9489, 'recall': 0.8725, 'specificity': 0.7841, 'f1': 0.9091, 'auc': 0.9037}
train: {'epoch': 239, 'eta': 13.8426, 'loss': 0.2233, 'lr': 0.001, 'params': 151, 'time_iter': 0.2134, 'accuracy': 0.763, 'precision': 0.9437, 'recall': 0.7475, 'specificity': 0.8241, 'f1': 0.8342, 'auc': 0.872}
train: {'epoch': 240, 'eta': 13.6076, 'loss': 0.2237, 'lr': 0.001, 'params': 151, 'time_iter': 0.2134, 'accuracy': 0.7738, 'precision': 0.9442, 'recall': 0.7615, 'specificity': 0.8224, 'f1': 0.843, 'auc': 0.8661}
train: {'epoch': 241, 'eta': 13.3734, 'loss': 0.2232, 'lr': 0.001, 'params': 151, 'time_iter': 0.2155, 'accuracy': 0.7826, 'precision': 0.9413, 'recall': 0.7759, 'specificity': 0.809, 'f1': 0.8506, 'auc': 0.8714}
train: {'epoch': 242, 'eta': 13.1392, 'loss': 0.2234, 'lr': 0.001, 'params': 151, 'time_iter': 0.2155, 'accuracy': 0.7836, 'precision': 0.9382, 'recall': 0.7801, 'specificity': 0.7973, 'f1': 0.8519, 'auc': 0.864}
train: {'epoch': 243, 'eta': 12.9052, 'loss': 0.2225, 'lr': 0.001, 'params': 151, 'time_iter': 0.215, 'accuracy': 0.7907, 'precision': 0.9425, 'recall': 0.7857, 'specificity': 0.8107, 'f1': 0.8569, 'auc': 0.8743}
train: {'epoch': 244, 'eta': 12.6707, 'loss': 0.2226, 'lr': 0.001, 'params': 151, 'time_iter': 0.2124, 'accuracy': 0.7873, 'precision': 0.9413, 'recall': 0.7823, 'specificity': 0.8074, 'f1': 0.8544, 'auc': 0.8661}
train: {'epoch': 245, 'eta': 12.4367, 'loss': 0.2221, 'lr': 0.001, 'params': 151, 'time_iter': 0.2141, 'accuracy': 0.7934, 'precision': 0.9431, 'recall': 0.7886, 'specificity': 0.8124, 'f1': 0.859, 'auc': 0.8724}
train: {'epoch': 246, 'eta': 12.2029, 'loss': 0.2228, 'lr': 0.001, 'params': 151, 'time_iter': 0.214, 'accuracy': 0.7846, 'precision': 0.9424, 'recall': 0.7776, 'specificity': 0.8124, 'f1': 0.8521, 'auc': 0.8668}
train: {'epoch': 247, 'eta': 11.9692, 'loss': 0.2225, 'lr': 0.001, 'params': 151, 'time_iter': 0.2137, 'accuracy': 0.7995, 'precision': 0.9414, 'recall': 0.7984, 'specificity': 0.804, 'f1': 0.864, 'auc': 0.8623}
train: {'epoch': 248, 'eta': 11.7355, 'loss': 0.2226, 'lr': 0.001, 'params': 151, 'time_iter': 0.213, 'accuracy': 0.7836, 'precision': 0.9414, 'recall': 0.7772, 'specificity': 0.809, 'f1': 0.8514, 'auc': 0.8668}
val: {'epoch': 249, 'loss': 0.2011, 'lr': 0.001, 'params': 151, 'time_iter': 0.073, 'accuracy': 0.8669, 'precision': 0.9483, 'recall': 0.8861, 'specificity': 0.7784, 'f1': 0.9162, 'auc': 0.9039}
train: {'epoch': 249, 'eta': 11.5024, 'loss': 0.2231, 'lr': 0.001, 'params': 151, 'time_iter': 0.2153, 'accuracy': 0.7765, 'precision': 0.9358, 'recall': 0.7729, 'specificity': 0.7906, 'f1': 0.8466, 'auc': 0.865}
train: {'epoch': 250, 'eta': 11.2692, 'loss': 0.2222, 'lr': 0.001, 'params': 151, 'time_iter': 0.2138, 'accuracy': 0.7884, 'precision': 0.9405, 'recall': 0.7844, 'specificity': 0.804, 'f1': 0.8554, 'auc': 0.8651}
train: {'epoch': 251, 'eta': 11.0359, 'loss': 0.2204, 'lr': 0.001, 'params': 151, 'time_iter': 0.2127, 'accuracy': 0.7982, 'precision': 0.9435, 'recall': 0.7946, 'specificity': 0.8124, 'f1': 0.8627, 'auc': 0.8739}
train: {'epoch': 252, 'eta': 10.803, 'loss': 0.2232, 'lr': 0.001, 'params': 151, 'time_iter': 0.2135, 'accuracy': 0.7799, 'precision': 0.9356, 'recall': 0.7776, 'specificity': 0.7889, 'f1': 0.8493, 'auc': 0.8603}
train: {'epoch': 253, 'eta': 10.5704, 'loss': 0.2216, 'lr': 0.001, 'params': 151, 'time_iter': 0.2149, 'accuracy': 0.789, 'precision': 0.9432, 'recall': 0.7827, 'specificity': 0.8141, 'f1': 0.8555, 'auc': 0.8683}
train: {'epoch': 254, 'eta': 10.3378, 'loss': 0.2212, 'lr': 0.001, 'params': 151, 'time_iter': 0.2137, 'accuracy': 0.7911, 'precision': 0.9416, 'recall': 0.7869, 'specificity': 0.8074, 'f1': 0.8573, 'auc': 0.8665}
train: {'epoch': 255, 'eta': 10.1056, 'loss': 0.2202, 'lr': 0.001, 'params': 151, 'time_iter': 0.2155, 'accuracy': 0.7877, 'precision': 0.9454, 'recall': 0.7789, 'specificity': 0.8224, 'f1': 0.8541, 'auc': 0.8713}
train: {'epoch': 256, 'eta': 9.8733, 'loss': 0.22, 'lr': 0.001, 'params': 151, 'time_iter': 0.2143, 'accuracy': 0.7931, 'precision': 0.9449, 'recall': 0.7865, 'specificity': 0.8191, 'f1': 0.8585, 'auc': 0.8727}
train: {'epoch': 257, 'eta': 9.6412, 'loss': 0.2204, 'lr': 0.001, 'params': 151, 'time_iter': 0.2139, 'accuracy': 0.7911, 'precision': 0.9443, 'recall': 0.7844, 'specificity': 0.8174, 'f1': 0.8569, 'auc': 0.8707}
train: {'epoch': 258, 'eta': 9.4091, 'loss': 0.2191, 'lr': 0.001, 'params': 151, 'time_iter': 0.2138, 'accuracy': 0.7823, 'precision': 0.9436, 'recall': 0.7733, 'specificity': 0.8174, 'f1': 0.85, 'auc': 0.8754}
val: {'epoch': 259, 'loss': 0.199, 'lr': 0.001, 'params': 151, 'time_iter': 0.0737, 'accuracy': 0.8659, 'precision': 0.9495, 'recall': 0.8837, 'specificity': 0.7841, 'f1': 0.9154, 'auc': 0.9048}
train: {'epoch': 259, 'eta': 9.1774, 'loss': 0.2205, 'lr': 0.001, 'params': 151, 'time_iter': 0.215, 'accuracy': 0.7931, 'precision': 0.9436, 'recall': 0.7878, 'specificity': 0.8141, 'f1': 0.8587, 'auc': 0.866}
train: {'epoch': 260, 'eta': 8.9455, 'loss': 0.2198, 'lr': 0.001, 'params': 151, 'time_iter': 0.213, 'accuracy': 0.7884, 'precision': 0.9414, 'recall': 0.7835, 'specificity': 0.8074, 'f1': 0.8552, 'auc': 0.8707}
train: {'epoch': 261, 'eta': 8.714, 'loss': 0.2186, 'lr': 0.001, 'params': 151, 'time_iter': 0.2148, 'accuracy': 0.7894, 'precision': 0.9419, 'recall': 0.7844, 'specificity': 0.809, 'f1': 0.856, 'auc': 0.875}
train: {'epoch': 262, 'eta': 8.4826, 'loss': 0.2205, 'lr': 0.001, 'params': 151, 'time_iter': 0.2141, 'accuracy': 0.7812, 'precision': 0.9412, 'recall': 0.7742, 'specificity': 0.809, 'f1': 0.8496, 'auc': 0.8681}
train: {'epoch': 263, 'eta': 8.2512, 'loss': 0.2182, 'lr': 0.001, 'params': 151, 'time_iter': 0.214, 'accuracy': 0.7961, 'precision': 0.9425, 'recall': 0.7929, 'specificity': 0.809, 'f1': 0.8612, 'auc': 0.8732}
train: {'epoch': 264, 'eta': 8.0199, 'loss': 0.2203, 'lr': 0.001, 'params': 151, 'time_iter': 0.2134, 'accuracy': 0.7867, 'precision': 0.939, 'recall': 0.7835, 'specificity': 0.799, 'f1': 0.8542, 'auc': 0.8613}
train: {'epoch': 265, 'eta': 7.7889, 'loss': 0.218, 'lr': 0.001, 'params': 151, 'time_iter': 0.2146, 'accuracy': 0.787, 'precision': 0.9426, 'recall': 0.7806, 'specificity': 0.8124, 'f1': 0.854, 'auc': 0.8767}
train: {'epoch': 266, 'eta': 7.5583, 'loss': 0.2185, 'lr': 0.001, 'params': 151, 'time_iter': 0.2169, 'accuracy': 0.7745, 'precision': 0.9471, 'recall': 0.7598, 'specificity': 0.8325, 'f1': 0.8431, 'auc': 0.8753}
train: {'epoch': 267, 'eta': 7.3272, 'loss': 0.2189, 'lr': 0.001, 'params': 151, 'time_iter': 0.2114, 'accuracy': 0.7843, 'precision': 0.9479, 'recall': 0.7721, 'specificity': 0.8325, 'f1': 0.851, 'auc': 0.8705}
train: {'epoch': 268, 'eta': 7.0968, 'loss': 0.2167, 'lr': 0.001, 'params': 151, 'time_iter': 0.2167, 'accuracy': 0.7955, 'precision': 0.9479, 'recall': 0.7869, 'specificity': 0.8291, 'f1': 0.8599, 'auc': 0.8798}
val: {'epoch': 269, 'loss': 0.1982, 'lr': 0.001, 'params': 151, 'time_iter': 0.0737, 'accuracy': 0.8506, 'precision': 0.9521, 'recall': 0.8614, 'specificity': 0.8011, 'f1': 0.9045, 'auc': 0.9057}
train: {'epoch': 269, 'eta': 6.8666, 'loss': 0.217, 'lr': 0.001, 'params': 151, 'time_iter': 0.2172, 'accuracy': 0.7938, 'precision': 0.9473, 'recall': 0.7852, 'specificity': 0.8275, 'f1': 0.8587, 'auc': 0.8788}
train: {'epoch': 270, 'eta': 6.6361, 'loss': 0.2178, 'lr': 0.001, 'params': 151, 'time_iter': 0.2141, 'accuracy': 0.7823, 'precision': 0.9463, 'recall': 0.7708, 'specificity': 0.8275, 'f1': 0.8496, 'auc': 0.8752}
train: {'epoch': 271, 'eta': 6.4058, 'loss': 0.2182, 'lr': 0.001, 'params': 151, 'time_iter': 0.2144, 'accuracy': 0.763, 'precision': 0.9452, 'recall': 0.7462, 'specificity': 0.8291, 'f1': 0.834, 'auc': 0.8744}
train: {'epoch': 272, 'eta': 6.1754, 'loss': 0.2174, 'lr': 0.001, 'params': 151, 'time_iter': 0.2122, 'accuracy': 0.7694, 'precision': 0.9448, 'recall': 0.7551, 'specificity': 0.8258, 'f1': 0.8393, 'auc': 0.8784}
train: {'epoch': 273, 'eta': 5.9452, 'loss': 0.2203, 'lr': 0.001, 'params': 151, 'time_iter': 0.2134, 'accuracy': 0.7589, 'precision': 0.9438, 'recall': 0.7419, 'specificity': 0.8258, 'f1': 0.8308, 'auc': 0.8653}
train: {'epoch': 274, 'eta': 5.7153, 'loss': 0.2186, 'lr': 0.001, 'params': 151, 'time_iter': 0.2149, 'accuracy': 0.7701, 'precision': 0.9472, 'recall': 0.7538, 'specificity': 0.8342, 'f1': 0.8395, 'auc': 0.8711}
train: {'epoch': 275, 'eta': 5.4853, 'loss': 0.2172, 'lr': 0.001, 'params': 151, 'time_iter': 0.2123, 'accuracy': 0.769, 'precision': 0.9486, 'recall': 0.7513, 'specificity': 0.8392, 'f1': 0.8385, 'auc': 0.8775}
train: {'epoch': 276, 'eta': 5.2555, 'loss': 0.2178, 'lr': 0.001, 'params': 151, 'time_iter': 0.2138, 'accuracy': 0.7735, 'precision': 0.9475, 'recall': 0.7581, 'specificity': 0.8342, 'f1': 0.8423, 'auc': 0.8712}
train: {'epoch': 277, 'eta': 5.0261, 'loss': 0.2164, 'lr': 0.001, 'params': 151, 'time_iter': 0.2167, 'accuracy': 0.7711, 'precision': 0.9506, 'recall': 0.7521, 'specificity': 0.8459, 'f1': 0.8398, 'auc': 0.8807}
train: {'epoch': 278, 'eta': 4.7966, 'loss': 0.2176, 'lr': 0.001, 'params': 151, 'time_iter': 0.2152, 'accuracy': 0.7833, 'precision': 0.9418, 'recall': 0.7763, 'specificity': 0.8107, 'f1': 0.8511, 'auc': 0.8733}
val: {'epoch': 279, 'loss': 0.1972, 'lr': 0.001, 'params': 151, 'time_iter': 0.0721, 'accuracy': 0.8526, 'precision': 0.9486, 'recall': 0.8676, 'specificity': 0.7841, 'f1': 0.9063, 'auc': 0.9052}
train: {'epoch': 279, 'eta': 4.5671, 'loss': 0.217, 'lr': 0.001, 'params': 151, 'time_iter': 0.2136, 'accuracy': 0.7755, 'precision': 0.9472, 'recall': 0.761, 'specificity': 0.8325, 'f1': 0.844, 'auc': 0.8721}
train: {'epoch': 280, 'eta': 4.3378, 'loss': 0.2166, 'lr': 0.001, 'params': 151, 'time_iter': 0.2137, 'accuracy': 0.7924, 'precision': 0.9462, 'recall': 0.7844, 'specificity': 0.8241, 'f1': 0.8577, 'auc': 0.8759}
train: {'epoch': 281, 'eta': 4.1085, 'loss': 0.216, 'lr': 0.001, 'params': 151, 'time_iter': 0.2126, 'accuracy': 0.7914, 'precision': 0.9412, 'recall': 0.7878, 'specificity': 0.8057, 'f1': 0.8577, 'auc': 0.8749}
train: {'epoch': 282, 'eta': 3.8794, 'loss': 0.2172, 'lr': 0.001, 'params': 151, 'time_iter': 0.215, 'accuracy': 0.7877, 'precision': 0.9449, 'recall': 0.7793, 'specificity': 0.8208, 'f1': 0.8542, 'auc': 0.8685}
train: {'epoch': 283, 'eta': 3.6504, 'loss': 0.2168, 'lr': 0.001, 'params': 151, 'time_iter': 0.2129, 'accuracy': 0.7955, 'precision': 0.9398, 'recall': 0.7946, 'specificity': 0.799, 'f1': 0.8611, 'auc': 0.868}
train: {'epoch': 284, 'eta': 3.4216, 'loss': 0.2136, 'lr': 0.001, 'params': 151, 'time_iter': 0.2157, 'accuracy': 0.7948, 'precision': 0.946, 'recall': 0.7878, 'specificity': 0.8224, 'f1': 0.8597, 'auc': 0.884}
train: {'epoch': 285, 'eta': 3.1928, 'loss': 0.2169, 'lr': 0.001, 'params': 151, 'time_iter': 0.2155, 'accuracy': 0.7812, 'precision': 0.9389, 'recall': 0.7763, 'specificity': 0.8007, 'f1': 0.8499, 'auc': 0.8657}
train: {'epoch': 286, 'eta': 2.9641, 'loss': 0.214, 'lr': 0.001, 'params': 151, 'time_iter': 0.2132, 'accuracy': 0.8005, 'precision': 0.9406, 'recall': 0.8005, 'specificity': 0.8007, 'f1': 0.8649, 'auc': 0.8784}
train: {'epoch': 287, 'eta': 2.7355, 'loss': 0.214, 'lr': 0.001, 'params': 151, 'time_iter': 0.2127, 'accuracy': 0.8029, 'precision': 0.9493, 'recall': 0.7954, 'specificity': 0.8325, 'f1': 0.8656, 'auc': 0.8773}
train: {'epoch': 288, 'eta': 2.5069, 'loss': 0.2148, 'lr': 0.001, 'params': 151, 'time_iter': 0.2123, 'accuracy': 0.8026, 'precision': 0.9439, 'recall': 0.8001, 'specificity': 0.8124, 'f1': 0.8661, 'auc': 0.8707}
val: {'epoch': 289, 'loss': 0.1936, 'lr': 0.001, 'params': 151, 'time_iter': 0.0731, 'accuracy': 0.873, 'precision': 0.9452, 'recall': 0.8973, 'specificity': 0.7614, 'f1': 0.9206, 'auc': 0.9052}
train: {'epoch': 289, 'eta': 2.2786, 'loss': 0.215, 'lr': 0.001, 'params': 151, 'time_iter': 0.2155, 'accuracy': 0.7931, 'precision': 0.9413, 'recall': 0.7899, 'specificity': 0.8057, 'f1': 0.859, 'auc': 0.8727}
train: {'epoch': 290, 'eta': 2.0502, 'loss': 0.214, 'lr': 0.001, 'params': 151, 'time_iter': 0.2118, 'accuracy': 0.7978, 'precision': 0.9453, 'recall': 0.7924, 'specificity': 0.8191, 'f1': 0.8622, 'auc': 0.8776}
train: {'epoch': 291, 'eta': 1.822, 'loss': 0.2138, 'lr': 0.001, 'params': 151, 'time_iter': 0.2138, 'accuracy': 0.8029, 'precision': 0.9422, 'recall': 0.8022, 'specificity': 0.8057, 'f1': 0.8666, 'auc': 0.8776}
train: {'epoch': 292, 'eta': 1.594, 'loss': 0.2135, 'lr': 0.001, 'params': 151, 'time_iter': 0.2156, 'accuracy': 0.8073, 'precision': 0.9443, 'recall': 0.806, 'specificity': 0.8124, 'f1': 0.8697, 'auc': 0.8777}
train: {'epoch': 293, 'eta': 1.3661, 'loss': 0.2128, 'lr': 0.001, 'params': 151, 'time_iter': 0.2176, 'accuracy': 0.7955, 'precision': 0.9438, 'recall': 0.7907, 'specificity': 0.8141, 'f1': 0.8605, 'auc': 0.8833}
train: {'epoch': 294, 'eta': 1.1382, 'loss': 0.2128, 'lr': 0.001, 'params': 151, 'time_iter': 0.2139, 'accuracy': 0.7965, 'precision': 0.943, 'recall': 0.7929, 'specificity': 0.8107, 'f1': 0.8614, 'auc': 0.8778}
train: {'epoch': 295, 'eta': 0.9103, 'loss': 0.2134, 'lr': 0.001, 'params': 151, 'time_iter': 0.2134, 'accuracy': 0.8029, 'precision': 0.9439, 'recall': 0.8005, 'specificity': 0.8124, 'f1': 0.8663, 'auc': 0.8782}
train: {'epoch': 296, 'eta': 0.6826, 'loss': 0.2131, 'lr': 0.001, 'params': 151, 'time_iter': 0.2145, 'accuracy': 0.7911, 'precision': 0.9429, 'recall': 0.7857, 'specificity': 0.8124, 'f1': 0.8571, 'auc': 0.8804}
train: {'epoch': 297, 'eta': 0.455, 'loss': 0.2124, 'lr': 0.001, 'params': 151, 'time_iter': 0.2155, 'accuracy': 0.8053, 'precision': 0.9424, 'recall': 0.8052, 'specificity': 0.8057, 'f1': 0.8684, 'auc': 0.8782}
train: {'epoch': 298, 'eta': 0.2274, 'loss': 0.2138, 'lr': 0.001, 'params': 151, 'time_iter': 0.212, 'accuracy': 0.7961, 'precision': 0.9429, 'recall': 0.7924, 'specificity': 0.8107, 'f1': 0.8612, 'auc': 0.8702}
val: {'epoch': 299, 'loss': 0.192, 'lr': 0.001, 'params': 151, 'time_iter': 0.0715, 'accuracy': 0.8659, 'precision': 0.9507, 'recall': 0.8824, 'specificity': 0.7898, 'f1': 0.9153, 'auc': 0.906}
train: {'epoch': 299, 'eta': 0.0, 'loss': 0.2122, 'lr': 0.001, 'params': 151, 'time_iter': 0.2141, 'accuracy': 0.7968, 'precision': 0.9475, 'recall': 0.789, 'specificity': 0.8275, 'f1': 0.861, 'auc': 0.8804}
test: {'epoch': 300, 'loss': 0.1969, 'lr': 0.001, 'params': 151, 'time_iter': 3.7482, 'accuracy': 0.8659, 'precision': 0.9374, 'recall': 0.8954, 'specificity': 0.7348, 'f1': 0.9159, 'auc': 0.9034}
Results aggregated across runs saved in results/gastric-gcnconv/agg
