GCNConvGymModule(
  (model): GNN(
    (encoder): FeatureEncoder()
    (pre_mp): GeneralMultiLayer(
      (Layer_0): GeneralLayer(
        (layer): Linear(
          (model): Linear(1, 10, bias=True)
        )
        (post_layer): Sequential(
          (0): Dropout(p=0.3, inplace=False)
          (1): ReLU()
        )
      )
    )
    (mp): GNNStackStage(
      (layer0): GeneralLayer(
        (layer): GCNConv(
          (model): GCNConv(10, 10)
        )
        (post_layer): Sequential(
          (0): Dropout(p=0.3, inplace=False)
          (1): ReLU()
        )
      )
    )
    (post_mp): ExampleNodeHead(
      (layer_post_mp): MLP(
        (model): Sequential(
          (0): Linear(
            (model): Linear(10, 1, bias=True)
          )
        )
      )
    )
  )
)
accelerator: cpu
benchmark: False
bn:
  eps: 1e-05
  mom: 0.1
cfg_dest: config.yaml
custom_metrics: []
dataset:
  cache_load: False
  cache_save: False
  dir: ../data/yeast-ORBI
  edge_dim: 128
  edge_encoder: False
  edge_encoder_bn: True
  edge_encoder_name: Bond
  edge_message_ratio: 0.8
  edge_negative_sampling_ratio: 1.0
  edge_train_mode: all
  encoder: False
  encoder_bn: True
  encoder_dim: 128
  encoder_name: db
  format: PyG
  label_column: None
  label_table: none
  location: local
  name: protein
  node_encoder: False
  node_encoder_bn: True
  node_encoder_name: Atom
  numeric_columns: ['protein_probability']
  rebuild: True
  remove_feature: False
  resample_disjoint: False
  resample_negative: False
  shuffle_split: True
  split: [0.6, 0.2, 0.2]
  split_mode: random
  task: node
  task_type: classification
  to_undirected: False
  transductive: True
  transform: none
  tu_simple: True
devices: None
gnn:
  act: relu
  agg: add
  att_final_linear: False
  att_final_linear_bn: False
  att_heads: 1
  batchnorm: False
  clear_feature: True
  dim_inner: 10
  dropout: 0.3
  head: protein
  keep_edge: 0.5
  l2norm: True
  layer_type: gcnconv
  layers_mp: 1
  layers_post_mp: 1
  layers_pre_mp: 1
  msg_direction: single
  normalize_adj: False
  self_msg: concat
  skip_every: 1
  stage_type: skipsum
gpu_mem: False
mem:
  inplace: False
metric_agg: argmax
metric_best: auc
model:
  edge_decoding: dot
  graph_pooling: add
  loss_fun: binary_cross_entropy_with_weight
  match_upper: True
  size_average: mean
  thresh: 0.5
  type: gnn
num_threads: 6
num_workers: 8
optim:
  base_lr: 0.001
  lr_decay: 0.1
  max_epoch: 300
  momentum: 0.9
  optimizer: adam
  scheduler: none
  steps: [30, 60, 90]
  weight_decay: 0.0005
out_dir: results/yeast-gcnconv
print: both
round: 4
run_dir: results/yeast-gcnconv/0
seed: 1
share:
  dim_in: 1
  dim_out: 2
  num_splits: 3
tensorboard_agg: True
tensorboard_each_run: False
train:
  auto_resume: False
  batch_size: 1
  ckpt_clean: False
  ckpt_period: 10
  enable_ckpt: True
  epoch_resume: 0
  eval_period: 10
  grape_pi: gcnconv
  iter_per_epoch: 32
  loss_pos_weight: 1.2386601535240753
  neighbor_sizes: [20, 15, 10, 5]
  node_per_graph: 32
  radius: extend
  sample_node: False
  sampler: full_batch
  skip_train_eval: False
  walk_length: 4
val:
  node_per_graph: 32
  radius: extend
  sample_node: False
  sampler: full_batch
view_emb: False
Num parameters: 141
val: {'epoch': 0, 'loss': 0.7746, 'lr': 0.001, 'params': 141, 'time_iter': 0.3652, 'accuracy': 0.4782, 'precision': 0.4782, 'recall': 1.0, 'specificity': 0.0, 'f1': 0.647, 'auc': 0.1375}
train: {'epoch': 0, 'eta': 355.6789, 'loss': 0.7786, 'lr': 0.001, 'params': 141, 'time_iter': 1.1896, 'accuracy': 0.4298, 'precision': 0.4319, 'recall': 0.9212, 'specificity': 0.041, 'f1': 0.5881, 'auc': 0.4453}
train: {'epoch': 1, 'eta': 239.7196, 'loss': 0.7773, 'lr': 0.001, 'params': 141, 'time_iter': 0.4193, 'accuracy': 0.4371, 'precision': 0.4347, 'recall': 0.9118, 'specificity': 0.0615, 'f1': 0.5887, 'auc': 0.45}
train: {'epoch': 2, 'eta': 200.5901, 'loss': 0.7786, 'lr': 0.001, 'params': 141, 'time_iter': 0.4173, 'accuracy': 0.4366, 'precision': 0.4349, 'recall': 0.9188, 'specificity': 0.0549, 'f1': 0.5903, 'auc': 0.4413}
train: {'epoch': 3, 'eta': 180.7149, 'loss': 0.7792, 'lr': 0.001, 'params': 141, 'time_iter': 0.4159, 'accuracy': 0.4361, 'precision': 0.4327, 'recall': 0.8882, 'specificity': 0.0782, 'f1': 0.5819, 'auc': 0.4387}
train: {'epoch': 4, 'eta': 168.508, 'loss': 0.7766, 'lr': 0.001, 'params': 141, 'time_iter': 0.414, 'accuracy': 0.4459, 'precision': 0.4388, 'recall': 0.9118, 'specificity': 0.0773, 'f1': 0.5925, 'auc': 0.455}
train: {'epoch': 5, 'eta': 160.0995, 'loss': 0.7759, 'lr': 0.001, 'params': 141, 'time_iter': 0.4113, 'accuracy': 0.4407, 'precision': 0.4349, 'recall': 0.8882, 'specificity': 0.0866, 'f1': 0.5839, 'auc': 0.4582}
train: {'epoch': 6, 'eta': 154.0526, 'loss': 0.7745, 'lr': 0.001, 'params': 141, 'time_iter': 0.4131, 'accuracy': 0.4444, 'precision': 0.4375, 'recall': 0.9024, 'specificity': 0.0819, 'f1': 0.5893, 'auc': 0.4777}
train: {'epoch': 7, 'eta': 149.4225, 'loss': 0.7736, 'lr': 0.001, 'params': 141, 'time_iter': 0.4133, 'accuracy': 0.447, 'precision': 0.439, 'recall': 0.9059, 'specificity': 0.0838, 'f1': 0.5914, 'auc': 0.4774}
train: {'epoch': 8, 'eta': 145.6901, 'loss': 0.775, 'lr': 0.001, 'params': 141, 'time_iter': 0.4121, 'accuracy': 0.4511, 'precision': 0.4403, 'recall': 0.8941, 'specificity': 0.1006, 'f1': 0.5901, 'auc': 0.4725}
val: {'epoch': 9, 'loss': 0.7703, 'lr': 0.001, 'params': 141, 'time_iter': 0.1953, 'accuracy': 0.4782, 'precision': 0.4782, 'recall': 1.0, 'specificity': 0.0, 'f1': 0.647, 'auc': 0.5183}
train: {'epoch': 9, 'eta': 142.6741, 'loss': 0.7741, 'lr': 0.001, 'params': 141, 'time_iter': 0.4139, 'accuracy': 0.4537, 'precision': 0.4406, 'recall': 0.8776, 'specificity': 0.1182, 'f1': 0.5867, 'auc': 0.4737}
train: {'epoch': 10, 'eta': 140.0878, 'loss': 0.7715, 'lr': 0.001, 'params': 141, 'time_iter': 0.4123, 'accuracy': 0.461, 'precision': 0.4457, 'recall': 0.9035, 'specificity': 0.1108, 'f1': 0.597, 'auc': 0.4953}
train: {'epoch': 11, 'eta': 138.0433, 'loss': 0.7708, 'lr': 0.001, 'params': 141, 'time_iter': 0.4197, 'accuracy': 0.4589, 'precision': 0.4445, 'recall': 0.9, 'specificity': 0.1099, 'f1': 0.5951, 'auc': 0.5047}
train: {'epoch': 12, 'eta': 136.0976, 'loss': 0.7713, 'lr': 0.001, 'params': 141, 'time_iter': 0.4129, 'accuracy': 0.4511, 'precision': 0.4392, 'recall': 0.8753, 'specificity': 0.1155, 'f1': 0.5849, 'auc': 0.5051}
train: {'epoch': 13, 'eta': 134.3144, 'loss': 0.7688, 'lr': 0.001, 'params': 141, 'time_iter': 0.4101, 'accuracy': 0.4704, 'precision': 0.4495, 'recall': 0.8847, 'specificity': 0.1425, 'f1': 0.5961, 'auc': 0.5234}
train: {'epoch': 14, 'eta': 132.7875, 'loss': 0.7729, 'lr': 0.001, 'params': 141, 'time_iter': 0.414, 'accuracy': 0.4615, 'precision': 0.4455, 'recall': 0.8941, 'specificity': 0.1192, 'f1': 0.5947, 'auc': 0.4891}
train: {'epoch': 15, 'eta': 131.3515, 'loss': 0.7707, 'lr': 0.001, 'params': 141, 'time_iter': 0.4113, 'accuracy': 0.4714, 'precision': 0.4496, 'recall': 0.8765, 'specificity': 0.1508, 'f1': 0.5943, 'auc': 0.5029}
train: {'epoch': 16, 'eta': 130.0646, 'loss': 0.7676, 'lr': 0.001, 'params': 141, 'time_iter': 0.413, 'accuracy': 0.474, 'precision': 0.4507, 'recall': 0.8706, 'specificity': 0.1601, 'f1': 0.5939, 'auc': 0.5385}
train: {'epoch': 17, 'eta': 128.859, 'loss': 0.7695, 'lr': 0.001, 'params': 141, 'time_iter': 0.412, 'accuracy': 0.4714, 'precision': 0.4501, 'recall': 0.8871, 'specificity': 0.1425, 'f1': 0.5972, 'auc': 0.5142}
train: {'epoch': 18, 'eta': 127.7836, 'loss': 0.7689, 'lr': 0.001, 'params': 141, 'time_iter': 0.4151, 'accuracy': 0.4662, 'precision': 0.4456, 'recall': 0.8529, 'specificity': 0.1601, 'f1': 0.5854, 'auc': 0.5211}
val: {'epoch': 19, 'loss': 0.7663, 'lr': 0.001, 'params': 141, 'time_iter': 0.1957, 'accuracy': 0.4782, 'precision': 0.4782, 'recall': 1.0, 'specificity': 0.0, 'f1': 0.647, 'auc': 0.7873}
train: {'epoch': 19, 'eta': 126.7719, 'loss': 0.7689, 'lr': 0.001, 'params': 141, 'time_iter': 0.415, 'accuracy': 0.4683, 'precision': 0.4483, 'recall': 0.8824, 'specificity': 0.1406, 'f1': 0.5945, 'auc': 0.5255}
train: {'epoch': 20, 'eta': 125.7901, 'loss': 0.7672, 'lr': 0.001, 'params': 141, 'time_iter': 0.4129, 'accuracy': 0.4782, 'precision': 0.4536, 'recall': 0.8859, 'specificity': 0.1555, 'f1': 0.6, 'auc': 0.5345}
train: {'epoch': 21, 'eta': 124.8472, 'loss': 0.7672, 'lr': 0.001, 'params': 141, 'time_iter': 0.4119, 'accuracy': 0.4725, 'precision': 0.4496, 'recall': 0.8659, 'specificity': 0.1611, 'f1': 0.5919, 'auc': 0.5426}
train: {'epoch': 22, 'eta': 124.0224, 'loss': 0.7652, 'lr': 0.001, 'params': 141, 'time_iter': 0.4179, 'accuracy': 0.4886, 'precision': 0.4594, 'recall': 0.8929, 'specificity': 0.1685, 'f1': 0.6067, 'auc': 0.5638}
train: {'epoch': 23, 'eta': 123.2001, 'loss': 0.766, 'lr': 0.001, 'params': 141, 'time_iter': 0.4152, 'accuracy': 0.4875, 'precision': 0.4587, 'recall': 0.8882, 'specificity': 0.1704, 'f1': 0.605, 'auc': 0.5536}
train: {'epoch': 24, 'eta': 122.417, 'loss': 0.7659, 'lr': 0.001, 'params': 141, 'time_iter': 0.4158, 'accuracy': 0.4823, 'precision': 0.4552, 'recall': 0.8718, 'specificity': 0.1741, 'f1': 0.5981, 'auc': 0.5496}
train: {'epoch': 25, 'eta': 121.6845, 'loss': 0.7662, 'lr': 0.001, 'params': 141, 'time_iter': 0.4179, 'accuracy': 0.4823, 'precision': 0.4552, 'recall': 0.8718, 'specificity': 0.1741, 'f1': 0.5981, 'auc': 0.546}
train: {'epoch': 26, 'eta': 120.9194, 'loss': 0.7648, 'lr': 0.001, 'params': 141, 'time_iter': 0.4124, 'accuracy': 0.4839, 'precision': 0.4561, 'recall': 0.8741, 'specificity': 0.175, 'f1': 0.5994, 'auc': 0.5569}
train: {'epoch': 27, 'eta': 120.1838, 'loss': 0.7623, 'lr': 0.001, 'params': 141, 'time_iter': 0.4128, 'accuracy': 0.4958, 'precision': 0.4631, 'recall': 0.8859, 'specificity': 0.1872, 'f1': 0.6082, 'auc': 0.5842}
train: {'epoch': 28, 'eta': 119.4671, 'loss': 0.7641, 'lr': 0.001, 'params': 141, 'time_iter': 0.4124, 'accuracy': 0.4839, 'precision': 0.4562, 'recall': 0.8753, 'specificity': 0.1741, 'f1': 0.5998, 'auc': 0.5602}
val: {'epoch': 29, 'loss': 0.7627, 'lr': 0.001, 'params': 141, 'time_iter': 0.1988, 'accuracy': 0.4782, 'precision': 0.4782, 'recall': 1.0, 'specificity': 0.0, 'f1': 0.647, 'auc': 0.8558}
train: {'epoch': 29, 'eta': 118.7852, 'loss': 0.7636, 'lr': 0.001, 'params': 141, 'time_iter': 0.414, 'accuracy': 0.487, 'precision': 0.4575, 'recall': 0.8682, 'specificity': 0.1853, 'f1': 0.5993, 'auc': 0.567}
train: {'epoch': 30, 'eta': 118.1116, 'loss': 0.7648, 'lr': 0.001, 'params': 141, 'time_iter': 0.413, 'accuracy': 0.4787, 'precision': 0.4519, 'recall': 0.8459, 'specificity': 0.1881, 'f1': 0.5891, 'auc': 0.5563}
train: {'epoch': 31, 'eta': 117.4833, 'loss': 0.7635, 'lr': 0.001, 'params': 141, 'time_iter': 0.4165, 'accuracy': 0.4802, 'precision': 0.452, 'recall': 0.8318, 'specificity': 0.202, 'f1': 0.5857, 'auc': 0.5694}
train: {'epoch': 32, 'eta': 116.845, 'loss': 0.763, 'lr': 0.001, 'params': 141, 'time_iter': 0.4137, 'accuracy': 0.4782, 'precision': 0.4516, 'recall': 0.8447, 'specificity': 0.1881, 'f1': 0.5885, 'auc': 0.5639}
train: {'epoch': 33, 'eta': 116.2085, 'loss': 0.765, 'lr': 0.001, 'params': 141, 'time_iter': 0.4122, 'accuracy': 0.474, 'precision': 0.4487, 'recall': 0.8329, 'specificity': 0.1899, 'f1': 0.5832, 'auc': 0.5547}
train: {'epoch': 34, 'eta': 115.6216, 'loss': 0.7612, 'lr': 0.001, 'params': 141, 'time_iter': 0.4171, 'accuracy': 0.5062, 'precision': 0.4682, 'recall': 0.8671, 'specificity': 0.2207, 'f1': 0.6081, 'auc': 0.5855}
train: {'epoch': 35, 'eta': 115.0118, 'loss': 0.7611, 'lr': 0.001, 'params': 141, 'time_iter': 0.4126, 'accuracy': 0.4849, 'precision': 0.4557, 'recall': 0.8541, 'specificity': 0.1927, 'f1': 0.5944, 'auc': 0.592}
train: {'epoch': 36, 'eta': 114.417, 'loss': 0.762, 'lr': 0.001, 'params': 141, 'time_iter': 0.4133, 'accuracy': 0.4865, 'precision': 0.4559, 'recall': 0.84, 'specificity': 0.2067, 'f1': 0.5911, 'auc': 0.5803}
train: {'epoch': 37, 'eta': 113.913, 'loss': 0.7606, 'lr': 0.001, 'params': 141, 'time_iter': 0.425, 'accuracy': 0.4906, 'precision': 0.4583, 'recall': 0.84, 'specificity': 0.2142, 'f1': 0.593, 'auc': 0.5959}
train: {'epoch': 38, 'eta': 113.3384, 'loss': 0.7595, 'lr': 0.001, 'params': 141, 'time_iter': 0.4139, 'accuracy': 0.5078, 'precision': 0.4685, 'recall': 0.8494, 'specificity': 0.2374, 'f1': 0.6039, 'auc': 0.6101}
val: {'epoch': 39, 'loss': 0.7593, 'lr': 0.001, 'params': 141, 'time_iter': 0.2, 'accuracy': 0.4844, 'precision': 0.4812, 'recall': 1.0, 'specificity': 0.0119, 'f1': 0.6497, 'auc': 0.8686}
train: {'epoch': 39, 'eta': 112.7593, 'loss': 0.7591, 'lr': 0.001, 'params': 141, 'time_iter': 0.412, 'accuracy': 0.5021, 'precision': 0.4652, 'recall': 0.8494, 'specificity': 0.2272, 'f1': 0.6012, 'auc': 0.6057}
train: {'epoch': 40, 'eta': 112.206, 'loss': 0.7614, 'lr': 0.001, 'params': 141, 'time_iter': 0.4148, 'accuracy': 0.4891, 'precision': 0.4571, 'recall': 0.8329, 'specificity': 0.2169, 'f1': 0.5902, 'auc': 0.5872}
train: {'epoch': 41, 'eta': 111.6475, 'loss': 0.76, 'lr': 0.001, 'params': 141, 'time_iter': 0.4128, 'accuracy': 0.5016, 'precision': 0.4652, 'recall': 0.8576, 'specificity': 0.2197, 'f1': 0.6032, 'auc': 0.5996}
train: {'epoch': 42, 'eta': 111.0944, 'loss': 0.7591, 'lr': 0.001, 'params': 141, 'time_iter': 0.4126, 'accuracy': 0.5005, 'precision': 0.4645, 'recall': 0.8553, 'specificity': 0.2197, 'f1': 0.6021, 'auc': 0.603}
train: {'epoch': 43, 'eta': 110.5652, 'loss': 0.7588, 'lr': 0.001, 'params': 141, 'time_iter': 0.4156, 'accuracy': 0.5068, 'precision': 0.4677, 'recall': 0.8435, 'specificity': 0.2402, 'f1': 0.6018, 'auc': 0.6121}
train: {'epoch': 44, 'eta': 110.022, 'loss': 0.7579, 'lr': 0.001, 'params': 141, 'time_iter': 0.4122, 'accuracy': 0.5062, 'precision': 0.4669, 'recall': 0.8306, 'specificity': 0.2495, 'f1': 0.5978, 'auc': 0.6218}
train: {'epoch': 45, 'eta': 109.5116, 'loss': 0.7604, 'lr': 0.001, 'params': 141, 'time_iter': 0.4172, 'accuracy': 0.5021, 'precision': 0.4651, 'recall': 0.8471, 'specificity': 0.2291, 'f1': 0.6005, 'auc': 0.5948}
train: {'epoch': 46, 'eta': 108.9885, 'loss': 0.7597, 'lr': 0.001, 'params': 141, 'time_iter': 0.4141, 'accuracy': 0.5073, 'precision': 0.4676, 'recall': 0.8329, 'specificity': 0.2495, 'f1': 0.599, 'auc': 0.6009}
train: {'epoch': 47, 'eta': 108.502, 'loss': 0.7564, 'lr': 0.001, 'params': 141, 'time_iter': 0.4202, 'accuracy': 0.5208, 'precision': 0.4768, 'recall': 0.8706, 'specificity': 0.2439, 'f1': 0.6162, 'auc': 0.6385}
train: {'epoch': 48, 'eta': 107.997, 'loss': 0.7554, 'lr': 0.001, 'params': 141, 'time_iter': 0.416, 'accuracy': 0.5457, 'precision': 0.492, 'recall': 0.8647, 'specificity': 0.2933, 'f1': 0.6271, 'auc': 0.6486}
val: {'epoch': 49, 'loss': 0.756, 'lr': 0.001, 'params': 141, 'time_iter': 0.1961, 'accuracy': 0.5685, 'precision': 0.5261, 'recall': 0.9837, 'specificity': 0.1881, 'f1': 0.6856, 'auc': 0.8742}
train: {'epoch': 49, 'eta': 107.4802, 'loss': 0.7569, 'lr': 0.001, 'params': 141, 'time_iter': 0.413, 'accuracy': 0.5229, 'precision': 0.4767, 'recall': 0.8176, 'specificity': 0.2896, 'f1': 0.6023, 'auc': 0.6214}
train: {'epoch': 50, 'eta': 106.9646, 'loss': 0.7567, 'lr': 0.001, 'params': 141, 'time_iter': 0.4124, 'accuracy': 0.5286, 'precision': 0.4811, 'recall': 0.8518, 'specificity': 0.2728, 'f1': 0.6149, 'auc': 0.625}
train: {'epoch': 51, 'eta': 106.4767, 'loss': 0.7557, 'lr': 0.001, 'params': 141, 'time_iter': 0.4173, 'accuracy': 0.5369, 'precision': 0.4859, 'recall': 0.8282, 'specificity': 0.3063, 'f1': 0.6124, 'auc': 0.6394}
train: {'epoch': 52, 'eta': 105.9717, 'loss': 0.7562, 'lr': 0.001, 'params': 141, 'time_iter': 0.4131, 'accuracy': 0.5353, 'precision': 0.4846, 'recall': 0.8141, 'specificity': 0.3147, 'f1': 0.6076, 'auc': 0.6276}
train: {'epoch': 53, 'eta': 105.4736, 'loss': 0.7556, 'lr': 0.001, 'params': 141, 'time_iter': 0.4139, 'accuracy': 0.5603, 'precision': 0.5015, 'recall': 0.8059, 'specificity': 0.3659, 'f1': 0.6182, 'auc': 0.6325}
train: {'epoch': 54, 'eta': 104.9737, 'loss': 0.7543, 'lr': 0.001, 'params': 141, 'time_iter': 0.4128, 'accuracy': 0.5619, 'precision': 0.5026, 'recall': 0.8082, 'specificity': 0.3669, 'f1': 0.6198, 'auc': 0.6493}
train: {'epoch': 55, 'eta': 104.4821, 'loss': 0.754, 'lr': 0.001, 'params': 141, 'time_iter': 0.414, 'accuracy': 0.5748, 'precision': 0.5118, 'recall': 0.8176, 'specificity': 0.3827, 'f1': 0.6295, 'auc': 0.6604}
train: {'epoch': 56, 'eta': 104.0208, 'loss': 0.7544, 'lr': 0.001, 'params': 141, 'time_iter': 0.4205, 'accuracy': 0.5644, 'precision': 0.5045, 'recall': 0.7882, 'specificity': 0.3873, 'f1': 0.6152, 'auc': 0.6484}
train: {'epoch': 57, 'eta': 103.5261, 'loss': 0.7514, 'lr': 0.001, 'params': 141, 'time_iter': 0.4121, 'accuracy': 0.5826, 'precision': 0.5171, 'recall': 0.8365, 'specificity': 0.3818, 'f1': 0.6391, 'auc': 0.677}
train: {'epoch': 58, 'eta': 103.0431, 'loss': 0.753, 'lr': 0.001, 'params': 141, 'time_iter': 0.4143, 'accuracy': 0.5863, 'precision': 0.5203, 'recall': 0.8141, 'specificity': 0.406, 'f1': 0.6349, 'auc': 0.6646}
val: {'epoch': 59, 'loss': 0.7523, 'lr': 0.001, 'params': 141, 'time_iter': 0.1957, 'accuracy': 0.7305, 'precision': 0.6565, 'recall': 0.9153, 'specificity': 0.5612, 'f1': 0.7646, 'auc': 0.8772}
train: {'epoch': 59, 'eta': 102.5553, 'loss': 0.7525, 'lr': 0.001, 'params': 141, 'time_iter': 0.4125, 'accuracy': 0.5795, 'precision': 0.5158, 'recall': 0.7894, 'specificity': 0.4134, 'f1': 0.6239, 'auc': 0.6652}
train: {'epoch': 60, 'eta': 102.0842, 'loss': 0.7539, 'lr': 0.001, 'params': 141, 'time_iter': 0.4161, 'accuracy': 0.579, 'precision': 0.5161, 'recall': 0.7529, 'specificity': 0.4413, 'f1': 0.6124, 'auc': 0.649}
train: {'epoch': 61, 'eta': 101.6042, 'loss': 0.7524, 'lr': 0.001, 'params': 141, 'time_iter': 0.4134, 'accuracy': 0.5873, 'precision': 0.5223, 'recall': 0.7706, 'specificity': 0.4423, 'f1': 0.6226, 'auc': 0.6601}
train: {'epoch': 62, 'eta': 101.1278, 'loss': 0.7524, 'lr': 0.001, 'params': 141, 'time_iter': 0.4137, 'accuracy': 0.5878, 'precision': 0.5231, 'recall': 0.76, 'specificity': 0.4516, 'f1': 0.6197, 'auc': 0.6572}
train: {'epoch': 63, 'eta': 100.6543, 'loss': 0.7512, 'lr': 0.001, 'params': 141, 'time_iter': 0.414, 'accuracy': 0.5972, 'precision': 0.5312, 'recall': 0.7518, 'specificity': 0.4749, 'f1': 0.6225, 'auc': 0.6663}
train: {'epoch': 64, 'eta': 100.186, 'loss': 0.7514, 'lr': 0.001, 'params': 141, 'time_iter': 0.415, 'accuracy': 0.5988, 'precision': 0.5324, 'recall': 0.7529, 'specificity': 0.4767, 'f1': 0.6238, 'auc': 0.6671}
train: {'epoch': 65, 'eta': 99.7276, 'loss': 0.7499, 'lr': 0.001, 'params': 141, 'time_iter': 0.4173, 'accuracy': 0.6076, 'precision': 0.5409, 'recall': 0.7388, 'specificity': 0.5037, 'f1': 0.6246, 'auc': 0.6783}
train: {'epoch': 66, 'eta': 99.2603, 'loss': 0.7499, 'lr': 0.001, 'params': 141, 'time_iter': 0.4144, 'accuracy': 0.6065, 'precision': 0.5388, 'recall': 0.76, 'specificity': 0.4851, 'f1': 0.6306, 'auc': 0.6801}
train: {'epoch': 67, 'eta': 98.8086, 'loss': 0.7499, 'lr': 0.001, 'params': 141, 'time_iter': 0.4185, 'accuracy': 0.6237, 'precision': 0.5542, 'recall': 0.7576, 'specificity': 0.5177, 'f1': 0.6402, 'auc': 0.6815}
train: {'epoch': 68, 'eta': 98.3439, 'loss': 0.7509, 'lr': 0.001, 'params': 141, 'time_iter': 0.4143, 'accuracy': 0.6143, 'precision': 0.5466, 'recall': 0.7459, 'specificity': 0.5102, 'f1': 0.6308, 'auc': 0.6764}
val: {'epoch': 69, 'loss': 0.748, 'lr': 0.001, 'params': 141, 'time_iter': 0.1961, 'accuracy': 0.7866, 'precision': 0.75, 'recall': 0.8306, 'specificity': 0.7463, 'f1': 0.7883, 'auc': 0.8795}
train: {'epoch': 69, 'eta': 97.8761, 'loss': 0.748, 'lr': 0.001, 'params': 141, 'time_iter': 0.4129, 'accuracy': 0.6268, 'precision': 0.5568, 'recall': 0.7612, 'specificity': 0.5205, 'f1': 0.6431, 'auc': 0.6956}
train: {'epoch': 70, 'eta': 97.4145, 'loss': 0.7478, 'lr': 0.001, 'params': 141, 'time_iter': 0.4144, 'accuracy': 0.6258, 'precision': 0.561, 'recall': 0.7035, 'specificity': 0.5642, 'f1': 0.6242, 'auc': 0.6936}
train: {'epoch': 71, 'eta': 96.9466, 'loss': 0.7487, 'lr': 0.001, 'params': 141, 'time_iter': 0.4119, 'accuracy': 0.6117, 'precision': 0.5456, 'recall': 0.7247, 'specificity': 0.5223, 'f1': 0.6225, 'auc': 0.6794}
train: {'epoch': 72, 'eta': 96.4847, 'loss': 0.745, 'lr': 0.001, 'params': 141, 'time_iter': 0.4134, 'accuracy': 0.6435, 'precision': 0.5748, 'recall': 0.7412, 'specificity': 0.5661, 'f1': 0.6475, 'auc': 0.7178}
train: {'epoch': 73, 'eta': 96.0199, 'loss': 0.7485, 'lr': 0.001, 'params': 141, 'time_iter': 0.412, 'accuracy': 0.6315, 'precision': 0.5628, 'recall': 0.7435, 'specificity': 0.5428, 'f1': 0.6406, 'auc': 0.6907}
train: {'epoch': 74, 'eta': 95.5622, 'loss': 0.7461, 'lr': 0.001, 'params': 141, 'time_iter': 0.4139, 'accuracy': 0.6518, 'precision': 0.5852, 'recall': 0.7271, 'specificity': 0.5922, 'f1': 0.6485, 'auc': 0.7081}
train: {'epoch': 75, 'eta': 95.0989, 'loss': 0.744, 'lr': 0.001, 'params': 141, 'time_iter': 0.4116, 'accuracy': 0.6455, 'precision': 0.5757, 'recall': 0.7518, 'specificity': 0.5615, 'f1': 0.652, 'auc': 0.7178}
train: {'epoch': 76, 'eta': 94.6583, 'loss': 0.7447, 'lr': 0.001, 'params': 141, 'time_iter': 0.419, 'accuracy': 0.6502, 'precision': 0.5837, 'recall': 0.7259, 'specificity': 0.5903, 'f1': 0.6471, 'auc': 0.7112}
train: {'epoch': 77, 'eta': 94.2, 'loss': 0.7446, 'lr': 0.001, 'params': 141, 'time_iter': 0.4126, 'accuracy': 0.6601, 'precision': 0.5944, 'recall': 0.7259, 'specificity': 0.608, 'f1': 0.6536, 'auc': 0.7166}
train: {'epoch': 78, 'eta': 93.7432, 'loss': 0.7443, 'lr': 0.001, 'params': 141, 'time_iter': 0.4127, 'accuracy': 0.6601, 'precision': 0.5966, 'recall': 0.7118, 'specificity': 0.6192, 'f1': 0.6491, 'auc': 0.7177}
val: {'epoch': 79, 'loss': 0.7425, 'lr': 0.001, 'params': 141, 'time_iter': 0.1955, 'accuracy': 0.7913, 'precision': 0.7746, 'recall': 0.7948, 'specificity': 0.7881, 'f1': 0.7846, 'auc': 0.8801}
train: {'epoch': 79, 'eta': 93.2881, 'loss': 0.7452, 'lr': 0.001, 'params': 141, 'time_iter': 0.413, 'accuracy': 0.6445, 'precision': 0.5803, 'recall': 0.7059, 'specificity': 0.5959, 'f1': 0.6369, 'auc': 0.7091}
train: {'epoch': 80, 'eta': 92.8336, 'loss': 0.7421, 'lr': 0.001, 'params': 141, 'time_iter': 0.4128, 'accuracy': 0.6658, 'precision': 0.5979, 'recall': 0.7435, 'specificity': 0.6043, 'f1': 0.6628, 'auc': 0.7316}
train: {'epoch': 81, 'eta': 92.3853, 'loss': 0.7441, 'lr': 0.001, 'params': 141, 'time_iter': 0.4147, 'accuracy': 0.6419, 'precision': 0.5772, 'recall': 0.7082, 'specificity': 0.5894, 'f1': 0.636, 'auc': 0.7129}
train: {'epoch': 82, 'eta': 91.9343, 'loss': 0.7421, 'lr': 0.001, 'params': 141, 'time_iter': 0.4134, 'accuracy': 0.6668, 'precision': 0.6065, 'recall': 0.7, 'specificity': 0.6406, 'f1': 0.6499, 'auc': 0.727}
train: {'epoch': 83, 'eta': 91.4826, 'loss': 0.7424, 'lr': 0.001, 'params': 141, 'time_iter': 0.4128, 'accuracy': 0.6736, 'precision': 0.6103, 'recall': 0.7224, 'specificity': 0.635, 'f1': 0.6616, 'auc': 0.7269}
train: {'epoch': 84, 'eta': 91.0333, 'loss': 0.7404, 'lr': 0.001, 'params': 141, 'time_iter': 0.4133, 'accuracy': 0.6845, 'precision': 0.6231, 'recall': 0.7235, 'specificity': 0.6536, 'f1': 0.6696, 'auc': 0.7357}
train: {'epoch': 85, 'eta': 90.5887, 'loss': 0.7399, 'lr': 0.001, 'params': 141, 'time_iter': 0.4149, 'accuracy': 0.6887, 'precision': 0.6266, 'recall': 0.7306, 'specificity': 0.6555, 'f1': 0.6746, 'auc': 0.7456}
train: {'epoch': 86, 'eta': 90.1413, 'loss': 0.7379, 'lr': 0.001, 'params': 141, 'time_iter': 0.4135, 'accuracy': 0.697, 'precision': 0.6401, 'recall': 0.7176, 'specificity': 0.6806, 'f1': 0.6767, 'auc': 0.7534}
train: {'epoch': 87, 'eta': 89.6968, 'loss': 0.7389, 'lr': 0.001, 'params': 141, 'time_iter': 0.4143, 'accuracy': 0.685, 'precision': 0.6303, 'recall': 0.6941, 'specificity': 0.6778, 'f1': 0.6607, 'auc': 0.7398}
train: {'epoch': 88, 'eta': 89.2506, 'loss': 0.7376, 'lr': 0.001, 'params': 141, 'time_iter': 0.4134, 'accuracy': 0.6923, 'precision': 0.6341, 'recall': 0.7176, 'specificity': 0.6723, 'f1': 0.6733, 'auc': 0.7528}
val: {'epoch': 89, 'loss': 0.7358, 'lr': 0.001, 'params': 141, 'time_iter': 0.1989, 'accuracy': 0.7991, 'precision': 0.7928, 'recall': 0.785, 'specificity': 0.8119, 'f1': 0.7889, 'auc': 0.8807}
train: {'epoch': 89, 'eta': 88.8037, 'loss': 0.7385, 'lr': 0.001, 'params': 141, 'time_iter': 0.4127, 'accuracy': 0.685, 'precision': 0.6323, 'recall': 0.6859, 'specificity': 0.6844, 'f1': 0.658, 'auc': 0.7453}
train: {'epoch': 90, 'eta': 88.3587, 'loss': 0.7389, 'lr': 0.001, 'params': 141, 'time_iter': 0.4132, 'accuracy': 0.6679, 'precision': 0.6133, 'recall': 0.6718, 'specificity': 0.6648, 'f1': 0.6412, 'auc': 0.7355}
train: {'epoch': 91, 'eta': 87.9171, 'loss': 0.7341, 'lr': 0.001, 'params': 141, 'time_iter': 0.4145, 'accuracy': 0.7006, 'precision': 0.6457, 'recall': 0.7141, 'specificity': 0.6899, 'f1': 0.6782, 'auc': 0.7652}
train: {'epoch': 92, 'eta': 87.4932, 'loss': 0.7329, 'lr': 0.001, 'params': 141, 'time_iter': 0.4221, 'accuracy': 0.7058, 'precision': 0.6452, 'recall': 0.7424, 'specificity': 0.6769, 'f1': 0.6904, 'auc': 0.775}
train: {'epoch': 93, 'eta': 87.0563, 'loss': 0.7357, 'lr': 0.001, 'params': 141, 'time_iter': 0.4161, 'accuracy': 0.7001, 'precision': 0.6529, 'recall': 0.6859, 'specificity': 0.7114, 'f1': 0.669, 'auc': 0.7541}
train: {'epoch': 94, 'eta': 86.6162, 'loss': 0.733, 'lr': 0.001, 'params': 141, 'time_iter': 0.4145, 'accuracy': 0.7053, 'precision': 0.6553, 'recall': 0.7024, 'specificity': 0.7076, 'f1': 0.678, 'auc': 0.771}
train: {'epoch': 95, 'eta': 86.1754, 'loss': 0.7329, 'lr': 0.001, 'params': 141, 'time_iter': 0.4139, 'accuracy': 0.7115, 'precision': 0.6602, 'recall': 0.7153, 'specificity': 0.7086, 'f1': 0.6866, 'auc': 0.7733}
train: {'epoch': 96, 'eta': 85.7336, 'loss': 0.7319, 'lr': 0.001, 'params': 141, 'time_iter': 0.4132, 'accuracy': 0.7105, 'precision': 0.6622, 'recall': 0.7035, 'specificity': 0.716, 'f1': 0.6823, 'auc': 0.7776}
train: {'epoch': 97, 'eta': 85.2898, 'loss': 0.7307, 'lr': 0.001, 'params': 141, 'time_iter': 0.412, 'accuracy': 0.7043, 'precision': 0.6598, 'recall': 0.6824, 'specificity': 0.7216, 'f1': 0.6709, 'auc': 0.7731}
train: {'epoch': 98, 'eta': 84.8518, 'loss': 0.7302, 'lr': 0.001, 'params': 141, 'time_iter': 0.4144, 'accuracy': 0.7251, 'precision': 0.6922, 'recall': 0.68, 'specificity': 0.7607, 'f1': 0.6861, 'auc': 0.7851}
val: {'epoch': 99, 'loss': 0.7277, 'lr': 0.001, 'params': 141, 'time_iter': 0.1969, 'accuracy': 0.81, 'precision': 0.8053, 'recall': 0.7948, 'specificity': 0.8239, 'f1': 0.8, 'auc': 0.8826}
train: {'epoch': 99, 'eta': 84.4215, 'loss': 0.7298, 'lr': 0.001, 'params': 141, 'time_iter': 0.4181, 'accuracy': 0.7193, 'precision': 0.6824, 'recall': 0.6824, 'specificity': 0.7486, 'f1': 0.6824, 'auc': 0.7828}
train: {'epoch': 100, 'eta': 83.9852, 'loss': 0.7281, 'lr': 0.001, 'params': 141, 'time_iter': 0.4149, 'accuracy': 0.7251, 'precision': 0.6843, 'recall': 0.7012, 'specificity': 0.7439, 'f1': 0.6926, 'auc': 0.7878}
train: {'epoch': 101, 'eta': 83.5468, 'loss': 0.728, 'lr': 0.001, 'params': 141, 'time_iter': 0.4136, 'accuracy': 0.7193, 'precision': 0.6802, 'recall': 0.6882, 'specificity': 0.7439, 'f1': 0.6842, 'auc': 0.7852}
train: {'epoch': 102, 'eta': 83.1093, 'loss': 0.7253, 'lr': 0.001, 'params': 141, 'time_iter': 0.4138, 'accuracy': 0.7339, 'precision': 0.6895, 'recall': 0.7235, 'specificity': 0.7421, 'f1': 0.7061, 'auc': 0.805}
train: {'epoch': 103, 'eta': 82.6694, 'loss': 0.7286, 'lr': 0.001, 'params': 141, 'time_iter': 0.4123, 'accuracy': 0.7079, 'precision': 0.664, 'recall': 0.6859, 'specificity': 0.7253, 'f1': 0.6748, 'auc': 0.7759}
train: {'epoch': 104, 'eta': 82.2366, 'loss': 0.7275, 'lr': 0.001, 'params': 141, 'time_iter': 0.4159, 'accuracy': 0.7193, 'precision': 0.6753, 'recall': 0.7024, 'specificity': 0.7328, 'f1': 0.6886, 'auc': 0.7883}
train: {'epoch': 105, 'eta': 81.8001, 'loss': 0.7227, 'lr': 0.001, 'params': 141, 'time_iter': 0.4137, 'accuracy': 0.7427, 'precision': 0.7038, 'recall': 0.7212, 'specificity': 0.7598, 'f1': 0.7124, 'auc': 0.8136}
train: {'epoch': 106, 'eta': 81.3624, 'loss': 0.7231, 'lr': 0.001, 'params': 141, 'time_iter': 0.4127, 'accuracy': 0.737, 'precision': 0.6955, 'recall': 0.72, 'specificity': 0.7505, 'f1': 0.7075, 'auc': 0.8026}
train: {'epoch': 107, 'eta': 80.9312, 'loss': 0.7247, 'lr': 0.001, 'params': 141, 'time_iter': 0.4162, 'accuracy': 0.7313, 'precision': 0.6985, 'recall': 0.6894, 'specificity': 0.7644, 'f1': 0.6939, 'auc': 0.7935}
train: {'epoch': 108, 'eta': 80.496, 'loss': 0.7227, 'lr': 0.001, 'params': 141, 'time_iter': 0.4137, 'accuracy': 0.7339, 'precision': 0.6974, 'recall': 0.7024, 'specificity': 0.7588, 'f1': 0.6999, 'auc': 0.8028}
val: {'epoch': 109, 'loss': 0.7184, 'lr': 0.001, 'params': 141, 'time_iter': 0.1974, 'accuracy': 0.8084, 'precision': 0.7893, 'recall': 0.8176, 'specificity': 0.8, 'f1': 0.8032, 'auc': 0.884}
train: {'epoch': 109, 'eta': 80.0587, 'loss': 0.7215, 'lr': 0.001, 'params': 141, 'time_iter': 0.4123, 'accuracy': 0.7438, 'precision': 0.7179, 'recall': 0.6918, 'specificity': 0.7849, 'f1': 0.7046, 'auc': 0.8058}
train: {'epoch': 110, 'eta': 79.6217, 'loss': 0.7218, 'lr': 0.001, 'params': 141, 'time_iter': 0.4122, 'accuracy': 0.7412, 'precision': 0.7189, 'recall': 0.68, 'specificity': 0.7896, 'f1': 0.6989, 'auc': 0.8056}
train: {'epoch': 111, 'eta': 79.1866, 'loss': 0.7207, 'lr': 0.001, 'params': 141, 'time_iter': 0.413, 'accuracy': 0.7297, 'precision': 0.6905, 'recall': 0.7035, 'specificity': 0.7505, 'f1': 0.697, 'auc': 0.8002}
train: {'epoch': 112, 'eta': 78.7563, 'loss': 0.7185, 'lr': 0.001, 'params': 141, 'time_iter': 0.4157, 'accuracy': 0.7484, 'precision': 0.7173, 'recall': 0.7106, 'specificity': 0.7784, 'f1': 0.7139, 'auc': 0.8151}
train: {'epoch': 113, 'eta': 78.324, 'loss': 0.7187, 'lr': 0.001, 'params': 141, 'time_iter': 0.4143, 'accuracy': 0.7412, 'precision': 0.7071, 'recall': 0.7071, 'specificity': 0.7682, 'f1': 0.7071, 'auc': 0.8137}
train: {'epoch': 114, 'eta': 77.8978, 'loss': 0.717, 'lr': 0.001, 'params': 141, 'time_iter': 0.4179, 'accuracy': 0.7521, 'precision': 0.7098, 'recall': 0.7424, 'specificity': 0.7598, 'f1': 0.7257, 'auc': 0.8142}
train: {'epoch': 115, 'eta': 77.4723, 'loss': 0.7158, 'lr': 0.001, 'params': 141, 'time_iter': 0.4183, 'accuracy': 0.7479, 'precision': 0.709, 'recall': 0.7282, 'specificity': 0.7635, 'f1': 0.7185, 'auc': 0.8148}
train: {'epoch': 116, 'eta': 77.0382, 'loss': 0.7142, 'lr': 0.001, 'params': 141, 'time_iter': 0.4127, 'accuracy': 0.7557, 'precision': 0.7405, 'recall': 0.6882, 'specificity': 0.8091, 'f1': 0.7134, 'auc': 0.8259}
train: {'epoch': 117, 'eta': 76.6041, 'loss': 0.7135, 'lr': 0.001, 'params': 141, 'time_iter': 0.4125, 'accuracy': 0.7573, 'precision': 0.725, 'recall': 0.7259, 'specificity': 0.7821, 'f1': 0.7255, 'auc': 0.8285}
train: {'epoch': 118, 'eta': 76.1725, 'loss': 0.7107, 'lr': 0.001, 'params': 141, 'time_iter': 0.4139, 'accuracy': 0.7682, 'precision': 0.7354, 'recall': 0.7424, 'specificity': 0.7886, 'f1': 0.7389, 'auc': 0.8381}
val: {'epoch': 119, 'loss': 0.7078, 'lr': 0.001, 'params': 141, 'time_iter': 0.196, 'accuracy': 0.7882, 'precision': 0.7478, 'recall': 0.8404, 'specificity': 0.7403, 'f1': 0.7914, 'auc': 0.885}
train: {'epoch': 119, 'eta': 75.7404, 'loss': 0.7111, 'lr': 0.001, 'params': 141, 'time_iter': 0.4133, 'accuracy': 0.7583, 'precision': 0.7311, 'recall': 0.7165, 'specificity': 0.7914, 'f1': 0.7237, 'auc': 0.8265}
train: {'epoch': 120, 'eta': 75.3078, 'loss': 0.7103, 'lr': 0.001, 'params': 141, 'time_iter': 0.4128, 'accuracy': 0.7562, 'precision': 0.7287, 'recall': 0.7141, 'specificity': 0.7896, 'f1': 0.7213, 'auc': 0.8307}
train: {'epoch': 121, 'eta': 74.876, 'loss': 0.709, 'lr': 0.001, 'params': 141, 'time_iter': 0.4131, 'accuracy': 0.7614, 'precision': 0.7308, 'recall': 0.7282, 'specificity': 0.7877, 'f1': 0.7295, 'auc': 0.8337}
train: {'epoch': 122, 'eta': 74.4438, 'loss': 0.7086, 'lr': 0.001, 'params': 141, 'time_iter': 0.4126, 'accuracy': 0.7614, 'precision': 0.7276, 'recall': 0.7353, 'specificity': 0.7821, 'f1': 0.7314, 'auc': 0.833}
train: {'epoch': 123, 'eta': 74.0193, 'loss': 0.7061, 'lr': 0.001, 'params': 141, 'time_iter': 0.4178, 'accuracy': 0.7729, 'precision': 0.7387, 'recall': 0.7518, 'specificity': 0.7896, 'f1': 0.7452, 'auc': 0.8439}
train: {'epoch': 124, 'eta': 73.5882, 'loss': 0.7067, 'lr': 0.001, 'params': 141, 'time_iter': 0.413, 'accuracy': 0.7692, 'precision': 0.7286, 'recall': 0.7612, 'specificity': 0.7756, 'f1': 0.7445, 'auc': 0.8372}
train: {'epoch': 125, 'eta': 73.1564, 'loss': 0.7046, 'lr': 0.001, 'params': 141, 'time_iter': 0.4123, 'accuracy': 0.7739, 'precision': 0.7298, 'recall': 0.7753, 'specificity': 0.7728, 'f1': 0.7519, 'auc': 0.847}
train: {'epoch': 126, 'eta': 72.7254, 'loss': 0.7059, 'lr': 0.001, 'params': 141, 'time_iter': 0.4127, 'accuracy': 0.763, 'precision': 0.7174, 'recall': 0.7647, 'specificity': 0.7616, 'f1': 0.7403, 'auc': 0.8369}
train: {'epoch': 127, 'eta': 72.2962, 'loss': 0.7007, 'lr': 0.001, 'params': 141, 'time_iter': 0.4138, 'accuracy': 0.7698, 'precision': 0.7239, 'recall': 0.7741, 'specificity': 0.7663, 'f1': 0.7482, 'auc': 0.8488}
train: {'epoch': 128, 'eta': 71.8672, 'loss': 0.7029, 'lr': 0.001, 'params': 141, 'time_iter': 0.4138, 'accuracy': 0.763, 'precision': 0.7254, 'recall': 0.7459, 'specificity': 0.7765, 'f1': 0.7355, 'auc': 0.8375}
val: {'epoch': 129, 'loss': 0.6953, 'lr': 0.001, 'params': 141, 'time_iter': 0.2006, 'accuracy': 0.7601, 'precision': 0.7018, 'recall': 0.8664, 'specificity': 0.6627, 'f1': 0.7755, 'auc': 0.8841}
train: {'epoch': 129, 'eta': 71.4364, 'loss': 0.7035, 'lr': 0.001, 'params': 141, 'time_iter': 0.4122, 'accuracy': 0.7479, 'precision': 0.6927, 'recall': 0.7718, 'specificity': 0.7291, 'f1': 0.7301, 'auc': 0.8316}
train: {'epoch': 130, 'eta': 71.0059, 'loss': 0.6999, 'lr': 0.001, 'params': 141, 'time_iter': 0.4122, 'accuracy': 0.7729, 'precision': 0.7297, 'recall': 0.7718, 'specificity': 0.7737, 'f1': 0.7501, 'auc': 0.8438}
train: {'epoch': 131, 'eta': 70.577, 'loss': 0.7013, 'lr': 0.001, 'params': 141, 'time_iter': 0.4133, 'accuracy': 0.7614, 'precision': 0.7214, 'recall': 0.7494, 'specificity': 0.7709, 'f1': 0.7351, 'auc': 0.8354}
train: {'epoch': 132, 'eta': 70.1461, 'loss': 0.6993, 'lr': 0.001, 'params': 141, 'time_iter': 0.4115, 'accuracy': 0.7609, 'precision': 0.7053, 'recall': 0.7882, 'specificity': 0.7393, 'f1': 0.7444, 'auc': 0.8409}
train: {'epoch': 133, 'eta': 69.716, 'loss': 0.6965, 'lr': 0.001, 'params': 141, 'time_iter': 0.4119, 'accuracy': 0.7661, 'precision': 0.7169, 'recall': 0.7776, 'specificity': 0.757, 'f1': 0.746, 'auc': 0.8511}
train: {'epoch': 134, 'eta': 69.2921, 'loss': 0.6961, 'lr': 0.001, 'params': 141, 'time_iter': 0.4168, 'accuracy': 0.763, 'precision': 0.7109, 'recall': 0.7812, 'specificity': 0.7486, 'f1': 0.7444, 'auc': 0.8449}
train: {'epoch': 135, 'eta': 68.8677, 'loss': 0.6919, 'lr': 0.001, 'params': 141, 'time_iter': 0.4163, 'accuracy': 0.7864, 'precision': 0.7284, 'recall': 0.8235, 'specificity': 0.757, 'f1': 0.7731, 'auc': 0.8561}
train: {'epoch': 136, 'eta': 68.4437, 'loss': 0.6949, 'lr': 0.001, 'params': 141, 'time_iter': 0.4164, 'accuracy': 0.7703, 'precision': 0.7217, 'recall': 0.7812, 'specificity': 0.7616, 'f1': 0.7503, 'auc': 0.839}
train: {'epoch': 137, 'eta': 68.0149, 'loss': 0.6966, 'lr': 0.001, 'params': 141, 'time_iter': 0.4124, 'accuracy': 0.7661, 'precision': 0.7092, 'recall': 0.7976, 'specificity': 0.7412, 'f1': 0.7508, 'auc': 0.8389}
train: {'epoch': 138, 'eta': 67.5891, 'loss': 0.6875, 'lr': 0.001, 'params': 141, 'time_iter': 0.4147, 'accuracy': 0.7807, 'precision': 0.7234, 'recall': 0.8153, 'specificity': 0.7533, 'f1': 0.7666, 'auc': 0.8632}
val: {'epoch': 139, 'loss': 0.6815, 'lr': 0.001, 'params': 141, 'time_iter': 0.1964, 'accuracy': 0.7555, 'precision': 0.6923, 'recall': 0.8795, 'specificity': 0.6418, 'f1': 0.7747, 'auc': 0.8854}
train: {'epoch': 139, 'eta': 67.164, 'loss': 0.6897, 'lr': 0.001, 'params': 141, 'time_iter': 0.4152, 'accuracy': 0.7692, 'precision': 0.7183, 'recall': 0.7859, 'specificity': 0.7561, 'f1': 0.7506, 'auc': 0.8502}
train: {'epoch': 140, 'eta': 66.7377, 'loss': 0.6898, 'lr': 0.001, 'params': 141, 'time_iter': 0.414, 'accuracy': 0.7755, 'precision': 0.72, 'recall': 0.8047, 'specificity': 0.7523, 'f1': 0.76, 'auc': 0.849}
train: {'epoch': 141, 'eta': 66.3108, 'loss': 0.6888, 'lr': 0.001, 'params': 141, 'time_iter': 0.4133, 'accuracy': 0.7749, 'precision': 0.7174, 'recall': 0.8094, 'specificity': 0.7477, 'f1': 0.7606, 'auc': 0.8509}
train: {'epoch': 142, 'eta': 65.8841, 'loss': 0.6863, 'lr': 0.001, 'params': 141, 'time_iter': 0.4133, 'accuracy': 0.7749, 'precision': 0.717, 'recall': 0.8106, 'specificity': 0.7467, 'f1': 0.7609, 'auc': 0.8536}
train: {'epoch': 143, 'eta': 65.4566, 'loss': 0.6848, 'lr': 0.001, 'params': 141, 'time_iter': 0.4124, 'accuracy': 0.7661, 'precision': 0.7058, 'recall': 0.8071, 'specificity': 0.7337, 'f1': 0.753, 'auc': 0.8547}
train: {'epoch': 144, 'eta': 65.0303, 'loss': 0.6843, 'lr': 0.001, 'params': 141, 'time_iter': 0.4133, 'accuracy': 0.7646, 'precision': 0.6995, 'recall': 0.8188, 'specificity': 0.7216, 'f1': 0.7545, 'auc': 0.8546}
train: {'epoch': 145, 'eta': 64.6068, 'loss': 0.6823, 'lr': 0.001, 'params': 141, 'time_iter': 0.4159, 'accuracy': 0.7827, 'precision': 0.7241, 'recall': 0.8212, 'specificity': 0.7523, 'f1': 0.7696, 'auc': 0.8571}
train: {'epoch': 146, 'eta': 64.1819, 'loss': 0.684, 'lr': 0.001, 'params': 141, 'time_iter': 0.4143, 'accuracy': 0.7583, 'precision': 0.6927, 'recall': 0.8141, 'specificity': 0.7142, 'f1': 0.7485, 'auc': 0.8496}
train: {'epoch': 147, 'eta': 63.7557, 'loss': 0.6809, 'lr': 0.001, 'params': 141, 'time_iter': 0.413, 'accuracy': 0.7708, 'precision': 0.7093, 'recall': 0.8153, 'specificity': 0.7356, 'f1': 0.7586, 'auc': 0.8501}
train: {'epoch': 148, 'eta': 63.3307, 'loss': 0.6783, 'lr': 0.001, 'params': 141, 'time_iter': 0.414, 'accuracy': 0.7692, 'precision': 0.701, 'recall': 0.8329, 'specificity': 0.7188, 'f1': 0.7613, 'auc': 0.8596}
val: {'epoch': 149, 'loss': 0.6679, 'lr': 0.001, 'params': 141, 'time_iter': 0.1962, 'accuracy': 0.7492, 'precision': 0.6872, 'recall': 0.873, 'specificity': 0.6358, 'f1': 0.769, 'auc': 0.888}
train: {'epoch': 149, 'eta': 62.9077, 'loss': 0.6766, 'lr': 0.001, 'params': 141, 'time_iter': 0.4157, 'accuracy': 0.7729, 'precision': 0.7084, 'recall': 0.8259, 'specificity': 0.7309, 'f1': 0.7626, 'auc': 0.861}
train: {'epoch': 150, 'eta': 62.4828, 'loss': 0.6791, 'lr': 0.001, 'params': 141, 'time_iter': 0.4138, 'accuracy': 0.7713, 'precision': 0.7144, 'recall': 0.8035, 'specificity': 0.7458, 'f1': 0.7564, 'auc': 0.8516}
train: {'epoch': 151, 'eta': 62.0572, 'loss': 0.6767, 'lr': 0.001, 'params': 141, 'time_iter': 0.4129, 'accuracy': 0.7682, 'precision': 0.7109, 'recall': 0.8012, 'specificity': 0.7421, 'f1': 0.7533, 'auc': 0.8568}
train: {'epoch': 152, 'eta': 61.6326, 'loss': 0.6746, 'lr': 0.001, 'params': 141, 'time_iter': 0.4138, 'accuracy': 0.7781, 'precision': 0.7169, 'recall': 0.8224, 'specificity': 0.743, 'f1': 0.766, 'auc': 0.8602}
train: {'epoch': 153, 'eta': 61.2056, 'loss': 0.6773, 'lr': 0.001, 'params': 141, 'time_iter': 0.4111, 'accuracy': 0.7708, 'precision': 0.7137, 'recall': 0.8035, 'specificity': 0.7449, 'f1': 0.7559, 'auc': 0.8549}
train: {'epoch': 154, 'eta': 60.7807, 'loss': 0.6735, 'lr': 0.001, 'params': 141, 'time_iter': 0.4132, 'accuracy': 0.7796, 'precision': 0.72, 'recall': 0.82, 'specificity': 0.7477, 'f1': 0.7668, 'auc': 0.8597}
train: {'epoch': 155, 'eta': 60.3559, 'loss': 0.6711, 'lr': 0.001, 'params': 141, 'time_iter': 0.413, 'accuracy': 0.7859, 'precision': 0.7248, 'recall': 0.8306, 'specificity': 0.7505, 'f1': 0.7741, 'auc': 0.8666}
train: {'epoch': 156, 'eta': 59.9309, 'loss': 0.6714, 'lr': 0.001, 'params': 141, 'time_iter': 0.4128, 'accuracy': 0.7833, 'precision': 0.7301, 'recall': 0.8082, 'specificity': 0.7635, 'f1': 0.7672, 'auc': 0.862}
train: {'epoch': 157, 'eta': 59.511, 'loss': 0.6752, 'lr': 0.001, 'params': 141, 'time_iter': 0.4182, 'accuracy': 0.7765, 'precision': 0.736, 'recall': 0.7706, 'specificity': 0.7812, 'f1': 0.7529, 'auc': 0.8473}
train: {'epoch': 158, 'eta': 59.0884, 'loss': 0.6711, 'lr': 0.001, 'params': 141, 'time_iter': 0.4152, 'accuracy': 0.7885, 'precision': 0.7389, 'recall': 0.8059, 'specificity': 0.7747, 'f1': 0.771, 'auc': 0.8587}
val: {'epoch': 159, 'loss': 0.6586, 'lr': 0.001, 'params': 141, 'time_iter': 0.1963, 'accuracy': 0.7788, 'precision': 0.7285, 'recall': 0.8567, 'specificity': 0.7075, 'f1': 0.7874, 'auc': 0.8881}
train: {'epoch': 159, 'eta': 58.6649, 'loss': 0.67, 'lr': 0.001, 'params': 141, 'time_iter': 0.414, 'accuracy': 0.7853, 'precision': 0.7352, 'recall': 0.8035, 'specificity': 0.7709, 'f1': 0.7678, 'auc': 0.8684}
train: {'epoch': 160, 'eta': 58.2414, 'loss': 0.6715, 'lr': 0.001, 'params': 141, 'time_iter': 0.4139, 'accuracy': 0.7833, 'precision': 0.7306, 'recall': 0.8071, 'specificity': 0.7644, 'f1': 0.7669, 'auc': 0.8615}
train: {'epoch': 161, 'eta': 57.8169, 'loss': 0.6704, 'lr': 0.001, 'params': 141, 'time_iter': 0.4125, 'accuracy': 0.7879, 'precision': 0.7413, 'recall': 0.7988, 'specificity': 0.7793, 'f1': 0.769, 'auc': 0.863}
train: {'epoch': 162, 'eta': 57.3927, 'loss': 0.6731, 'lr': 0.001, 'params': 141, 'time_iter': 0.4127, 'accuracy': 0.763, 'precision': 0.7091, 'recall': 0.7859, 'specificity': 0.7449, 'f1': 0.7455, 'auc': 0.85}
train: {'epoch': 163, 'eta': 56.9703, 'loss': 0.6663, 'lr': 0.001, 'params': 141, 'time_iter': 0.4147, 'accuracy': 0.79, 'precision': 0.7393, 'recall': 0.8106, 'specificity': 0.7737, 'f1': 0.7733, 'auc': 0.8652}
train: {'epoch': 164, 'eta': 56.546, 'loss': 0.6682, 'lr': 0.001, 'params': 141, 'time_iter': 0.4123, 'accuracy': 0.7786, 'precision': 0.7309, 'recall': 0.7894, 'specificity': 0.77, 'f1': 0.759, 'auc': 0.8592}
train: {'epoch': 165, 'eta': 56.1244, 'loss': 0.6679, 'lr': 0.001, 'params': 141, 'time_iter': 0.4154, 'accuracy': 0.7859, 'precision': 0.7386, 'recall': 0.7976, 'specificity': 0.7765, 'f1': 0.767, 'auc': 0.8636}
train: {'epoch': 166, 'eta': 55.7025, 'loss': 0.6651, 'lr': 0.001, 'params': 141, 'time_iter': 0.415, 'accuracy': 0.7957, 'precision': 0.7408, 'recall': 0.8271, 'specificity': 0.7709, 'f1': 0.7815, 'auc': 0.8659}
train: {'epoch': 167, 'eta': 55.2795, 'loss': 0.6663, 'lr': 0.001, 'params': 141, 'time_iter': 0.4135, 'accuracy': 0.7801, 'precision': 0.7283, 'recall': 0.8012, 'specificity': 0.7635, 'f1': 0.763, 'auc': 0.8625}
train: {'epoch': 168, 'eta': 54.8575, 'loss': 0.666, 'lr': 0.001, 'params': 141, 'time_iter': 0.4146, 'accuracy': 0.7796, 'precision': 0.7219, 'recall': 0.8153, 'specificity': 0.7514, 'f1': 0.7657, 'auc': 0.863}
val: {'epoch': 169, 'loss': 0.653, 'lr': 0.001, 'params': 141, 'time_iter': 0.1953, 'accuracy': 0.7617, 'precision': 0.7059, 'recall': 0.8599, 'specificity': 0.6716, 'f1': 0.7753, 'auc': 0.888}
train: {'epoch': 169, 'eta': 54.4323, 'loss': 0.6661, 'lr': 0.001, 'params': 141, 'time_iter': 0.4103, 'accuracy': 0.7885, 'precision': 0.74, 'recall': 0.8035, 'specificity': 0.7765, 'f1': 0.7704, 'auc': 0.8639}
train: {'epoch': 170, 'eta': 54.0126, 'loss': 0.6655, 'lr': 0.001, 'params': 141, 'time_iter': 0.4175, 'accuracy': 0.7796, 'precision': 0.7261, 'recall': 0.8047, 'specificity': 0.7598, 'f1': 0.7634, 'auc': 0.8666}
train: {'epoch': 171, 'eta': 53.5947, 'loss': 0.6614, 'lr': 0.001, 'params': 141, 'time_iter': 0.4198, 'accuracy': 0.7921, 'precision': 0.7394, 'recall': 0.8176, 'specificity': 0.7719, 'f1': 0.7765, 'auc': 0.8655}
train: {'epoch': 172, 'eta': 53.172, 'loss': 0.6634, 'lr': 0.001, 'params': 141, 'time_iter': 0.4132, 'accuracy': 0.7843, 'precision': 0.7382, 'recall': 0.7929, 'specificity': 0.7775, 'f1': 0.7646, 'auc': 0.8689}
train: {'epoch': 173, 'eta': 52.748, 'loss': 0.6612, 'lr': 0.001, 'params': 141, 'time_iter': 0.4113, 'accuracy': 0.7957, 'precision': 0.7383, 'recall': 0.8329, 'specificity': 0.7663, 'f1': 0.7828, 'auc': 0.8712}
train: {'epoch': 174, 'eta': 52.3291, 'loss': 0.6631, 'lr': 0.001, 'params': 141, 'time_iter': 0.4182, 'accuracy': 0.7739, 'precision': 0.7111, 'recall': 0.8224, 'specificity': 0.7356, 'f1': 0.7627, 'auc': 0.8624}
train: {'epoch': 175, 'eta': 51.907, 'loss': 0.663, 'lr': 0.001, 'params': 141, 'time_iter': 0.4137, 'accuracy': 0.7791, 'precision': 0.7149, 'recall': 0.8318, 'specificity': 0.7374, 'f1': 0.7689, 'auc': 0.8676}
train: {'epoch': 176, 'eta': 51.4852, 'loss': 0.662, 'lr': 0.001, 'params': 141, 'time_iter': 0.4141, 'accuracy': 0.7885, 'precision': 0.7281, 'recall': 0.8318, 'specificity': 0.7542, 'f1': 0.7765, 'auc': 0.8685}
train: {'epoch': 177, 'eta': 51.0622, 'loss': 0.6616, 'lr': 0.001, 'params': 141, 'time_iter': 0.4121, 'accuracy': 0.7796, 'precision': 0.7173, 'recall': 0.8271, 'specificity': 0.7421, 'f1': 0.7683, 'auc': 0.8668}
train: {'epoch': 178, 'eta': 50.6401, 'loss': 0.6608, 'lr': 0.001, 'params': 141, 'time_iter': 0.4133, 'accuracy': 0.7838, 'precision': 0.7313, 'recall': 0.8071, 'specificity': 0.7654, 'f1': 0.7673, 'auc': 0.8657}
val: {'epoch': 179, 'loss': 0.6474, 'lr': 0.001, 'params': 141, 'time_iter': 0.1965, 'accuracy': 0.7695, 'precision': 0.7143, 'recall': 0.8632, 'specificity': 0.6836, 'f1': 0.7817, 'auc': 0.8892}
train: {'epoch': 179, 'eta': 50.2191, 'loss': 0.6577, 'lr': 0.001, 'params': 141, 'time_iter': 0.4148, 'accuracy': 0.7942, 'precision': 0.7436, 'recall': 0.8153, 'specificity': 0.7775, 'f1': 0.7778, 'auc': 0.8687}
train: {'epoch': 180, 'eta': 49.7969, 'loss': 0.6595, 'lr': 0.001, 'params': 141, 'time_iter': 0.4128, 'accuracy': 0.7859, 'precision': 0.738, 'recall': 0.7988, 'specificity': 0.7756, 'f1': 0.7672, 'auc': 0.8649}
train: {'epoch': 181, 'eta': 49.3818, 'loss': 0.6597, 'lr': 0.001, 'params': 141, 'time_iter': 0.4237, 'accuracy': 0.7874, 'precision': 0.7348, 'recall': 0.8118, 'specificity': 0.7682, 'f1': 0.7714, 'auc': 0.87}
train: {'epoch': 182, 'eta': 48.9649, 'loss': 0.6601, 'lr': 0.001, 'params': 141, 'time_iter': 0.421, 'accuracy': 0.7791, 'precision': 0.7179, 'recall': 0.8235, 'specificity': 0.7439, 'f1': 0.7671, 'auc': 0.8621}
train: {'epoch': 183, 'eta': 48.5456, 'loss': 0.6578, 'lr': 0.001, 'params': 141, 'time_iter': 0.4173, 'accuracy': 0.7859, 'precision': 0.731, 'recall': 0.8153, 'specificity': 0.7626, 'f1': 0.7709, 'auc': 0.8638}
train: {'epoch': 184, 'eta': 48.1331, 'loss': 0.6577, 'lr': 0.001, 'params': 141, 'time_iter': 0.4282, 'accuracy': 0.79, 'precision': 0.7357, 'recall': 0.8188, 'specificity': 0.7672, 'f1': 0.7751, 'auc': 0.8643}
train: {'epoch': 185, 'eta': 47.7217, 'loss': 0.6551, 'lr': 0.001, 'params': 141, 'time_iter': 0.4303, 'accuracy': 0.7916, 'precision': 0.7422, 'recall': 0.8094, 'specificity': 0.7775, 'f1': 0.7743, 'auc': 0.8698}
train: {'epoch': 186, 'eta': 47.3095, 'loss': 0.6568, 'lr': 0.001, 'params': 141, 'time_iter': 0.4292, 'accuracy': 0.7838, 'precision': 0.7348, 'recall': 0.7988, 'specificity': 0.7719, 'f1': 0.7655, 'auc': 0.8585}
train: {'epoch': 187, 'eta': 46.8985, 'loss': 0.6567, 'lr': 0.001, 'params': 141, 'time_iter': 0.4315, 'accuracy': 0.7874, 'precision': 0.7447, 'recall': 0.7894, 'specificity': 0.7858, 'f1': 0.7664, 'auc': 0.8647}
train: {'epoch': 188, 'eta': 46.4874, 'loss': 0.6549, 'lr': 0.001, 'params': 141, 'time_iter': 0.4318, 'accuracy': 0.7921, 'precision': 0.7511, 'recall': 0.7918, 'specificity': 0.7924, 'f1': 0.7709, 'auc': 0.8651}
val: {'epoch': 189, 'loss': 0.6397, 'lr': 0.001, 'params': 141, 'time_iter': 0.2057, 'accuracy': 0.7835, 'precision': 0.7333, 'recall': 0.8599, 'specificity': 0.7134, 'f1': 0.7916, 'auc': 0.8892}
train: {'epoch': 189, 'eta': 46.0751, 'loss': 0.6566, 'lr': 0.001, 'params': 141, 'time_iter': 0.4299, 'accuracy': 0.7879, 'precision': 0.7423, 'recall': 0.7965, 'specificity': 0.7812, 'f1': 0.7684, 'auc': 0.8576}
train: {'epoch': 190, 'eta': 45.6647, 'loss': 0.6517, 'lr': 0.001, 'params': 141, 'time_iter': 0.4337, 'accuracy': 0.7937, 'precision': 0.7519, 'recall': 0.7953, 'specificity': 0.7924, 'f1': 0.773, 'auc': 0.8697}
train: {'epoch': 191, 'eta': 45.2538, 'loss': 0.653, 'lr': 0.001, 'params': 141, 'time_iter': 0.4333, 'accuracy': 0.7879, 'precision': 0.7356, 'recall': 0.8118, 'specificity': 0.7691, 'f1': 0.7718, 'auc': 0.8688}
train: {'epoch': 192, 'eta': 44.8423, 'loss': 0.6545, 'lr': 0.001, 'params': 141, 'time_iter': 0.4325, 'accuracy': 0.7838, 'precision': 0.74, 'recall': 0.7871, 'specificity': 0.7812, 'f1': 0.7628, 'auc': 0.8598}
train: {'epoch': 193, 'eta': 44.4315, 'loss': 0.6478, 'lr': 0.001, 'params': 141, 'time_iter': 0.4342, 'accuracy': 0.7916, 'precision': 0.7341, 'recall': 0.8282, 'specificity': 0.7626, 'f1': 0.7783, 'auc': 0.8736}
train: {'epoch': 194, 'eta': 44.0204, 'loss': 0.6512, 'lr': 0.001, 'params': 141, 'time_iter': 0.4341, 'accuracy': 0.7859, 'precision': 0.738, 'recall': 0.7988, 'specificity': 0.7756, 'f1': 0.7672, 'auc': 0.8654}
train: {'epoch': 195, 'eta': 43.6106, 'loss': 0.6518, 'lr': 0.001, 'params': 141, 'time_iter': 0.437, 'accuracy': 0.7833, 'precision': 0.7267, 'recall': 0.8165, 'specificity': 0.757, 'f1': 0.769, 'auc': 0.8656}
train: {'epoch': 196, 'eta': 43.2007, 'loss': 0.6488, 'lr': 0.001, 'params': 141, 'time_iter': 0.4375, 'accuracy': 0.7911, 'precision': 0.7472, 'recall': 0.7965, 'specificity': 0.7868, 'f1': 0.7711, 'auc': 0.8734}
train: {'epoch': 197, 'eta': 42.7889, 'loss': 0.6514, 'lr': 0.001, 'params': 141, 'time_iter': 0.4342, 'accuracy': 0.7765, 'precision': 0.7234, 'recall': 0.8, 'specificity': 0.7579, 'f1': 0.7598, 'auc': 0.8601}
train: {'epoch': 198, 'eta': 42.3774, 'loss': 0.6497, 'lr': 0.001, 'params': 141, 'time_iter': 0.4352, 'accuracy': 0.7942, 'precision': 0.7591, 'recall': 0.7824, 'specificity': 0.8035, 'f1': 0.7706, 'auc': 0.8643}
val: {'epoch': 199, 'loss': 0.6348, 'lr': 0.001, 'params': 141, 'time_iter': 0.2075, 'accuracy': 0.7679, 'precision': 0.7135, 'recall': 0.8599, 'specificity': 0.6836, 'f1': 0.7799, 'auc': 0.8891}
train: {'epoch': 199, 'eta': 41.9651, 'loss': 0.6497, 'lr': 0.001, 'params': 141, 'time_iter': 0.4342, 'accuracy': 0.7739, 'precision': 0.715, 'recall': 0.8118, 'specificity': 0.7439, 'f1': 0.7603, 'auc': 0.8663}
train: {'epoch': 200, 'eta': 41.5521, 'loss': 0.6455, 'lr': 0.001, 'params': 141, 'time_iter': 0.4331, 'accuracy': 0.7968, 'precision': 0.7547, 'recall': 0.8, 'specificity': 0.7942, 'f1': 0.7767, 'auc': 0.8726}
train: {'epoch': 201, 'eta': 41.1386, 'loss': 0.6455, 'lr': 0.001, 'params': 141, 'time_iter': 0.4325, 'accuracy': 0.7921, 'precision': 0.7378, 'recall': 0.8212, 'specificity': 0.7691, 'f1': 0.7773, 'auc': 0.872}
train: {'epoch': 202, 'eta': 40.7254, 'loss': 0.6498, 'lr': 0.001, 'params': 141, 'time_iter': 0.4336, 'accuracy': 0.7853, 'precision': 0.7337, 'recall': 0.8071, 'specificity': 0.7682, 'f1': 0.7686, 'auc': 0.861}
train: {'epoch': 203, 'eta': 40.3154, 'loss': 0.6445, 'lr': 0.001, 'params': 141, 'time_iter': 0.4406, 'accuracy': 0.7957, 'precision': 0.7525, 'recall': 0.8012, 'specificity': 0.7914, 'f1': 0.7761, 'auc': 0.8681}
train: {'epoch': 204, 'eta': 39.8935, 'loss': 0.643, 'lr': 0.001, 'params': 141, 'time_iter': 0.4157, 'accuracy': 0.7931, 'precision': 0.7489, 'recall': 0.8, 'specificity': 0.7877, 'f1': 0.7736, 'auc': 0.8732}
train: {'epoch': 205, 'eta': 39.4706, 'loss': 0.6437, 'lr': 0.001, 'params': 141, 'time_iter': 0.4134, 'accuracy': 0.7999, 'precision': 0.7503, 'recall': 0.82, 'specificity': 0.784, 'f1': 0.7836, 'auc': 0.8713}
train: {'epoch': 206, 'eta': 39.047, 'loss': 0.6431, 'lr': 0.001, 'params': 141, 'time_iter': 0.4117, 'accuracy': 0.7916, 'precision': 0.7508, 'recall': 0.7906, 'specificity': 0.7924, 'f1': 0.7702, 'auc': 0.8737}
train: {'epoch': 207, 'eta': 38.6246, 'loss': 0.6439, 'lr': 0.001, 'params': 141, 'time_iter': 0.4142, 'accuracy': 0.7942, 'precision': 0.742, 'recall': 0.8188, 'specificity': 0.7747, 'f1': 0.7785, 'auc': 0.8707}
train: {'epoch': 208, 'eta': 38.2024, 'loss': 0.6429, 'lr': 0.001, 'params': 141, 'time_iter': 0.4145, 'accuracy': 0.7885, 'precision': 0.752, 'recall': 0.7776, 'specificity': 0.797, 'f1': 0.7646, 'auc': 0.8698}
val: {'epoch': 209, 'loss': 0.6276, 'lr': 0.001, 'params': 141, 'time_iter': 0.1958, 'accuracy': 0.7835, 'precision': 0.7333, 'recall': 0.8599, 'specificity': 0.7134, 'f1': 0.7916, 'auc': 0.8893}
train: {'epoch': 209, 'eta': 37.781, 'loss': 0.6404, 'lr': 0.001, 'params': 141, 'time_iter': 0.416, 'accuracy': 0.7989, 'precision': 0.7519, 'recall': 0.8129, 'specificity': 0.7877, 'f1': 0.7812, 'auc': 0.872}
train: {'epoch': 210, 'eta': 37.3589, 'loss': 0.6432, 'lr': 0.001, 'params': 141, 'time_iter': 0.4144, 'accuracy': 0.7963, 'precision': 0.7544, 'recall': 0.7988, 'specificity': 0.7942, 'f1': 0.776, 'auc': 0.8671}
train: {'epoch': 211, 'eta': 36.9373, 'loss': 0.6412, 'lr': 0.001, 'params': 141, 'time_iter': 0.4154, 'accuracy': 0.7947, 'precision': 0.7508, 'recall': 0.8012, 'specificity': 0.7896, 'f1': 0.7752, 'auc': 0.8713}
train: {'epoch': 212, 'eta': 36.5147, 'loss': 0.6402, 'lr': 0.001, 'params': 141, 'time_iter': 0.4126, 'accuracy': 0.7885, 'precision': 0.7437, 'recall': 0.7953, 'specificity': 0.7831, 'f1': 0.7686, 'auc': 0.8697}
train: {'epoch': 213, 'eta': 36.0918, 'loss': 0.6416, 'lr': 0.001, 'params': 141, 'time_iter': 0.412, 'accuracy': 0.7869, 'precision': 0.7376, 'recall': 0.8035, 'specificity': 0.7737, 'f1': 0.7691, 'auc': 0.8678}
train: {'epoch': 214, 'eta': 35.6695, 'loss': 0.6363, 'lr': 0.001, 'params': 141, 'time_iter': 0.413, 'accuracy': 0.8072, 'precision': 0.7737, 'recall': 0.7965, 'specificity': 0.8156, 'f1': 0.7849, 'auc': 0.8791}
train: {'epoch': 215, 'eta': 35.2471, 'loss': 0.6392, 'lr': 0.001, 'params': 141, 'time_iter': 0.4126, 'accuracy': 0.7952, 'precision': 0.7517, 'recall': 0.8012, 'specificity': 0.7905, 'f1': 0.7756, 'auc': 0.8734}
train: {'epoch': 216, 'eta': 34.825, 'loss': 0.6385, 'lr': 0.001, 'params': 141, 'time_iter': 0.413, 'accuracy': 0.8009, 'precision': 0.783, 'recall': 0.76, 'specificity': 0.8333, 'f1': 0.7713, 'auc': 0.8744}
train: {'epoch': 217, 'eta': 34.4035, 'loss': 0.6408, 'lr': 0.001, 'params': 141, 'time_iter': 0.4145, 'accuracy': 0.79, 'precision': 0.7517, 'recall': 0.7835, 'specificity': 0.7952, 'f1': 0.7673, 'auc': 0.8675}
train: {'epoch': 218, 'eta': 33.9821, 'loss': 0.6392, 'lr': 0.001, 'params': 141, 'time_iter': 0.4145, 'accuracy': 0.7947, 'precision': 0.7525, 'recall': 0.7976, 'specificity': 0.7924, 'f1': 0.7744, 'auc': 0.8704}
val: {'epoch': 219, 'loss': 0.6208, 'lr': 0.001, 'params': 141, 'time_iter': 0.1961, 'accuracy': 0.785, 'precision': 0.7354, 'recall': 0.8599, 'specificity': 0.7164, 'f1': 0.7928, 'auc': 0.8912}
train: {'epoch': 219, 'eta': 33.5602, 'loss': 0.6409, 'lr': 0.001, 'params': 141, 'time_iter': 0.4132, 'accuracy': 0.7885, 'precision': 0.7475, 'recall': 0.7871, 'specificity': 0.7896, 'f1': 0.7668, 'auc': 0.8631}
train: {'epoch': 220, 'eta': 33.1384, 'loss': 0.6343, 'lr': 0.001, 'params': 141, 'time_iter': 0.413, 'accuracy': 0.7978, 'precision': 0.7628, 'recall': 0.7871, 'specificity': 0.8063, 'f1': 0.7748, 'auc': 0.8761}
train: {'epoch': 221, 'eta': 32.7166, 'loss': 0.6376, 'lr': 0.001, 'params': 141, 'time_iter': 0.4127, 'accuracy': 0.789, 'precision': 0.7489, 'recall': 0.7859, 'specificity': 0.7914, 'f1': 0.7669, 'auc': 0.8672}
train: {'epoch': 222, 'eta': 32.295, 'loss': 0.6351, 'lr': 0.001, 'params': 141, 'time_iter': 0.4134, 'accuracy': 0.79, 'precision': 0.7451, 'recall': 0.7976, 'specificity': 0.784, 'f1': 0.7705, 'auc': 0.8739}
train: {'epoch': 223, 'eta': 31.8737, 'loss': 0.636, 'lr': 0.001, 'params': 141, 'time_iter': 0.4136, 'accuracy': 0.7796, 'precision': 0.7256, 'recall': 0.8059, 'specificity': 0.7588, 'f1': 0.7637, 'auc': 0.865}
train: {'epoch': 224, 'eta': 31.4528, 'loss': 0.6353, 'lr': 0.001, 'params': 141, 'time_iter': 0.4151, 'accuracy': 0.7926, 'precision': 0.7503, 'recall': 0.7953, 'specificity': 0.7905, 'f1': 0.7721, 'auc': 0.8715}
train: {'epoch': 225, 'eta': 31.0316, 'loss': 0.6382, 'lr': 0.001, 'params': 141, 'time_iter': 0.4136, 'accuracy': 0.7843, 'precision': 0.7447, 'recall': 0.7788, 'specificity': 0.7886, 'f1': 0.7614, 'auc': 0.8671}
train: {'epoch': 226, 'eta': 30.6106, 'loss': 0.6331, 'lr': 0.001, 'params': 141, 'time_iter': 0.4141, 'accuracy': 0.7952, 'precision': 0.7579, 'recall': 0.7882, 'specificity': 0.8007, 'f1': 0.7728, 'auc': 0.8707}
train: {'epoch': 227, 'eta': 30.1905, 'loss': 0.632, 'lr': 0.001, 'params': 141, 'time_iter': 0.4169, 'accuracy': 0.7973, 'precision': 0.7674, 'recall': 0.7765, 'specificity': 0.8138, 'f1': 0.7719, 'auc': 0.873}
train: {'epoch': 228, 'eta': 29.7691, 'loss': 0.6312, 'lr': 0.001, 'params': 141, 'time_iter': 0.4126, 'accuracy': 0.7994, 'precision': 0.7566, 'recall': 0.8047, 'specificity': 0.7952, 'f1': 0.7799, 'auc': 0.8753}
val: {'epoch': 229, 'loss': 0.6178, 'lr': 0.001, 'params': 141, 'time_iter': 0.196, 'accuracy': 0.7804, 'precision': 0.7268, 'recall': 0.8664, 'specificity': 0.7015, 'f1': 0.7905, 'auc': 0.8886}
train: {'epoch': 229, 'eta': 29.3478, 'loss': 0.6318, 'lr': 0.001, 'params': 141, 'time_iter': 0.4129, 'accuracy': 0.789, 'precision': 0.7494, 'recall': 0.7847, 'specificity': 0.7924, 'f1': 0.7667, 'auc': 0.8724}
train: {'epoch': 230, 'eta': 28.9266, 'loss': 0.6291, 'lr': 0.001, 'params': 141, 'time_iter': 0.4126, 'accuracy': 0.7947, 'precision': 0.7459, 'recall': 0.8118, 'specificity': 0.7812, 'f1': 0.7775, 'auc': 0.8739}
train: {'epoch': 231, 'eta': 28.5075, 'loss': 0.6294, 'lr': 0.001, 'params': 141, 'time_iter': 0.4196, 'accuracy': 0.7952, 'precision': 0.7446, 'recall': 0.8165, 'specificity': 0.7784, 'f1': 0.7789, 'auc': 0.8745}
train: {'epoch': 232, 'eta': 28.0861, 'loss': 0.6293, 'lr': 0.001, 'params': 141, 'time_iter': 0.4118, 'accuracy': 0.7963, 'precision': 0.7473, 'recall': 0.8141, 'specificity': 0.7821, 'f1': 0.7793, 'auc': 0.8784}
train: {'epoch': 233, 'eta': 27.6652, 'loss': 0.6317, 'lr': 0.001, 'params': 141, 'time_iter': 0.413, 'accuracy': 0.7921, 'precision': 0.7522, 'recall': 0.7894, 'specificity': 0.7942, 'f1': 0.7704, 'auc': 0.8701}
train: {'epoch': 234, 'eta': 27.2446, 'loss': 0.63, 'lr': 0.001, 'params': 141, 'time_iter': 0.4139, 'accuracy': 0.8015, 'precision': 0.7474, 'recall': 0.8318, 'specificity': 0.7775, 'f1': 0.7873, 'auc': 0.8711}
train: {'epoch': 235, 'eta': 26.8246, 'loss': 0.6269, 'lr': 0.001, 'params': 141, 'time_iter': 0.4161, 'accuracy': 0.803, 'precision': 0.7574, 'recall': 0.8153, 'specificity': 0.7933, 'f1': 0.7853, 'auc': 0.8773}
train: {'epoch': 236, 'eta': 26.4046, 'loss': 0.6285, 'lr': 0.001, 'params': 141, 'time_iter': 0.4161, 'accuracy': 0.7937, 'precision': 0.7481, 'recall': 0.8035, 'specificity': 0.7858, 'f1': 0.7748, 'auc': 0.8726}
train: {'epoch': 237, 'eta': 25.9842, 'loss': 0.6277, 'lr': 0.001, 'params': 141, 'time_iter': 0.414, 'accuracy': 0.7947, 'precision': 0.7433, 'recall': 0.8176, 'specificity': 0.7765, 'f1': 0.7787, 'auc': 0.8742}
train: {'epoch': 238, 'eta': 25.5642, 'loss': 0.6257, 'lr': 0.001, 'params': 141, 'time_iter': 0.4154, 'accuracy': 0.8035, 'precision': 0.7622, 'recall': 0.8071, 'specificity': 0.8007, 'f1': 0.784, 'auc': 0.8739}
val: {'epoch': 239, 'loss': 0.6114, 'lr': 0.001, 'params': 141, 'time_iter': 0.1976, 'accuracy': 0.7804, 'precision': 0.7268, 'recall': 0.8664, 'specificity': 0.7015, 'f1': 0.7905, 'auc': 0.8897}
train: {'epoch': 239, 'eta': 25.1435, 'loss': 0.6275, 'lr': 0.001, 'params': 141, 'time_iter': 0.4128, 'accuracy': 0.8046, 'precision': 0.7699, 'recall': 0.7953, 'specificity': 0.8119, 'f1': 0.7824, 'auc': 0.876}
train: {'epoch': 240, 'eta': 24.7237, 'loss': 0.6239, 'lr': 0.001, 'params': 141, 'time_iter': 0.4159, 'accuracy': 0.8051, 'precision': 0.7636, 'recall': 0.8094, 'specificity': 0.8017, 'f1': 0.7858, 'auc': 0.8767}
train: {'epoch': 241, 'eta': 24.3034, 'loss': 0.6286, 'lr': 0.001, 'params': 141, 'time_iter': 0.4137, 'accuracy': 0.7807, 'precision': 0.7357, 'recall': 0.7859, 'specificity': 0.7765, 'f1': 0.76, 'auc': 0.8689}
train: {'epoch': 242, 'eta': 23.8832, 'loss': 0.6244, 'lr': 0.001, 'params': 141, 'time_iter': 0.414, 'accuracy': 0.7989, 'precision': 0.7564, 'recall': 0.8035, 'specificity': 0.7952, 'f1': 0.7792, 'auc': 0.8773}
train: {'epoch': 243, 'eta': 23.4629, 'loss': 0.6204, 'lr': 0.001, 'params': 141, 'time_iter': 0.4135, 'accuracy': 0.8082, 'precision': 0.7774, 'recall': 0.7929, 'specificity': 0.8203, 'f1': 0.7851, 'auc': 0.8825}
train: {'epoch': 244, 'eta': 23.0431, 'loss': 0.6206, 'lr': 0.001, 'params': 141, 'time_iter': 0.4154, 'accuracy': 0.8067, 'precision': 0.765, 'recall': 0.8118, 'specificity': 0.8026, 'f1': 0.7877, 'auc': 0.8826}
train: {'epoch': 245, 'eta': 22.6246, 'loss': 0.6241, 'lr': 0.001, 'params': 141, 'time_iter': 0.421, 'accuracy': 0.8009, 'precision': 0.7669, 'recall': 0.7894, 'specificity': 0.8101, 'f1': 0.778, 'auc': 0.8759}
train: {'epoch': 246, 'eta': 22.2045, 'loss': 0.6256, 'lr': 0.001, 'params': 141, 'time_iter': 0.4136, 'accuracy': 0.8072, 'precision': 0.7808, 'recall': 0.7835, 'specificity': 0.8259, 'f1': 0.7821, 'auc': 0.871}
train: {'epoch': 247, 'eta': 21.7849, 'loss': 0.6257, 'lr': 0.001, 'params': 141, 'time_iter': 0.4158, 'accuracy': 0.7926, 'precision': 0.7675, 'recall': 0.7612, 'specificity': 0.8175, 'f1': 0.7643, 'auc': 0.8719}
train: {'epoch': 248, 'eta': 21.3667, 'loss': 0.6216, 'lr': 0.001, 'params': 141, 'time_iter': 0.4226, 'accuracy': 0.7947, 'precision': 0.7553, 'recall': 0.7918, 'specificity': 0.797, 'f1': 0.7731, 'auc': 0.8725}
val: {'epoch': 249, 'loss': 0.6084, 'lr': 0.001, 'params': 141, 'time_iter': 0.1977, 'accuracy': 0.7679, 'precision': 0.7101, 'recall': 0.8697, 'specificity': 0.6746, 'f1': 0.7818, 'auc': 0.8889}
train: {'epoch': 249, 'eta': 20.9467, 'loss': 0.6217, 'lr': 0.001, 'params': 141, 'time_iter': 0.4138, 'accuracy': 0.8015, 'precision': 0.7555, 'recall': 0.8141, 'specificity': 0.7914, 'f1': 0.7837, 'auc': 0.873}
train: {'epoch': 250, 'eta': 20.5264, 'loss': 0.6215, 'lr': 0.001, 'params': 141, 'time_iter': 0.4119, 'accuracy': 0.7973, 'precision': 0.7522, 'recall': 0.8071, 'specificity': 0.7896, 'f1': 0.7787, 'auc': 0.875}
train: {'epoch': 251, 'eta': 20.1066, 'loss': 0.6224, 'lr': 0.001, 'params': 141, 'time_iter': 0.4142, 'accuracy': 0.7885, 'precision': 0.7453, 'recall': 0.7918, 'specificity': 0.7858, 'f1': 0.7678, 'auc': 0.8729}
train: {'epoch': 252, 'eta': 19.6867, 'loss': 0.6204, 'lr': 0.001, 'params': 141, 'time_iter': 0.4137, 'accuracy': 0.8056, 'precision': 0.7598, 'recall': 0.8188, 'specificity': 0.7952, 'f1': 0.7882, 'auc': 0.8754}
train: {'epoch': 253, 'eta': 19.2667, 'loss': 0.6211, 'lr': 0.001, 'params': 141, 'time_iter': 0.4125, 'accuracy': 0.7921, 'precision': 0.7489, 'recall': 0.7965, 'specificity': 0.7886, 'f1': 0.7719, 'auc': 0.8716}
train: {'epoch': 254, 'eta': 18.8475, 'loss': 0.6174, 'lr': 0.001, 'params': 141, 'time_iter': 0.4166, 'accuracy': 0.7937, 'precision': 0.7357, 'recall': 0.8318, 'specificity': 0.7635, 'f1': 0.7808, 'auc': 0.8775}
train: {'epoch': 255, 'eta': 18.4281, 'loss': 0.6195, 'lr': 0.001, 'params': 141, 'time_iter': 0.4156, 'accuracy': 0.7926, 'precision': 0.7347, 'recall': 0.8306, 'specificity': 0.7626, 'f1': 0.7797, 'auc': 0.8735}
train: {'epoch': 256, 'eta': 18.0081, 'loss': 0.6172, 'lr': 0.001, 'params': 141, 'time_iter': 0.4122, 'accuracy': 0.7937, 'precision': 0.7367, 'recall': 0.8294, 'specificity': 0.7654, 'f1': 0.7803, 'auc': 0.8767}
train: {'epoch': 257, 'eta': 17.5884, 'loss': 0.617, 'lr': 0.001, 'params': 141, 'time_iter': 0.4128, 'accuracy': 0.8061, 'precision': 0.7683, 'recall': 0.8035, 'specificity': 0.8082, 'f1': 0.7855, 'auc': 0.878}
train: {'epoch': 258, 'eta': 17.1687, 'loss': 0.6184, 'lr': 0.001, 'params': 141, 'time_iter': 0.4133, 'accuracy': 0.7947, 'precision': 0.7459, 'recall': 0.8118, 'specificity': 0.7812, 'f1': 0.7775, 'auc': 0.8723}
val: {'epoch': 259, 'loss': 0.6018, 'lr': 0.001, 'params': 141, 'time_iter': 0.1961, 'accuracy': 0.7773, 'precision': 0.7228, 'recall': 0.8664, 'specificity': 0.6955, 'f1': 0.7881, 'auc': 0.8896}
train: {'epoch': 259, 'eta': 16.7495, 'loss': 0.6141, 'lr': 0.001, 'params': 141, 'time_iter': 0.4153, 'accuracy': 0.8119, 'precision': 0.7857, 'recall': 0.7894, 'specificity': 0.8296, 'f1': 0.7876, 'auc': 0.8798}
train: {'epoch': 260, 'eta': 16.3298, 'loss': 0.615, 'lr': 0.001, 'params': 141, 'time_iter': 0.4126, 'accuracy': 0.8098, 'precision': 0.7677, 'recall': 0.8165, 'specificity': 0.8045, 'f1': 0.7913, 'auc': 0.8782}
train: {'epoch': 261, 'eta': 15.9103, 'loss': 0.6144, 'lr': 0.001, 'params': 141, 'time_iter': 0.4131, 'accuracy': 0.8051, 'precision': 0.7727, 'recall': 0.7918, 'specificity': 0.8156, 'f1': 0.7821, 'auc': 0.8771}
train: {'epoch': 262, 'eta': 15.4907, 'loss': 0.6109, 'lr': 0.001, 'params': 141, 'time_iter': 0.4127, 'accuracy': 0.8072, 'precision': 0.775, 'recall': 0.7941, 'specificity': 0.8175, 'f1': 0.7844, 'auc': 0.8814}
train: {'epoch': 263, 'eta': 15.0713, 'loss': 0.6121, 'lr': 0.001, 'params': 141, 'time_iter': 0.4132, 'accuracy': 0.8067, 'precision': 0.7741, 'recall': 0.7941, 'specificity': 0.8166, 'f1': 0.784, 'auc': 0.8775}
train: {'epoch': 264, 'eta': 14.652, 'loss': 0.6127, 'lr': 0.001, 'params': 141, 'time_iter': 0.4134, 'accuracy': 0.8072, 'precision': 0.775, 'recall': 0.7941, 'specificity': 0.8175, 'f1': 0.7844, 'auc': 0.8796}
train: {'epoch': 265, 'eta': 14.2327, 'loss': 0.6124, 'lr': 0.001, 'params': 141, 'time_iter': 0.4135, 'accuracy': 0.8061, 'precision': 0.7843, 'recall': 0.7741, 'specificity': 0.8315, 'f1': 0.7792, 'auc': 0.8826}
train: {'epoch': 266, 'eta': 13.8134, 'loss': 0.6099, 'lr': 0.001, 'params': 141, 'time_iter': 0.413, 'accuracy': 0.8144, 'precision': 0.7856, 'recall': 0.7976, 'specificity': 0.8277, 'f1': 0.7916, 'auc': 0.8829}
train: {'epoch': 267, 'eta': 13.3941, 'loss': 0.6155, 'lr': 0.001, 'params': 141, 'time_iter': 0.4129, 'accuracy': 0.7968, 'precision': 0.7703, 'recall': 0.7694, 'specificity': 0.8184, 'f1': 0.7699, 'auc': 0.8766}
train: {'epoch': 268, 'eta': 12.9766, 'loss': 0.6145, 'lr': 0.001, 'params': 141, 'time_iter': 0.4278, 'accuracy': 0.8072, 'precision': 0.7795, 'recall': 0.7859, 'specificity': 0.824, 'f1': 0.7827, 'auc': 0.8795}
val: {'epoch': 269, 'loss': 0.5967, 'lr': 0.001, 'params': 141, 'time_iter': 0.1955, 'accuracy': 0.7804, 'precision': 0.7268, 'recall': 0.8664, 'specificity': 0.7015, 'f1': 0.7905, 'auc': 0.889}
train: {'epoch': 269, 'eta': 12.5589, 'loss': 0.6077, 'lr': 0.001, 'params': 141, 'time_iter': 0.4267, 'accuracy': 0.8113, 'precision': 0.7828, 'recall': 0.7929, 'specificity': 0.8259, 'f1': 0.7878, 'auc': 0.8885}
train: {'epoch': 270, 'eta': 12.141, 'loss': 0.6073, 'lr': 0.001, 'params': 141, 'time_iter': 0.4248, 'accuracy': 0.8093, 'precision': 0.7798, 'recall': 0.7918, 'specificity': 0.8231, 'f1': 0.7858, 'auc': 0.883}
train: {'epoch': 271, 'eta': 11.7218, 'loss': 0.6079, 'lr': 0.001, 'params': 141, 'time_iter': 0.4136, 'accuracy': 0.8113, 'precision': 0.7727, 'recall': 0.8118, 'specificity': 0.811, 'f1': 0.7917, 'auc': 0.8824}
train: {'epoch': 272, 'eta': 11.3031, 'loss': 0.6086, 'lr': 0.001, 'params': 141, 'time_iter': 0.4183, 'accuracy': 0.8072, 'precision': 0.775, 'recall': 0.7941, 'specificity': 0.8175, 'f1': 0.7844, 'auc': 0.8824}
train: {'epoch': 273, 'eta': 10.8841, 'loss': 0.6085, 'lr': 0.001, 'params': 141, 'time_iter': 0.4144, 'accuracy': 0.8144, 'precision': 0.7792, 'recall': 0.8094, 'specificity': 0.8184, 'f1': 0.794, 'auc': 0.8816}
train: {'epoch': 274, 'eta': 10.4652, 'loss': 0.6068, 'lr': 0.001, 'params': 141, 'time_iter': 0.4159, 'accuracy': 0.8119, 'precision': 0.7658, 'recall': 0.8271, 'specificity': 0.7998, 'f1': 0.7952, 'auc': 0.8802}
train: {'epoch': 275, 'eta': 10.0461, 'loss': 0.6087, 'lr': 0.001, 'params': 141, 'time_iter': 0.4129, 'accuracy': 0.8077, 'precision': 0.7661, 'recall': 0.8129, 'specificity': 0.8035, 'f1': 0.7888, 'auc': 0.8781}
train: {'epoch': 276, 'eta': 9.6279, 'loss': 0.6068, 'lr': 0.001, 'params': 141, 'time_iter': 0.4227, 'accuracy': 0.8004, 'precision': 0.76, 'recall': 0.8012, 'specificity': 0.7998, 'f1': 0.7801, 'auc': 0.882}
train: {'epoch': 277, 'eta': 9.2091, 'loss': 0.6043, 'lr': 0.001, 'params': 141, 'time_iter': 0.4165, 'accuracy': 0.8098, 'precision': 0.7608, 'recall': 0.8306, 'specificity': 0.7933, 'f1': 0.7942, 'auc': 0.885}
train: {'epoch': 278, 'eta': 8.7901, 'loss': 0.6097, 'lr': 0.001, 'params': 141, 'time_iter': 0.4135, 'accuracy': 0.7905, 'precision': 0.7486, 'recall': 0.7918, 'specificity': 0.7896, 'f1': 0.7696, 'auc': 0.8739}
val: {'epoch': 279, 'loss': 0.5946, 'lr': 0.001, 'params': 141, 'time_iter': 0.1915, 'accuracy': 0.7741, 'precision': 0.7177, 'recall': 0.8697, 'specificity': 0.6866, 'f1': 0.7865, 'auc': 0.8877}
train: {'epoch': 279, 'eta': 8.3716, 'loss': 0.6059, 'lr': 0.001, 'params': 141, 'time_iter': 0.4199, 'accuracy': 0.8035, 'precision': 0.7634, 'recall': 0.8047, 'specificity': 0.8026, 'f1': 0.7835, 'auc': 0.881}
train: {'epoch': 280, 'eta': 7.9527, 'loss': 0.6085, 'lr': 0.001, 'params': 141, 'time_iter': 0.4133, 'accuracy': 0.7999, 'precision': 0.7575, 'recall': 0.8047, 'specificity': 0.7961, 'f1': 0.7804, 'auc': 0.8744}
train: {'epoch': 281, 'eta': 7.5339, 'loss': 0.6035, 'lr': 0.001, 'params': 141, 'time_iter': 0.4145, 'accuracy': 0.8051, 'precision': 0.7666, 'recall': 0.8035, 'specificity': 0.8063, 'f1': 0.7846, 'auc': 0.8834}
train: {'epoch': 282, 'eta': 7.1149, 'loss': 0.6028, 'lr': 0.001, 'params': 141, 'time_iter': 0.411, 'accuracy': 0.7989, 'precision': 0.7552, 'recall': 0.8059, 'specificity': 0.7933, 'f1': 0.7797, 'auc': 0.8834}
train: {'epoch': 283, 'eta': 6.6961, 'loss': 0.6046, 'lr': 0.001, 'params': 141, 'time_iter': 0.4148, 'accuracy': 0.8041, 'precision': 0.7642, 'recall': 0.8047, 'specificity': 0.8035, 'f1': 0.784, 'auc': 0.8768}
train: {'epoch': 284, 'eta': 6.2773, 'loss': 0.6057, 'lr': 0.001, 'params': 141, 'time_iter': 0.4125, 'accuracy': 0.8093, 'precision': 0.7811, 'recall': 0.7894, 'specificity': 0.825, 'f1': 0.7853, 'auc': 0.877}
train: {'epoch': 285, 'eta': 5.8587, 'loss': 0.6015, 'lr': 0.001, 'params': 141, 'time_iter': 0.4152, 'accuracy': 0.8056, 'precision': 0.7639, 'recall': 0.8106, 'specificity': 0.8017, 'f1': 0.7865, 'auc': 0.8824}
train: {'epoch': 286, 'eta': 5.44, 'loss': 0.6001, 'lr': 0.001, 'params': 141, 'time_iter': 0.4145, 'accuracy': 0.8082, 'precision': 0.7652, 'recall': 0.8165, 'specificity': 0.8017, 'f1': 0.79, 'auc': 0.8868}
train: {'epoch': 287, 'eta': 5.0213, 'loss': 0.6023, 'lr': 0.001, 'params': 141, 'time_iter': 0.4139, 'accuracy': 0.8077, 'precision': 0.7661, 'recall': 0.8129, 'specificity': 0.8035, 'f1': 0.7888, 'auc': 0.8782}
train: {'epoch': 288, 'eta': 4.6027, 'loss': 0.605, 'lr': 0.001, 'params': 141, 'time_iter': 0.4128, 'accuracy': 0.7921, 'precision': 0.7414, 'recall': 0.8129, 'specificity': 0.7756, 'f1': 0.7755, 'auc': 0.8695}
val: {'epoch': 289, 'loss': 0.5894, 'lr': 0.001, 'params': 141, 'time_iter': 0.1996, 'accuracy': 0.7773, 'precision': 0.7228, 'recall': 0.8664, 'specificity': 0.6955, 'f1': 0.7881, 'auc': 0.8883}
train: {'epoch': 289, 'eta': 4.1841, 'loss': 0.6027, 'lr': 0.001, 'params': 141, 'time_iter': 0.4127, 'accuracy': 0.7983, 'precision': 0.7572, 'recall': 0.8, 'specificity': 0.797, 'f1': 0.778, 'auc': 0.8803}
train: {'epoch': 290, 'eta': 3.7655, 'loss': 0.6003, 'lr': 0.001, 'params': 141, 'time_iter': 0.4146, 'accuracy': 0.8129, 'precision': 0.7938, 'recall': 0.7788, 'specificity': 0.8399, 'f1': 0.7862, 'auc': 0.8787}
train: {'epoch': 291, 'eta': 3.347, 'loss': 0.5965, 'lr': 0.001, 'params': 141, 'time_iter': 0.4138, 'accuracy': 0.8108, 'precision': 0.773, 'recall': 0.8094, 'specificity': 0.8119, 'f1': 0.7908, 'auc': 0.8847}
train: {'epoch': 292, 'eta': 2.9285, 'loss': 0.6042, 'lr': 0.001, 'params': 141, 'time_iter': 0.4138, 'accuracy': 0.7937, 'precision': 0.7595, 'recall': 0.78, 'specificity': 0.8045, 'f1': 0.7696, 'auc': 0.875}
train: {'epoch': 293, 'eta': 2.5101, 'loss': 0.5966, 'lr': 0.001, 'params': 141, 'time_iter': 0.4146, 'accuracy': 0.8093, 'precision': 0.768, 'recall': 0.8141, 'specificity': 0.8054, 'f1': 0.7904, 'auc': 0.887}
train: {'epoch': 294, 'eta': 2.0917, 'loss': 0.6007, 'lr': 0.001, 'params': 141, 'time_iter': 0.417, 'accuracy': 0.8056, 'precision': 0.7755, 'recall': 0.7882, 'specificity': 0.8194, 'f1': 0.7818, 'auc': 0.8776}
train: {'epoch': 295, 'eta': 1.6733, 'loss': 0.5995, 'lr': 0.001, 'params': 141, 'time_iter': 0.4152, 'accuracy': 0.7989, 'precision': 0.7604, 'recall': 0.7953, 'specificity': 0.8017, 'f1': 0.7775, 'auc': 0.8765}
train: {'epoch': 296, 'eta': 1.255, 'loss': 0.6013, 'lr': 0.001, 'params': 141, 'time_iter': 0.4147, 'accuracy': 0.8056, 'precision': 0.7698, 'recall': 0.7988, 'specificity': 0.811, 'f1': 0.7841, 'auc': 0.8732}
train: {'epoch': 297, 'eta': 0.8366, 'loss': 0.5983, 'lr': 0.001, 'params': 141, 'time_iter': 0.4146, 'accuracy': 0.8051, 'precision': 0.7804, 'recall': 0.7776, 'specificity': 0.8268, 'f1': 0.779, 'auc': 0.8816}
train: {'epoch': 298, 'eta': 0.4183, 'loss': 0.5989, 'lr': 0.001, 'params': 141, 'time_iter': 0.4143, 'accuracy': 0.802, 'precision': 0.768, 'recall': 0.7906, 'specificity': 0.811, 'f1': 0.7791, 'auc': 0.8758}
val: {'epoch': 299, 'loss': 0.5863, 'lr': 0.001, 'params': 141, 'time_iter': 0.1968, 'accuracy': 0.7695, 'precision': 0.7131, 'recall': 0.8664, 'specificity': 0.6806, 'f1': 0.7824, 'auc': 0.8877}
train: {'epoch': 299, 'eta': 0.0, 'loss': 0.5984, 'lr': 0.001, 'params': 141, 'time_iter': 0.4159, 'accuracy': 0.7989, 'precision': 0.7714, 'recall': 0.7741, 'specificity': 0.8184, 'f1': 0.7728, 'auc': 0.8759}
test: {'epoch': 300, 'loss': 0.5746, 'lr': 0.001, 'params': 141, 'time_iter': 0.2744, 'accuracy': 0.7757, 'precision': 0.6803, 'recall': 0.9022, 'specificity': 0.6803, 'f1': 0.7757, 'auc': 0.9068}
Results aggregated across runs saved in results/yeast-gcnconv/agg
